
The following have been reloaded with a version change:
  1) GDAL/2.2.3-foss-2016b => GDAL/2.1.1-foss-2016b
  2) HDF5/1.10.1-foss-2016b-serial => HDF5/1.8.18-foss-2016b
  3) HarfBuzz/1.4.3-foss-2016b => HarfBuzz/1.3.1-foss-2016b
  4) R/3.5.0-foss-2016b-avx2 => R/3.4.1-foss-2016b
  5) Szip/2.1.1-foss-2016b => Szip/2.1-foss-2016b
  6) Tcl/8.6.7-foss-2016b => Tcl/8.6.5-foss-2016b
  7) Tk/8.6.7-foss-2016b => Tk/8.6.5-foss-2016b
  8) bzip2/1.0.6-GCCcore-5.4.0 => bzip2/1.0.6-foss-2016b
  9) freetype/2.7.1-GCCcore-5.4.0 => freetype/2.6.5-foss-2016b
 10) libpng/1.6.28-GCCcore-5.4.0 => libpng/1.6.24-foss-2016b
 11) netCDF/4.5.0-foss-2016b => netCDF/4.4.1-foss-2016b

[1] "INFO: gene ENSG00000088812"
[1] "/gpfs/loomis/scratch60/zhao/zy92/GTEX/adjusted_expr1/chr20/ENSG00000088812"
ERROR from TryCatch Block: cannot open the connection 
[1] "INFO: gene ENSG00000088827"
[1] "/gpfs/loomis/scratch60/zhao/zy92/GTEX/adjusted_expr1/chr20/ENSG00000088827"
ERROR from TryCatch Block: cannot open the connection 
[1] "INFO: gene ENSG00000088836"
[1] "/gpfs/loomis/scratch60/zhao/zy92/GTEX/adjusted_expr1/chr20/ENSG00000088836"
ERROR from TryCatch Block: cannot open the connection 
[1] "INFO: gene ENSG00000088854"
[1] "/gpfs/loomis/scratch60/zhao/zy92/GTEX/adjusted_expr1/chr20/ENSG00000088854"
ERROR from TryCatch Block: cannot open the connection 
[1] "INFO: gene ENSG00000088881"
[1] "/gpfs/loomis/scratch60/zhao/zy92/GTEX/adjusted_expr1/chr20/ENSG00000088881"
ERROR from TryCatch Block: cannot open the connection 
[1] "INFO: gene ENSG00000088882"
[1] "/gpfs/loomis/scratch60/zhao/zy92/GTEX/adjusted_expr1/chr20/ENSG00000088882"
ERROR from TryCatch Block: cannot open the connection 
[1] "INFO: gene ENSG00000088888"
[1] "/gpfs/loomis/scratch60/zhao/zy92/GTEX/adjusted_expr1/chr20/ENSG00000088888"
ERROR from TryCatch Block: cannot open the connection 
[1] "INFO: gene ENSG00000088899"
[1] "/gpfs/loomis/scratch60/zhao/zy92/GTEX/adjusted_expr1/chr20/ENSG00000088899"
ERROR from TryCatch Block: cannot open the connection 
[1] "INFO: gene ENSG00000101200"
[1] "/gpfs/loomis/scratch60/zhao/zy92/GTEX/adjusted_expr1/chr20/ENSG00000101200"
ERROR from TryCatch Block: cannot open the connection 
[1] "INFO: gene ENSG00000101220"
[1] "/gpfs/loomis/scratch60/zhao/zy92/GTEX/adjusted_expr1/chr20/ENSG00000101220"
ERROR from TryCatch Block: cannot open the connection 
[1] "INFO: gene ENSG00000101222"
[1] "/gpfs/loomis/scratch60/zhao/zy92/GTEX/adjusted_expr1/chr20/ENSG00000101222"
ERROR from TryCatch Block: cannot open the connection 
[1] "INFO: gene ENSG00000101224"
[1] "/gpfs/loomis/scratch60/zhao/zy92/GTEX/adjusted_expr1/chr20/ENSG00000101224"
ERROR from TryCatch Block: cannot open the connection 
[1] "INFO: gene ENSG00000101236"
[1] "/gpfs/loomis/scratch60/zhao/zy92/GTEX/adjusted_expr1/chr20/ENSG00000101236"
ERROR from TryCatch Block: cannot open the connection 
[1] "INFO: gene ENSG00000101365"
[1] "/gpfs/loomis/scratch60/zhao/zy92/GTEX/adjusted_expr1/chr20/ENSG00000101365"
ERROR from TryCatch Block: cannot open the connection 
[1] "INFO: gene ENSG00000101405"
[1] "/gpfs/loomis/scratch60/zhao/zy92/GTEX/adjusted_expr1/chr20/ENSG00000101405"
ERROR from TryCatch Block: cannot open the connection 
[1] "INFO: gene ENSG00000125779"
[1] "/gpfs/loomis/scratch60/zhao/zy92/GTEX/adjusted_expr1/chr20/ENSG00000125779"
ERROR from TryCatch Block: cannot open the connection 
[1] "INFO: gene ENSG00000125787"
[1] "/gpfs/loomis/scratch60/zhao/zy92/GTEX/adjusted_expr1/chr20/ENSG00000125787"
ERROR from TryCatch Block: cannot open the connection 
[1] "INFO: gene ENSG00000125817"
[1] "/gpfs/loomis/scratch60/zhao/zy92/GTEX/adjusted_expr1/chr20/ENSG00000125817"
ERROR from TryCatch Block: cannot open the connection 
[1] "INFO: gene ENSG00000125843"
[1] "/gpfs/loomis/scratch60/zhao/zy92/GTEX/adjusted_expr1/chr20/ENSG00000125843"
ERROR from TryCatch Block: cannot open the connection 
[1] "INFO: gene ENSG00000125861"
[1] "/gpfs/loomis/scratch60/zhao/zy92/GTEX/adjusted_expr1/chr20/ENSG00000125861"
ERROR from TryCatch Block: cannot open the connection 
[1] "INFO: gene ENSG00000125877"
[1] "/gpfs/loomis/scratch60/zhao/zy92/GTEX/adjusted_expr1/chr20/ENSG00000125877"
ERROR from TryCatch Block: cannot open the connection 
[1] "INFO: gene ENSG00000125901"
[1] "/gpfs/loomis/scratch60/zhao/zy92/GTEX/adjusted_expr1/chr20/ENSG00000125901"
ERROR from TryCatch Block: cannot open the connection 
[1] "INFO: gene ENSG00000132622"
[1] "/gpfs/loomis/scratch60/zhao/zy92/GTEX/adjusted_expr1/chr20/ENSG00000132622"
ERROR from TryCatch Block: cannot open the connection 
[1] "INFO: gene ENSG00000132635"
[1] "/gpfs/loomis/scratch60/zhao/zy92/GTEX/adjusted_expr1/chr20/ENSG00000132635"
ERROR from TryCatch Block: cannot open the connection 
[1] "INFO: gene ENSG00000132670"
[1] "/gpfs/loomis/scratch60/zhao/zy92/GTEX/adjusted_expr1/chr20/ENSG00000132670"
ERROR from TryCatch Block: cannot open the connection 
[1] "INFO: gene ENSG00000149451"
[1] "/gpfs/loomis/scratch60/zhao/zy92/GTEX/adjusted_expr1/chr20/ENSG00000149451"
ERROR from TryCatch Block: cannot open the connection 
[1] "INFO: gene ENSG00000179935"
[1] "/gpfs/loomis/scratch60/zhao/zy92/GTEX/adjusted_expr1/chr20/ENSG00000179935"
ERROR from TryCatch Block: cannot open the connection 
[1] "INFO: gene ENSG00000185019"
[1] "/gpfs/loomis/scratch60/zhao/zy92/GTEX/adjusted_expr1/chr20/ENSG00000185019"
ERROR from TryCatch Block: cannot open the connection 
[1] "INFO: gene ENSG00000198171"
[1] "/gpfs/loomis/scratch60/zhao/zy92/GTEX/adjusted_expr1/chr20/ENSG00000198171"
ERROR from TryCatch Block: cannot open the connection 
[1] "INFO: gene ENSG00000198326"
[1] "/gpfs/loomis/scratch60/zhao/zy92/GTEX/adjusted_expr1/chr20/ENSG00000198326"
ERROR from TryCatch Block: cannot open the connection 
[1] "INFO: gene ENSG00000204684"
[1] "/gpfs/loomis/scratch60/zhao/zy92/GTEX/adjusted_expr1/chr20/ENSG00000204684"
ERROR from TryCatch Block: cannot open the connection 
[1] "INFO: gene ENSG00000215251"
[1] "/gpfs/loomis/scratch60/zhao/zy92/GTEX/adjusted_expr1/chr20/ENSG00000215251"
ERROR from TryCatch Block: cannot open the connection 
[1] "INFO: gene ENSG00000215305"
[1] "/gpfs/loomis/scratch60/zhao/zy92/GTEX/adjusted_expr1/chr20/ENSG00000215305"
ERROR from TryCatch Block: cannot open the connection 
[1] "INFO: gene ENSG00000224961"
[1] "/gpfs/loomis/scratch60/zhao/zy92/GTEX/adjusted_expr1/chr20/ENSG00000224961"
ERROR from TryCatch Block: cannot open the connection 
[1] "INFO: gene ENSG00000225127"
[1] "/gpfs/loomis/scratch60/zhao/zy92/GTEX/adjusted_expr1/chr20/ENSG00000225127"
ERROR from TryCatch Block: cannot open the connection 
[1] "INFO: gene ENSG00000225321"
[1] "/gpfs/loomis/scratch60/zhao/zy92/GTEX/adjusted_expr1/chr20/ENSG00000225321"
ERROR from TryCatch Block: cannot open the connection 
[1] "INFO: gene ENSG00000228422"
[1] "/gpfs/loomis/scratch60/zhao/zy92/GTEX/adjusted_expr1/chr20/ENSG00000228422"
ERROR from TryCatch Block: cannot open the connection 
[1] "INFO: gene ENSG00000230010"
[1] "/gpfs/loomis/scratch60/zhao/zy92/GTEX/adjusted_expr1/chr20/ENSG00000230010"
ERROR from TryCatch Block: cannot open the connection 
[1] "INFO: gene ENSG00000230387"
[1] "/gpfs/loomis/scratch60/zhao/zy92/GTEX/adjusted_expr1/chr20/ENSG00000230387"
ERROR from TryCatch Block: cannot open the connection 
[1] "INFO: gene ENSG00000230400"
[1] "/gpfs/loomis/scratch60/zhao/zy92/GTEX/adjusted_expr1/chr20/ENSG00000230400"
ERROR from TryCatch Block: cannot open the connection 
[1] "INFO: gene ENSG00000230437"
[1] "/gpfs/loomis/scratch60/zhao/zy92/GTEX/adjusted_expr1/chr20/ENSG00000230437"
ERROR from TryCatch Block: cannot open the connection 
[1] "INFO: gene ENSG00000230990"
[1] "/gpfs/loomis/scratch60/zhao/zy92/GTEX/adjusted_expr1/chr20/ENSG00000230990"
ERROR from TryCatch Block: cannot open the connection 
[1] "INFO: gene ENSG00000232388"
[1] "/gpfs/loomis/scratch60/zhao/zy92/GTEX/adjusted_expr1/chr20/ENSG00000232388"
ERROR from TryCatch Block: cannot open the connection 
[1] "INFO: gene ENSG00000232900"
[1] "/gpfs/loomis/scratch60/zhao/zy92/GTEX/adjusted_expr1/chr20/ENSG00000232900"
ERROR from TryCatch Block: cannot open the connection 
[1] "INFO: gene ENSG00000233048"
[1] "/gpfs/loomis/scratch60/zhao/zy92/GTEX/adjusted_expr1/chr20/ENSG00000233048"
ERROR from TryCatch Block: cannot open the connection 
[1] "INFO: gene ENSG00000233492"
[1] "/gpfs/loomis/scratch60/zhao/zy92/GTEX/adjusted_expr1/chr20/ENSG00000233492"
ERROR from TryCatch Block: cannot open the connection 
[1] "INFO: gene ENSG00000233625"
[1] "/gpfs/loomis/scratch60/zhao/zy92/GTEX/adjusted_expr1/chr20/ENSG00000233625"
ERROR from TryCatch Block: cannot open the connection 
[1] "INFO: gene ENSG00000233746"
[1] "/gpfs/loomis/scratch60/zhao/zy92/GTEX/adjusted_expr1/chr20/ENSG00000233746"
ERROR from TryCatch Block: cannot open the connection 
[1] "INFO: gene ENSG00000233895"
[1] "/gpfs/loomis/scratch60/zhao/zy92/GTEX/adjusted_expr1/chr20/ENSG00000233895"
ERROR from TryCatch Block: cannot open the connection 
[1] "INFO: 75.76% processed"
[1] "INFO: gene ENSG00000234104"
[1] "/gpfs/loomis/scratch60/zhao/zy92/GTEX/adjusted_expr1/chr20/ENSG00000234104"
ERROR from TryCatch Block: cannot open the connection 
[1] "INFO: gene ENSG00000234265"
[1] "/gpfs/loomis/scratch60/zhao/zy92/GTEX/adjusted_expr1/chr20/ENSG00000234265"
ERROR from TryCatch Block: cannot open the connection 
[1] "INFO: gene ENSG00000234435"
[1] "/gpfs/loomis/scratch60/zhao/zy92/GTEX/adjusted_expr1/chr20/ENSG00000234435"
ERROR from TryCatch Block: cannot open the connection 
[1] "INFO: gene ENSG00000234862"
[1] "/gpfs/loomis/scratch60/zhao/zy92/GTEX/adjusted_expr1/chr20/ENSG00000234862"
ERROR from TryCatch Block: cannot open the connection 
[1] "INFO: gene ENSG00000234900"
[1] "/gpfs/loomis/scratch60/zhao/zy92/GTEX/adjusted_expr1/chr20/ENSG00000234900"
ERROR from TryCatch Block: cannot open the connection 
[1] "INFO: gene ENSG00000235292"
[1] "/gpfs/loomis/scratch60/zhao/zy92/GTEX/adjusted_expr1/chr20/ENSG00000235292"
ERROR from TryCatch Block: cannot open the connection 
[1] "INFO: gene ENSG00000236985"
[1] "/gpfs/loomis/scratch60/zhao/zy92/GTEX/adjusted_expr1/chr20/ENSG00000236985"
ERROR from TryCatch Block: cannot open the connection 
[1] "INFO: gene ENSG00000237396"
[1] "/gpfs/loomis/scratch60/zhao/zy92/GTEX/adjusted_expr1/chr20/ENSG00000237396"
ERROR from TryCatch Block: cannot open the connection 
[1] "INFO: gene ENSG00000238034"
[1] "/gpfs/loomis/scratch60/zhao/zy92/GTEX/adjusted_expr1/chr20/ENSG00000238034"
ERROR from TryCatch Block: cannot open the connection 
[1] "INFO: gene ENSG00000258713"
[1] "/gpfs/loomis/scratch60/zhao/zy92/GTEX/adjusted_expr1/chr20/ENSG00000258713"
ERROR from TryCatch Block: cannot open the connection 
[1] "INFO: gene ENSG00000259974"
[1] "/gpfs/loomis/scratch60/zhao/zy92/GTEX/adjusted_expr1/chr20/ENSG00000259974"
ERROR from TryCatch Block: cannot open the connection 
[1] "INFO: gene ENSG00000260202"
[1] "/gpfs/loomis/scratch60/zhao/zy92/GTEX/adjusted_expr1/chr20/ENSG00000260202"
ERROR from TryCatch Block: cannot open the connection 
[1] "INFO: gene ENSG00000261411"
[1] "/gpfs/loomis/scratch60/zhao/zy92/GTEX/adjusted_expr1/chr20/ENSG00000261411"
ERROR from TryCatch Block: cannot open the connection 
[1] "INFO: gene ENSG00000265137"
[1] "/gpfs/loomis/scratch60/zhao/zy92/GTEX/adjusted_expr1/chr20/ENSG00000265137"
ERROR from TryCatch Block: cannot open the connection 
[1] "INFO: gene ENSG00000269931"
[1] "/gpfs/loomis/scratch60/zhao/zy92/GTEX/adjusted_expr1/chr20/ENSG00000269931"
ERROR from TryCatch Block: cannot open the connection 
[1] "INFO: gene ENSG00000270777"
[1] "/gpfs/loomis/scratch60/zhao/zy92/GTEX/adjusted_expr1/chr20/ENSG00000270777"
ERROR from TryCatch Block: cannot open the connection 
[1] "INFO: gene ENSG00000273148"
[1] "/gpfs/loomis/scratch60/zhao/zy92/GTEX/adjusted_expr1/chr20/ENSG00000273148"
ERROR from TryCatch Block: cannot open the connection 
Time difference of 1.03388 mins
There were 50 or more warnings (use warnings() to see the first 50)
