
The following have been reloaded with a version change:
  1) GDAL/2.2.3-foss-2016b => GDAL/2.1.1-foss-2016b
  2) HDF5/1.10.1-foss-2016b-serial => HDF5/1.8.18-foss-2016b
  3) HarfBuzz/1.4.3-foss-2016b => HarfBuzz/1.3.1-foss-2016b
  4) R/3.5.0-foss-2016b-avx2 => R/3.4.1-foss-2016b
  5) Szip/2.1.1-foss-2016b => Szip/2.1-foss-2016b
  6) Tcl/8.6.7-foss-2016b => Tcl/8.6.5-foss-2016b
  7) Tk/8.6.7-foss-2016b => Tk/8.6.5-foss-2016b
  8) bzip2/1.0.6-GCCcore-5.4.0 => bzip2/1.0.6-foss-2016b
  9) freetype/2.7.1-GCCcore-5.4.0 => freetype/2.6.5-foss-2016b
 10) libpng/1.6.28-GCCcore-5.4.0 => libpng/1.6.24-foss-2016b
 11) netCDF/4.5.0-foss-2016b => netCDF/4.4.1-foss-2016b

[1] "INFO: gene ENSG00000001617"
[1] "/gpfs/loomis/scratch60/zhao/zy92/GTEX/adjusted_expr1/chr3/ENSG00000001617"
[1] "INFO: gene ENSG00000003756"
[1] "/gpfs/loomis/scratch60/zhao/zy92/GTEX/adjusted_expr1/chr3/ENSG00000003756"
[1] "INFO: gene ENSG00000004838"
[1] "/gpfs/loomis/scratch60/zhao/zy92/GTEX/adjusted_expr1/chr3/ENSG00000004838"
[1] "INFO: gene ENSG00000007402"
[1] "/gpfs/loomis/scratch60/zhao/zy92/GTEX/adjusted_expr1/chr3/ENSG00000007402"
[1] "INFO: gene ENSG00000008226"
[1] "/gpfs/loomis/scratch60/zhao/zy92/GTEX/adjusted_expr1/chr3/ENSG00000008226"
[1] "INFO: gene ENSG00000008300"
[1] "/gpfs/loomis/scratch60/zhao/zy92/GTEX/adjusted_expr1/chr3/ENSG00000008300"
[1] "INFO: gene ENSG00000008324"
[1] "/gpfs/loomis/scratch60/zhao/zy92/GTEX/adjusted_expr1/chr3/ENSG00000008324"
[1] "INFO: gene ENSG00000010256"
[1] "/gpfs/loomis/scratch60/zhao/zy92/GTEX/adjusted_expr1/chr3/ENSG00000010256"
[1] "INFO: gene ENSG00000010282"
[1] "/gpfs/loomis/scratch60/zhao/zy92/GTEX/adjusted_expr1/chr3/ENSG00000010282"
[1] "INFO: gene ENSG00000010318"
[1] "/gpfs/loomis/scratch60/zhao/zy92/GTEX/adjusted_expr1/chr3/ENSG00000010318"
[1] "INFO: gene ENSG00000010319"
[1] "/gpfs/loomis/scratch60/zhao/zy92/GTEX/adjusted_expr1/chr3/ENSG00000010319"
[1] "INFO: gene ENSG00000010322"
[1] "/gpfs/loomis/scratch60/zhao/zy92/GTEX/adjusted_expr1/chr3/ENSG00000010322"
[1] "INFO: gene ENSG00000010327"
[1] "/gpfs/loomis/scratch60/zhao/zy92/GTEX/adjusted_expr1/chr3/ENSG00000010327"
[1] "INFO: gene ENSG00000011198"
[1] "/gpfs/loomis/scratch60/zhao/zy92/GTEX/adjusted_expr1/chr3/ENSG00000011198"
[1] "INFO: gene ENSG00000011376"
[1] "/gpfs/loomis/scratch60/zhao/zy92/GTEX/adjusted_expr1/chr3/ENSG00000011376"
[1] "INFO: gene ENSG00000012223"
[1] "/gpfs/loomis/scratch60/zhao/zy92/GTEX/adjusted_expr1/chr3/ENSG00000012223"
[1] "INFO: gene ENSG00000016391"
[1] "/gpfs/loomis/scratch60/zhao/zy92/GTEX/adjusted_expr1/chr3/ENSG00000016391"
[1] "INFO: gene ENSG00000016864"
[1] "/gpfs/loomis/scratch60/zhao/zy92/GTEX/adjusted_expr1/chr3/ENSG00000016864"
[1] "INFO: gene ENSG00000023330"
[1] "/gpfs/loomis/scratch60/zhao/zy92/GTEX/adjusted_expr1/chr3/ENSG00000023330"
[1] "INFO: gene ENSG00000033867"
[1] "/gpfs/loomis/scratch60/zhao/zy92/GTEX/adjusted_expr1/chr3/ENSG00000033867"
[1] "INFO: gene ENSG00000041880"
[1] "/gpfs/loomis/scratch60/zhao/zy92/GTEX/adjusted_expr1/chr3/ENSG00000041880"
[1] "INFO: gene ENSG00000047849"
[1] "/gpfs/loomis/scratch60/zhao/zy92/GTEX/adjusted_expr1/chr3/ENSG00000047849"
[1] "INFO: gene ENSG00000055955"
[1] "/gpfs/loomis/scratch60/zhao/zy92/GTEX/adjusted_expr1/chr3/ENSG00000055955"
[1] "INFO: gene ENSG00000055957"
[1] "/gpfs/loomis/scratch60/zhao/zy92/GTEX/adjusted_expr1/chr3/ENSG00000055957"
[1] "INFO: gene ENSG00000056736"
[1] "/gpfs/loomis/scratch60/zhao/zy92/GTEX/adjusted_expr1/chr3/ENSG00000056736"
[1] "INFO: gene ENSG00000060971"
[1] "/gpfs/loomis/scratch60/zhao/zy92/GTEX/adjusted_expr1/chr3/ENSG00000060971"
[1] "INFO: gene ENSG00000067560"
[1] "/gpfs/loomis/scratch60/zhao/zy92/GTEX/adjusted_expr1/chr3/ENSG00000067560"
[1] "INFO: gene ENSG00000068001"
[1] "/gpfs/loomis/scratch60/zhao/zy92/GTEX/adjusted_expr1/chr3/ENSG00000068001"
[1] "INFO: gene ENSG00000068028"
[1] "/gpfs/loomis/scratch60/zhao/zy92/GTEX/adjusted_expr1/chr3/ENSG00000068028"
[1] "INFO: gene ENSG00000068745"
[1] "/gpfs/loomis/scratch60/zhao/zy92/GTEX/adjusted_expr1/chr3/ENSG00000068745"
[1] "INFO: gene ENSG00000070950"
[1] "/gpfs/loomis/scratch60/zhao/zy92/GTEX/adjusted_expr1/chr3/ENSG00000070950"
[1] "INFO: gene ENSG00000071282"
[1] "/gpfs/loomis/scratch60/zhao/zy92/GTEX/adjusted_expr1/chr3/ENSG00000071282"
[1] "INFO: gene ENSG00000072756"
[1] "/gpfs/loomis/scratch60/zhao/zy92/GTEX/adjusted_expr1/chr3/ENSG00000072756"
[1] "INFO: gene ENSG00000075914"
[1] "/gpfs/loomis/scratch60/zhao/zy92/GTEX/adjusted_expr1/chr3/ENSG00000075914"
[1] "INFO: gene ENSG00000075975"
[1] "/gpfs/loomis/scratch60/zhao/zy92/GTEX/adjusted_expr1/chr3/ENSG00000075975"
[1] "INFO: gene ENSG00000076201"
[1] "/gpfs/loomis/scratch60/zhao/zy92/GTEX/adjusted_expr1/chr3/ENSG00000076201"
[1] "INFO: gene ENSG00000076242"
[1] "/gpfs/loomis/scratch60/zhao/zy92/GTEX/adjusted_expr1/chr3/ENSG00000076242"
[1] "INFO: gene ENSG00000077092"
[1] "/gpfs/loomis/scratch60/zhao/zy92/GTEX/adjusted_expr1/chr3/ENSG00000077092"
[1] "INFO: gene ENSG00000077097"
[1] "/gpfs/loomis/scratch60/zhao/zy92/GTEX/adjusted_expr1/chr3/ENSG00000077097"
[1] "INFO: gene ENSG00000088538"
[1] "/gpfs/loomis/scratch60/zhao/zy92/GTEX/adjusted_expr1/chr3/ENSG00000088538"
[1] "INFO: gene ENSG00000088543"
[1] "/gpfs/loomis/scratch60/zhao/zy92/GTEX/adjusted_expr1/chr3/ENSG00000088543"
[1] "INFO: gene ENSG00000088726"
[1] "/gpfs/loomis/scratch60/zhao/zy92/GTEX/adjusted_expr1/chr3/ENSG00000088726"
[1] "INFO: gene ENSG00000088727"
[1] "/gpfs/loomis/scratch60/zhao/zy92/GTEX/adjusted_expr1/chr3/ENSG00000088727"
[1] "INFO: gene ENSG00000090097"
[1] "/gpfs/loomis/scratch60/zhao/zy92/GTEX/adjusted_expr1/chr3/ENSG00000090097"
[1] "INFO: gene ENSG00000091181"
[1] "/gpfs/loomis/scratch60/zhao/zy92/GTEX/adjusted_expr1/chr3/ENSG00000091181"
[1] "INFO: gene ENSG00000091317"
[1] "/gpfs/loomis/scratch60/zhao/zy92/GTEX/adjusted_expr1/chr3/ENSG00000091317"
[1] "INFO: gene ENSG00000092345"
[1] "/gpfs/loomis/scratch60/zhao/zy92/GTEX/adjusted_expr1/chr3/ENSG00000092345"
[1] "INFO: gene ENSG00000093167"
[1] "/gpfs/loomis/scratch60/zhao/zy92/GTEX/adjusted_expr1/chr3/ENSG00000093167"
[1] "INFO: gene ENSG00000093183"
[1] "/gpfs/loomis/scratch60/zhao/zy92/GTEX/adjusted_expr1/chr3/ENSG00000093183"
[1] "INFO: 11.68% processed"
[1] "INFO: gene ENSG00000093217"
[1] "/gpfs/loomis/scratch60/zhao/zy92/GTEX/adjusted_expr1/chr3/ENSG00000093217"
[1] "INFO: gene ENSG00000113811"
[1] "/gpfs/loomis/scratch60/zhao/zy92/GTEX/adjusted_expr1/chr3/ENSG00000113811"
[1] "INFO: gene ENSG00000113812"
[1] "/gpfs/loomis/scratch60/zhao/zy92/GTEX/adjusted_expr1/chr3/ENSG00000113812"
[1] "INFO: gene ENSG00000113851"
[1] "/gpfs/loomis/scratch60/zhao/zy92/GTEX/adjusted_expr1/chr3/ENSG00000113851"
[1] "INFO: gene ENSG00000114026"
[1] "/gpfs/loomis/scratch60/zhao/zy92/GTEX/adjusted_expr1/chr3/ENSG00000114026"
[1] "INFO: gene ENSG00000114166"
[1] "/gpfs/loomis/scratch60/zhao/zy92/GTEX/adjusted_expr1/chr3/ENSG00000114166"
[1] "INFO: gene ENSG00000114251"
[1] "/gpfs/loomis/scratch60/zhao/zy92/GTEX/adjusted_expr1/chr3/ENSG00000114251"
[1] "INFO: gene ENSG00000114268"
[1] "/gpfs/loomis/scratch60/zhao/zy92/GTEX/adjusted_expr1/chr3/ENSG00000114268"
[1] "INFO: gene ENSG00000114270"
[1] "/gpfs/loomis/scratch60/zhao/zy92/GTEX/adjusted_expr1/chr3/ENSG00000114270"
[1] "INFO: gene ENSG00000114302"
[1] "/gpfs/loomis/scratch60/zhao/zy92/GTEX/adjusted_expr1/chr3/ENSG00000114302"
[1] "INFO: gene ENSG00000114316"
[1] "/gpfs/loomis/scratch60/zhao/zy92/GTEX/adjusted_expr1/chr3/ENSG00000114316"
[1] "INFO: gene ENSG00000114349"
[1] "/gpfs/loomis/scratch60/zhao/zy92/GTEX/adjusted_expr1/chr3/ENSG00000114349"
[1] "INFO: gene ENSG00000114353"
[1] "/gpfs/loomis/scratch60/zhao/zy92/GTEX/adjusted_expr1/chr3/ENSG00000114353"
[1] "INFO: gene ENSG00000114378"
[1] "/gpfs/loomis/scratch60/zhao/zy92/GTEX/adjusted_expr1/chr3/ENSG00000114378"
[1] "INFO: gene ENSG00000114383"
[1] "/gpfs/loomis/scratch60/zhao/zy92/GTEX/adjusted_expr1/chr3/ENSG00000114383"
[1] "INFO: gene ENSG00000114388"
[1] "/gpfs/loomis/scratch60/zhao/zy92/GTEX/adjusted_expr1/chr3/ENSG00000114388"
[1] "INFO: gene ENSG00000114395"
[1] "/gpfs/loomis/scratch60/zhao/zy92/GTEX/adjusted_expr1/chr3/ENSG00000114395"
[1] "INFO: gene ENSG00000114646"
[1] "/gpfs/loomis/scratch60/zhao/zy92/GTEX/adjusted_expr1/chr3/ENSG00000114646"
[1] "INFO: gene ENSG00000114648"
[1] "/gpfs/loomis/scratch60/zhao/zy92/GTEX/adjusted_expr1/chr3/ENSG00000114648"
[1] "INFO: gene ENSG00000114650"
[1] "/gpfs/loomis/scratch60/zhao/zy92/GTEX/adjusted_expr1/chr3/ENSG00000114650"
[1] "INFO: gene ENSG00000114735"
[1] "/gpfs/loomis/scratch60/zhao/zy92/GTEX/adjusted_expr1/chr3/ENSG00000114735"
[1] "INFO: gene ENSG00000114737"
[1] "/gpfs/loomis/scratch60/zhao/zy92/GTEX/adjusted_expr1/chr3/ENSG00000114737"
[1] "INFO: gene ENSG00000114738"
[1] "/gpfs/loomis/scratch60/zhao/zy92/GTEX/adjusted_expr1/chr3/ENSG00000114738"
[1] "INFO: gene ENSG00000114739"
[1] "/gpfs/loomis/scratch60/zhao/zy92/GTEX/adjusted_expr1/chr3/ENSG00000114739"
[1] "INFO: gene ENSG00000114742"
[1] "/gpfs/loomis/scratch60/zhao/zy92/GTEX/adjusted_expr1/chr3/ENSG00000114742"
[1] "INFO: gene ENSG00000114745"
[1] "/gpfs/loomis/scratch60/zhao/zy92/GTEX/adjusted_expr1/chr3/ENSG00000114745"
[1] "INFO: gene ENSG00000114767"
[1] "/gpfs/loomis/scratch60/zhao/zy92/GTEX/adjusted_expr1/chr3/ENSG00000114767"
[1] "INFO: gene ENSG00000114779"
[1] "/gpfs/loomis/scratch60/zhao/zy92/GTEX/adjusted_expr1/chr3/ENSG00000114779"
[1] "INFO: gene ENSG00000114784"
[1] "/gpfs/loomis/scratch60/zhao/zy92/GTEX/adjusted_expr1/chr3/ENSG00000114784"
[1] "INFO: gene ENSG00000114812"
[1] "/gpfs/loomis/scratch60/zhao/zy92/GTEX/adjusted_expr1/chr3/ENSG00000114812"
[1] "INFO: gene ENSG00000114841"
[1] "/gpfs/loomis/scratch60/zhao/zy92/GTEX/adjusted_expr1/chr3/ENSG00000114841"
[1] "INFO: gene ENSG00000114853"
[1] "/gpfs/loomis/scratch60/zhao/zy92/GTEX/adjusted_expr1/chr3/ENSG00000114853"
[1] "INFO: gene ENSG00000114854"
[1] "/gpfs/loomis/scratch60/zhao/zy92/GTEX/adjusted_expr1/chr3/ENSG00000114854"
[1] "INFO: gene ENSG00000114857"
[1] "/gpfs/loomis/scratch60/zhao/zy92/GTEX/adjusted_expr1/chr3/ENSG00000114857"
[1] "INFO: gene ENSG00000114902"
[1] "/gpfs/loomis/scratch60/zhao/zy92/GTEX/adjusted_expr1/chr3/ENSG00000114902"
[1] "INFO: gene ENSG00000114904"
[1] "/gpfs/loomis/scratch60/zhao/zy92/GTEX/adjusted_expr1/chr3/ENSG00000114904"
[1] "INFO: gene ENSG00000121797"
[1] "/gpfs/loomis/scratch60/zhao/zy92/GTEX/adjusted_expr1/chr3/ENSG00000121797"
[1] "INFO: gene ENSG00000121807"
[1] "/gpfs/loomis/scratch60/zhao/zy92/GTEX/adjusted_expr1/chr3/ENSG00000121807"
[1] "INFO: gene ENSG00000125037"
[1] "/gpfs/loomis/scratch60/zhao/zy92/GTEX/adjusted_expr1/chr3/ENSG00000125037"
[1] "INFO: gene ENSG00000125046"
[1] "/gpfs/loomis/scratch60/zhao/zy92/GTEX/adjusted_expr1/chr3/ENSG00000125046"
[1] "INFO: gene ENSG00000126062"
[1] "/gpfs/loomis/scratch60/zhao/zy92/GTEX/adjusted_expr1/chr3/ENSG00000126062"
[1] "INFO: gene ENSG00000129810"
[1] "/gpfs/loomis/scratch60/zhao/zy92/GTEX/adjusted_expr1/chr3/ENSG00000129810"
[1] "INFO: gene ENSG00000131368"
[1] "/gpfs/loomis/scratch60/zhao/zy92/GTEX/adjusted_expr1/chr3/ENSG00000131368"
[1] "INFO: gene ENSG00000131370"
[1] "/gpfs/loomis/scratch60/zhao/zy92/GTEX/adjusted_expr1/chr3/ENSG00000131370"
[1] "INFO: gene ENSG00000131373"
[1] "/gpfs/loomis/scratch60/zhao/zy92/GTEX/adjusted_expr1/chr3/ENSG00000131373"
[1] "INFO: gene ENSG00000131374"
[1] "/gpfs/loomis/scratch60/zhao/zy92/GTEX/adjusted_expr1/chr3/ENSG00000131374"
[1] "INFO: gene ENSG00000131375"
[1] "/gpfs/loomis/scratch60/zhao/zy92/GTEX/adjusted_expr1/chr3/ENSG00000131375"
[1] "INFO: gene ENSG00000131378"
[1] "/gpfs/loomis/scratch60/zhao/zy92/GTEX/adjusted_expr1/chr3/ENSG00000131378"
[1] "INFO: gene ENSG00000131379"
[1] "/gpfs/loomis/scratch60/zhao/zy92/GTEX/adjusted_expr1/chr3/ENSG00000131379"
[1] "INFO: gene ENSG00000131381"
[1] "/gpfs/loomis/scratch60/zhao/zy92/GTEX/adjusted_expr1/chr3/ENSG00000131381"
[1] "INFO: 23.36% processed"
[1] "INFO: gene ENSG00000131386"
[1] "/gpfs/loomis/scratch60/zhao/zy92/GTEX/adjusted_expr1/chr3/ENSG00000131386"
[1] "INFO: gene ENSG00000131389"
[1] "/gpfs/loomis/scratch60/zhao/zy92/GTEX/adjusted_expr1/chr3/ENSG00000131389"
[1] "INFO: gene ENSG00000132153"
[1] "/gpfs/loomis/scratch60/zhao/zy92/GTEX/adjusted_expr1/chr3/ENSG00000132153"
[1] "INFO: gene ENSG00000132155"
[1] "/gpfs/loomis/scratch60/zhao/zy92/GTEX/adjusted_expr1/chr3/ENSG00000132155"
[1] "INFO: gene ENSG00000132164"
[1] "/gpfs/loomis/scratch60/zhao/zy92/GTEX/adjusted_expr1/chr3/ENSG00000132164"
[1] "INFO: gene ENSG00000132170"
[1] "/gpfs/loomis/scratch60/zhao/zy92/GTEX/adjusted_expr1/chr3/ENSG00000132170"
[1] "INFO: gene ENSG00000132182"
[1] "/gpfs/loomis/scratch60/zhao/zy92/GTEX/adjusted_expr1/chr3/ENSG00000132182"
[1] "INFO: gene ENSG00000134070"
[1] "/gpfs/loomis/scratch60/zhao/zy92/GTEX/adjusted_expr1/chr3/ENSG00000134070"
[1] "INFO: gene ENSG00000134072"
[1] "/gpfs/loomis/scratch60/zhao/zy92/GTEX/adjusted_expr1/chr3/ENSG00000134072"
[1] "INFO: gene ENSG00000134077"
[1] "/gpfs/loomis/scratch60/zhao/zy92/GTEX/adjusted_expr1/chr3/ENSG00000134077"
[1] "INFO: gene ENSG00000134086"
[1] "/gpfs/loomis/scratch60/zhao/zy92/GTEX/adjusted_expr1/chr3/ENSG00000134086"
[1] "INFO: gene ENSG00000134107"
[1] "/gpfs/loomis/scratch60/zhao/zy92/GTEX/adjusted_expr1/chr3/ENSG00000134107"
[1] "INFO: gene ENSG00000134108"
[1] "/gpfs/loomis/scratch60/zhao/zy92/GTEX/adjusted_expr1/chr3/ENSG00000134108"
[1] "INFO: gene ENSG00000134109"
[1] "/gpfs/loomis/scratch60/zhao/zy92/GTEX/adjusted_expr1/chr3/ENSG00000134109"
[1] "INFO: gene ENSG00000134115"
[1] "/gpfs/loomis/scratch60/zhao/zy92/GTEX/adjusted_expr1/chr3/ENSG00000134115"
[1] "INFO: gene ENSG00000134121"
[1] "/gpfs/loomis/scratch60/zhao/zy92/GTEX/adjusted_expr1/chr3/ENSG00000134121"
[1] "INFO: gene ENSG00000136059"
[1] "/gpfs/loomis/scratch60/zhao/zy92/GTEX/adjusted_expr1/chr3/ENSG00000136059"
[1] "INFO: gene ENSG00000136068"
[1] "/gpfs/loomis/scratch60/zhao/zy92/GTEX/adjusted_expr1/chr3/ENSG00000136068"
[1] "INFO: gene ENSG00000144455"
[1] "/gpfs/loomis/scratch60/zhao/zy92/GTEX/adjusted_expr1/chr3/ENSG00000144455"
[1] "INFO: gene ENSG00000144550"
[1] "/gpfs/loomis/scratch60/zhao/zy92/GTEX/adjusted_expr1/chr3/ENSG00000144550"
[1] "INFO: gene ENSG00000144554"
[1] "/gpfs/loomis/scratch60/zhao/zy92/GTEX/adjusted_expr1/chr3/ENSG00000144554"
[1] "INFO: gene ENSG00000144559"
[1] "/gpfs/loomis/scratch60/zhao/zy92/GTEX/adjusted_expr1/chr3/ENSG00000144559"
[1] "INFO: gene ENSG00000144560"
[1] "/gpfs/loomis/scratch60/zhao/zy92/GTEX/adjusted_expr1/chr3/ENSG00000144560"
[1] "INFO: gene ENSG00000144566"
[1] "/gpfs/loomis/scratch60/zhao/zy92/GTEX/adjusted_expr1/chr3/ENSG00000144566"
[1] "INFO: gene ENSG00000144597"
[1] "/gpfs/loomis/scratch60/zhao/zy92/GTEX/adjusted_expr1/chr3/ENSG00000144597"
[1] "INFO: gene ENSG00000144619"
[1] "/gpfs/loomis/scratch60/zhao/zy92/GTEX/adjusted_expr1/chr3/ENSG00000144619"
[1] "INFO: gene ENSG00000144635"
[1] "/gpfs/loomis/scratch60/zhao/zy92/GTEX/adjusted_expr1/chr3/ENSG00000144635"
[1] "INFO: gene ENSG00000144642"
[1] "/gpfs/loomis/scratch60/zhao/zy92/GTEX/adjusted_expr1/chr3/ENSG00000144642"
[1] "INFO: gene ENSG00000144644"
[1] "/gpfs/loomis/scratch60/zhao/zy92/GTEX/adjusted_expr1/chr3/ENSG00000144644"
[1] "INFO: gene ENSG00000144645"
[1] "/gpfs/loomis/scratch60/zhao/zy92/GTEX/adjusted_expr1/chr3/ENSG00000144645"
[1] "INFO: gene ENSG00000144647"
[1] "/gpfs/loomis/scratch60/zhao/zy92/GTEX/adjusted_expr1/chr3/ENSG00000144647"
[1] "INFO: gene ENSG00000144648"
[1] "/gpfs/loomis/scratch60/zhao/zy92/GTEX/adjusted_expr1/chr3/ENSG00000144648"
[1] "INFO: gene ENSG00000144649"
[1] "/gpfs/loomis/scratch60/zhao/zy92/GTEX/adjusted_expr1/chr3/ENSG00000144649"
[1] "INFO: gene ENSG00000144655"
[1] "/gpfs/loomis/scratch60/zhao/zy92/GTEX/adjusted_expr1/chr3/ENSG00000144655"
[1] "INFO: gene ENSG00000144659"
[1] "/gpfs/loomis/scratch60/zhao/zy92/GTEX/adjusted_expr1/chr3/ENSG00000144659"
[1] "INFO: gene ENSG00000144668"
[1] "/gpfs/loomis/scratch60/zhao/zy92/GTEX/adjusted_expr1/chr3/ENSG00000144668"
[1] "INFO: gene ENSG00000144671"
[1] "/gpfs/loomis/scratch60/zhao/zy92/GTEX/adjusted_expr1/chr3/ENSG00000144671"
[1] "INFO: gene ENSG00000144674"
[1] "/gpfs/loomis/scratch60/zhao/zy92/GTEX/adjusted_expr1/chr3/ENSG00000144674"
[1] "INFO: gene ENSG00000144677"
[1] "/gpfs/loomis/scratch60/zhao/zy92/GTEX/adjusted_expr1/chr3/ENSG00000144677"
[1] "INFO: gene ENSG00000144681"
[1] "/gpfs/loomis/scratch60/zhao/zy92/GTEX/adjusted_expr1/chr3/ENSG00000144681"
[1] "INFO: gene ENSG00000144711"
[1] "/gpfs/loomis/scratch60/zhao/zy92/GTEX/adjusted_expr1/chr3/ENSG00000144711"
[1] "INFO: gene ENSG00000144712"
[1] "/gpfs/loomis/scratch60/zhao/zy92/GTEX/adjusted_expr1/chr3/ENSG00000144712"
[1] "INFO: gene ENSG00000144713"
[1] "/gpfs/loomis/scratch60/zhao/zy92/GTEX/adjusted_expr1/chr3/ENSG00000144713"
[1] "INFO: gene ENSG00000144730"
[1] "/gpfs/loomis/scratch60/zhao/zy92/GTEX/adjusted_expr1/chr3/ENSG00000144730"
[1] "INFO: gene ENSG00000144771"
[1] "/gpfs/loomis/scratch60/zhao/zy92/GTEX/adjusted_expr1/chr3/ENSG00000144771"
[1] "INFO: gene ENSG00000144791"
[1] "/gpfs/loomis/scratch60/zhao/zy92/GTEX/adjusted_expr1/chr3/ENSG00000144791"
[1] "INFO: gene ENSG00000144792"
[1] "/gpfs/loomis/scratch60/zhao/zy92/GTEX/adjusted_expr1/chr3/ENSG00000144792"
[1] "INFO: gene ENSG00000145020"
[1] "/gpfs/loomis/scratch60/zhao/zy92/GTEX/adjusted_expr1/chr3/ENSG00000145020"
[1] "INFO: gene ENSG00000145022"
[1] "/gpfs/loomis/scratch60/zhao/zy92/GTEX/adjusted_expr1/chr3/ENSG00000145022"
[1] "INFO: gene ENSG00000145029"
[1] "/gpfs/loomis/scratch60/zhao/zy92/GTEX/adjusted_expr1/chr3/ENSG00000145029"
[1] "INFO: 35.05% processed"
[1] "INFO: gene ENSG00000145040"
[1] "/gpfs/loomis/scratch60/zhao/zy92/GTEX/adjusted_expr1/chr3/ENSG00000145040"
[1] "INFO: gene ENSG00000145041"
[1] "/gpfs/loomis/scratch60/zhao/zy92/GTEX/adjusted_expr1/chr3/ENSG00000145041"
[1] "INFO: gene ENSG00000145050"
[1] "/gpfs/loomis/scratch60/zhao/zy92/GTEX/adjusted_expr1/chr3/ENSG00000145050"
[1] "INFO: gene ENSG00000150995"
[1] "/gpfs/loomis/scratch60/zhao/zy92/GTEX/adjusted_expr1/chr3/ENSG00000150995"
[1] "INFO: gene ENSG00000151090"
[1] "/gpfs/loomis/scratch60/zhao/zy92/GTEX/adjusted_expr1/chr3/ENSG00000151090"
[1] "INFO: gene ENSG00000151092"
[1] "/gpfs/loomis/scratch60/zhao/zy92/GTEX/adjusted_expr1/chr3/ENSG00000151092"
[1] "INFO: gene ENSG00000151093"
[1] "/gpfs/loomis/scratch60/zhao/zy92/GTEX/adjusted_expr1/chr3/ENSG00000151093"
[1] "INFO: gene ENSG00000151789"
[1] "/gpfs/loomis/scratch60/zhao/zy92/GTEX/adjusted_expr1/chr3/ENSG00000151789"
[1] "INFO: gene ENSG00000152642"
[1] "/gpfs/loomis/scratch60/zhao/zy92/GTEX/adjusted_expr1/chr3/ENSG00000152642"
[1] "INFO: gene ENSG00000153551"
[1] "/gpfs/loomis/scratch60/zhao/zy92/GTEX/adjusted_expr1/chr3/ENSG00000153551"
[1] "INFO: gene ENSG00000153558"
[1] "/gpfs/loomis/scratch60/zhao/zy92/GTEX/adjusted_expr1/chr3/ENSG00000153558"
[1] "INFO: gene ENSG00000153560"
[1] "/gpfs/loomis/scratch60/zhao/zy92/GTEX/adjusted_expr1/chr3/ENSG00000153560"
[1] "INFO: gene ENSG00000154743"
[1] "/gpfs/loomis/scratch60/zhao/zy92/GTEX/adjusted_expr1/chr3/ENSG00000154743"
[1] "INFO: gene ENSG00000154764"
[1] "/gpfs/loomis/scratch60/zhao/zy92/GTEX/adjusted_expr1/chr3/ENSG00000154764"
[1] "INFO: gene ENSG00000154767"
[1] "/gpfs/loomis/scratch60/zhao/zy92/GTEX/adjusted_expr1/chr3/ENSG00000154767"
[1] "INFO: gene ENSG00000154781"
[1] "/gpfs/loomis/scratch60/zhao/zy92/GTEX/adjusted_expr1/chr3/ENSG00000154781"
[1] "INFO: gene ENSG00000154783"
[1] "/gpfs/loomis/scratch60/zhao/zy92/GTEX/adjusted_expr1/chr3/ENSG00000154783"
[1] "INFO: gene ENSG00000154813"
[1] "/gpfs/loomis/scratch60/zhao/zy92/GTEX/adjusted_expr1/chr3/ENSG00000154813"
[1] "INFO: gene ENSG00000154814"
[1] "/gpfs/loomis/scratch60/zhao/zy92/GTEX/adjusted_expr1/chr3/ENSG00000154814"
[1] "INFO: gene ENSG00000154822"
[1] "/gpfs/loomis/scratch60/zhao/zy92/GTEX/adjusted_expr1/chr3/ENSG00000154822"
[1] "INFO: gene ENSG00000156959"
[1] "/gpfs/loomis/scratch60/zhao/zy92/GTEX/adjusted_expr1/chr3/ENSG00000156959"
[1] "INFO: gene ENSG00000156983"
[1] "/gpfs/loomis/scratch60/zhao/zy92/GTEX/adjusted_expr1/chr3/ENSG00000156983"
[1] "INFO: gene ENSG00000156990"
[1] "/gpfs/loomis/scratch60/zhao/zy92/GTEX/adjusted_expr1/chr3/ENSG00000156990"
[1] "INFO: gene ENSG00000157014"
[1] "/gpfs/loomis/scratch60/zhao/zy92/GTEX/adjusted_expr1/chr3/ENSG00000157014"
[1] "INFO: gene ENSG00000157017"
[1] "/gpfs/loomis/scratch60/zhao/zy92/GTEX/adjusted_expr1/chr3/ENSG00000157017"
[1] "INFO: gene ENSG00000157020"
[1] "/gpfs/loomis/scratch60/zhao/zy92/GTEX/adjusted_expr1/chr3/ENSG00000157020"
[1] "INFO: gene ENSG00000157036"
[1] "/gpfs/loomis/scratch60/zhao/zy92/GTEX/adjusted_expr1/chr3/ENSG00000157036"
[1] "INFO: gene ENSG00000157087"
[1] "/gpfs/loomis/scratch60/zhao/zy92/GTEX/adjusted_expr1/chr3/ENSG00000157087"
[1] "INFO: gene ENSG00000157093"
[1] "/gpfs/loomis/scratch60/zhao/zy92/GTEX/adjusted_expr1/chr3/ENSG00000157093"
[1] "INFO: gene ENSG00000157103"
[1] "/gpfs/loomis/scratch60/zhao/zy92/GTEX/adjusted_expr1/chr3/ENSG00000157103"
[1] "INFO: gene ENSG00000157119"
[1] "/gpfs/loomis/scratch60/zhao/zy92/GTEX/adjusted_expr1/chr3/ENSG00000157119"
[1] "INFO: gene ENSG00000157150"
[1] "/gpfs/loomis/scratch60/zhao/zy92/GTEX/adjusted_expr1/chr3/ENSG00000157150"
[1] "INFO: gene ENSG00000157388"
[1] "/gpfs/loomis/scratch60/zhao/zy92/GTEX/adjusted_expr1/chr3/ENSG00000157388"
[1] "INFO: gene ENSG00000157445"
[1] "/gpfs/loomis/scratch60/zhao/zy92/GTEX/adjusted_expr1/chr3/ENSG00000157445"
[1] "INFO: gene ENSG00000157500"
[1] "/gpfs/loomis/scratch60/zhao/zy92/GTEX/adjusted_expr1/chr3/ENSG00000157500"
[1] "INFO: gene ENSG00000160746"
[1] "/gpfs/loomis/scratch60/zhao/zy92/GTEX/adjusted_expr1/chr3/ENSG00000160746"
[1] "INFO: gene ENSG00000160791"
[1] "/gpfs/loomis/scratch60/zhao/zy92/GTEX/adjusted_expr1/chr3/ENSG00000160791"
[1] "INFO: gene ENSG00000160796"
[1] "/gpfs/loomis/scratch60/zhao/zy92/GTEX/adjusted_expr1/chr3/ENSG00000160796"
[1] "INFO: gene ENSG00000160799"
[1] "/gpfs/loomis/scratch60/zhao/zy92/GTEX/adjusted_expr1/chr3/ENSG00000160799"
[1] "INFO: gene ENSG00000160801"
[1] "/gpfs/loomis/scratch60/zhao/zy92/GTEX/adjusted_expr1/chr3/ENSG00000160801"
[1] "INFO: gene ENSG00000160808"
[1] "/gpfs/loomis/scratch60/zhao/zy92/GTEX/adjusted_expr1/chr3/ENSG00000160808"
[1] "INFO: gene ENSG00000162244"
[1] "/gpfs/loomis/scratch60/zhao/zy92/GTEX/adjusted_expr1/chr3/ENSG00000162244"
[1] "INFO: gene ENSG00000162267"
[1] "/gpfs/loomis/scratch60/zhao/zy92/GTEX/adjusted_expr1/chr3/ENSG00000162267"
[1] "INFO: gene ENSG00000163491"
[1] "/gpfs/loomis/scratch60/zhao/zy92/GTEX/adjusted_expr1/chr3/ENSG00000163491"
[1] "INFO: gene ENSG00000163508"
[1] "/gpfs/loomis/scratch60/zhao/zy92/GTEX/adjusted_expr1/chr3/ENSG00000163508"
[1] "INFO: gene ENSG00000163512"
[1] "/gpfs/loomis/scratch60/zhao/zy92/GTEX/adjusted_expr1/chr3/ENSG00000163512"
[1] "INFO: gene ENSG00000163513"
[1] "/gpfs/loomis/scratch60/zhao/zy92/GTEX/adjusted_expr1/chr3/ENSG00000163513"
[1] "INFO: gene ENSG00000163517"
[1] "/gpfs/loomis/scratch60/zhao/zy92/GTEX/adjusted_expr1/chr3/ENSG00000163517"
[1] "INFO: gene ENSG00000163520"
[1] "/gpfs/loomis/scratch60/zhao/zy92/GTEX/adjusted_expr1/chr3/ENSG00000163520"
[1] "INFO: gene ENSG00000163527"
[1] "/gpfs/loomis/scratch60/zhao/zy92/GTEX/adjusted_expr1/chr3/ENSG00000163527"
[1] "INFO: 46.73% processed"
[1] "INFO: gene ENSG00000163528"
[1] "/gpfs/loomis/scratch60/zhao/zy92/GTEX/adjusted_expr1/chr3/ENSG00000163528"
[1] "INFO: gene ENSG00000163539"
[1] "/gpfs/loomis/scratch60/zhao/zy92/GTEX/adjusted_expr1/chr3/ENSG00000163539"
[1] "INFO: gene ENSG00000163576"
[1] "/gpfs/loomis/scratch60/zhao/zy92/GTEX/adjusted_expr1/chr3/ENSG00000163576"
[1] "INFO: gene ENSG00000163666"
[1] "/gpfs/loomis/scratch60/zhao/zy92/GTEX/adjusted_expr1/chr3/ENSG00000163666"
[1] "INFO: gene ENSG00000163673"
[1] "/gpfs/loomis/scratch60/zhao/zy92/GTEX/adjusted_expr1/chr3/ENSG00000163673"
[1] "INFO: gene ENSG00000163681"
[1] "/gpfs/loomis/scratch60/zhao/zy92/GTEX/adjusted_expr1/chr3/ENSG00000163681"
[1] "INFO: gene ENSG00000163684"
[1] "/gpfs/loomis/scratch60/zhao/zy92/GTEX/adjusted_expr1/chr3/ENSG00000163684"
[1] "INFO: gene ENSG00000163686"
[1] "/gpfs/loomis/scratch60/zhao/zy92/GTEX/adjusted_expr1/chr3/ENSG00000163686"
[1] "INFO: gene ENSG00000163687"
[1] "/gpfs/loomis/scratch60/zhao/zy92/GTEX/adjusted_expr1/chr3/ENSG00000163687"
[1] "INFO: gene ENSG00000163689"
[1] "/gpfs/loomis/scratch60/zhao/zy92/GTEX/adjusted_expr1/chr3/ENSG00000163689"
[1] "INFO: gene ENSG00000163701"
[1] "/gpfs/loomis/scratch60/zhao/zy92/GTEX/adjusted_expr1/chr3/ENSG00000163701"
[1] "INFO: gene ENSG00000163702"
[1] "/gpfs/loomis/scratch60/zhao/zy92/GTEX/adjusted_expr1/chr3/ENSG00000163702"
[1] "INFO: gene ENSG00000163703"
[1] "/gpfs/loomis/scratch60/zhao/zy92/GTEX/adjusted_expr1/chr3/ENSG00000163703"
[1] "INFO: gene ENSG00000163704"
[1] "/gpfs/loomis/scratch60/zhao/zy92/GTEX/adjusted_expr1/chr3/ENSG00000163704"
[1] "INFO: gene ENSG00000163705"
[1] "/gpfs/loomis/scratch60/zhao/zy92/GTEX/adjusted_expr1/chr3/ENSG00000163705"
[1] "INFO: gene ENSG00000163719"
[1] "/gpfs/loomis/scratch60/zhao/zy92/GTEX/adjusted_expr1/chr3/ENSG00000163719"
[1] "INFO: gene ENSG00000163788"
[1] "/gpfs/loomis/scratch60/zhao/zy92/GTEX/adjusted_expr1/chr3/ENSG00000163788"
[1] "INFO: gene ENSG00000163807"
[1] "/gpfs/loomis/scratch60/zhao/zy92/GTEX/adjusted_expr1/chr3/ENSG00000163807"
[1] "INFO: gene ENSG00000163808"
[1] "/gpfs/loomis/scratch60/zhao/zy92/GTEX/adjusted_expr1/chr3/ENSG00000163808"
[1] "INFO: gene ENSG00000163810"
[1] "/gpfs/loomis/scratch60/zhao/zy92/GTEX/adjusted_expr1/chr3/ENSG00000163810"
[1] "INFO: gene ENSG00000163812"
[1] "/gpfs/loomis/scratch60/zhao/zy92/GTEX/adjusted_expr1/chr3/ENSG00000163812"
[1] "INFO: gene ENSG00000163814"
[1] "/gpfs/loomis/scratch60/zhao/zy92/GTEX/adjusted_expr1/chr3/ENSG00000163814"
[1] "INFO: gene ENSG00000163815"
[1] "/gpfs/loomis/scratch60/zhao/zy92/GTEX/adjusted_expr1/chr3/ENSG00000163815"
[1] "INFO: gene ENSG00000163817"
[1] "/gpfs/loomis/scratch60/zhao/zy92/GTEX/adjusted_expr1/chr3/ENSG00000163817"
[1] "INFO: gene ENSG00000163818"
[1] "/gpfs/loomis/scratch60/zhao/zy92/GTEX/adjusted_expr1/chr3/ENSG00000163818"
[1] "INFO: gene ENSG00000163820"
[1] "/gpfs/loomis/scratch60/zhao/zy92/GTEX/adjusted_expr1/chr3/ENSG00000163820"
[1] "INFO: gene ENSG00000163823"
[1] "/gpfs/loomis/scratch60/zhao/zy92/GTEX/adjusted_expr1/chr3/ENSG00000163823"
[1] "INFO: gene ENSG00000163825"
[1] "/gpfs/loomis/scratch60/zhao/zy92/GTEX/adjusted_expr1/chr3/ENSG00000163825"
[1] "INFO: gene ENSG00000163827"
[1] "/gpfs/loomis/scratch60/zhao/zy92/GTEX/adjusted_expr1/chr3/ENSG00000163827"
[1] "INFO: gene ENSG00000163832"
[1] "/gpfs/loomis/scratch60/zhao/zy92/GTEX/adjusted_expr1/chr3/ENSG00000163832"
[1] "INFO: gene ENSG00000163930"
[1] "/gpfs/loomis/scratch60/zhao/zy92/GTEX/adjusted_expr1/chr3/ENSG00000163930"
[1] "INFO: gene ENSG00000163931"
[1] "/gpfs/loomis/scratch60/zhao/zy92/GTEX/adjusted_expr1/chr3/ENSG00000163931"
[1] "INFO: gene ENSG00000163932"
[1] "/gpfs/loomis/scratch60/zhao/zy92/GTEX/adjusted_expr1/chr3/ENSG00000163932"
[1] "INFO: gene ENSG00000163933"
[1] "/gpfs/loomis/scratch60/zhao/zy92/GTEX/adjusted_expr1/chr3/ENSG00000163933"
[1] "INFO: gene ENSG00000163935"
[1] "/gpfs/loomis/scratch60/zhao/zy92/GTEX/adjusted_expr1/chr3/ENSG00000163935"
[1] "INFO: gene ENSG00000163938"
[1] "/gpfs/loomis/scratch60/zhao/zy92/GTEX/adjusted_expr1/chr3/ENSG00000163938"
[1] "INFO: gene ENSG00000163939"
[1] "/gpfs/loomis/scratch60/zhao/zy92/GTEX/adjusted_expr1/chr3/ENSG00000163939"
[1] "INFO: gene ENSG00000163946"
[1] "/gpfs/loomis/scratch60/zhao/zy92/GTEX/adjusted_expr1/chr3/ENSG00000163946"
[1] "INFO: gene ENSG00000163947"
[1] "/gpfs/loomis/scratch60/zhao/zy92/GTEX/adjusted_expr1/chr3/ENSG00000163947"
[1] "INFO: gene ENSG00000164045"
[1] "/gpfs/loomis/scratch60/zhao/zy92/GTEX/adjusted_expr1/chr3/ENSG00000164045"
[1] "INFO: gene ENSG00000164047"
[1] "/gpfs/loomis/scratch60/zhao/zy92/GTEX/adjusted_expr1/chr3/ENSG00000164047"
[1] "INFO: gene ENSG00000164048"
[1] "/gpfs/loomis/scratch60/zhao/zy92/GTEX/adjusted_expr1/chr3/ENSG00000164048"
[1] "INFO: gene ENSG00000164049"
[1] "/gpfs/loomis/scratch60/zhao/zy92/GTEX/adjusted_expr1/chr3/ENSG00000164049"
[1] "INFO: gene ENSG00000164050"
[1] "/gpfs/loomis/scratch60/zhao/zy92/GTEX/adjusted_expr1/chr3/ENSG00000164050"
[1] "INFO: gene ENSG00000164051"
[1] "/gpfs/loomis/scratch60/zhao/zy92/GTEX/adjusted_expr1/chr3/ENSG00000164051"
[1] "INFO: gene ENSG00000164053"
[1] "/gpfs/loomis/scratch60/zhao/zy92/GTEX/adjusted_expr1/chr3/ENSG00000164053"
[1] "INFO: gene ENSG00000164054"
[1] "/gpfs/loomis/scratch60/zhao/zy92/GTEX/adjusted_expr1/chr3/ENSG00000164054"
[1] "INFO: gene ENSG00000164080"
[1] "/gpfs/loomis/scratch60/zhao/zy92/GTEX/adjusted_expr1/chr3/ENSG00000164080"
[1] "INFO: gene ENSG00000164081"
[1] "/gpfs/loomis/scratch60/zhao/zy92/GTEX/adjusted_expr1/chr3/ENSG00000164081"
[1] "INFO: gene ENSG00000164082"
[1] "/gpfs/loomis/scratch60/zhao/zy92/GTEX/adjusted_expr1/chr3/ENSG00000164082"
[1] "INFO: 58.41% processed"
[1] "INFO: gene ENSG00000164086"
[1] "/gpfs/loomis/scratch60/zhao/zy92/GTEX/adjusted_expr1/chr3/ENSG00000164086"
[1] "INFO: gene ENSG00000164087"
[1] "/gpfs/loomis/scratch60/zhao/zy92/GTEX/adjusted_expr1/chr3/ENSG00000164087"
[1] "INFO: gene ENSG00000164088"
[1] "/gpfs/loomis/scratch60/zhao/zy92/GTEX/adjusted_expr1/chr3/ENSG00000164088"
[1] "INFO: gene ENSG00000164091"
[1] "/gpfs/loomis/scratch60/zhao/zy92/GTEX/adjusted_expr1/chr3/ENSG00000164091"
[1] "INFO: gene ENSG00000168016"
[1] "/gpfs/loomis/scratch60/zhao/zy92/GTEX/adjusted_expr1/chr3/ENSG00000168016"
[1] "INFO: gene ENSG00000168026"
[1] "/gpfs/loomis/scratch60/zhao/zy92/GTEX/adjusted_expr1/chr3/ENSG00000168026"
[1] "INFO: gene ENSG00000168028"
[1] "/gpfs/loomis/scratch60/zhao/zy92/GTEX/adjusted_expr1/chr3/ENSG00000168028"
[1] "INFO: gene ENSG00000168032"
[1] "/gpfs/loomis/scratch60/zhao/zy92/GTEX/adjusted_expr1/chr3/ENSG00000168032"
[1] "INFO: gene ENSG00000168036"
[1] "/gpfs/loomis/scratch60/zhao/zy92/GTEX/adjusted_expr1/chr3/ENSG00000168036"
[1] "INFO: gene ENSG00000168038"
[1] "/gpfs/loomis/scratch60/zhao/zy92/GTEX/adjusted_expr1/chr3/ENSG00000168038"
[1] "INFO: gene ENSG00000168137"
[1] "/gpfs/loomis/scratch60/zhao/zy92/GTEX/adjusted_expr1/chr3/ENSG00000168137"
[1] "INFO: gene ENSG00000168237"
[1] "/gpfs/loomis/scratch60/zhao/zy92/GTEX/adjusted_expr1/chr3/ENSG00000168237"
[1] "INFO: gene ENSG00000168268"
[1] "/gpfs/loomis/scratch60/zhao/zy92/GTEX/adjusted_expr1/chr3/ENSG00000168268"
[1] "INFO: gene ENSG00000168273"
[1] "/gpfs/loomis/scratch60/zhao/zy92/GTEX/adjusted_expr1/chr3/ENSG00000168273"
[1] "INFO: gene ENSG00000168291"
[1] "/gpfs/loomis/scratch60/zhao/zy92/GTEX/adjusted_expr1/chr3/ENSG00000168291"
[1] "INFO: gene ENSG00000168297"
[1] "/gpfs/loomis/scratch60/zhao/zy92/GTEX/adjusted_expr1/chr3/ENSG00000168297"
[1] "INFO: gene ENSG00000168301"
[1] "/gpfs/loomis/scratch60/zhao/zy92/GTEX/adjusted_expr1/chr3/ENSG00000168301"
[1] "INFO: gene ENSG00000168306"
[1] "/gpfs/loomis/scratch60/zhao/zy92/GTEX/adjusted_expr1/chr3/ENSG00000168306"
[1] "INFO: gene ENSG00000168309"
[1] "/gpfs/loomis/scratch60/zhao/zy92/GTEX/adjusted_expr1/chr3/ENSG00000168309"
[1] "INFO: gene ENSG00000168314"
[1] "/gpfs/loomis/scratch60/zhao/zy92/GTEX/adjusted_expr1/chr3/ENSG00000168314"
[1] "INFO: gene ENSG00000168329"
[1] "/gpfs/loomis/scratch60/zhao/zy92/GTEX/adjusted_expr1/chr3/ENSG00000168329"
[1] "INFO: gene ENSG00000168334"
[1] "/gpfs/loomis/scratch60/zhao/zy92/GTEX/adjusted_expr1/chr3/ENSG00000168334"
[1] "INFO: gene ENSG00000168356"
[1] "/gpfs/loomis/scratch60/zhao/zy92/GTEX/adjusted_expr1/chr3/ENSG00000168356"
[1] "INFO: gene ENSG00000168374"
[1] "/gpfs/loomis/scratch60/zhao/zy92/GTEX/adjusted_expr1/chr3/ENSG00000168374"
[1] "INFO: gene ENSG00000169814"
[1] "/gpfs/loomis/scratch60/zhao/zy92/GTEX/adjusted_expr1/chr3/ENSG00000169814"
[1] "INFO: gene ENSG00000169964"
[1] "/gpfs/loomis/scratch60/zhao/zy92/GTEX/adjusted_expr1/chr3/ENSG00000169964"
[1] "INFO: gene ENSG00000169981"
[1] "/gpfs/loomis/scratch60/zhao/zy92/GTEX/adjusted_expr1/chr3/ENSG00000169981"
[1] "INFO: gene ENSG00000170011"
[1] "/gpfs/loomis/scratch60/zhao/zy92/GTEX/adjusted_expr1/chr3/ENSG00000170011"
[1] "INFO: gene ENSG00000170142"
[1] "/gpfs/loomis/scratch60/zhao/zy92/GTEX/adjusted_expr1/chr3/ENSG00000170142"
[1] "INFO: gene ENSG00000170248"
[1] "/gpfs/loomis/scratch60/zhao/zy92/GTEX/adjusted_expr1/chr3/ENSG00000170248"
[1] "INFO: gene ENSG00000170266"
[1] "/gpfs/loomis/scratch60/zhao/zy92/GTEX/adjusted_expr1/chr3/ENSG00000170266"
[1] "INFO: gene ENSG00000170275"
[1] "/gpfs/loomis/scratch60/zhao/zy92/GTEX/adjusted_expr1/chr3/ENSG00000170275"
[1] "INFO: gene ENSG00000170293"
[1] "/gpfs/loomis/scratch60/zhao/zy92/GTEX/adjusted_expr1/chr3/ENSG00000170293"
[1] "INFO: gene ENSG00000170364"
[1] "/gpfs/loomis/scratch60/zhao/zy92/GTEX/adjusted_expr1/chr3/ENSG00000170364"
[1] "INFO: gene ENSG00000170860"
[1] "/gpfs/loomis/scratch60/zhao/zy92/GTEX/adjusted_expr1/chr3/ENSG00000170860"
[1] "INFO: gene ENSG00000170876"
[1] "/gpfs/loomis/scratch60/zhao/zy92/GTEX/adjusted_expr1/chr3/ENSG00000170876"
[1] "INFO: gene ENSG00000171135"
[1] "/gpfs/loomis/scratch60/zhao/zy92/GTEX/adjusted_expr1/chr3/ENSG00000171135"
[1] "INFO: gene ENSG00000171148"
[1] "/gpfs/loomis/scratch60/zhao/zy92/GTEX/adjusted_expr1/chr3/ENSG00000171148"
[1] "INFO: gene ENSG00000172037"
[1] "/gpfs/loomis/scratch60/zhao/zy92/GTEX/adjusted_expr1/chr3/ENSG00000172037"
[1] "INFO: gene ENSG00000172046"
[1] "/gpfs/loomis/scratch60/zhao/zy92/GTEX/adjusted_expr1/chr3/ENSG00000172046"
[1] "INFO: gene ENSG00000172053"
[1] "/gpfs/loomis/scratch60/zhao/zy92/GTEX/adjusted_expr1/chr3/ENSG00000172053"
[1] "INFO: gene ENSG00000172113"
[1] "/gpfs/loomis/scratch60/zhao/zy92/GTEX/adjusted_expr1/chr3/ENSG00000172113"
[1] "INFO: gene ENSG00000172215"
[1] "/gpfs/loomis/scratch60/zhao/zy92/GTEX/adjusted_expr1/chr3/ENSG00000172215"
[1] "INFO: gene ENSG00000172888"
[1] "/gpfs/loomis/scratch60/zhao/zy92/GTEX/adjusted_expr1/chr3/ENSG00000172888"
[1] "INFO: gene ENSG00000172936"
[1] "/gpfs/loomis/scratch60/zhao/zy92/GTEX/adjusted_expr1/chr3/ENSG00000172936"
[1] "INFO: gene ENSG00000172939"
[1] "/gpfs/loomis/scratch60/zhao/zy92/GTEX/adjusted_expr1/chr3/ENSG00000172939"
[1] "INFO: gene ENSG00000172940"
[1] "/gpfs/loomis/scratch60/zhao/zy92/GTEX/adjusted_expr1/chr3/ENSG00000172940"
[1] "INFO: gene ENSG00000172995"
[1] "/gpfs/loomis/scratch60/zhao/zy92/GTEX/adjusted_expr1/chr3/ENSG00000172995"
[1] "INFO: gene ENSG00000173389"
[1] "/gpfs/loomis/scratch60/zhao/zy92/GTEX/adjusted_expr1/chr3/ENSG00000173389"
[1] "INFO: gene ENSG00000173402"
[1] "/gpfs/loomis/scratch60/zhao/zy92/GTEX/adjusted_expr1/chr3/ENSG00000173402"
ERROR from TryCatch Block: missing value where TRUE/FALSE needed 
[1] "INFO: 70.09% processed"
[1] "INFO: gene ENSG00000173421"
[1] "/gpfs/loomis/scratch60/zhao/zy92/GTEX/adjusted_expr1/chr3/ENSG00000173421"
[1] "INFO: gene ENSG00000173473"
[1] "/gpfs/loomis/scratch60/zhao/zy92/GTEX/adjusted_expr1/chr3/ENSG00000173473"
[1] "INFO: gene ENSG00000173578"
[1] "/gpfs/loomis/scratch60/zhao/zy92/GTEX/adjusted_expr1/chr3/ENSG00000173578"
[1] "INFO: gene ENSG00000173585"
[1] "/gpfs/loomis/scratch60/zhao/zy92/GTEX/adjusted_expr1/chr3/ENSG00000173585"
[1] "INFO: gene ENSG00000173705"
[1] "/gpfs/loomis/scratch60/zhao/zy92/GTEX/adjusted_expr1/chr3/ENSG00000173705"
[1] "INFO: gene ENSG00000173769"
[1] "/gpfs/loomis/scratch60/zhao/zy92/GTEX/adjusted_expr1/chr3/ENSG00000173769"
[1] "INFO: gene ENSG00000174738"
[1] "/gpfs/loomis/scratch60/zhao/zy92/GTEX/adjusted_expr1/chr3/ENSG00000174738"
[1] "INFO: gene ENSG00000174748"
[1] "/gpfs/loomis/scratch60/zhao/zy92/GTEX/adjusted_expr1/chr3/ENSG00000174748"
[1] "INFO: gene ENSG00000174839"
[1] "/gpfs/loomis/scratch60/zhao/zy92/GTEX/adjusted_expr1/chr3/ENSG00000174839"
[1] "INFO: gene ENSG00000174840"
[1] "/gpfs/loomis/scratch60/zhao/zy92/GTEX/adjusted_expr1/chr3/ENSG00000174840"
[1] "INFO: gene ENSG00000174844"
[1] "/gpfs/loomis/scratch60/zhao/zy92/GTEX/adjusted_expr1/chr3/ENSG00000174844"
[1] "INFO: gene ENSG00000175928"
[1] "/gpfs/loomis/scratch60/zhao/zy92/GTEX/adjusted_expr1/chr3/ENSG00000175928"
[1] "INFO: gene ENSG00000177352"
[1] "/gpfs/loomis/scratch60/zhao/zy92/GTEX/adjusted_expr1/chr3/ENSG00000177352"
[1] "INFO: gene ENSG00000177463"
[1] "/gpfs/loomis/scratch60/zhao/zy92/GTEX/adjusted_expr1/chr3/ENSG00000177463"
[1] "INFO: gene ENSG00000177479"
[1] "/gpfs/loomis/scratch60/zhao/zy92/GTEX/adjusted_expr1/chr3/ENSG00000177479"
[1] "INFO: gene ENSG00000177842"
[1] "/gpfs/loomis/scratch60/zhao/zy92/GTEX/adjusted_expr1/chr3/ENSG00000177842"
[1] "INFO: gene ENSG00000177873"
[1] "/gpfs/loomis/scratch60/zhao/zy92/GTEX/adjusted_expr1/chr3/ENSG00000177873"
[1] "INFO: gene ENSG00000178035"
[1] "/gpfs/loomis/scratch60/zhao/zy92/GTEX/adjusted_expr1/chr3/ENSG00000178035"
[1] "INFO: gene ENSG00000178038"
[1] "/gpfs/loomis/scratch60/zhao/zy92/GTEX/adjusted_expr1/chr3/ENSG00000178038"
[1] "INFO: gene ENSG00000178055"
[1] "/gpfs/loomis/scratch60/zhao/zy92/GTEX/adjusted_expr1/chr3/ENSG00000178055"
[1] "INFO: gene ENSG00000178057"
[1] "/gpfs/loomis/scratch60/zhao/zy92/GTEX/adjusted_expr1/chr3/ENSG00000178057"
[1] "INFO: gene ENSG00000178149"
[1] "/gpfs/loomis/scratch60/zhao/zy92/GTEX/adjusted_expr1/chr3/ENSG00000178149"
[1] "INFO: gene ENSG00000178252"
[1] "/gpfs/loomis/scratch60/zhao/zy92/GTEX/adjusted_expr1/chr3/ENSG00000178252"
[1] "INFO: gene ENSG00000178467"
[1] "/gpfs/loomis/scratch60/zhao/zy92/GTEX/adjusted_expr1/chr3/ENSG00000178467"
[1] "INFO: gene ENSG00000178537"
[1] "/gpfs/loomis/scratch60/zhao/zy92/GTEX/adjusted_expr1/chr3/ENSG00000178537"
[1] "INFO: gene ENSG00000178567"
[1] "/gpfs/loomis/scratch60/zhao/zy92/GTEX/adjusted_expr1/chr3/ENSG00000178567"
[1] "INFO: gene ENSG00000178917"
[1] "/gpfs/loomis/scratch60/zhao/zy92/GTEX/adjusted_expr1/chr3/ENSG00000178917"
[1] "INFO: gene ENSG00000179152"
[1] "/gpfs/loomis/scratch60/zhao/zy92/GTEX/adjusted_expr1/chr3/ENSG00000179152"
[1] "INFO: gene ENSG00000179796"
[1] "/gpfs/loomis/scratch60/zhao/zy92/GTEX/adjusted_expr1/chr3/ENSG00000179796"
[1] "INFO: gene ENSG00000179934"
[1] "/gpfs/loomis/scratch60/zhao/zy92/GTEX/adjusted_expr1/chr3/ENSG00000179934"
[1] "INFO: gene ENSG00000180438"
[1] "/gpfs/loomis/scratch60/zhao/zy92/GTEX/adjusted_expr1/chr3/ENSG00000180438"
[1] "INFO: gene ENSG00000180914"
[1] "/gpfs/loomis/scratch60/zhao/zy92/GTEX/adjusted_expr1/chr3/ENSG00000180914"
[1] "INFO: gene ENSG00000182247"
[1] "/gpfs/loomis/scratch60/zhao/zy92/GTEX/adjusted_expr1/chr3/ENSG00000182247"
[1] "INFO: gene ENSG00000182533"
[1] "/gpfs/loomis/scratch60/zhao/zy92/GTEX/adjusted_expr1/chr3/ENSG00000182533"
[1] "INFO: gene ENSG00000182568"
[1] "/gpfs/loomis/scratch60/zhao/zy92/GTEX/adjusted_expr1/chr3/ENSG00000182568"
[1] "INFO: gene ENSG00000182973"
[1] "/gpfs/loomis/scratch60/zhao/zy92/GTEX/adjusted_expr1/chr3/ENSG00000182973"
[1] "INFO: gene ENSG00000183813"
[1] "/gpfs/loomis/scratch60/zhao/zy92/GTEX/adjusted_expr1/chr3/ENSG00000183813"
[1] "INFO: gene ENSG00000183873"
[1] "/gpfs/loomis/scratch60/zhao/zy92/GTEX/adjusted_expr1/chr3/ENSG00000183873"
[1] "INFO: gene ENSG00000183960"
[1] "/gpfs/loomis/scratch60/zhao/zy92/GTEX/adjusted_expr1/chr3/ENSG00000183960"
[1] "INFO: gene ENSG00000183977"
[1] "/gpfs/loomis/scratch60/zhao/zy92/GTEX/adjusted_expr1/chr3/ENSG00000183977"
[1] "INFO: gene ENSG00000185313"
[1] "/gpfs/loomis/scratch60/zhao/zy92/GTEX/adjusted_expr1/chr3/ENSG00000185313"
[1] "INFO: gene ENSG00000187091"
[1] "/gpfs/loomis/scratch60/zhao/zy92/GTEX/adjusted_expr1/chr3/ENSG00000187091"
[1] "INFO: gene ENSG00000187118"
[1] "/gpfs/loomis/scratch60/zhao/zy92/GTEX/adjusted_expr1/chr3/ENSG00000187118"
[1] "INFO: gene ENSG00000187288"
[1] "/gpfs/loomis/scratch60/zhao/zy92/GTEX/adjusted_expr1/chr3/ENSG00000187288"
[1] "INFO: gene ENSG00000188167"
[1] "/gpfs/loomis/scratch60/zhao/zy92/GTEX/adjusted_expr1/chr3/ENSG00000188167"
[1] "INFO: gene ENSG00000189229"
[1] "/gpfs/loomis/scratch60/zhao/zy92/GTEX/adjusted_expr1/chr3/ENSG00000189229"
[1] "INFO: gene ENSG00000196220"
[1] "/gpfs/loomis/scratch60/zhao/zy92/GTEX/adjusted_expr1/chr3/ENSG00000196220"
[1] "INFO: gene ENSG00000196277"
[1] "/gpfs/loomis/scratch60/zhao/zy92/GTEX/adjusted_expr1/chr3/ENSG00000196277"
[1] "INFO: gene ENSG00000196639"
[1] "/gpfs/loomis/scratch60/zhao/zy92/GTEX/adjusted_expr1/chr3/ENSG00000196639"
[1] "INFO: gene ENSG00000197385"
[1] "/gpfs/loomis/scratch60/zhao/zy92/GTEX/adjusted_expr1/chr3/ENSG00000197385"
[1] "INFO: 81.78% processed"
[1] "INFO: gene ENSG00000197548"
[1] "/gpfs/loomis/scratch60/zhao/zy92/GTEX/adjusted_expr1/chr3/ENSG00000197548"
[1] "INFO: gene ENSG00000197885"
[1] "/gpfs/loomis/scratch60/zhao/zy92/GTEX/adjusted_expr1/chr3/ENSG00000197885"
[1] "INFO: gene ENSG00000198590"
[1] "/gpfs/loomis/scratch60/zhao/zy92/GTEX/adjusted_expr1/chr3/ENSG00000198590"
[1] "INFO: gene ENSG00000199075"
[1] "/gpfs/loomis/scratch60/zhao/zy92/GTEX/adjusted_expr1/chr3/ENSG00000199075"
[1] "INFO: gene ENSG00000206557"
[1] "/gpfs/loomis/scratch60/zhao/zy92/GTEX/adjusted_expr1/chr3/ENSG00000206557"
[1] "INFO: gene ENSG00000206559"
[1] "/gpfs/loomis/scratch60/zhao/zy92/GTEX/adjusted_expr1/chr3/ENSG00000206559"
[1] "INFO: gene ENSG00000206560"
[1] "/gpfs/loomis/scratch60/zhao/zy92/GTEX/adjusted_expr1/chr3/ENSG00000206560"
[1] "INFO: gene ENSG00000206561"
[1] "/gpfs/loomis/scratch60/zhao/zy92/GTEX/adjusted_expr1/chr3/ENSG00000206561"
[1] "INFO: gene ENSG00000206562"
[1] "/gpfs/loomis/scratch60/zhao/zy92/GTEX/adjusted_expr1/chr3/ENSG00000206562"
[1] "INFO: gene ENSG00000206567"
[1] "/gpfs/loomis/scratch60/zhao/zy92/GTEX/adjusted_expr1/chr3/ENSG00000206567"
[1] "INFO: gene ENSG00000207625"
[1] "/gpfs/loomis/scratch60/zhao/zy92/GTEX/adjusted_expr1/chr3/ENSG00000207625"
[1] "INFO: gene ENSG00000207815"
[1] "/gpfs/loomis/scratch60/zhao/zy92/GTEX/adjusted_expr1/chr3/ENSG00000207815"
[1] "INFO: gene ENSG00000214021"
[1] "/gpfs/loomis/scratch60/zhao/zy92/GTEX/adjusted_expr1/chr3/ENSG00000214021"
[1] "INFO: gene ENSG00000216135"
[1] "/gpfs/loomis/scratch60/zhao/zy92/GTEX/adjusted_expr1/chr3/ENSG00000216135"
[1] "INFO: gene ENSG00000223351"
[1] "/gpfs/loomis/scratch60/zhao/zy92/GTEX/adjusted_expr1/chr3/ENSG00000223351"
[1] "INFO: gene ENSG00000223587"
[1] "/gpfs/loomis/scratch60/zhao/zy92/GTEX/adjusted_expr1/chr3/ENSG00000223587"
[1] "INFO: gene ENSG00000223727"
[1] "/gpfs/loomis/scratch60/zhao/zy92/GTEX/adjusted_expr1/chr3/ENSG00000223727"
[1] "INFO: gene ENSG00000224074"
[1] "/gpfs/loomis/scratch60/zhao/zy92/GTEX/adjusted_expr1/chr3/ENSG00000224074"
[1] "INFO: gene ENSG00000224239"
[1] "/gpfs/loomis/scratch60/zhao/zy92/GTEX/adjusted_expr1/chr3/ENSG00000224239"
[1] "INFO: gene ENSG00000224884"
[1] "/gpfs/loomis/scratch60/zhao/zy92/GTEX/adjusted_expr1/chr3/ENSG00000224884"
[1] "INFO: gene ENSG00000224918"
[1] "/gpfs/loomis/scratch60/zhao/zy92/GTEX/adjusted_expr1/chr3/ENSG00000224918"
[1] "INFO: gene ENSG00000224957"
[1] "/gpfs/loomis/scratch60/zhao/zy92/GTEX/adjusted_expr1/chr3/ENSG00000224957"
[1] "INFO: gene ENSG00000225044"
[1] "/gpfs/loomis/scratch60/zhao/zy92/GTEX/adjusted_expr1/chr3/ENSG00000225044"
[1] "INFO: gene ENSG00000225386"
[1] "/gpfs/loomis/scratch60/zhao/zy92/GTEX/adjusted_expr1/chr3/ENSG00000225386"
[1] "INFO: gene ENSG00000225526"
[1] "/gpfs/loomis/scratch60/zhao/zy92/GTEX/adjusted_expr1/chr3/ENSG00000225526"
[1] "INFO: gene ENSG00000225548"
[1] "/gpfs/loomis/scratch60/zhao/zy92/GTEX/adjusted_expr1/chr3/ENSG00000225548"
[1] "INFO: gene ENSG00000226022"
[1] "/gpfs/loomis/scratch60/zhao/zy92/GTEX/adjusted_expr1/chr3/ENSG00000226022"
[1] "INFO: gene ENSG00000226238"
[1] "/gpfs/loomis/scratch60/zhao/zy92/GTEX/adjusted_expr1/chr3/ENSG00000226238"
[1] "INFO: gene ENSG00000226258"
[1] "/gpfs/loomis/scratch60/zhao/zy92/GTEX/adjusted_expr1/chr3/ENSG00000226258"
[1] "INFO: gene ENSG00000226320"
[1] "/gpfs/loomis/scratch60/zhao/zy92/GTEX/adjusted_expr1/chr3/ENSG00000226320"
[1] "INFO: gene ENSG00000226567"
[1] "/gpfs/loomis/scratch60/zhao/zy92/GTEX/adjusted_expr1/chr3/ENSG00000226567"
[1] "INFO: gene ENSG00000227260"
[1] "/gpfs/loomis/scratch60/zhao/zy92/GTEX/adjusted_expr1/chr3/ENSG00000227260"
[1] "INFO: gene ENSG00000227498"
[1] "/gpfs/loomis/scratch60/zhao/zy92/GTEX/adjusted_expr1/chr3/ENSG00000227498"
[1] "INFO: gene ENSG00000227549"
[1] "/gpfs/loomis/scratch60/zhao/zy92/GTEX/adjusted_expr1/chr3/ENSG00000227549"
[1] "INFO: gene ENSG00000227588"
[1] "/gpfs/loomis/scratch60/zhao/zy92/GTEX/adjusted_expr1/chr3/ENSG00000227588"
[1] "INFO: gene ENSG00000228351"
[1] "/gpfs/loomis/scratch60/zhao/zy92/GTEX/adjusted_expr1/chr3/ENSG00000228351"
[1] "INFO: gene ENSG00000228791"
[1] "/gpfs/loomis/scratch60/zhao/zy92/GTEX/adjusted_expr1/chr3/ENSG00000228791"
[1] "INFO: gene ENSG00000229243"
[1] "/gpfs/loomis/scratch60/zhao/zy92/GTEX/adjusted_expr1/chr3/ENSG00000229243"
[1] "INFO: gene ENSG00000229271"
[1] "/gpfs/loomis/scratch60/zhao/zy92/GTEX/adjusted_expr1/chr3/ENSG00000229271"
[1] "INFO: gene ENSG00000229642"
[1] "/gpfs/loomis/scratch60/zhao/zy92/GTEX/adjusted_expr1/chr3/ENSG00000229642"
[1] "INFO: gene ENSG00000230599"
[1] "/gpfs/loomis/scratch60/zhao/zy92/GTEX/adjusted_expr1/chr3/ENSG00000230599"
[1] "INFO: gene ENSG00000230891"
[1] "/gpfs/loomis/scratch60/zhao/zy92/GTEX/adjusted_expr1/chr3/ENSG00000230891"
[1] "INFO: gene ENSG00000230944"
[1] "/gpfs/loomis/scratch60/zhao/zy92/GTEX/adjusted_expr1/chr3/ENSG00000230944"
[1] "INFO: gene ENSG00000231304"
[1] "/gpfs/loomis/scratch60/zhao/zy92/GTEX/adjusted_expr1/chr3/ENSG00000231304"
[1] "INFO: gene ENSG00000231401"
[1] "/gpfs/loomis/scratch60/zhao/zy92/GTEX/adjusted_expr1/chr3/ENSG00000231401"
[1] "INFO: gene ENSG00000232746"
[1] "/gpfs/loomis/scratch60/zhao/zy92/GTEX/adjusted_expr1/chr3/ENSG00000232746"
[1] "INFO: gene ENSG00000233570"
[1] "/gpfs/loomis/scratch60/zhao/zy92/GTEX/adjusted_expr1/chr3/ENSG00000233570"
[1] "INFO: gene ENSG00000234165"
[1] "/gpfs/loomis/scratch60/zhao/zy92/GTEX/adjusted_expr1/chr3/ENSG00000234165"
[1] "INFO: gene ENSG00000235158"
[1] "/gpfs/loomis/scratch60/zhao/zy92/GTEX/adjusted_expr1/chr3/ENSG00000235158"
[1] "INFO: gene ENSG00000235493"
[1] "/gpfs/loomis/scratch60/zhao/zy92/GTEX/adjusted_expr1/chr3/ENSG00000235493"
[1] "INFO: 93.46% processed"
[1] "INFO: gene ENSG00000235830"
[1] "/gpfs/loomis/scratch60/zhao/zy92/GTEX/adjusted_expr1/chr3/ENSG00000235830"
[1] "INFO: gene ENSG00000235947"
[1] "/gpfs/loomis/scratch60/zhao/zy92/GTEX/adjusted_expr1/chr3/ENSG00000235947"
[1] "INFO: gene ENSG00000235978"
[1] "/gpfs/loomis/scratch60/zhao/zy92/GTEX/adjusted_expr1/chr3/ENSG00000235978"
[1] "INFO: gene ENSG00000236452"
[1] "/gpfs/loomis/scratch60/zhao/zy92/GTEX/adjusted_expr1/chr3/ENSG00000236452"
[1] "INFO: gene ENSG00000237838"
[1] "/gpfs/loomis/scratch60/zhao/zy92/GTEX/adjusted_expr1/chr3/ENSG00000237838"
[1] "INFO: gene ENSG00000241553"
[1] "/gpfs/loomis/scratch60/zhao/zy92/GTEX/adjusted_expr1/chr3/ENSG00000241553"
[1] "INFO: gene ENSG00000251576"
[1] "/gpfs/loomis/scratch60/zhao/zy92/GTEX/adjusted_expr1/chr3/ENSG00000251576"
[1] "INFO: gene ENSG00000254999"
[1] "/gpfs/loomis/scratch60/zhao/zy92/GTEX/adjusted_expr1/chr3/ENSG00000254999"
[1] "INFO: gene ENSG00000255021"
[1] "/gpfs/loomis/scratch60/zhao/zy92/GTEX/adjusted_expr1/chr3/ENSG00000255021"
[1] "INFO: gene ENSG00000260902"
[1] "/gpfs/loomis/scratch60/zhao/zy92/GTEX/adjusted_expr1/chr3/ENSG00000260902"
[1] "INFO: gene ENSG00000261734"
[1] "/gpfs/loomis/scratch60/zhao/zy92/GTEX/adjusted_expr1/chr3/ENSG00000261734"
[1] "INFO: gene ENSG00000263573"
[1] "/gpfs/loomis/scratch60/zhao/zy92/GTEX/adjusted_expr1/chr3/ENSG00000263573"
[1] "INFO: gene ENSG00000264354"
[1] "/gpfs/loomis/scratch60/zhao/zy92/GTEX/adjusted_expr1/chr3/ENSG00000264354"
[1] "INFO: gene ENSG00000264534"
[1] "/gpfs/loomis/scratch60/zhao/zy92/GTEX/adjusted_expr1/chr3/ENSG00000264534"
[1] "INFO: gene ENSG00000265028"
[1] "/gpfs/loomis/scratch60/zhao/zy92/GTEX/adjusted_expr1/chr3/ENSG00000265028"
[1] "INFO: gene ENSG00000265180"
[1] "/gpfs/loomis/scratch60/zhao/zy92/GTEX/adjusted_expr1/chr3/ENSG00000265180"
[1] "INFO: gene ENSG00000265376"
[1] "/gpfs/loomis/scratch60/zhao/zy92/GTEX/adjusted_expr1/chr3/ENSG00000265376"
[1] "INFO: gene ENSG00000266745"
[1] "/gpfs/loomis/scratch60/zhao/zy92/GTEX/adjusted_expr1/chr3/ENSG00000266745"
[1] "INFO: gene ENSG00000268509"
[1] "/gpfs/loomis/scratch60/zhao/zy92/GTEX/adjusted_expr1/chr3/ENSG00000268509"
[1] "INFO: gene ENSG00000269391"
[1] "/gpfs/loomis/scratch60/zhao/zy92/GTEX/adjusted_expr1/chr3/ENSG00000269391"
[1] "INFO: gene ENSG00000271020"
[1] "/gpfs/loomis/scratch60/zhao/zy92/GTEX/adjusted_expr1/chr3/ENSG00000271020"
[1] "INFO: gene ENSG00000271324"
[1] "/gpfs/loomis/scratch60/zhao/zy92/GTEX/adjusted_expr1/chr3/ENSG00000271324"
[1] "INFO: gene ENSG00000271643"
[1] "/gpfs/loomis/scratch60/zhao/zy92/GTEX/adjusted_expr1/chr3/ENSG00000271643"
[1] "INFO: gene ENSG00000271653"
[1] "/gpfs/loomis/scratch60/zhao/zy92/GTEX/adjusted_expr1/chr3/ENSG00000271653"
[1] "INFO: gene ENSG00000271898"
[1] "/gpfs/loomis/scratch60/zhao/zy92/GTEX/adjusted_expr1/chr3/ENSG00000271898"
[1] "INFO: gene ENSG00000271943"
[1] "/gpfs/loomis/scratch60/zhao/zy92/GTEX/adjusted_expr1/chr3/ENSG00000271943"
[1] "INFO: gene ENSG00000272282"
[1] "/gpfs/loomis/scratch60/zhao/zy92/GTEX/adjusted_expr1/chr3/ENSG00000272282"
[1] "INFO: gene ENSG00000272334"
[1] "/gpfs/loomis/scratch60/zhao/zy92/GTEX/adjusted_expr1/chr3/ENSG00000272334"
[1] "INFO: gene ENSG00000272554"
[1] "/gpfs/loomis/scratch60/zhao/zy92/GTEX/adjusted_expr1/chr3/ENSG00000272554"
Time difference of 17.60561 mins
