
The following have been reloaded with a version change:
  1) GDAL/2.2.3-foss-2016b => GDAL/2.1.1-foss-2016b
  2) HDF5/1.10.1-foss-2016b-serial => HDF5/1.8.18-foss-2016b
  3) HarfBuzz/1.4.3-foss-2016b => HarfBuzz/1.3.1-foss-2016b
  4) R/3.5.0-foss-2016b-avx2 => R/3.4.1-foss-2016b
  5) Szip/2.1.1-foss-2016b => Szip/2.1-foss-2016b
  6) Tcl/8.6.7-foss-2016b => Tcl/8.6.5-foss-2016b
  7) Tk/8.6.7-foss-2016b => Tk/8.6.5-foss-2016b
  8) bzip2/1.0.6-GCCcore-5.4.0 => bzip2/1.0.6-foss-2016b
  9) freetype/2.7.1-GCCcore-5.4.0 => freetype/2.6.5-foss-2016b
 10) libpng/1.6.28-GCCcore-5.4.0 => libpng/1.6.24-foss-2016b
 11) netCDF/4.5.0-foss-2016b => netCDF/4.4.1-foss-2016b

[1] "INFO: gene ENSG00000016082"
[1] "/gpfs/loomis/scratch60/zhao/zy92/GTEX/adjusted_expr1/chr5/ENSG00000016082"
[1] "INFO: gene ENSG00000028310"
[1] "/gpfs/loomis/scratch60/zhao/zy92/GTEX/adjusted_expr1/chr5/ENSG00000028310"
[1] "INFO: gene ENSG00000037474"
[1] "/gpfs/loomis/scratch60/zhao/zy92/GTEX/adjusted_expr1/chr5/ENSG00000037474"
[1] "INFO: gene ENSG00000038382"
[1] "/gpfs/loomis/scratch60/zhao/zy92/GTEX/adjusted_expr1/chr5/ENSG00000038382"
[1] "INFO: gene ENSG00000039139"
[1] "/gpfs/loomis/scratch60/zhao/zy92/GTEX/adjusted_expr1/chr5/ENSG00000039139"
[1] "INFO: gene ENSG00000039537"
[1] "/gpfs/loomis/scratch60/zhao/zy92/GTEX/adjusted_expr1/chr5/ENSG00000039537"
[1] "INFO: gene ENSG00000039560"
[1] "/gpfs/loomis/scratch60/zhao/zy92/GTEX/adjusted_expr1/chr5/ENSG00000039560"
[1] "INFO: gene ENSG00000040731"
[1] "/gpfs/loomis/scratch60/zhao/zy92/GTEX/adjusted_expr1/chr5/ENSG00000040731"
[1] "INFO: gene ENSG00000049656"
[1] "/gpfs/loomis/scratch60/zhao/zy92/GTEX/adjusted_expr1/chr5/ENSG00000049656"
[1] "INFO: gene ENSG00000049860"
[1] "/gpfs/loomis/scratch60/zhao/zy92/GTEX/adjusted_expr1/chr5/ENSG00000049860"
[1] "INFO: gene ENSG00000049883"
[1] "/gpfs/loomis/scratch60/zhao/zy92/GTEX/adjusted_expr1/chr5/ENSG00000049883"
[1] "INFO: gene ENSG00000056097"
[1] "/gpfs/loomis/scratch60/zhao/zy92/GTEX/adjusted_expr1/chr5/ENSG00000056097"
[1] "INFO: gene ENSG00000063438"
[1] "/gpfs/loomis/scratch60/zhao/zy92/GTEX/adjusted_expr1/chr5/ENSG00000063438"
[1] "INFO: gene ENSG00000066230"
[1] "/gpfs/loomis/scratch60/zhao/zy92/GTEX/adjusted_expr1/chr5/ENSG00000066230"
[1] "INFO: gene ENSG00000070193"
[1] "/gpfs/loomis/scratch60/zhao/zy92/GTEX/adjusted_expr1/chr5/ENSG00000070193"
[1] "INFO: gene ENSG00000071539"
[1] "/gpfs/loomis/scratch60/zhao/zy92/GTEX/adjusted_expr1/chr5/ENSG00000071539"
[1] "INFO: gene ENSG00000073578"
[1] "/gpfs/loomis/scratch60/zhao/zy92/GTEX/adjusted_expr1/chr5/ENSG00000073578"
[1] "INFO: gene ENSG00000078295"
[1] "/gpfs/loomis/scratch60/zhao/zy92/GTEX/adjusted_expr1/chr5/ENSG00000078295"
[1] "INFO: gene ENSG00000079215"
[1] "/gpfs/loomis/scratch60/zhao/zy92/GTEX/adjusted_expr1/chr5/ENSG00000079215"
[1] "INFO: gene ENSG00000082068"
[1] "/gpfs/loomis/scratch60/zhao/zy92/GTEX/adjusted_expr1/chr5/ENSG00000082068"
[1] "INFO: gene ENSG00000082074"
[1] "/gpfs/loomis/scratch60/zhao/zy92/GTEX/adjusted_expr1/chr5/ENSG00000082074"
[1] "INFO: gene ENSG00000082196"
[1] "/gpfs/loomis/scratch60/zhao/zy92/GTEX/adjusted_expr1/chr5/ENSG00000082196"
[1] "INFO: gene ENSG00000082213"
[1] "/gpfs/loomis/scratch60/zhao/zy92/GTEX/adjusted_expr1/chr5/ENSG00000082213"
[1] "INFO: gene ENSG00000083312"
[1] "/gpfs/loomis/scratch60/zhao/zy92/GTEX/adjusted_expr1/chr5/ENSG00000083312"
[1] "INFO: gene ENSG00000083720"
[1] "/gpfs/loomis/scratch60/zhao/zy92/GTEX/adjusted_expr1/chr5/ENSG00000083720"
[1] "INFO: gene ENSG00000085231"
[1] "/gpfs/loomis/scratch60/zhao/zy92/GTEX/adjusted_expr1/chr5/ENSG00000085231"
[1] "INFO: gene ENSG00000112877"
[1] "/gpfs/loomis/scratch60/zhao/zy92/GTEX/adjusted_expr1/chr5/ENSG00000112877"
[1] "INFO: gene ENSG00000112902"
[1] "/gpfs/loomis/scratch60/zhao/zy92/GTEX/adjusted_expr1/chr5/ENSG00000112902"
[1] "INFO: gene ENSG00000112936"
[1] "/gpfs/loomis/scratch60/zhao/zy92/GTEX/adjusted_expr1/chr5/ENSG00000112936"
[1] "INFO: gene ENSG00000112941"
[1] "/gpfs/loomis/scratch60/zhao/zy92/GTEX/adjusted_expr1/chr5/ENSG00000112941"
[1] "INFO: gene ENSG00000112964"
[1] "/gpfs/loomis/scratch60/zhao/zy92/GTEX/adjusted_expr1/chr5/ENSG00000112964"
[1] "INFO: gene ENSG00000112972"
[1] "/gpfs/loomis/scratch60/zhao/zy92/GTEX/adjusted_expr1/chr5/ENSG00000112972"
[1] "INFO: gene ENSG00000112977"
[1] "/gpfs/loomis/scratch60/zhao/zy92/GTEX/adjusted_expr1/chr5/ENSG00000112977"
[1] "INFO: gene ENSG00000112992"
[1] "/gpfs/loomis/scratch60/zhao/zy92/GTEX/adjusted_expr1/chr5/ENSG00000112992"
[1] "INFO: gene ENSG00000112996"
[1] "/gpfs/loomis/scratch60/zhao/zy92/GTEX/adjusted_expr1/chr5/ENSG00000112996"
[1] "INFO: gene ENSG00000113048"
[1] "/gpfs/loomis/scratch60/zhao/zy92/GTEX/adjusted_expr1/chr5/ENSG00000113048"
[1] "INFO: gene ENSG00000113100"
[1] "/gpfs/loomis/scratch60/zhao/zy92/GTEX/adjusted_expr1/chr5/ENSG00000113100"
[1] "INFO: gene ENSG00000113360"
[1] "/gpfs/loomis/scratch60/zhao/zy92/GTEX/adjusted_expr1/chr5/ENSG00000113360"
[1] "INFO: gene ENSG00000113361"
[1] "/gpfs/loomis/scratch60/zhao/zy92/GTEX/adjusted_expr1/chr5/ENSG00000113361"
[1] "INFO: gene ENSG00000113384"
[1] "/gpfs/loomis/scratch60/zhao/zy92/GTEX/adjusted_expr1/chr5/ENSG00000113384"
[1] "INFO: gene ENSG00000113387"
[1] "/gpfs/loomis/scratch60/zhao/zy92/GTEX/adjusted_expr1/chr5/ENSG00000113387"
[1] "INFO: gene ENSG00000113389"
[1] "/gpfs/loomis/scratch60/zhao/zy92/GTEX/adjusted_expr1/chr5/ENSG00000113389"
[1] "INFO: gene ENSG00000113407"
[1] "/gpfs/loomis/scratch60/zhao/zy92/GTEX/adjusted_expr1/chr5/ENSG00000113407"
[1] "INFO: gene ENSG00000113430"
[1] "/gpfs/loomis/scratch60/zhao/zy92/GTEX/adjusted_expr1/chr5/ENSG00000113430"
[1] "INFO: gene ENSG00000113456"
[1] "/gpfs/loomis/scratch60/zhao/zy92/GTEX/adjusted_expr1/chr5/ENSG00000113456"
[1] "INFO: gene ENSG00000113460"
[1] "/gpfs/loomis/scratch60/zhao/zy92/GTEX/adjusted_expr1/chr5/ENSG00000113460"
[1] "INFO: gene ENSG00000113492"
[1] "/gpfs/loomis/scratch60/zhao/zy92/GTEX/adjusted_expr1/chr5/ENSG00000113492"
[1] "INFO: gene ENSG00000113494"
[1] "/gpfs/loomis/scratch60/zhao/zy92/GTEX/adjusted_expr1/chr5/ENSG00000113494"
[1] "INFO: gene ENSG00000113504"
[1] "/gpfs/loomis/scratch60/zhao/zy92/GTEX/adjusted_expr1/chr5/ENSG00000113504"
[1] "INFO: 11.85% processed"
[1] "INFO: gene ENSG00000113569"
[1] "/gpfs/loomis/scratch60/zhao/zy92/GTEX/adjusted_expr1/chr5/ENSG00000113569"
[1] "INFO: gene ENSG00000113594"
[1] "/gpfs/loomis/scratch60/zhao/zy92/GTEX/adjusted_expr1/chr5/ENSG00000113594"
[1] "INFO: gene ENSG00000113600"
[1] "/gpfs/loomis/scratch60/zhao/zy92/GTEX/adjusted_expr1/chr5/ENSG00000113600"
[1] "INFO: gene ENSG00000113638"
[1] "/gpfs/loomis/scratch60/zhao/zy92/GTEX/adjusted_expr1/chr5/ENSG00000113638"
[1] "INFO: gene ENSG00000124275"
[1] "/gpfs/loomis/scratch60/zhao/zy92/GTEX/adjusted_expr1/chr5/ENSG00000124275"
[1] "INFO: gene ENSG00000124279"
[1] "/gpfs/loomis/scratch60/zhao/zy92/GTEX/adjusted_expr1/chr5/ENSG00000124279"
[1] "INFO: gene ENSG00000131711"
[1] "/gpfs/loomis/scratch60/zhao/zy92/GTEX/adjusted_expr1/chr5/ENSG00000131711"
[1] "INFO: gene ENSG00000131844"
[1] "/gpfs/loomis/scratch60/zhao/zy92/GTEX/adjusted_expr1/chr5/ENSG00000131844"
[1] "INFO: gene ENSG00000132356"
[1] "/gpfs/loomis/scratch60/zhao/zy92/GTEX/adjusted_expr1/chr5/ENSG00000132356"
[1] "INFO: gene ENSG00000132357"
[1] "/gpfs/loomis/scratch60/zhao/zy92/GTEX/adjusted_expr1/chr5/ENSG00000132357"
[1] "INFO: gene ENSG00000133398"
[1] "/gpfs/loomis/scratch60/zhao/zy92/GTEX/adjusted_expr1/chr5/ENSG00000133398"
[1] "INFO: gene ENSG00000133401"
[1] "/gpfs/loomis/scratch60/zhao/zy92/GTEX/adjusted_expr1/chr5/ENSG00000133401"
[1] "INFO: gene ENSG00000134056"
[1] "/gpfs/loomis/scratch60/zhao/zy92/GTEX/adjusted_expr1/chr5/ENSG00000134056"
[1] "INFO: gene ENSG00000134057"
[1] "/gpfs/loomis/scratch60/zhao/zy92/GTEX/adjusted_expr1/chr5/ENSG00000134057"
[1] "INFO: gene ENSG00000134058"
[1] "/gpfs/loomis/scratch60/zhao/zy92/GTEX/adjusted_expr1/chr5/ENSG00000134058"
[1] "INFO: gene ENSG00000142319"
[1] "/gpfs/loomis/scratch60/zhao/zy92/GTEX/adjusted_expr1/chr5/ENSG00000142319"
[1] "INFO: gene ENSG00000145491"
[1] "/gpfs/loomis/scratch60/zhao/zy92/GTEX/adjusted_expr1/chr5/ENSG00000145491"
[1] "INFO: gene ENSG00000145494"
[1] "/gpfs/loomis/scratch60/zhao/zy92/GTEX/adjusted_expr1/chr5/ENSG00000145494"
[1] "INFO: gene ENSG00000145495"
[1] "/gpfs/loomis/scratch60/zhao/zy92/GTEX/adjusted_expr1/chr5/ENSG00000145495"
[1] "INFO: gene ENSG00000145506"
[1] "/gpfs/loomis/scratch60/zhao/zy92/GTEX/adjusted_expr1/chr5/ENSG00000145506"
[1] "INFO: gene ENSG00000145526"
[1] "/gpfs/loomis/scratch60/zhao/zy92/GTEX/adjusted_expr1/chr5/ENSG00000145526"
[1] "INFO: gene ENSG00000145536"
[1] "/gpfs/loomis/scratch60/zhao/zy92/GTEX/adjusted_expr1/chr5/ENSG00000145536"
[1] "INFO: gene ENSG00000145545"
[1] "/gpfs/loomis/scratch60/zhao/zy92/GTEX/adjusted_expr1/chr5/ENSG00000145545"
[1] "INFO: gene ENSG00000145555"
[1] "/gpfs/loomis/scratch60/zhao/zy92/GTEX/adjusted_expr1/chr5/ENSG00000145555"
[1] "INFO: gene ENSG00000145569"
[1] "/gpfs/loomis/scratch60/zhao/zy92/GTEX/adjusted_expr1/chr5/ENSG00000145569"
[1] "INFO: gene ENSG00000145592"
[1] "/gpfs/loomis/scratch60/zhao/zy92/GTEX/adjusted_expr1/chr5/ENSG00000145592"
[1] "INFO: gene ENSG00000145604"
[1] "/gpfs/loomis/scratch60/zhao/zy92/GTEX/adjusted_expr1/chr5/ENSG00000145604"
[1] "INFO: gene ENSG00000145623"
[1] "/gpfs/loomis/scratch60/zhao/zy92/GTEX/adjusted_expr1/chr5/ENSG00000145623"
[1] "INFO: gene ENSG00000145626"
[1] "/gpfs/loomis/scratch60/zhao/zy92/GTEX/adjusted_expr1/chr5/ENSG00000145626"
[1] "INFO: gene ENSG00000145734"
[1] "/gpfs/loomis/scratch60/zhao/zy92/GTEX/adjusted_expr1/chr5/ENSG00000145734"
[1] "INFO: gene ENSG00000145736"
[1] "/gpfs/loomis/scratch60/zhao/zy92/GTEX/adjusted_expr1/chr5/ENSG00000145736"
[1] "INFO: gene ENSG00000145740"
[1] "/gpfs/loomis/scratch60/zhao/zy92/GTEX/adjusted_expr1/chr5/ENSG00000145740"
[1] "INFO: gene ENSG00000145741"
[1] "/gpfs/loomis/scratch60/zhao/zy92/GTEX/adjusted_expr1/chr5/ENSG00000145741"
[1] "INFO: gene ENSG00000150712"
[1] "/gpfs/loomis/scratch60/zhao/zy92/GTEX/adjusted_expr1/chr5/ENSG00000150712"
[1] "INFO: gene ENSG00000150753"
[1] "/gpfs/loomis/scratch60/zhao/zy92/GTEX/adjusted_expr1/chr5/ENSG00000150753"
[1] "INFO: gene ENSG00000150756"
[1] "/gpfs/loomis/scratch60/zhao/zy92/GTEX/adjusted_expr1/chr5/ENSG00000150756"
[1] "INFO: gene ENSG00000151388"
[1] "/gpfs/loomis/scratch60/zhao/zy92/GTEX/adjusted_expr1/chr5/ENSG00000151388"
[1] "INFO: gene ENSG00000151876"
[1] "/gpfs/loomis/scratch60/zhao/zy92/GTEX/adjusted_expr1/chr5/ENSG00000151876"
[1] "INFO: gene ENSG00000151881"
[1] "/gpfs/loomis/scratch60/zhao/zy92/GTEX/adjusted_expr1/chr5/ENSG00000151881"
[1] "INFO: gene ENSG00000151882"
[1] "/gpfs/loomis/scratch60/zhao/zy92/GTEX/adjusted_expr1/chr5/ENSG00000151882"
[1] "INFO: gene ENSG00000151883"
[1] "/gpfs/loomis/scratch60/zhao/zy92/GTEX/adjusted_expr1/chr5/ENSG00000151883"
[1] "INFO: gene ENSG00000152582"
[1] "/gpfs/loomis/scratch60/zhao/zy92/GTEX/adjusted_expr1/chr5/ENSG00000152582"
[1] "INFO: gene ENSG00000152611"
[1] "/gpfs/loomis/scratch60/zhao/zy92/GTEX/adjusted_expr1/chr5/ENSG00000152611"
[1] "INFO: gene ENSG00000152620"
[1] "/gpfs/loomis/scratch60/zhao/zy92/GTEX/adjusted_expr1/chr5/ENSG00000152620"
[1] "INFO: gene ENSG00000152684"
[1] "/gpfs/loomis/scratch60/zhao/zy92/GTEX/adjusted_expr1/chr5/ENSG00000152684"
[1] "INFO: gene ENSG00000152931"
[1] "/gpfs/loomis/scratch60/zhao/zy92/GTEX/adjusted_expr1/chr5/ENSG00000152931"
[1] "INFO: gene ENSG00000152939"
[1] "/gpfs/loomis/scratch60/zhao/zy92/GTEX/adjusted_expr1/chr5/ENSG00000152939"
[1] "INFO: gene ENSG00000152942"
[1] "/gpfs/loomis/scratch60/zhao/zy92/GTEX/adjusted_expr1/chr5/ENSG00000152942"
[1] "INFO: gene ENSG00000153044"
[1] "/gpfs/loomis/scratch60/zhao/zy92/GTEX/adjusted_expr1/chr5/ENSG00000153044"
[1] "INFO: gene ENSG00000153071"
[1] "/gpfs/loomis/scratch60/zhao/zy92/GTEX/adjusted_expr1/chr5/ENSG00000153071"
[1] "INFO: 23.7% processed"
[1] "INFO: gene ENSG00000153395"
[1] "/gpfs/loomis/scratch60/zhao/zy92/GTEX/adjusted_expr1/chr5/ENSG00000153395"
[1] "INFO: gene ENSG00000153404"
[1] "/gpfs/loomis/scratch60/zhao/zy92/GTEX/adjusted_expr1/chr5/ENSG00000153404"
[1] "INFO: gene ENSG00000154122"
[1] "/gpfs/loomis/scratch60/zhao/zy92/GTEX/adjusted_expr1/chr5/ENSG00000154122"
[1] "INFO: gene ENSG00000154124"
[1] "/gpfs/loomis/scratch60/zhao/zy92/GTEX/adjusted_expr1/chr5/ENSG00000154124"
[1] "INFO: gene ENSG00000154153"
[1] "/gpfs/loomis/scratch60/zhao/zy92/GTEX/adjusted_expr1/chr5/ENSG00000154153"
[1] "INFO: gene ENSG00000154162"
[1] "/gpfs/loomis/scratch60/zhao/zy92/GTEX/adjusted_expr1/chr5/ENSG00000154162"
[1] "INFO: gene ENSG00000157107"
[1] "/gpfs/loomis/scratch60/zhao/zy92/GTEX/adjusted_expr1/chr5/ENSG00000157107"
[1] "INFO: gene ENSG00000157111"
[1] "/gpfs/loomis/scratch60/zhao/zy92/GTEX/adjusted_expr1/chr5/ENSG00000157111"
[1] "INFO: gene ENSG00000164151"
[1] "/gpfs/loomis/scratch60/zhao/zy92/GTEX/adjusted_expr1/chr5/ENSG00000164151"
[1] "INFO: gene ENSG00000164171"
[1] "/gpfs/loomis/scratch60/zhao/zy92/GTEX/adjusted_expr1/chr5/ENSG00000164171"
[1] "INFO: gene ENSG00000164175"
[1] "/gpfs/loomis/scratch60/zhao/zy92/GTEX/adjusted_expr1/chr5/ENSG00000164175"
[1] "INFO: gene ENSG00000164187"
[1] "/gpfs/loomis/scratch60/zhao/zy92/GTEX/adjusted_expr1/chr5/ENSG00000164187"
[1] "INFO: gene ENSG00000164188"
[1] "/gpfs/loomis/scratch60/zhao/zy92/GTEX/adjusted_expr1/chr5/ENSG00000164188"
[1] "INFO: gene ENSG00000164190"
[1] "/gpfs/loomis/scratch60/zhao/zy92/GTEX/adjusted_expr1/chr5/ENSG00000164190"
[1] "INFO: gene ENSG00000164236"
[1] "/gpfs/loomis/scratch60/zhao/zy92/GTEX/adjusted_expr1/chr5/ENSG00000164236"
[1] "INFO: gene ENSG00000164237"
[1] "/gpfs/loomis/scratch60/zhao/zy92/GTEX/adjusted_expr1/chr5/ENSG00000164237"
[1] "INFO: gene ENSG00000164256"
[1] "/gpfs/loomis/scratch60/zhao/zy92/GTEX/adjusted_expr1/chr5/ENSG00000164256"
[1] "INFO: gene ENSG00000164318"
[1] "/gpfs/loomis/scratch60/zhao/zy92/GTEX/adjusted_expr1/chr5/ENSG00000164318"
[1] "INFO: gene ENSG00000164325"
[1] "/gpfs/loomis/scratch60/zhao/zy92/GTEX/adjusted_expr1/chr5/ENSG00000164325"
[1] "INFO: gene ENSG00000164326"
[1] "/gpfs/loomis/scratch60/zhao/zy92/GTEX/adjusted_expr1/chr5/ENSG00000164326"
[1] "INFO: gene ENSG00000164327"
[1] "/gpfs/loomis/scratch60/zhao/zy92/GTEX/adjusted_expr1/chr5/ENSG00000164327"
[1] "INFO: gene ENSG00000164331"
[1] "/gpfs/loomis/scratch60/zhao/zy92/GTEX/adjusted_expr1/chr5/ENSG00000164331"
[1] "INFO: gene ENSG00000164338"
[1] "/gpfs/loomis/scratch60/zhao/zy92/GTEX/adjusted_expr1/chr5/ENSG00000164338"
[1] "INFO: gene ENSG00000164346"
[1] "/gpfs/loomis/scratch60/zhao/zy92/GTEX/adjusted_expr1/chr5/ENSG00000164346"
[1] "INFO: gene ENSG00000164347"
[1] "/gpfs/loomis/scratch60/zhao/zy92/GTEX/adjusted_expr1/chr5/ENSG00000164347"
[1] "INFO: gene ENSG00000164362"
[1] "/gpfs/loomis/scratch60/zhao/zy92/GTEX/adjusted_expr1/chr5/ENSG00000164362"
[1] "INFO: gene ENSG00000164363"
[1] "/gpfs/loomis/scratch60/zhao/zy92/GTEX/adjusted_expr1/chr5/ENSG00000164363"
[1] "INFO: gene ENSG00000164366"
[1] "/gpfs/loomis/scratch60/zhao/zy92/GTEX/adjusted_expr1/chr5/ENSG00000164366"
[1] "INFO: gene ENSG00000164588"
[1] "/gpfs/loomis/scratch60/zhao/zy92/GTEX/adjusted_expr1/chr5/ENSG00000164588"
[1] "INFO: gene ENSG00000168621"
[1] "/gpfs/loomis/scratch60/zhao/zy92/GTEX/adjusted_expr1/chr5/ENSG00000168621"
[1] "INFO: gene ENSG00000168671"
[1] "/gpfs/loomis/scratch60/zhao/zy92/GTEX/adjusted_expr1/chr5/ENSG00000168671"
[1] "INFO: gene ENSG00000168685"
[1] "/gpfs/loomis/scratch60/zhao/zy92/GTEX/adjusted_expr1/chr5/ENSG00000168685"
[1] "INFO: gene ENSG00000168724"
[1] "/gpfs/loomis/scratch60/zhao/zy92/GTEX/adjusted_expr1/chr5/ENSG00000168724"
[1] "INFO: gene ENSG00000169777"
[1] "/gpfs/loomis/scratch60/zhao/zy92/GTEX/adjusted_expr1/chr5/ENSG00000169777"
[1] "INFO: gene ENSG00000169862"
[1] "/gpfs/loomis/scratch60/zhao/zy92/GTEX/adjusted_expr1/chr5/ENSG00000169862"
[1] "INFO: gene ENSG00000170549"
[1] "/gpfs/loomis/scratch60/zhao/zy92/GTEX/adjusted_expr1/chr5/ENSG00000170549"
[1] "INFO: gene ENSG00000170561"
[1] "/gpfs/loomis/scratch60/zhao/zy92/GTEX/adjusted_expr1/chr5/ENSG00000170561"
[1] "INFO: gene ENSG00000170571"
[1] "/gpfs/loomis/scratch60/zhao/zy92/GTEX/adjusted_expr1/chr5/ENSG00000170571"
[1] "INFO: gene ENSG00000171368"
[1] "/gpfs/loomis/scratch60/zhao/zy92/GTEX/adjusted_expr1/chr5/ENSG00000171368"
[1] "INFO: gene ENSG00000171421"
[1] "/gpfs/loomis/scratch60/zhao/zy92/GTEX/adjusted_expr1/chr5/ENSG00000171421"
[1] "INFO: gene ENSG00000171495"
[1] "/gpfs/loomis/scratch60/zhao/zy92/GTEX/adjusted_expr1/chr5/ENSG00000171495"
[1] "INFO: gene ENSG00000171522"
[1] "/gpfs/loomis/scratch60/zhao/zy92/GTEX/adjusted_expr1/chr5/ENSG00000171522"
[1] "INFO: gene ENSG00000171617"
[1] "/gpfs/loomis/scratch60/zhao/zy92/GTEX/adjusted_expr1/chr5/ENSG00000171617"
[1] "INFO: gene ENSG00000172058"
[1] "/gpfs/loomis/scratch60/zhao/zy92/GTEX/adjusted_expr1/chr5/ENSG00000172058"
[1] "INFO: gene ENSG00000172062"
[1] "/gpfs/loomis/scratch60/zhao/zy92/GTEX/adjusted_expr1/chr5/ENSG00000172062"
[1] "INFO: gene ENSG00000172239"
[1] "/gpfs/loomis/scratch60/zhao/zy92/GTEX/adjusted_expr1/chr5/ENSG00000172239"
[1] "INFO: gene ENSG00000172244"
[1] "/gpfs/loomis/scratch60/zhao/zy92/GTEX/adjusted_expr1/chr5/ENSG00000172244"
[1] "INFO: gene ENSG00000172262"
[1] "/gpfs/loomis/scratch60/zhao/zy92/GTEX/adjusted_expr1/chr5/ENSG00000172262"
[1] "INFO: gene ENSG00000173545"
[1] "/gpfs/loomis/scratch60/zhao/zy92/GTEX/adjusted_expr1/chr5/ENSG00000173545"
[1] "INFO: gene ENSG00000174358"
[1] "/gpfs/loomis/scratch60/zhao/zy92/GTEX/adjusted_expr1/chr5/ENSG00000174358"
[1] "INFO: 35.55% processed"
[1] "INFO: gene ENSG00000176788"
[1] "/gpfs/loomis/scratch60/zhao/zy92/GTEX/adjusted_expr1/chr5/ENSG00000176788"
[1] "INFO: gene ENSG00000177453"
[1] "/gpfs/loomis/scratch60/zhao/zy92/GTEX/adjusted_expr1/chr5/ENSG00000177453"
[1] "INFO: gene ENSG00000177721"
[1] "/gpfs/loomis/scratch60/zhao/zy92/GTEX/adjusted_expr1/chr5/ENSG00000177721"
[1] "INFO: gene ENSG00000178175"
[1] "/gpfs/loomis/scratch60/zhao/zy92/GTEX/adjusted_expr1/chr5/ENSG00000178175"
[1] "INFO: gene ENSG00000180104"
[1] "/gpfs/loomis/scratch60/zhao/zy92/GTEX/adjusted_expr1/chr5/ENSG00000180104"
[1] "INFO: gene ENSG00000182631"
[1] "/gpfs/loomis/scratch60/zhao/zy92/GTEX/adjusted_expr1/chr5/ENSG00000182631"
[1] "INFO: gene ENSG00000182836"
[1] "/gpfs/loomis/scratch60/zhao/zy92/GTEX/adjusted_expr1/chr5/ENSG00000182836"
[1] "INFO: gene ENSG00000183323"
[1] "/gpfs/loomis/scratch60/zhao/zy92/GTEX/adjusted_expr1/chr5/ENSG00000183323"
[1] "INFO: gene ENSG00000183474"
[1] "/gpfs/loomis/scratch60/zhao/zy92/GTEX/adjusted_expr1/chr5/ENSG00000183474"
[1] "INFO: gene ENSG00000183580"
[1] "/gpfs/loomis/scratch60/zhao/zy92/GTEX/adjusted_expr1/chr5/ENSG00000183580"
[1] "INFO: gene ENSG00000183654"
[1] "/gpfs/loomis/scratch60/zhao/zy92/GTEX/adjusted_expr1/chr5/ENSG00000183654"
[1] "INFO: gene ENSG00000185028"
[1] "/gpfs/loomis/scratch60/zhao/zy92/GTEX/adjusted_expr1/chr5/ENSG00000185028"
[1] "INFO: gene ENSG00000186493"
[1] "/gpfs/loomis/scratch60/zhao/zy92/GTEX/adjusted_expr1/chr5/ENSG00000186493"
[1] "INFO: gene ENSG00000188242"
[1] "/gpfs/loomis/scratch60/zhao/zy92/GTEX/adjusted_expr1/chr5/ENSG00000188242"
[1] "INFO: gene ENSG00000188818"
[1] "/gpfs/loomis/scratch60/zhao/zy92/GTEX/adjusted_expr1/chr5/ENSG00000188818"
[1] "INFO: gene ENSG00000197603"
[1] "/gpfs/loomis/scratch60/zhao/zy92/GTEX/adjusted_expr1/chr5/ENSG00000197603"
[1] "INFO: gene ENSG00000197822"
[1] "/gpfs/loomis/scratch60/zhao/zy92/GTEX/adjusted_expr1/chr5/ENSG00000197822"
[1] "INFO: gene ENSG00000198780"
[1] "/gpfs/loomis/scratch60/zhao/zy92/GTEX/adjusted_expr1/chr5/ENSG00000198780"
ERROR from TryCatch Block: missing value where TRUE/FALSE needed 
[1] "INFO: gene ENSG00000198865"
[1] "/gpfs/loomis/scratch60/zhao/zy92/GTEX/adjusted_expr1/chr5/ENSG00000198865"
[1] "INFO: gene ENSG00000198983"
[1] "/gpfs/loomis/scratch60/zhao/zy92/GTEX/adjusted_expr1/chr5/ENSG00000198983"
[1] "INFO: gene ENSG00000202601"
[1] "/gpfs/loomis/scratch60/zhao/zy92/GTEX/adjusted_expr1/chr5/ENSG00000202601"
[1] "INFO: gene ENSG00000205571"
[1] "/gpfs/loomis/scratch60/zhao/zy92/GTEX/adjusted_expr1/chr5/ENSG00000205571"
[1] "INFO: gene ENSG00000205572"
[1] "/gpfs/loomis/scratch60/zhao/zy92/GTEX/adjusted_expr1/chr5/ENSG00000205572"
[1] "INFO: gene ENSG00000205765"
[1] "/gpfs/loomis/scratch60/zhao/zy92/GTEX/adjusted_expr1/chr5/ENSG00000205765"
[1] "INFO: gene ENSG00000205838"
[1] "/gpfs/loomis/scratch60/zhao/zy92/GTEX/adjusted_expr1/chr5/ENSG00000205838"
[1] "INFO: gene ENSG00000206077"
[1] "/gpfs/loomis/scratch60/zhao/zy92/GTEX/adjusted_expr1/chr5/ENSG00000206077"
[1] "INFO: gene ENSG00000207627"
[1] "/gpfs/loomis/scratch60/zhao/zy92/GTEX/adjusted_expr1/chr5/ENSG00000207627"
[1] "INFO: gene ENSG00000207728"
[1] "/gpfs/loomis/scratch60/zhao/zy92/GTEX/adjusted_expr1/chr5/ENSG00000207728"
[1] "INFO: gene ENSG00000207756"
[1] "/gpfs/loomis/scratch60/zhao/zy92/GTEX/adjusted_expr1/chr5/ENSG00000207756"
[1] "INFO: gene ENSG00000207956"
[1] "/gpfs/loomis/scratch60/zhao/zy92/GTEX/adjusted_expr1/chr5/ENSG00000207956"
[1] "INFO: gene ENSG00000212036"
[1] "/gpfs/loomis/scratch60/zhao/zy92/GTEX/adjusted_expr1/chr5/ENSG00000212036"
[1] "INFO: gene ENSG00000213949"
[1] "/gpfs/loomis/scratch60/zhao/zy92/GTEX/adjusted_expr1/chr5/ENSG00000213949"
[1] "INFO: gene ENSG00000214944"
[1] "/gpfs/loomis/scratch60/zhao/zy92/GTEX/adjusted_expr1/chr5/ENSG00000214944"
[1] "INFO: gene ENSG00000215217"
[1] "/gpfs/loomis/scratch60/zhao/zy92/GTEX/adjusted_expr1/chr5/ENSG00000215217"
[1] "INFO: gene ENSG00000215218"
[1] "/gpfs/loomis/scratch60/zhao/zy92/GTEX/adjusted_expr1/chr5/ENSG00000215218"
[1] "INFO: gene ENSG00000215231"
[1] "/gpfs/loomis/scratch60/zhao/zy92/GTEX/adjusted_expr1/chr5/ENSG00000215231"
[1] "INFO: gene ENSG00000216077"
[1] "/gpfs/loomis/scratch60/zhao/zy92/GTEX/adjusted_expr1/chr5/ENSG00000216077"
[1] "INFO: gene ENSG00000221990"
[1] "/gpfs/loomis/scratch60/zhao/zy92/GTEX/adjusted_expr1/chr5/ENSG00000221990"
[1] "INFO: gene ENSG00000223597"
[1] "/gpfs/loomis/scratch60/zhao/zy92/GTEX/adjusted_expr1/chr5/ENSG00000223597"
[1] "INFO: gene ENSG00000228650"
[1] "/gpfs/loomis/scratch60/zhao/zy92/GTEX/adjusted_expr1/chr5/ENSG00000228650"
[1] "INFO: gene ENSG00000231291"
[1] "/gpfs/loomis/scratch60/zhao/zy92/GTEX/adjusted_expr1/chr5/ENSG00000231291"
[1] "INFO: gene ENSG00000242110"
[1] "/gpfs/loomis/scratch60/zhao/zy92/GTEX/adjusted_expr1/chr5/ENSG00000242110"
[1] "INFO: gene ENSG00000245662"
[1] "/gpfs/loomis/scratch60/zhao/zy92/GTEX/adjusted_expr1/chr5/ENSG00000245662"
[1] "INFO: gene ENSG00000245729"
[1] "/gpfs/loomis/scratch60/zhao/zy92/GTEX/adjusted_expr1/chr5/ENSG00000245729"
[1] "INFO: gene ENSG00000247516"
[1] "/gpfs/loomis/scratch60/zhao/zy92/GTEX/adjusted_expr1/chr5/ENSG00000247516"
[1] "INFO: gene ENSG00000248029"
[1] "/gpfs/loomis/scratch60/zhao/zy92/GTEX/adjusted_expr1/chr5/ENSG00000248029"
[1] "INFO: gene ENSG00000248118"
[1] "/gpfs/loomis/scratch60/zhao/zy92/GTEX/adjusted_expr1/chr5/ENSG00000248118"
[1] "INFO: gene ENSG00000248127"
[1] "/gpfs/loomis/scratch60/zhao/zy92/GTEX/adjusted_expr1/chr5/ENSG00000248127"
[1] "INFO: gene ENSG00000248131"
[1] "/gpfs/loomis/scratch60/zhao/zy92/GTEX/adjusted_expr1/chr5/ENSG00000248131"
[1] "INFO: gene ENSG00000248132"
[1] "/gpfs/loomis/scratch60/zhao/zy92/GTEX/adjusted_expr1/chr5/ENSG00000248132"
[1] "INFO: 47.39% processed"
[1] "INFO: gene ENSG00000248137"
[1] "/gpfs/loomis/scratch60/zhao/zy92/GTEX/adjusted_expr1/chr5/ENSG00000248137"
[1] "INFO: gene ENSG00000248145"
[1] "/gpfs/loomis/scratch60/zhao/zy92/GTEX/adjusted_expr1/chr5/ENSG00000248145"
[1] "INFO: gene ENSG00000248148"
[1] "/gpfs/loomis/scratch60/zhao/zy92/GTEX/adjusted_expr1/chr5/ENSG00000248148"
[1] "INFO: gene ENSG00000248150"
[1] "/gpfs/loomis/scratch60/zhao/zy92/GTEX/adjusted_expr1/chr5/ENSG00000248150"
[1] "INFO: gene ENSG00000248199"
[1] "/gpfs/loomis/scratch60/zhao/zy92/GTEX/adjusted_expr1/chr5/ENSG00000248199"
[1] "INFO: gene ENSG00000248223"
[1] "/gpfs/loomis/scratch60/zhao/zy92/GTEX/adjusted_expr1/chr5/ENSG00000248223"
[1] "INFO: gene ENSG00000248279"
[1] "/gpfs/loomis/scratch60/zhao/zy92/GTEX/adjusted_expr1/chr5/ENSG00000248279"
[1] "INFO: gene ENSG00000248294"
[1] "/gpfs/loomis/scratch60/zhao/zy92/GTEX/adjusted_expr1/chr5/ENSG00000248294"
[1] "INFO: gene ENSG00000248311"
[1] "/gpfs/loomis/scratch60/zhao/zy92/GTEX/adjusted_expr1/chr5/ENSG00000248311"
[1] "INFO: gene ENSG00000248359"
[1] "/gpfs/loomis/scratch60/zhao/zy92/GTEX/adjusted_expr1/chr5/ENSG00000248359"
[1] "INFO: gene ENSG00000248371"
[1] "/gpfs/loomis/scratch60/zhao/zy92/GTEX/adjusted_expr1/chr5/ENSG00000248371"
[1] "INFO: gene ENSG00000248378"
[1] "/gpfs/loomis/scratch60/zhao/zy92/GTEX/adjusted_expr1/chr5/ENSG00000248378"
[1] "INFO: gene ENSG00000248391"
[1] "/gpfs/loomis/scratch60/zhao/zy92/GTEX/adjusted_expr1/chr5/ENSG00000248391"
[1] "INFO: gene ENSG00000248455"
[1] "/gpfs/loomis/scratch60/zhao/zy92/GTEX/adjusted_expr1/chr5/ENSG00000248455"
[1] "INFO: gene ENSG00000248457"
[1] "/gpfs/loomis/scratch60/zhao/zy92/GTEX/adjusted_expr1/chr5/ENSG00000248457"
[1] "INFO: gene ENSG00000248461"
[1] "/gpfs/loomis/scratch60/zhao/zy92/GTEX/adjusted_expr1/chr5/ENSG00000248461"
[1] "INFO: gene ENSG00000248467"
[1] "/gpfs/loomis/scratch60/zhao/zy92/GTEX/adjusted_expr1/chr5/ENSG00000248467"
[1] "INFO: gene ENSG00000248474"
[1] "/gpfs/loomis/scratch60/zhao/zy92/GTEX/adjusted_expr1/chr5/ENSG00000248474"
[1] "INFO: gene ENSG00000248486"
[1] "/gpfs/loomis/scratch60/zhao/zy92/GTEX/adjusted_expr1/chr5/ENSG00000248486"
[1] "INFO: gene ENSG00000248490"
[1] "/gpfs/loomis/scratch60/zhao/zy92/GTEX/adjusted_expr1/chr5/ENSG00000248490"
[1] "INFO: gene ENSG00000248533"
[1] "/gpfs/loomis/scratch60/zhao/zy92/GTEX/adjusted_expr1/chr5/ENSG00000248533"
[1] "INFO: gene ENSG00000248539"
[1] "/gpfs/loomis/scratch60/zhao/zy92/GTEX/adjusted_expr1/chr5/ENSG00000248539"
[1] "INFO: gene ENSG00000248587"
[1] "/gpfs/loomis/scratch60/zhao/zy92/GTEX/adjusted_expr1/chr5/ENSG00000248587"
[1] "INFO: gene ENSG00000248597"
[1] "/gpfs/loomis/scratch60/zhao/zy92/GTEX/adjusted_expr1/chr5/ENSG00000248597"
[1] "INFO: gene ENSG00000248605"
[1] "/gpfs/loomis/scratch60/zhao/zy92/GTEX/adjusted_expr1/chr5/ENSG00000248605"
[1] "INFO: gene ENSG00000248673"
[1] "/gpfs/loomis/scratch60/zhao/zy92/GTEX/adjusted_expr1/chr5/ENSG00000248673"
[1] "INFO: gene ENSG00000248677"
[1] "/gpfs/loomis/scratch60/zhao/zy92/GTEX/adjusted_expr1/chr5/ENSG00000248677"
[1] "INFO: gene ENSG00000248693"
[1] "/gpfs/loomis/scratch60/zhao/zy92/GTEX/adjusted_expr1/chr5/ENSG00000248693"
[1] "INFO: gene ENSG00000248736"
[1] "/gpfs/loomis/scratch60/zhao/zy92/GTEX/adjusted_expr1/chr5/ENSG00000248736"
[1] "INFO: gene ENSG00000248779"
[1] "/gpfs/loomis/scratch60/zhao/zy92/GTEX/adjusted_expr1/chr5/ENSG00000248779"
[1] "INFO: gene ENSG00000248783"
[1] "/gpfs/loomis/scratch60/zhao/zy92/GTEX/adjusted_expr1/chr5/ENSG00000248783"
[1] "INFO: gene ENSG00000248789"
[1] "/gpfs/loomis/scratch60/zhao/zy92/GTEX/adjusted_expr1/chr5/ENSG00000248789"
[1] "INFO: gene ENSG00000248813"
[1] "/gpfs/loomis/scratch60/zhao/zy92/GTEX/adjusted_expr1/chr5/ENSG00000248813"
[1] "INFO: gene ENSG00000248846"
[1] "/gpfs/loomis/scratch60/zhao/zy92/GTEX/adjusted_expr1/chr5/ENSG00000248846"
[1] "INFO: gene ENSG00000248874"
[1] "/gpfs/loomis/scratch60/zhao/zy92/GTEX/adjusted_expr1/chr5/ENSG00000248874"
[1] "INFO: gene ENSG00000248884"
[1] "/gpfs/loomis/scratch60/zhao/zy92/GTEX/adjusted_expr1/chr5/ENSG00000248884"
[1] "INFO: gene ENSG00000248908"
[1] "/gpfs/loomis/scratch60/zhao/zy92/GTEX/adjusted_expr1/chr5/ENSG00000248908"
[1] "INFO: gene ENSG00000248918"
[1] "/gpfs/loomis/scratch60/zhao/zy92/GTEX/adjusted_expr1/chr5/ENSG00000248918"
[1] "INFO: gene ENSG00000248942"
[1] "/gpfs/loomis/scratch60/zhao/zy92/GTEX/adjusted_expr1/chr5/ENSG00000248942"
[1] "INFO: gene ENSG00000248949"
[1] "/gpfs/loomis/scratch60/zhao/zy92/GTEX/adjusted_expr1/chr5/ENSG00000248949"
[1] "INFO: gene ENSG00000248962"
[1] "/gpfs/loomis/scratch60/zhao/zy92/GTEX/adjusted_expr1/chr5/ENSG00000248962"
[1] "INFO: gene ENSG00000248973"
[1] "/gpfs/loomis/scratch60/zhao/zy92/GTEX/adjusted_expr1/chr5/ENSG00000248973"
[1] "INFO: gene ENSG00000248994"
[1] "/gpfs/loomis/scratch60/zhao/zy92/GTEX/adjusted_expr1/chr5/ENSG00000248994"
[1] "INFO: gene ENSG00000249069"
[1] "/gpfs/loomis/scratch60/zhao/zy92/GTEX/adjusted_expr1/chr5/ENSG00000249069"
[1] "INFO: gene ENSG00000249099"
[1] "/gpfs/loomis/scratch60/zhao/zy92/GTEX/adjusted_expr1/chr5/ENSG00000249099"
[1] "INFO: gene ENSG00000249102"
[1] "/gpfs/loomis/scratch60/zhao/zy92/GTEX/adjusted_expr1/chr5/ENSG00000249102"
[1] "INFO: gene ENSG00000249159"
[1] "/gpfs/loomis/scratch60/zhao/zy92/GTEX/adjusted_expr1/chr5/ENSG00000249159"
[1] "INFO: gene ENSG00000249160"
[1] "/gpfs/loomis/scratch60/zhao/zy92/GTEX/adjusted_expr1/chr5/ENSG00000249160"
[1] "INFO: gene ENSG00000249166"
[1] "/gpfs/loomis/scratch60/zhao/zy92/GTEX/adjusted_expr1/chr5/ENSG00000249166"
[1] "INFO: gene ENSG00000249174"
[1] "/gpfs/loomis/scratch60/zhao/zy92/GTEX/adjusted_expr1/chr5/ENSG00000249174"
[1] "INFO: 59.24% processed"
[1] "INFO: gene ENSG00000249198"
[1] "/gpfs/loomis/scratch60/zhao/zy92/GTEX/adjusted_expr1/chr5/ENSG00000249198"
[1] "INFO: gene ENSG00000249199"
[1] "/gpfs/loomis/scratch60/zhao/zy92/GTEX/adjusted_expr1/chr5/ENSG00000249199"
[1] "INFO: gene ENSG00000249203"
[1] "/gpfs/loomis/scratch60/zhao/zy92/GTEX/adjusted_expr1/chr5/ENSG00000249203"
[1] "INFO: gene ENSG00000249236"
[1] "/gpfs/loomis/scratch60/zhao/zy92/GTEX/adjusted_expr1/chr5/ENSG00000249236"
[1] "INFO: gene ENSG00000249276"
[1] "/gpfs/loomis/scratch60/zhao/zy92/GTEX/adjusted_expr1/chr5/ENSG00000249276"
[1] "INFO: gene ENSG00000249279"
[1] "/gpfs/loomis/scratch60/zhao/zy92/GTEX/adjusted_expr1/chr5/ENSG00000249279"
[1] "INFO: gene ENSG00000249332"
[1] "/gpfs/loomis/scratch60/zhao/zy92/GTEX/adjusted_expr1/chr5/ENSG00000249332"
[1] "INFO: gene ENSG00000249335"
[1] "/gpfs/loomis/scratch60/zhao/zy92/GTEX/adjusted_expr1/chr5/ENSG00000249335"
[1] "INFO: gene ENSG00000249343"
[1] "/gpfs/loomis/scratch60/zhao/zy92/GTEX/adjusted_expr1/chr5/ENSG00000249343"
[1] "INFO: gene ENSG00000249352"
[1] "/gpfs/loomis/scratch60/zhao/zy92/GTEX/adjusted_expr1/chr5/ENSG00000249352"
[1] "INFO: gene ENSG00000249359"
[1] "/gpfs/loomis/scratch60/zhao/zy92/GTEX/adjusted_expr1/chr5/ENSG00000249359"
[1] "INFO: gene ENSG00000249364"
[1] "/gpfs/loomis/scratch60/zhao/zy92/GTEX/adjusted_expr1/chr5/ENSG00000249364"
[1] "INFO: gene ENSG00000249396"
[1] "/gpfs/loomis/scratch60/zhao/zy92/GTEX/adjusted_expr1/chr5/ENSG00000249396"
[1] "INFO: gene ENSG00000249404"
[1] "/gpfs/loomis/scratch60/zhao/zy92/GTEX/adjusted_expr1/chr5/ENSG00000249404"
[1] "INFO: gene ENSG00000249405"
[1] "/gpfs/loomis/scratch60/zhao/zy92/GTEX/adjusted_expr1/chr5/ENSG00000249405"
[1] "INFO: gene ENSG00000249436"
[1] "/gpfs/loomis/scratch60/zhao/zy92/GTEX/adjusted_expr1/chr5/ENSG00000249436"
[1] "INFO: gene ENSG00000249437"
[1] "/gpfs/loomis/scratch60/zhao/zy92/GTEX/adjusted_expr1/chr5/ENSG00000249437"
[1] "INFO: gene ENSG00000249490"
[1] "/gpfs/loomis/scratch60/zhao/zy92/GTEX/adjusted_expr1/chr5/ENSG00000249490"
[1] "INFO: gene ENSG00000249521"
[1] "/gpfs/loomis/scratch60/zhao/zy92/GTEX/adjusted_expr1/chr5/ENSG00000249521"
[1] "INFO: gene ENSG00000249584"
[1] "/gpfs/loomis/scratch60/zhao/zy92/GTEX/adjusted_expr1/chr5/ENSG00000249584"
[1] "INFO: gene ENSG00000249588"
[1] "/gpfs/loomis/scratch60/zhao/zy92/GTEX/adjusted_expr1/chr5/ENSG00000249588"
[1] "INFO: gene ENSG00000249638"
[1] "/gpfs/loomis/scratch60/zhao/zy92/GTEX/adjusted_expr1/chr5/ENSG00000249638"
[1] "INFO: gene ENSG00000249662"
[1] "/gpfs/loomis/scratch60/zhao/zy92/GTEX/adjusted_expr1/chr5/ENSG00000249662"
[1] "INFO: gene ENSG00000249697"
[1] "/gpfs/loomis/scratch60/zhao/zy92/GTEX/adjusted_expr1/chr5/ENSG00000249697"
[1] "INFO: gene ENSG00000249731"
[1] "/gpfs/loomis/scratch60/zhao/zy92/GTEX/adjusted_expr1/chr5/ENSG00000249731"
[1] "INFO: gene ENSG00000249734"
[1] "/gpfs/loomis/scratch60/zhao/zy92/GTEX/adjusted_expr1/chr5/ENSG00000249734"
[1] "INFO: gene ENSG00000249736"
[1] "/gpfs/loomis/scratch60/zhao/zy92/GTEX/adjusted_expr1/chr5/ENSG00000249736"
[1] "INFO: gene ENSG00000249740"
[1] "/gpfs/loomis/scratch60/zhao/zy92/GTEX/adjusted_expr1/chr5/ENSG00000249740"
[1] "INFO: gene ENSG00000249743"
[1] "/gpfs/loomis/scratch60/zhao/zy92/GTEX/adjusted_expr1/chr5/ENSG00000249743"
[1] "INFO: gene ENSG00000249781"
[1] "/gpfs/loomis/scratch60/zhao/zy92/GTEX/adjusted_expr1/chr5/ENSG00000249781"
[1] "INFO: gene ENSG00000249782"
[1] "/gpfs/loomis/scratch60/zhao/zy92/GTEX/adjusted_expr1/chr5/ENSG00000249782"
[1] "INFO: gene ENSG00000249785"
[1] "/gpfs/loomis/scratch60/zhao/zy92/GTEX/adjusted_expr1/chr5/ENSG00000249785"
[1] "INFO: gene ENSG00000249807"
[1] "/gpfs/loomis/scratch60/zhao/zy92/GTEX/adjusted_expr1/chr5/ENSG00000249807"
[1] "INFO: gene ENSG00000249808"
[1] "/gpfs/loomis/scratch60/zhao/zy92/GTEX/adjusted_expr1/chr5/ENSG00000249808"
[1] "INFO: gene ENSG00000249830"
[1] "/gpfs/loomis/scratch60/zhao/zy92/GTEX/adjusted_expr1/chr5/ENSG00000249830"
[1] "INFO: gene ENSG00000249854"
[1] "/gpfs/loomis/scratch60/zhao/zy92/GTEX/adjusted_expr1/chr5/ENSG00000249854"
[1] "INFO: gene ENSG00000249856"
[1] "/gpfs/loomis/scratch60/zhao/zy92/GTEX/adjusted_expr1/chr5/ENSG00000249856"
[1] "INFO: gene ENSG00000249894"
[1] "/gpfs/loomis/scratch60/zhao/zy92/GTEX/adjusted_expr1/chr5/ENSG00000249894"
[1] "INFO: gene ENSG00000249915"
[1] "/gpfs/loomis/scratch60/zhao/zy92/GTEX/adjusted_expr1/chr5/ENSG00000249915"
[1] "INFO: gene ENSG00000249937"
[1] "/gpfs/loomis/scratch60/zhao/zy92/GTEX/adjusted_expr1/chr5/ENSG00000249937"
[1] "INFO: gene ENSG00000249941"
[1] "/gpfs/loomis/scratch60/zhao/zy92/GTEX/adjusted_expr1/chr5/ENSG00000249941"
[1] "INFO: gene ENSG00000249981"
[1] "/gpfs/loomis/scratch60/zhao/zy92/GTEX/adjusted_expr1/chr5/ENSG00000249981"
[1] "INFO: gene ENSG00000249994"
[1] "/gpfs/loomis/scratch60/zhao/zy92/GTEX/adjusted_expr1/chr5/ENSG00000249994"
[1] "INFO: gene ENSG00000250003"
[1] "/gpfs/loomis/scratch60/zhao/zy92/GTEX/adjusted_expr1/chr5/ENSG00000250003"
[1] "INFO: gene ENSG00000250032"
[1] "/gpfs/loomis/scratch60/zhao/zy92/GTEX/adjusted_expr1/chr5/ENSG00000250032"
[1] "INFO: gene ENSG00000250048"
[1] "/gpfs/loomis/scratch60/zhao/zy92/GTEX/adjusted_expr1/chr5/ENSG00000250048"
[1] "INFO: gene ENSG00000250056"
[1] "/gpfs/loomis/scratch60/zhao/zy92/GTEX/adjusted_expr1/chr5/ENSG00000250056"
[1] "INFO: gene ENSG00000250060"
[1] "/gpfs/loomis/scratch60/zhao/zy92/GTEX/adjusted_expr1/chr5/ENSG00000250060"
[1] "INFO: gene ENSG00000250066"
[1] "/gpfs/loomis/scratch60/zhao/zy92/GTEX/adjusted_expr1/chr5/ENSG00000250066"
[1] "INFO: gene ENSG00000250081"
[1] "/gpfs/loomis/scratch60/zhao/zy92/GTEX/adjusted_expr1/chr5/ENSG00000250081"
[1] "INFO: 71.09% processed"
[1] "INFO: gene ENSG00000250122"
[1] "/gpfs/loomis/scratch60/zhao/zy92/GTEX/adjusted_expr1/chr5/ENSG00000250122"
[1] "INFO: gene ENSG00000250164"
[1] "/gpfs/loomis/scratch60/zhao/zy92/GTEX/adjusted_expr1/chr5/ENSG00000250164"
[1] "INFO: gene ENSG00000250173"
[1] "/gpfs/loomis/scratch60/zhao/zy92/GTEX/adjusted_expr1/chr5/ENSG00000250173"
[1] "INFO: gene ENSG00000250198"
[1] "/gpfs/loomis/scratch60/zhao/zy92/GTEX/adjusted_expr1/chr5/ENSG00000250198"
[1] "INFO: gene ENSG00000250237"
[1] "/gpfs/loomis/scratch60/zhao/zy92/GTEX/adjusted_expr1/chr5/ENSG00000250237"
[1] "INFO: gene ENSG00000250313"
[1] "/gpfs/loomis/scratch60/zhao/zy92/GTEX/adjusted_expr1/chr5/ENSG00000250313"
[1] "INFO: gene ENSG00000250337"
[1] "/gpfs/loomis/scratch60/zhao/zy92/GTEX/adjusted_expr1/chr5/ENSG00000250337"
[1] "INFO: gene ENSG00000250360"
[1] "/gpfs/loomis/scratch60/zhao/zy92/GTEX/adjusted_expr1/chr5/ENSG00000250360"
[1] "INFO: gene ENSG00000250387"
[1] "/gpfs/loomis/scratch60/zhao/zy92/GTEX/adjusted_expr1/chr5/ENSG00000250387"
[1] "INFO: gene ENSG00000250415"
[1] "/gpfs/loomis/scratch60/zhao/zy92/GTEX/adjusted_expr1/chr5/ENSG00000250415"
[1] "INFO: gene ENSG00000250417"
[1] "/gpfs/loomis/scratch60/zhao/zy92/GTEX/adjusted_expr1/chr5/ENSG00000250417"
[1] "INFO: gene ENSG00000250418"
[1] "/gpfs/loomis/scratch60/zhao/zy92/GTEX/adjusted_expr1/chr5/ENSG00000250418"
[1] "INFO: gene ENSG00000250421"
[1] "/gpfs/loomis/scratch60/zhao/zy92/GTEX/adjusted_expr1/chr5/ENSG00000250421"
[1] "INFO: gene ENSG00000250446"
[1] "/gpfs/loomis/scratch60/zhao/zy92/GTEX/adjusted_expr1/chr5/ENSG00000250446"
[1] "INFO: gene ENSG00000250447"
[1] "/gpfs/loomis/scratch60/zhao/zy92/GTEX/adjusted_expr1/chr5/ENSG00000250447"
[1] "INFO: gene ENSG00000250453"
[1] "/gpfs/loomis/scratch60/zhao/zy92/GTEX/adjusted_expr1/chr5/ENSG00000250453"
[1] "INFO: gene ENSG00000250481"
[1] "/gpfs/loomis/scratch60/zhao/zy92/GTEX/adjusted_expr1/chr5/ENSG00000250481"
[1] "INFO: gene ENSG00000250490"
[1] "/gpfs/loomis/scratch60/zhao/zy92/GTEX/adjusted_expr1/chr5/ENSG00000250490"
[1] "INFO: gene ENSG00000250524"
[1] "/gpfs/loomis/scratch60/zhao/zy92/GTEX/adjusted_expr1/chr5/ENSG00000250524"
[1] "INFO: gene ENSG00000250529"
[1] "/gpfs/loomis/scratch60/zhao/zy92/GTEX/adjusted_expr1/chr5/ENSG00000250529"
[1] "INFO: gene ENSG00000250576"
[1] "/gpfs/loomis/scratch60/zhao/zy92/GTEX/adjusted_expr1/chr5/ENSG00000250576"
[1] "INFO: gene ENSG00000250583"
[1] "/gpfs/loomis/scratch60/zhao/zy92/GTEX/adjusted_expr1/chr5/ENSG00000250583"
[1] "INFO: gene ENSG00000250584"
[1] "/gpfs/loomis/scratch60/zhao/zy92/GTEX/adjusted_expr1/chr5/ENSG00000250584"
[1] "INFO: gene ENSG00000250585"
[1] "/gpfs/loomis/scratch60/zhao/zy92/GTEX/adjusted_expr1/chr5/ENSG00000250585"
[1] "INFO: gene ENSG00000250668"
[1] "/gpfs/loomis/scratch60/zhao/zy92/GTEX/adjusted_expr1/chr5/ENSG00000250668"
[1] "INFO: gene ENSG00000250694"
[1] "/gpfs/loomis/scratch60/zhao/zy92/GTEX/adjusted_expr1/chr5/ENSG00000250694"
[1] "INFO: gene ENSG00000250697"
[1] "/gpfs/loomis/scratch60/zhao/zy92/GTEX/adjusted_expr1/chr5/ENSG00000250697"
[1] "INFO: gene ENSG00000250716"
[1] "/gpfs/loomis/scratch60/zhao/zy92/GTEX/adjusted_expr1/chr5/ENSG00000250716"
[1] "INFO: gene ENSG00000250722"
[1] "/gpfs/loomis/scratch60/zhao/zy92/GTEX/adjusted_expr1/chr5/ENSG00000250722"
[1] "INFO: gene ENSG00000250786"
[1] "/gpfs/loomis/scratch60/zhao/zy92/GTEX/adjusted_expr1/chr5/ENSG00000250786"
[1] "INFO: gene ENSG00000250814"
[1] "/gpfs/loomis/scratch60/zhao/zy92/GTEX/adjusted_expr1/chr5/ENSG00000250814"
[1] "INFO: gene ENSG00000250822"
[1] "/gpfs/loomis/scratch60/zhao/zy92/GTEX/adjusted_expr1/chr5/ENSG00000250822"
[1] "INFO: gene ENSG00000250885"
[1] "/gpfs/loomis/scratch60/zhao/zy92/GTEX/adjusted_expr1/chr5/ENSG00000250885"
[1] "INFO: gene ENSG00000250889"
[1] "/gpfs/loomis/scratch60/zhao/zy92/GTEX/adjusted_expr1/chr5/ENSG00000250889"
[1] "INFO: gene ENSG00000250921"
[1] "/gpfs/loomis/scratch60/zhao/zy92/GTEX/adjusted_expr1/chr5/ENSG00000250921"
[1] "INFO: gene ENSG00000250974"
[1] "/gpfs/loomis/scratch60/zhao/zy92/GTEX/adjusted_expr1/chr5/ENSG00000250974"
[1] "INFO: gene ENSG00000250978"
[1] "/gpfs/loomis/scratch60/zhao/zy92/GTEX/adjusted_expr1/chr5/ENSG00000250978"
[1] "INFO: gene ENSG00000251033"
[1] "/gpfs/loomis/scratch60/zhao/zy92/GTEX/adjusted_expr1/chr5/ENSG00000251033"
[1] "INFO: gene ENSG00000251041"
[1] "/gpfs/loomis/scratch60/zhao/zy92/GTEX/adjusted_expr1/chr5/ENSG00000251041"
[1] "INFO: gene ENSG00000251044"
[1] "/gpfs/loomis/scratch60/zhao/zy92/GTEX/adjusted_expr1/chr5/ENSG00000251044"
[1] "INFO: gene ENSG00000251125"
[1] "/gpfs/loomis/scratch60/zhao/zy92/GTEX/adjusted_expr1/chr5/ENSG00000251125"
[1] "INFO: gene ENSG00000251168"
[1] "/gpfs/loomis/scratch60/zhao/zy92/GTEX/adjusted_expr1/chr5/ENSG00000251168"
[1] "INFO: gene ENSG00000251189"
[1] "/gpfs/loomis/scratch60/zhao/zy92/GTEX/adjusted_expr1/chr5/ENSG00000251189"
[1] "INFO: gene ENSG00000251206"
[1] "/gpfs/loomis/scratch60/zhao/zy92/GTEX/adjusted_expr1/chr5/ENSG00000251206"
[1] "INFO: gene ENSG00000251250"
[1] "/gpfs/loomis/scratch60/zhao/zy92/GTEX/adjusted_expr1/chr5/ENSG00000251250"
[1] "INFO: gene ENSG00000251273"
[1] "/gpfs/loomis/scratch60/zhao/zy92/GTEX/adjusted_expr1/chr5/ENSG00000251273"
[1] "INFO: gene ENSG00000251281"
[1] "/gpfs/loomis/scratch60/zhao/zy92/GTEX/adjusted_expr1/chr5/ENSG00000251281"
[1] "INFO: gene ENSG00000251365"
[1] "/gpfs/loomis/scratch60/zhao/zy92/GTEX/adjusted_expr1/chr5/ENSG00000251365"
[1] "INFO: gene ENSG00000251370"
[1] "/gpfs/loomis/scratch60/zhao/zy92/GTEX/adjusted_expr1/chr5/ENSG00000251370"
[1] "INFO: gene ENSG00000251371"
[1] "/gpfs/loomis/scratch60/zhao/zy92/GTEX/adjusted_expr1/chr5/ENSG00000251371"
[1] "INFO: 82.94% processed"
[1] "INFO: gene ENSG00000251376"
[1] "/gpfs/loomis/scratch60/zhao/zy92/GTEX/adjusted_expr1/chr5/ENSG00000251376"
[1] "INFO: gene ENSG00000251391"
[1] "/gpfs/loomis/scratch60/zhao/zy92/GTEX/adjusted_expr1/chr5/ENSG00000251391"
[1] "INFO: gene ENSG00000251426"
[1] "/gpfs/loomis/scratch60/zhao/zy92/GTEX/adjusted_expr1/chr5/ENSG00000251426"
[1] "INFO: gene ENSG00000251443"
[1] "/gpfs/loomis/scratch60/zhao/zy92/GTEX/adjusted_expr1/chr5/ENSG00000251443"
[1] "INFO: gene ENSG00000251487"
[1] "/gpfs/loomis/scratch60/zhao/zy92/GTEX/adjusted_expr1/chr5/ENSG00000251487"
[1] "INFO: gene ENSG00000251493"
[1] "/gpfs/loomis/scratch60/zhao/zy92/GTEX/adjusted_expr1/chr5/ENSG00000251493"
[1] "INFO: gene ENSG00000251506"
[1] "/gpfs/loomis/scratch60/zhao/zy92/GTEX/adjusted_expr1/chr5/ENSG00000251506"
[1] "INFO: gene ENSG00000251518"
[1] "/gpfs/loomis/scratch60/zhao/zy92/GTEX/adjusted_expr1/chr5/ENSG00000251518"
[1] "INFO: gene ENSG00000251532"
[1] "/gpfs/loomis/scratch60/zhao/zy92/GTEX/adjusted_expr1/chr5/ENSG00000251532"
[1] "INFO: gene ENSG00000251543"
[1] "/gpfs/loomis/scratch60/zhao/zy92/GTEX/adjusted_expr1/chr5/ENSG00000251543"
[1] "INFO: gene ENSG00000251573"
[1] "/gpfs/loomis/scratch60/zhao/zy92/GTEX/adjusted_expr1/chr5/ENSG00000251573"
[1] "INFO: gene ENSG00000251575"
[1] "/gpfs/loomis/scratch60/zhao/zy92/GTEX/adjusted_expr1/chr5/ENSG00000251575"
[1] "INFO: gene ENSG00000251601"
[1] "/gpfs/loomis/scratch60/zhao/zy92/GTEX/adjusted_expr1/chr5/ENSG00000251601"
[1] "INFO: gene ENSG00000251604"
[1] "/gpfs/loomis/scratch60/zhao/zy92/GTEX/adjusted_expr1/chr5/ENSG00000251604"
[1] "INFO: gene ENSG00000251613"
[1] "/gpfs/loomis/scratch60/zhao/zy92/GTEX/adjusted_expr1/chr5/ENSG00000251613"
[1] "INFO: gene ENSG00000251629"
[1] "/gpfs/loomis/scratch60/zhao/zy92/GTEX/adjusted_expr1/chr5/ENSG00000251629"
[1] "INFO: gene ENSG00000251654"
[1] "/gpfs/loomis/scratch60/zhao/zy92/GTEX/adjusted_expr1/chr5/ENSG00000251654"
[1] "INFO: gene ENSG00000251678"
[1] "/gpfs/loomis/scratch60/zhao/zy92/GTEX/adjusted_expr1/chr5/ENSG00000251678"
[1] "INFO: gene ENSG00000251856"
[1] "/gpfs/loomis/scratch60/zhao/zy92/GTEX/adjusted_expr1/chr5/ENSG00000251856"
[1] "INFO: gene ENSG00000253985"
[1] "/gpfs/loomis/scratch60/zhao/zy92/GTEX/adjusted_expr1/chr5/ENSG00000253985"
[1] "INFO: gene ENSG00000259757"
[1] "/gpfs/loomis/scratch60/zhao/zy92/GTEX/adjusted_expr1/chr5/ENSG00000259757"
[1] "INFO: gene ENSG00000259786"
[1] "/gpfs/loomis/scratch60/zhao/zy92/GTEX/adjusted_expr1/chr5/ENSG00000259786"
[1] "INFO: gene ENSG00000259861"
[1] "/gpfs/loomis/scratch60/zhao/zy92/GTEX/adjusted_expr1/chr5/ENSG00000259861"
[1] "INFO: gene ENSG00000259968"
[1] "/gpfs/loomis/scratch60/zhao/zy92/GTEX/adjusted_expr1/chr5/ENSG00000259968"
[1] "INFO: gene ENSG00000260066"
[1] "/gpfs/loomis/scratch60/zhao/zy92/GTEX/adjusted_expr1/chr5/ENSG00000260066"
[1] "INFO: gene ENSG00000260515"
[1] "/gpfs/loomis/scratch60/zhao/zy92/GTEX/adjusted_expr1/chr5/ENSG00000260515"
[1] "INFO: gene ENSG00000260761"
[1] "/gpfs/loomis/scratch60/zhao/zy92/GTEX/adjusted_expr1/chr5/ENSG00000260761"
[1] "INFO: gene ENSG00000260763"
[1] "/gpfs/loomis/scratch60/zhao/zy92/GTEX/adjusted_expr1/chr5/ENSG00000260763"
[1] "INFO: gene ENSG00000260786"
[1] "/gpfs/loomis/scratch60/zhao/zy92/GTEX/adjusted_expr1/chr5/ENSG00000260786"
[1] "INFO: gene ENSG00000260981"
[1] "/gpfs/loomis/scratch60/zhao/zy92/GTEX/adjusted_expr1/chr5/ENSG00000260981"
[1] "INFO: gene ENSG00000261037"
[1] "/gpfs/loomis/scratch60/zhao/zy92/GTEX/adjusted_expr1/chr5/ENSG00000261037"
[1] "INFO: gene ENSG00000263593"
[1] "/gpfs/loomis/scratch60/zhao/zy92/GTEX/adjusted_expr1/chr5/ENSG00000263593"
[1] "INFO: gene ENSG00000263670"
[1] "/gpfs/loomis/scratch60/zhao/zy92/GTEX/adjusted_expr1/chr5/ENSG00000263670"
[1] "INFO: gene ENSG00000263746"
[1] "/gpfs/loomis/scratch60/zhao/zy92/GTEX/adjusted_expr1/chr5/ENSG00000263746"
[1] "INFO: gene ENSG00000263834"
[1] "/gpfs/loomis/scratch60/zhao/zy92/GTEX/adjusted_expr1/chr5/ENSG00000263834"
[1] "INFO: gene ENSG00000264099"
[1] "/gpfs/loomis/scratch60/zhao/zy92/GTEX/adjusted_expr1/chr5/ENSG00000264099"
[1] "INFO: gene ENSG00000264233"
[1] "/gpfs/loomis/scratch60/zhao/zy92/GTEX/adjusted_expr1/chr5/ENSG00000264233"
[1] "INFO: gene ENSG00000264792"
[1] "/gpfs/loomis/scratch60/zhao/zy92/GTEX/adjusted_expr1/chr5/ENSG00000264792"
[1] "INFO: gene ENSG00000265135"
[1] "/gpfs/loomis/scratch60/zhao/zy92/GTEX/adjusted_expr1/chr5/ENSG00000265135"
[1] "INFO: gene ENSG00000265421"
[1] "/gpfs/loomis/scratch60/zhao/zy92/GTEX/adjusted_expr1/chr5/ENSG00000265421"
[1] "INFO: gene ENSG00000265699"
[1] "/gpfs/loomis/scratch60/zhao/zy92/GTEX/adjusted_expr1/chr5/ENSG00000265699"
[1] "INFO: gene ENSG00000266243"
[1] "/gpfs/loomis/scratch60/zhao/zy92/GTEX/adjusted_expr1/chr5/ENSG00000266243"
[1] "INFO: gene ENSG00000266415"
[1] "/gpfs/loomis/scratch60/zhao/zy92/GTEX/adjusted_expr1/chr5/ENSG00000266415"
[1] "INFO: gene ENSG00000269961"
[1] "/gpfs/loomis/scratch60/zhao/zy92/GTEX/adjusted_expr1/chr5/ENSG00000269961"
[1] "INFO: gene ENSG00000269983"
[1] "/gpfs/loomis/scratch60/zhao/zy92/GTEX/adjusted_expr1/chr5/ENSG00000269983"
[1] "INFO: gene ENSG00000271119"
[1] "/gpfs/loomis/scratch60/zhao/zy92/GTEX/adjusted_expr1/chr5/ENSG00000271119"
[1] "INFO: gene ENSG00000271334"
[1] "/gpfs/loomis/scratch60/zhao/zy92/GTEX/adjusted_expr1/chr5/ENSG00000271334"
[1] "INFO: gene ENSG00000271715"
[1] "/gpfs/loomis/scratch60/zhao/zy92/GTEX/adjusted_expr1/chr5/ENSG00000271715"
[1] "INFO: gene ENSG00000271752"
[1] "/gpfs/loomis/scratch60/zhao/zy92/GTEX/adjusted_expr1/chr5/ENSG00000271752"
[1] "INFO: gene ENSG00000271771"
[1] "/gpfs/loomis/scratch60/zhao/zy92/GTEX/adjusted_expr1/chr5/ENSG00000271771"
[1] "INFO: 94.79% processed"
[1] "INFO: gene ENSG00000271788"
[1] "/gpfs/loomis/scratch60/zhao/zy92/GTEX/adjusted_expr1/chr5/ENSG00000271788"
[1] "INFO: gene ENSG00000271815"
[1] "/gpfs/loomis/scratch60/zhao/zy92/GTEX/adjusted_expr1/chr5/ENSG00000271815"
[1] "INFO: gene ENSG00000271874"
[1] "/gpfs/loomis/scratch60/zhao/zy92/GTEX/adjusted_expr1/chr5/ENSG00000271874"
[1] "INFO: gene ENSG00000271892"
[1] "/gpfs/loomis/scratch60/zhao/zy92/GTEX/adjusted_expr1/chr5/ENSG00000271892"
[1] "INFO: gene ENSG00000271926"
[1] "/gpfs/loomis/scratch60/zhao/zy92/GTEX/adjusted_expr1/chr5/ENSG00000271926"
[1] "INFO: gene ENSG00000272040"
[1] "/gpfs/loomis/scratch60/zhao/zy92/GTEX/adjusted_expr1/chr5/ENSG00000272040"
[1] "INFO: gene ENSG00000272049"
[1] "/gpfs/loomis/scratch60/zhao/zy92/GTEX/adjusted_expr1/chr5/ENSG00000272049"
[1] "INFO: gene ENSG00000272057"
[1] "/gpfs/loomis/scratch60/zhao/zy92/GTEX/adjusted_expr1/chr5/ENSG00000272057"
[1] "INFO: gene ENSG00000272071"
[1] "/gpfs/loomis/scratch60/zhao/zy92/GTEX/adjusted_expr1/chr5/ENSG00000272071"
[1] "INFO: gene ENSG00000272081"
[1] "/gpfs/loomis/scratch60/zhao/zy92/GTEX/adjusted_expr1/chr5/ENSG00000272081"
[1] "INFO: gene ENSG00000272086"
[1] "/gpfs/loomis/scratch60/zhao/zy92/GTEX/adjusted_expr1/chr5/ENSG00000272086"
[1] "INFO: gene ENSG00000272103"
[1] "/gpfs/loomis/scratch60/zhao/zy92/GTEX/adjusted_expr1/chr5/ENSG00000272103"
[1] "INFO: gene ENSG00000272130"
[1] "/gpfs/loomis/scratch60/zhao/zy92/GTEX/adjusted_expr1/chr5/ENSG00000272130"
[1] "INFO: gene ENSG00000272144"
[1] "/gpfs/loomis/scratch60/zhao/zy92/GTEX/adjusted_expr1/chr5/ENSG00000272144"
[1] "INFO: gene ENSG00000272308"
[1] "/gpfs/loomis/scratch60/zhao/zy92/GTEX/adjusted_expr1/chr5/ENSG00000272308"
[1] "INFO: gene ENSG00000272335"
[1] "/gpfs/loomis/scratch60/zhao/zy92/GTEX/adjusted_expr1/chr5/ENSG00000272335"
[1] "INFO: gene ENSG00000272347"
[1] "/gpfs/loomis/scratch60/zhao/zy92/GTEX/adjusted_expr1/chr5/ENSG00000272347"
[1] "INFO: gene ENSG00000272354"
[1] "/gpfs/loomis/scratch60/zhao/zy92/GTEX/adjusted_expr1/chr5/ENSG00000272354"
[1] "INFO: gene ENSG00000272370"
[1] "/gpfs/loomis/scratch60/zhao/zy92/GTEX/adjusted_expr1/chr5/ENSG00000272370"
[1] "INFO: gene ENSG00000272382"
[1] "/gpfs/loomis/scratch60/zhao/zy92/GTEX/adjusted_expr1/chr5/ENSG00000272382"
[1] "INFO: gene ENSG00000272416"
[1] "/gpfs/loomis/scratch60/zhao/zy92/GTEX/adjusted_expr1/chr5/ENSG00000272416"
[1] "INFO: gene ENSG00000272417"
[1] "/gpfs/loomis/scratch60/zhao/zy92/GTEX/adjusted_expr1/chr5/ENSG00000272417"
[1] "INFO: gene ENSG00000272525"
[1] "/gpfs/loomis/scratch60/zhao/zy92/GTEX/adjusted_expr1/chr5/ENSG00000272525"
Time difference of 18.28822 mins
