
The following have been reloaded with a version change:
  1) GDAL/2.2.3-foss-2016b => GDAL/2.1.1-foss-2016b
  2) HDF5/1.10.1-foss-2016b-serial => HDF5/1.8.18-foss-2016b
  3) HarfBuzz/1.4.3-foss-2016b => HarfBuzz/1.3.1-foss-2016b
  4) R/3.5.0-foss-2016b-avx2 => R/3.4.1-foss-2016b
  5) Szip/2.1.1-foss-2016b => Szip/2.1-foss-2016b
  6) Tcl/8.6.7-foss-2016b => Tcl/8.6.5-foss-2016b
  7) Tk/8.6.7-foss-2016b => Tk/8.6.5-foss-2016b
  8) bzip2/1.0.6-GCCcore-5.4.0 => bzip2/1.0.6-foss-2016b
  9) freetype/2.7.1-GCCcore-5.4.0 => freetype/2.6.5-foss-2016b
 10) libpng/1.6.28-GCCcore-5.4.0 => libpng/1.6.24-foss-2016b
 11) netCDF/4.5.0-foss-2016b => netCDF/4.4.1-foss-2016b

[1] "INFO: gene ENSG00000021776"
[1] "/gpfs/loomis/scratch60/zhao/zy92/GTEX/adjusted_expr1/chr15/ENSG00000021776"
ERROR from TryCatch Block: cannot open the connection 
[1] "INFO: gene ENSG00000034053"
[1] "/gpfs/loomis/scratch60/zhao/zy92/GTEX/adjusted_expr1/chr15/ENSG00000034053"
ERROR from TryCatch Block: cannot open the connection 
[1] "INFO: gene ENSG00000047346"
[1] "/gpfs/loomis/scratch60/zhao/zy92/GTEX/adjusted_expr1/chr15/ENSG00000047346"
ERROR from TryCatch Block: cannot open the connection 
[1] "INFO: gene ENSG00000051180"
[1] "/gpfs/loomis/scratch60/zhao/zy92/GTEX/adjusted_expr1/chr15/ENSG00000051180"
ERROR from TryCatch Block: cannot open the connection 
[1] "INFO: gene ENSG00000062524"
[1] "/gpfs/loomis/scratch60/zhao/zy92/GTEX/adjusted_expr1/chr15/ENSG00000062524"
ERROR from TryCatch Block: cannot open the connection 
[1] "INFO: gene ENSG00000067369"
[1] "/gpfs/loomis/scratch60/zhao/zy92/GTEX/adjusted_expr1/chr15/ENSG00000067369"
ERROR from TryCatch Block: cannot open the connection 
[1] "INFO: gene ENSG00000069667"
[1] "/gpfs/loomis/scratch60/zhao/zy92/GTEX/adjusted_expr1/chr15/ENSG00000069667"
ERROR from TryCatch Block: cannot open the connection 
[1] "INFO: gene ENSG00000069869"
[1] "/gpfs/loomis/scratch60/zhao/zy92/GTEX/adjusted_expr1/chr15/ENSG00000069869"
ERROR from TryCatch Block: cannot open the connection 
[1] "INFO: gene ENSG00000069943"
[1] "/gpfs/loomis/scratch60/zhao/zy92/GTEX/adjusted_expr1/chr15/ENSG00000069943"
ERROR from TryCatch Block: cannot open the connection 
[1] "INFO: gene ENSG00000069956"
[1] "/gpfs/loomis/scratch60/zhao/zy92/GTEX/adjusted_expr1/chr15/ENSG00000069956"
ERROR from TryCatch Block: cannot open the connection 
[1] "INFO: gene ENSG00000069966"
[1] "/gpfs/loomis/scratch60/zhao/zy92/GTEX/adjusted_expr1/chr15/ENSG00000069966"
ERROR from TryCatch Block: cannot open the connection 
[1] "INFO: gene ENSG00000069974"
[1] "/gpfs/loomis/scratch60/zhao/zy92/GTEX/adjusted_expr1/chr15/ENSG00000069974"
ERROR from TryCatch Block: cannot open the connection 
[1] "INFO: gene ENSG00000074410"
[1] "/gpfs/loomis/scratch60/zhao/zy92/GTEX/adjusted_expr1/chr15/ENSG00000074410"
ERROR from TryCatch Block: cannot open the connection 
[1] "INFO: gene ENSG00000081014"
[1] "/gpfs/loomis/scratch60/zhao/zy92/GTEX/adjusted_expr1/chr15/ENSG00000081014"
ERROR from TryCatch Block: cannot open the connection 
[1] "INFO: gene ENSG00000092439"
[1] "/gpfs/loomis/scratch60/zhao/zy92/GTEX/adjusted_expr1/chr15/ENSG00000092439"
ERROR from TryCatch Block: cannot open the connection 
[1] "INFO: gene ENSG00000092445"
[1] "/gpfs/loomis/scratch60/zhao/zy92/GTEX/adjusted_expr1/chr15/ENSG00000092445"
ERROR from TryCatch Block: cannot open the connection 
[1] "INFO: gene ENSG00000092470"
[1] "/gpfs/loomis/scratch60/zhao/zy92/GTEX/adjusted_expr1/chr15/ENSG00000092470"
ERROR from TryCatch Block: cannot open the connection 
[1] "INFO: gene ENSG00000092529"
[1] "/gpfs/loomis/scratch60/zhao/zy92/GTEX/adjusted_expr1/chr15/ENSG00000092529"
ERROR from TryCatch Block: cannot open the connection 
[1] "INFO: gene ENSG00000092531"
[1] "/gpfs/loomis/scratch60/zhao/zy92/GTEX/adjusted_expr1/chr15/ENSG00000092531"
ERROR from TryCatch Block: cannot open the connection 
[1] "INFO: gene ENSG00000103569"
[1] "/gpfs/loomis/scratch60/zhao/zy92/GTEX/adjusted_expr1/chr15/ENSG00000103569"
ERROR from TryCatch Block: cannot open the connection 
[1] "INFO: gene ENSG00000103642"
[1] "/gpfs/loomis/scratch60/zhao/zy92/GTEX/adjusted_expr1/chr15/ENSG00000103642"
ERROR from TryCatch Block: cannot open the connection 
[1] "INFO: gene ENSG00000103657"
[1] "/gpfs/loomis/scratch60/zhao/zy92/GTEX/adjusted_expr1/chr15/ENSG00000103657"
ERROR from TryCatch Block: cannot open the connection 
[1] "INFO: gene ENSG00000103932"
[1] "/gpfs/loomis/scratch60/zhao/zy92/GTEX/adjusted_expr1/chr15/ENSG00000103932"
ERROR from TryCatch Block: cannot open the connection 
[1] "INFO: gene ENSG00000103966"
[1] "/gpfs/loomis/scratch60/zhao/zy92/GTEX/adjusted_expr1/chr15/ENSG00000103966"
ERROR from TryCatch Block: cannot open the connection 
[1] "INFO: gene ENSG00000103978"
[1] "/gpfs/loomis/scratch60/zhao/zy92/GTEX/adjusted_expr1/chr15/ENSG00000103978"
ERROR from TryCatch Block: cannot open the connection 
[1] "INFO: gene ENSG00000103994"
[1] "/gpfs/loomis/scratch60/zhao/zy92/GTEX/adjusted_expr1/chr15/ENSG00000103994"
ERROR from TryCatch Block: cannot open the connection 
[1] "INFO: gene ENSG00000104043"
[1] "/gpfs/loomis/scratch60/zhao/zy92/GTEX/adjusted_expr1/chr15/ENSG00000104043"
ERROR from TryCatch Block: cannot open the connection 
[1] "INFO: gene ENSG00000104044"
[1] "/gpfs/loomis/scratch60/zhao/zy92/GTEX/adjusted_expr1/chr15/ENSG00000104044"
ERROR from TryCatch Block: cannot open the connection 
[1] "INFO: gene ENSG00000104047"
[1] "/gpfs/loomis/scratch60/zhao/zy92/GTEX/adjusted_expr1/chr15/ENSG00000104047"
ERROR from TryCatch Block: cannot open the connection 
[1] "INFO: gene ENSG00000104055"
[1] "/gpfs/loomis/scratch60/zhao/zy92/GTEX/adjusted_expr1/chr15/ENSG00000104055"
ERROR from TryCatch Block: cannot open the connection 
[1] "INFO: gene ENSG00000104059"
[1] "/gpfs/loomis/scratch60/zhao/zy92/GTEX/adjusted_expr1/chr15/ENSG00000104059"
ERROR from TryCatch Block: cannot open the connection 
[1] "INFO: gene ENSG00000104064"
[1] "/gpfs/loomis/scratch60/zhao/zy92/GTEX/adjusted_expr1/chr15/ENSG00000104064"
ERROR from TryCatch Block: cannot open the connection 
[1] "INFO: gene ENSG00000104067"
[1] "/gpfs/loomis/scratch60/zhao/zy92/GTEX/adjusted_expr1/chr15/ENSG00000104067"
ERROR from TryCatch Block: cannot open the connection 
[1] "INFO: gene ENSG00000104081"
[1] "/gpfs/loomis/scratch60/zhao/zy92/GTEX/adjusted_expr1/chr15/ENSG00000104081"
ERROR from TryCatch Block: cannot open the connection 
[1] "INFO: gene ENSG00000104093"
[1] "/gpfs/loomis/scratch60/zhao/zy92/GTEX/adjusted_expr1/chr15/ENSG00000104093"
ERROR from TryCatch Block: cannot open the connection 
[1] "INFO: gene ENSG00000104112"
[1] "/gpfs/loomis/scratch60/zhao/zy92/GTEX/adjusted_expr1/chr15/ENSG00000104112"
ERROR from TryCatch Block: cannot open the connection 
[1] "INFO: gene ENSG00000104129"
[1] "/gpfs/loomis/scratch60/zhao/zy92/GTEX/adjusted_expr1/chr15/ENSG00000104129"
ERROR from TryCatch Block: cannot open the connection 
[1] "INFO: gene ENSG00000104131"
[1] "/gpfs/loomis/scratch60/zhao/zy92/GTEX/adjusted_expr1/chr15/ENSG00000104131"
ERROR from TryCatch Block: cannot open the connection 
[1] "INFO: gene ENSG00000104133"
[1] "/gpfs/loomis/scratch60/zhao/zy92/GTEX/adjusted_expr1/chr15/ENSG00000104133"
ERROR from TryCatch Block: cannot open the connection 
[1] "INFO: gene ENSG00000104140"
[1] "/gpfs/loomis/scratch60/zhao/zy92/GTEX/adjusted_expr1/chr15/ENSG00000104140"
ERROR from TryCatch Block: cannot open the connection 
[1] "INFO: gene ENSG00000104142"
[1] "/gpfs/loomis/scratch60/zhao/zy92/GTEX/adjusted_expr1/chr15/ENSG00000104142"
ERROR from TryCatch Block: cannot open the connection 
[1] "INFO: gene ENSG00000104147"
[1] "/gpfs/loomis/scratch60/zhao/zy92/GTEX/adjusted_expr1/chr15/ENSG00000104147"
ERROR from TryCatch Block: cannot open the connection 
[1] "INFO: gene ENSG00000114062"
[1] "/gpfs/loomis/scratch60/zhao/zy92/GTEX/adjusted_expr1/chr15/ENSG00000114062"
ERROR from TryCatch Block: cannot open the connection 
[1] "INFO: gene ENSG00000128463"
[1] "/gpfs/loomis/scratch60/zhao/zy92/GTEX/adjusted_expr1/chr15/ENSG00000128463"
ERROR from TryCatch Block: cannot open the connection 
[1] "INFO: gene ENSG00000128731"
[1] "/gpfs/loomis/scratch60/zhao/zy92/GTEX/adjusted_expr1/chr15/ENSG00000128731"
ERROR from TryCatch Block: cannot open the connection 
[1] "INFO: gene ENSG00000128739"
[1] "/gpfs/loomis/scratch60/zhao/zy92/GTEX/adjusted_expr1/chr15/ENSG00000128739"
ERROR from TryCatch Block: cannot open the connection 
[1] "INFO: gene ENSG00000128829"
[1] "/gpfs/loomis/scratch60/zhao/zy92/GTEX/adjusted_expr1/chr15/ENSG00000128829"
ERROR from TryCatch Block: cannot open the connection 
[1] "INFO: gene ENSG00000128833"
[1] "/gpfs/loomis/scratch60/zhao/zy92/GTEX/adjusted_expr1/chr15/ENSG00000128833"
ERROR from TryCatch Block: cannot open the connection 
[1] "INFO: gene ENSG00000128849"
[1] "/gpfs/loomis/scratch60/zhao/zy92/GTEX/adjusted_expr1/chr15/ENSG00000128849"
ERROR from TryCatch Block: cannot open the connection 
[1] "INFO: 13.85% processed"
[1] "INFO: gene ENSG00000128872"
[1] "/gpfs/loomis/scratch60/zhao/zy92/GTEX/adjusted_expr1/chr15/ENSG00000128872"
ERROR from TryCatch Block: cannot open the connection 
[1] "INFO: gene ENSG00000128881"
[1] "/gpfs/loomis/scratch60/zhao/zy92/GTEX/adjusted_expr1/chr15/ENSG00000128881"
ERROR from TryCatch Block: cannot open the connection 
[1] "INFO: gene ENSG00000128886"
[1] "/gpfs/loomis/scratch60/zhao/zy92/GTEX/adjusted_expr1/chr15/ENSG00000128886"
ERROR from TryCatch Block: cannot open the connection 
[1] "INFO: gene ENSG00000128891"
[1] "/gpfs/loomis/scratch60/zhao/zy92/GTEX/adjusted_expr1/chr15/ENSG00000128891"
ERROR from TryCatch Block: cannot open the connection 
[1] "INFO: gene ENSG00000128908"
[1] "/gpfs/loomis/scratch60/zhao/zy92/GTEX/adjusted_expr1/chr15/ENSG00000128908"
ERROR from TryCatch Block: cannot open the connection 
[1] "INFO: gene ENSG00000128915"
[1] "/gpfs/loomis/scratch60/zhao/zy92/GTEX/adjusted_expr1/chr15/ENSG00000128915"
ERROR from TryCatch Block: cannot open the connection 
[1] "INFO: gene ENSG00000128917"
[1] "/gpfs/loomis/scratch60/zhao/zy92/GTEX/adjusted_expr1/chr15/ENSG00000128917"
ERROR from TryCatch Block: cannot open the connection 
[1] "INFO: gene ENSG00000128918"
[1] "/gpfs/loomis/scratch60/zhao/zy92/GTEX/adjusted_expr1/chr15/ENSG00000128918"
ERROR from TryCatch Block: cannot open the connection 
[1] "INFO: gene ENSG00000128923"
[1] "/gpfs/loomis/scratch60/zhao/zy92/GTEX/adjusted_expr1/chr15/ENSG00000128923"
ERROR from TryCatch Block: cannot open the connection 
[1] "INFO: gene ENSG00000128928"
[1] "/gpfs/loomis/scratch60/zhao/zy92/GTEX/adjusted_expr1/chr15/ENSG00000128928"
ERROR from TryCatch Block: cannot open the connection 
[1] "INFO: gene ENSG00000128944"
[1] "/gpfs/loomis/scratch60/zhao/zy92/GTEX/adjusted_expr1/chr15/ENSG00000128944"
ERROR from TryCatch Block: cannot open the connection 
[1] "INFO: gene ENSG00000128965"
[1] "/gpfs/loomis/scratch60/zhao/zy92/GTEX/adjusted_expr1/chr15/ENSG00000128965"
ERROR from TryCatch Block: cannot open the connection 
[1] "INFO: gene ENSG00000128989"
[1] "/gpfs/loomis/scratch60/zhao/zy92/GTEX/adjusted_expr1/chr15/ENSG00000128989"
ERROR from TryCatch Block: cannot open the connection 
[1] "INFO: gene ENSG00000129003"
[1] "/gpfs/loomis/scratch60/zhao/zy92/GTEX/adjusted_expr1/chr15/ENSG00000129003"
ERROR from TryCatch Block: cannot open the connection 
[1] "INFO: gene ENSG00000134138"
[1] "/gpfs/loomis/scratch60/zhao/zy92/GTEX/adjusted_expr1/chr15/ENSG00000134138"
ERROR from TryCatch Block: cannot open the connection 
[1] "INFO: gene ENSG00000134146"
[1] "/gpfs/loomis/scratch60/zhao/zy92/GTEX/adjusted_expr1/chr15/ENSG00000134146"
ERROR from TryCatch Block: cannot open the connection 
[1] "INFO: gene ENSG00000134152"
[1] "/gpfs/loomis/scratch60/zhao/zy92/GTEX/adjusted_expr1/chr15/ENSG00000134152"
ERROR from TryCatch Block: cannot open the connection 
[1] "INFO: gene ENSG00000134153"
[1] "/gpfs/loomis/scratch60/zhao/zy92/GTEX/adjusted_expr1/chr15/ENSG00000134153"
ERROR from TryCatch Block: cannot open the connection 
[1] "INFO: gene ENSG00000134160"
[1] "/gpfs/loomis/scratch60/zhao/zy92/GTEX/adjusted_expr1/chr15/ENSG00000134160"
ERROR from TryCatch Block: cannot open the connection 
[1] "INFO: gene ENSG00000137766"
[1] "/gpfs/loomis/scratch60/zhao/zy92/GTEX/adjusted_expr1/chr15/ENSG00000137766"
ERROR from TryCatch Block: cannot open the connection 
[1] "INFO: gene ENSG00000137770"
[1] "/gpfs/loomis/scratch60/zhao/zy92/GTEX/adjusted_expr1/chr15/ENSG00000137770"
ERROR from TryCatch Block: cannot open the connection 
[1] "INFO: gene ENSG00000137776"
[1] "/gpfs/loomis/scratch60/zhao/zy92/GTEX/adjusted_expr1/chr15/ENSG00000137776"
ERROR from TryCatch Block: cannot open the connection 
[1] "INFO: gene ENSG00000137801"
[1] "/gpfs/loomis/scratch60/zhao/zy92/GTEX/adjusted_expr1/chr15/ENSG00000137801"
ERROR from TryCatch Block: cannot open the connection 
[1] "INFO: gene ENSG00000137802"
[1] "/gpfs/loomis/scratch60/zhao/zy92/GTEX/adjusted_expr1/chr15/ENSG00000137802"
ERROR from TryCatch Block: cannot open the connection 
[1] "INFO: gene ENSG00000137804"
[1] "/gpfs/loomis/scratch60/zhao/zy92/GTEX/adjusted_expr1/chr15/ENSG00000137804"
ERROR from TryCatch Block: cannot open the connection 
[1] "INFO: gene ENSG00000137806"
[1] "/gpfs/loomis/scratch60/zhao/zy92/GTEX/adjusted_expr1/chr15/ENSG00000137806"
ERROR from TryCatch Block: cannot open the connection 
[1] "INFO: gene ENSG00000137812"
[1] "/gpfs/loomis/scratch60/zhao/zy92/GTEX/adjusted_expr1/chr15/ENSG00000137812"
ERROR from TryCatch Block: cannot open the connection 
[1] "INFO: gene ENSG00000137814"
[1] "/gpfs/loomis/scratch60/zhao/zy92/GTEX/adjusted_expr1/chr15/ENSG00000137814"
ERROR from TryCatch Block: cannot open the connection 
[1] "INFO: gene ENSG00000137815"
[1] "/gpfs/loomis/scratch60/zhao/zy92/GTEX/adjusted_expr1/chr15/ENSG00000137815"
ERROR from TryCatch Block: cannot open the connection 
[1] "INFO: gene ENSG00000137822"
[1] "/gpfs/loomis/scratch60/zhao/zy92/GTEX/adjusted_expr1/chr15/ENSG00000137822"
ERROR from TryCatch Block: cannot open the connection 
[1] "INFO: gene ENSG00000137824"
[1] "/gpfs/loomis/scratch60/zhao/zy92/GTEX/adjusted_expr1/chr15/ENSG00000137824"
ERROR from TryCatch Block: cannot open the connection 
[1] "INFO: gene ENSG00000137825"
[1] "/gpfs/loomis/scratch60/zhao/zy92/GTEX/adjusted_expr1/chr15/ENSG00000137825"
ERROR from TryCatch Block: cannot open the connection 
[1] "INFO: gene ENSG00000137841"
[1] "/gpfs/loomis/scratch60/zhao/zy92/GTEX/adjusted_expr1/chr15/ENSG00000137841"
ERROR from TryCatch Block: cannot open the connection 
[1] "INFO: gene ENSG00000137842"
[1] "/gpfs/loomis/scratch60/zhao/zy92/GTEX/adjusted_expr1/chr15/ENSG00000137842"
ERROR from TryCatch Block: cannot open the connection 
[1] "INFO: gene ENSG00000137843"
[1] "/gpfs/loomis/scratch60/zhao/zy92/GTEX/adjusted_expr1/chr15/ENSG00000137843"
ERROR from TryCatch Block: cannot open the connection 
[1] "INFO: gene ENSG00000137845"
[1] "/gpfs/loomis/scratch60/zhao/zy92/GTEX/adjusted_expr1/chr15/ENSG00000137845"
ERROR from TryCatch Block: cannot open the connection 
[1] "INFO: gene ENSG00000137857"
[1] "/gpfs/loomis/scratch60/zhao/zy92/GTEX/adjusted_expr1/chr15/ENSG00000137857"
ERROR from TryCatch Block: cannot open the connection 
[1] "INFO: gene ENSG00000137869"
[1] "/gpfs/loomis/scratch60/zhao/zy92/GTEX/adjusted_expr1/chr15/ENSG00000137869"
ERROR from TryCatch Block: cannot open the connection 
[1] "INFO: gene ENSG00000137871"
[1] "/gpfs/loomis/scratch60/zhao/zy92/GTEX/adjusted_expr1/chr15/ENSG00000137871"
ERROR from TryCatch Block: cannot open the connection 
[1] "INFO: gene ENSG00000137875"
[1] "/gpfs/loomis/scratch60/zhao/zy92/GTEX/adjusted_expr1/chr15/ENSG00000137875"
ERROR from TryCatch Block: cannot open the connection 
[1] "INFO: gene ENSG00000137876"
[1] "/gpfs/loomis/scratch60/zhao/zy92/GTEX/adjusted_expr1/chr15/ENSG00000137876"
ERROR from TryCatch Block: cannot open the connection 
[1] "INFO: gene ENSG00000137877"
[1] "/gpfs/loomis/scratch60/zhao/zy92/GTEX/adjusted_expr1/chr15/ENSG00000137877"
ERROR from TryCatch Block: cannot open the connection 
[1] "INFO: gene ENSG00000137880"
[1] "/gpfs/loomis/scratch60/zhao/zy92/GTEX/adjusted_expr1/chr15/ENSG00000137880"
ERROR from TryCatch Block: cannot open the connection 
[1] "INFO: gene ENSG00000138587"
[1] "/gpfs/loomis/scratch60/zhao/zy92/GTEX/adjusted_expr1/chr15/ENSG00000138587"
ERROR from TryCatch Block: cannot open the connection 
[1] "INFO: gene ENSG00000138592"
[1] "/gpfs/loomis/scratch60/zhao/zy92/GTEX/adjusted_expr1/chr15/ENSG00000138592"
ERROR from TryCatch Block: cannot open the connection 
[1] "INFO: gene ENSG00000138593"
[1] "/gpfs/loomis/scratch60/zhao/zy92/GTEX/adjusted_expr1/chr15/ENSG00000138593"
ERROR from TryCatch Block: cannot open the connection 
[1] "INFO: gene ENSG00000138594"
[1] "/gpfs/loomis/scratch60/zhao/zy92/GTEX/adjusted_expr1/chr15/ENSG00000138594"
ERROR from TryCatch Block: cannot open the connection 
[1] "INFO: gene ENSG00000138600"
[1] "/gpfs/loomis/scratch60/zhao/zy92/GTEX/adjusted_expr1/chr15/ENSG00000138600"
ERROR from TryCatch Block: cannot open the connection 
[1] "INFO: gene ENSG00000138606"
[1] "/gpfs/loomis/scratch60/zhao/zy92/GTEX/adjusted_expr1/chr15/ENSG00000138606"
ERROR from TryCatch Block: cannot open the connection 
[1] "INFO: gene ENSG00000138613"
[1] "/gpfs/loomis/scratch60/zhao/zy92/GTEX/adjusted_expr1/chr15/ENSG00000138613"
ERROR from TryCatch Block: cannot open the connection 
[1] "INFO: 27.7% processed"
[1] "INFO: gene ENSG00000140157"
[1] "/gpfs/loomis/scratch60/zhao/zy92/GTEX/adjusted_expr1/chr15/ENSG00000140157"
ERROR from TryCatch Block: cannot open the connection 
[1] "INFO: gene ENSG00000140199"
[1] "/gpfs/loomis/scratch60/zhao/zy92/GTEX/adjusted_expr1/chr15/ENSG00000140199"
ERROR from TryCatch Block: cannot open the connection 
[1] "INFO: gene ENSG00000140254"
[1] "/gpfs/loomis/scratch60/zhao/zy92/GTEX/adjusted_expr1/chr15/ENSG00000140254"
ERROR from TryCatch Block: cannot open the connection 
[1] "INFO: gene ENSG00000140259"
[1] "/gpfs/loomis/scratch60/zhao/zy92/GTEX/adjusted_expr1/chr15/ENSG00000140259"
ERROR from TryCatch Block: cannot open the connection 
[1] "INFO: gene ENSG00000140262"
[1] "/gpfs/loomis/scratch60/zhao/zy92/GTEX/adjusted_expr1/chr15/ENSG00000140262"
ERROR from TryCatch Block: cannot open the connection 
[1] "INFO: gene ENSG00000140263"
[1] "/gpfs/loomis/scratch60/zhao/zy92/GTEX/adjusted_expr1/chr15/ENSG00000140263"
ERROR from TryCatch Block: cannot open the connection 
[1] "INFO: gene ENSG00000140264"
[1] "/gpfs/loomis/scratch60/zhao/zy92/GTEX/adjusted_expr1/chr15/ENSG00000140264"
ERROR from TryCatch Block: cannot open the connection 
[1] "INFO: gene ENSG00000140265"
[1] "/gpfs/loomis/scratch60/zhao/zy92/GTEX/adjusted_expr1/chr15/ENSG00000140265"
ERROR from TryCatch Block: cannot open the connection 
[1] "INFO: gene ENSG00000140274"
[1] "/gpfs/loomis/scratch60/zhao/zy92/GTEX/adjusted_expr1/chr15/ENSG00000140274"
ERROR from TryCatch Block: cannot open the connection 
[1] "INFO: gene ENSG00000140279"
[1] "/gpfs/loomis/scratch60/zhao/zy92/GTEX/adjusted_expr1/chr15/ENSG00000140279"
ERROR from TryCatch Block: cannot open the connection 
[1] "INFO: gene ENSG00000140280"
[1] "/gpfs/loomis/scratch60/zhao/zy92/GTEX/adjusted_expr1/chr15/ENSG00000140280"
ERROR from TryCatch Block: cannot open the connection 
[1] "INFO: gene ENSG00000140284"
[1] "/gpfs/loomis/scratch60/zhao/zy92/GTEX/adjusted_expr1/chr15/ENSG00000140284"
ERROR from TryCatch Block: cannot open the connection 
[1] "INFO: gene ENSG00000140285"
[1] "/gpfs/loomis/scratch60/zhao/zy92/GTEX/adjusted_expr1/chr15/ENSG00000140285"
ERROR from TryCatch Block: cannot open the connection 
[1] "INFO: gene ENSG00000140287"
[1] "/gpfs/loomis/scratch60/zhao/zy92/GTEX/adjusted_expr1/chr15/ENSG00000140287"
ERROR from TryCatch Block: cannot open the connection 
[1] "INFO: gene ENSG00000140297"
[1] "/gpfs/loomis/scratch60/zhao/zy92/GTEX/adjusted_expr1/chr15/ENSG00000140297"
ERROR from TryCatch Block: cannot open the connection 
[1] "INFO: gene ENSG00000140299"
[1] "/gpfs/loomis/scratch60/zhao/zy92/GTEX/adjusted_expr1/chr15/ENSG00000140299"
ERROR from TryCatch Block: cannot open the connection 
[1] "INFO: gene ENSG00000140307"
[1] "/gpfs/loomis/scratch60/zhao/zy92/GTEX/adjusted_expr1/chr15/ENSG00000140307"
ERROR from TryCatch Block: cannot open the connection 
[1] "INFO: gene ENSG00000140319"
[1] "/gpfs/loomis/scratch60/zhao/zy92/GTEX/adjusted_expr1/chr15/ENSG00000140319"
ERROR from TryCatch Block: cannot open the connection 
[1] "INFO: gene ENSG00000140320"
[1] "/gpfs/loomis/scratch60/zhao/zy92/GTEX/adjusted_expr1/chr15/ENSG00000140320"
ERROR from TryCatch Block: cannot open the connection 
[1] "INFO: gene ENSG00000140323"
[1] "/gpfs/loomis/scratch60/zhao/zy92/GTEX/adjusted_expr1/chr15/ENSG00000140323"
ERROR from TryCatch Block: cannot open the connection 
[1] "INFO: gene ENSG00000140326"
[1] "/gpfs/loomis/scratch60/zhao/zy92/GTEX/adjusted_expr1/chr15/ENSG00000140326"
ERROR from TryCatch Block: cannot open the connection 
[1] "INFO: gene ENSG00000140416"
[1] "/gpfs/loomis/scratch60/zhao/zy92/GTEX/adjusted_expr1/chr15/ENSG00000140416"
ERROR from TryCatch Block: cannot open the connection 
[1] "INFO: gene ENSG00000140455"
[1] "/gpfs/loomis/scratch60/zhao/zy92/GTEX/adjusted_expr1/chr15/ENSG00000140455"
ERROR from TryCatch Block: cannot open the connection 
[1] "INFO: gene ENSG00000150667"
[1] "/gpfs/loomis/scratch60/zhao/zy92/GTEX/adjusted_expr1/chr15/ENSG00000150667"
ERROR from TryCatch Block: cannot open the connection 
[1] "INFO: gene ENSG00000151575"
[1] "/gpfs/loomis/scratch60/zhao/zy92/GTEX/adjusted_expr1/chr15/ENSG00000151575"
ERROR from TryCatch Block: cannot open the connection 
[1] "INFO: gene ENSG00000153684"
[1] "/gpfs/loomis/scratch60/zhao/zy92/GTEX/adjusted_expr1/chr15/ENSG00000153684"
ERROR from TryCatch Block: cannot open the connection 
[1] "INFO: gene ENSG00000156958"
[1] "/gpfs/loomis/scratch60/zhao/zy92/GTEX/adjusted_expr1/chr15/ENSG00000156958"
ERROR from TryCatch Block: cannot open the connection 
[1] "INFO: gene ENSG00000156970"
[1] "/gpfs/loomis/scratch60/zhao/zy92/GTEX/adjusted_expr1/chr15/ENSG00000156970"
ERROR from TryCatch Block: cannot open the connection 
[1] "INFO: gene ENSG00000157450"
[1] "/gpfs/loomis/scratch60/zhao/zy92/GTEX/adjusted_expr1/chr15/ENSG00000157450"
ERROR from TryCatch Block: cannot open the connection 
[1] "INFO: gene ENSG00000157456"
[1] "/gpfs/loomis/scratch60/zhao/zy92/GTEX/adjusted_expr1/chr15/ENSG00000157456"
ERROR from TryCatch Block: cannot open the connection 
[1] "INFO: gene ENSG00000157470"
[1] "/gpfs/loomis/scratch60/zhao/zy92/GTEX/adjusted_expr1/chr15/ENSG00000157470"
ERROR from TryCatch Block: cannot open the connection 
[1] "INFO: gene ENSG00000157483"
[1] "/gpfs/loomis/scratch60/zhao/zy92/GTEX/adjusted_expr1/chr15/ENSG00000157483"
ERROR from TryCatch Block: cannot open the connection 
[1] "INFO: gene ENSG00000159248"
[1] "/gpfs/loomis/scratch60/zhao/zy92/GTEX/adjusted_expr1/chr15/ENSG00000159248"
ERROR from TryCatch Block: cannot open the connection 
[1] "INFO: gene ENSG00000159251"
[1] "/gpfs/loomis/scratch60/zhao/zy92/GTEX/adjusted_expr1/chr15/ENSG00000159251"
ERROR from TryCatch Block: cannot open the connection 
[1] "INFO: gene ENSG00000159337"
[1] "/gpfs/loomis/scratch60/zhao/zy92/GTEX/adjusted_expr1/chr15/ENSG00000159337"
ERROR from TryCatch Block: cannot open the connection 
[1] "INFO: gene ENSG00000159433"
[1] "/gpfs/loomis/scratch60/zhao/zy92/GTEX/adjusted_expr1/chr15/ENSG00000159433"
ERROR from TryCatch Block: cannot open the connection 
[1] "INFO: gene ENSG00000159459"
[1] "/gpfs/loomis/scratch60/zhao/zy92/GTEX/adjusted_expr1/chr15/ENSG00000159459"
ERROR from TryCatch Block: cannot open the connection 
[1] "INFO: gene ENSG00000159495"
[1] "/gpfs/loomis/scratch60/zhao/zy92/GTEX/adjusted_expr1/chr15/ENSG00000159495"
ERROR from TryCatch Block: cannot open the connection 
[1] "INFO: gene ENSG00000166035"
[1] "/gpfs/loomis/scratch60/zhao/zy92/GTEX/adjusted_expr1/chr15/ENSG00000166035"
ERROR from TryCatch Block: cannot open the connection 
[1] "INFO: gene ENSG00000166068"
[1] "/gpfs/loomis/scratch60/zhao/zy92/GTEX/adjusted_expr1/chr15/ENSG00000166068"
ERROR from TryCatch Block: cannot open the connection 
[1] "INFO: gene ENSG00000166069"
[1] "/gpfs/loomis/scratch60/zhao/zy92/GTEX/adjusted_expr1/chr15/ENSG00000166069"
ERROR from TryCatch Block: cannot open the connection 
[1] "INFO: gene ENSG00000166073"
[1] "/gpfs/loomis/scratch60/zhao/zy92/GTEX/adjusted_expr1/chr15/ENSG00000166073"
ERROR from TryCatch Block: cannot open the connection 
[1] "INFO: gene ENSG00000166128"
[1] "/gpfs/loomis/scratch60/zhao/zy92/GTEX/adjusted_expr1/chr15/ENSG00000166128"
ERROR from TryCatch Block: cannot open the connection 
[1] "INFO: gene ENSG00000166133"
[1] "/gpfs/loomis/scratch60/zhao/zy92/GTEX/adjusted_expr1/chr15/ENSG00000166133"
ERROR from TryCatch Block: cannot open the connection 
[1] "INFO: gene ENSG00000166140"
[1] "/gpfs/loomis/scratch60/zhao/zy92/GTEX/adjusted_expr1/chr15/ENSG00000166140"
ERROR from TryCatch Block: cannot open the connection 
[1] "INFO: gene ENSG00000166143"
[1] "/gpfs/loomis/scratch60/zhao/zy92/GTEX/adjusted_expr1/chr15/ENSG00000166143"
ERROR from TryCatch Block: cannot open the connection 
[1] "INFO: gene ENSG00000166145"
[1] "/gpfs/loomis/scratch60/zhao/zy92/GTEX/adjusted_expr1/chr15/ENSG00000166145"
ERROR from TryCatch Block: cannot open the connection 
[1] "INFO: gene ENSG00000166200"
[1] "/gpfs/loomis/scratch60/zhao/zy92/GTEX/adjusted_expr1/chr15/ENSG00000166200"
ERROR from TryCatch Block: cannot open the connection 
[1] "INFO: gene ENSG00000166206"
[1] "/gpfs/loomis/scratch60/zhao/zy92/GTEX/adjusted_expr1/chr15/ENSG00000166206"
ERROR from TryCatch Block: cannot open the connection 
[1] "INFO: gene ENSG00000166262"
[1] "/gpfs/loomis/scratch60/zhao/zy92/GTEX/adjusted_expr1/chr15/ENSG00000166262"
ERROR from TryCatch Block: cannot open the connection 
[1] "INFO: 41.55% processed"
[1] "INFO: gene ENSG00000166415"
[1] "/gpfs/loomis/scratch60/zhao/zy92/GTEX/adjusted_expr1/chr15/ENSG00000166415"
ERROR from TryCatch Block: cannot open the connection 
[1] "INFO: gene ENSG00000166450"
[1] "/gpfs/loomis/scratch60/zhao/zy92/GTEX/adjusted_expr1/chr15/ENSG00000166450"
ERROR from TryCatch Block: cannot open the connection 
[1] "INFO: gene ENSG00000166477"
[1] "/gpfs/loomis/scratch60/zhao/zy92/GTEX/adjusted_expr1/chr15/ENSG00000166477"
ERROR from TryCatch Block: cannot open the connection 
[1] "INFO: gene ENSG00000166664"
[1] "/gpfs/loomis/scratch60/zhao/zy92/GTEX/adjusted_expr1/chr15/ENSG00000166664"
ERROR from TryCatch Block: cannot open the connection 
[1] "INFO: gene ENSG00000166710"
[1] "/gpfs/loomis/scratch60/zhao/zy92/GTEX/adjusted_expr1/chr15/ENSG00000166710"
ERROR from TryCatch Block: cannot open the connection 
[1] "INFO: gene ENSG00000166734"
[1] "/gpfs/loomis/scratch60/zhao/zy92/GTEX/adjusted_expr1/chr15/ENSG00000166734"
ERROR from TryCatch Block: cannot open the connection 
[1] "INFO: gene ENSG00000166762"
[1] "/gpfs/loomis/scratch60/zhao/zy92/GTEX/adjusted_expr1/chr15/ENSG00000166762"
ERROR from TryCatch Block: cannot open the connection 
[1] "INFO: gene ENSG00000166887"
[1] "/gpfs/loomis/scratch60/zhao/zy92/GTEX/adjusted_expr1/chr15/ENSG00000166887"
ERROR from TryCatch Block: cannot open the connection 
[1] "INFO: gene ENSG00000166912"
[1] "/gpfs/loomis/scratch60/zhao/zy92/GTEX/adjusted_expr1/chr15/ENSG00000166912"
ERROR from TryCatch Block: cannot open the connection 
[1] "INFO: gene ENSG00000166922"
[1] "/gpfs/loomis/scratch60/zhao/zy92/GTEX/adjusted_expr1/chr15/ENSG00000166922"
ERROR from TryCatch Block: cannot open the connection 
[1] "INFO: gene ENSG00000166923"
[1] "/gpfs/loomis/scratch60/zhao/zy92/GTEX/adjusted_expr1/chr15/ENSG00000166923"
ERROR from TryCatch Block: cannot open the connection 
[1] "INFO: gene ENSG00000166946"
[1] "/gpfs/loomis/scratch60/zhao/zy92/GTEX/adjusted_expr1/chr15/ENSG00000166946"
ERROR from TryCatch Block: cannot open the connection 
[1] "INFO: gene ENSG00000166947"
[1] "/gpfs/loomis/scratch60/zhao/zy92/GTEX/adjusted_expr1/chr15/ENSG00000166947"
ERROR from TryCatch Block: cannot open the connection 
[1] "INFO: gene ENSG00000166963"
[1] "/gpfs/loomis/scratch60/zhao/zy92/GTEX/adjusted_expr1/chr15/ENSG00000166963"
ERROR from TryCatch Block: cannot open the connection 
[1] "INFO: gene ENSG00000167004"
[1] "/gpfs/loomis/scratch60/zhao/zy92/GTEX/adjusted_expr1/chr15/ENSG00000167004"
ERROR from TryCatch Block: cannot open the connection 
[1] "INFO: gene ENSG00000167014"
[1] "/gpfs/loomis/scratch60/zhao/zy92/GTEX/adjusted_expr1/chr15/ENSG00000167014"
ERROR from TryCatch Block: cannot open the connection 
[1] "INFO: gene ENSG00000168781"
[1] "/gpfs/loomis/scratch60/zhao/zy92/GTEX/adjusted_expr1/chr15/ENSG00000168781"
ERROR from TryCatch Block: cannot open the connection 
[1] "INFO: gene ENSG00000168803"
[1] "/gpfs/loomis/scratch60/zhao/zy92/GTEX/adjusted_expr1/chr15/ENSG00000168803"
ERROR from TryCatch Block: cannot open the connection 
[1] "INFO: gene ENSG00000168806"
[1] "/gpfs/loomis/scratch60/zhao/zy92/GTEX/adjusted_expr1/chr15/ENSG00000168806"
ERROR from TryCatch Block: cannot open the connection 
[1] "INFO: gene ENSG00000168907"
[1] "/gpfs/loomis/scratch60/zhao/zy92/GTEX/adjusted_expr1/chr15/ENSG00000168907"
ERROR from TryCatch Block: cannot open the connection 
[1] "INFO: gene ENSG00000169105"
[1] "/gpfs/loomis/scratch60/zhao/zy92/GTEX/adjusted_expr1/chr15/ENSG00000169105"
ERROR from TryCatch Block: cannot open the connection 
[1] "INFO: gene ENSG00000169856"
[1] "/gpfs/loomis/scratch60/zhao/zy92/GTEX/adjusted_expr1/chr15/ENSG00000169856"
ERROR from TryCatch Block: cannot open the connection 
[1] "INFO: gene ENSG00000169857"
[1] "/gpfs/loomis/scratch60/zhao/zy92/GTEX/adjusted_expr1/chr15/ENSG00000169857"
ERROR from TryCatch Block: cannot open the connection 
[1] "INFO: gene ENSG00000169918"
[1] "/gpfs/loomis/scratch60/zhao/zy92/GTEX/adjusted_expr1/chr15/ENSG00000169918"
ERROR from TryCatch Block: cannot open the connection 
[1] "INFO: gene ENSG00000169926"
[1] "/gpfs/loomis/scratch60/zhao/zy92/GTEX/adjusted_expr1/chr15/ENSG00000169926"
ERROR from TryCatch Block: cannot open the connection 
[1] "INFO: gene ENSG00000170113"
[1] "/gpfs/loomis/scratch60/zhao/zy92/GTEX/adjusted_expr1/chr15/ENSG00000170113"
ERROR from TryCatch Block: cannot open the connection 
[1] "INFO: gene ENSG00000170236"
[1] "/gpfs/loomis/scratch60/zhao/zy92/GTEX/adjusted_expr1/chr15/ENSG00000170236"
ERROR from TryCatch Block: cannot open the connection 
[1] "INFO: gene ENSG00000171016"
[1] "/gpfs/loomis/scratch60/zhao/zy92/GTEX/adjusted_expr1/chr15/ENSG00000171016"
ERROR from TryCatch Block: cannot open the connection 
[1] "INFO: gene ENSG00000171262"
[1] "/gpfs/loomis/scratch60/zhao/zy92/GTEX/adjusted_expr1/chr15/ENSG00000171262"
ERROR from TryCatch Block: cannot open the connection 
[1] "INFO: gene ENSG00000171877"
[1] "/gpfs/loomis/scratch60/zhao/zy92/GTEX/adjusted_expr1/chr15/ENSG00000171877"
ERROR from TryCatch Block: cannot open the connection 
[1] "INFO: gene ENSG00000171914"
[1] "/gpfs/loomis/scratch60/zhao/zy92/GTEX/adjusted_expr1/chr15/ENSG00000171914"
ERROR from TryCatch Block: cannot open the connection 
[1] "INFO: gene ENSG00000171956"
[1] "/gpfs/loomis/scratch60/zhao/zy92/GTEX/adjusted_expr1/chr15/ENSG00000171956"
ERROR from TryCatch Block: cannot open the connection 
[1] "INFO: gene ENSG00000171989"
[1] "/gpfs/loomis/scratch60/zhao/zy92/GTEX/adjusted_expr1/chr15/ENSG00000171989"
ERROR from TryCatch Block: cannot open the connection 
[1] "INFO: gene ENSG00000172575"
[1] "/gpfs/loomis/scratch60/zhao/zy92/GTEX/adjusted_expr1/chr15/ENSG00000172575"
ERROR from TryCatch Block: cannot open the connection 
[1] "INFO: gene ENSG00000174197"
[1] "/gpfs/loomis/scratch60/zhao/zy92/GTEX/adjusted_expr1/chr15/ENSG00000174197"
ERROR from TryCatch Block: cannot open the connection 
[1] "INFO: gene ENSG00000174450"
[1] "/gpfs/loomis/scratch60/zhao/zy92/GTEX/adjusted_expr1/chr15/ENSG00000174450"
ERROR from TryCatch Block: cannot open the connection 
[1] "INFO: gene ENSG00000175265"
[1] "/gpfs/loomis/scratch60/zhao/zy92/GTEX/adjusted_expr1/chr15/ENSG00000175265"
ERROR from TryCatch Block: cannot open the connection 
[1] "INFO: gene ENSG00000175344"
[1] "/gpfs/loomis/scratch60/zhao/zy92/GTEX/adjusted_expr1/chr15/ENSG00000175344"
ERROR from TryCatch Block: cannot open the connection 
[1] "INFO: gene ENSG00000175746"
[1] "/gpfs/loomis/scratch60/zhao/zy92/GTEX/adjusted_expr1/chr15/ENSG00000175746"
ERROR from TryCatch Block: cannot open the connection 
[1] "INFO: gene ENSG00000175779"
[1] "/gpfs/loomis/scratch60/zhao/zy92/GTEX/adjusted_expr1/chr15/ENSG00000175779"
ERROR from TryCatch Block: cannot open the connection 
[1] "INFO: gene ENSG00000176454"
[1] "/gpfs/loomis/scratch60/zhao/zy92/GTEX/adjusted_expr1/chr15/ENSG00000176454"
ERROR from TryCatch Block: cannot open the connection 
[1] "INFO: gene ENSG00000176753"
[1] "/gpfs/loomis/scratch60/zhao/zy92/GTEX/adjusted_expr1/chr15/ENSG00000176753"
ERROR from TryCatch Block: cannot open the connection 
[1] "INFO: gene ENSG00000178115"
[1] "/gpfs/loomis/scratch60/zhao/zy92/GTEX/adjusted_expr1/chr15/ENSG00000178115"
ERROR from TryCatch Block: cannot open the connection 
[1] "INFO: gene ENSG00000178997"
[1] "/gpfs/loomis/scratch60/zhao/zy92/GTEX/adjusted_expr1/chr15/ENSG00000178997"
ERROR from TryCatch Block: cannot open the connection 
[1] "INFO: gene ENSG00000179455"
[1] "/gpfs/loomis/scratch60/zhao/zy92/GTEX/adjusted_expr1/chr15/ENSG00000179455"
ERROR from TryCatch Block: cannot open the connection 
[1] "INFO: gene ENSG00000179523"
[1] "/gpfs/loomis/scratch60/zhao/zy92/GTEX/adjusted_expr1/chr15/ENSG00000179523"
ERROR from TryCatch Block: cannot open the connection 
[1] "INFO: gene ENSG00000179938"
[1] "/gpfs/loomis/scratch60/zhao/zy92/GTEX/adjusted_expr1/chr15/ENSG00000179938"
ERROR from TryCatch Block: cannot open the connection 
[1] "INFO: gene ENSG00000180979"
[1] "/gpfs/loomis/scratch60/zhao/zy92/GTEX/adjusted_expr1/chr15/ENSG00000180979"
ERROR from TryCatch Block: cannot open the connection 
[1] "INFO: gene ENSG00000181827"
[1] "/gpfs/loomis/scratch60/zhao/zy92/GTEX/adjusted_expr1/chr15/ENSG00000181827"
ERROR from TryCatch Block: cannot open the connection 
[1] "INFO: gene ENSG00000182117"
[1] "/gpfs/loomis/scratch60/zhao/zy92/GTEX/adjusted_expr1/chr15/ENSG00000182117"
ERROR from TryCatch Block: cannot open the connection 
[1] "INFO: 55.4% processed"
[1] "INFO: gene ENSG00000182256"
[1] "/gpfs/loomis/scratch60/zhao/zy92/GTEX/adjusted_expr1/chr15/ENSG00000182256"
ERROR from TryCatch Block: cannot open the connection 
[1] "INFO: gene ENSG00000182405"
[1] "/gpfs/loomis/scratch60/zhao/zy92/GTEX/adjusted_expr1/chr15/ENSG00000182405"
ERROR from TryCatch Block: cannot open the connection 
[1] "INFO: gene ENSG00000182636"
[1] "/gpfs/loomis/scratch60/zhao/zy92/GTEX/adjusted_expr1/chr15/ENSG00000182636"
ERROR from TryCatch Block: cannot open the connection 
[1] "INFO: gene ENSG00000182718"
[1] "/gpfs/loomis/scratch60/zhao/zy92/GTEX/adjusted_expr1/chr15/ENSG00000182718"
ERROR from TryCatch Block: cannot open the connection 
[1] "INFO: gene ENSG00000182974"
[1] "/gpfs/loomis/scratch60/zhao/zy92/GTEX/adjusted_expr1/chr15/ENSG00000182974"
ERROR from TryCatch Block: cannot open the connection 
[1] "INFO: gene ENSG00000183578"
[1] "/gpfs/loomis/scratch60/zhao/zy92/GTEX/adjusted_expr1/chr15/ENSG00000183578"
ERROR from TryCatch Block: cannot open the connection 
[1] "INFO: gene ENSG00000183629"
[1] "/gpfs/loomis/scratch60/zhao/zy92/GTEX/adjusted_expr1/chr15/ENSG00000183629"
ERROR from TryCatch Block: cannot open the connection 
[1] "INFO: gene ENSG00000183706"
[1] "/gpfs/loomis/scratch60/zhao/zy92/GTEX/adjusted_expr1/chr15/ENSG00000183706"
ERROR from TryCatch Block: cannot open the connection 
[1] "INFO: gene ENSG00000184507"
[1] "/gpfs/loomis/scratch60/zhao/zy92/GTEX/adjusted_expr1/chr15/ENSG00000184507"
ERROR from TryCatch Block: cannot open the connection 
[1] "INFO: gene ENSG00000184984"
[1] "/gpfs/loomis/scratch60/zhao/zy92/GTEX/adjusted_expr1/chr15/ENSG00000184984"
ERROR from TryCatch Block: cannot open the connection 
[1] "INFO: gene ENSG00000185088"
[1] "/gpfs/loomis/scratch60/zhao/zy92/GTEX/adjusted_expr1/chr15/ENSG00000185088"
ERROR from TryCatch Block: cannot open the connection 
[1] "INFO: gene ENSG00000185115"
[1] "/gpfs/loomis/scratch60/zhao/zy92/GTEX/adjusted_expr1/chr15/ENSG00000185115"
ERROR from TryCatch Block: cannot open the connection 
[1] "INFO: gene ENSG00000185823"
[1] "/gpfs/loomis/scratch60/zhao/zy92/GTEX/adjusted_expr1/chr15/ENSG00000185823"
ERROR from TryCatch Block: cannot open the connection 
[1] "INFO: gene ENSG00000185880"
[1] "/gpfs/loomis/scratch60/zhao/zy92/GTEX/adjusted_expr1/chr15/ENSG00000185880"
ERROR from TryCatch Block: cannot open the connection 
[1] "INFO: gene ENSG00000186073"
[1] "/gpfs/loomis/scratch60/zhao/zy92/GTEX/adjusted_expr1/chr15/ENSG00000186073"
ERROR from TryCatch Block: cannot open the connection 
[1] "INFO: gene ENSG00000186297"
[1] "/gpfs/loomis/scratch60/zhao/zy92/GTEX/adjusted_expr1/chr15/ENSG00000186297"
ERROR from TryCatch Block: cannot open the connection 
[1] "INFO: gene ENSG00000186399"
[1] "/gpfs/loomis/scratch60/zhao/zy92/GTEX/adjusted_expr1/chr15/ENSG00000186399"
ERROR from TryCatch Block: cannot open the connection 
[1] "INFO: gene ENSG00000186417"
[1] "/gpfs/loomis/scratch60/zhao/zy92/GTEX/adjusted_expr1/chr15/ENSG00000186417"
ERROR from TryCatch Block: cannot open the connection 
[1] "INFO: gene ENSG00000187446"
[1] "/gpfs/loomis/scratch60/zhao/zy92/GTEX/adjusted_expr1/chr15/ENSG00000187446"
ERROR from TryCatch Block: cannot open the connection 
[1] "INFO: gene ENSG00000187951"
[1] "/gpfs/loomis/scratch60/zhao/zy92/GTEX/adjusted_expr1/chr15/ENSG00000187951"
ERROR from TryCatch Block: cannot open the connection 
[1] "INFO: gene ENSG00000188089"
[1] "/gpfs/loomis/scratch60/zhao/zy92/GTEX/adjusted_expr1/chr15/ENSG00000188089"
ERROR from TryCatch Block: cannot open the connection 
[1] "INFO: gene ENSG00000188277"
[1] "/gpfs/loomis/scratch60/zhao/zy92/GTEX/adjusted_expr1/chr15/ENSG00000188277"
ERROR from TryCatch Block: cannot open the connection 
[1] "INFO: gene ENSG00000188549"
[1] "/gpfs/loomis/scratch60/zhao/zy92/GTEX/adjusted_expr1/chr15/ENSG00000188549"
ERROR from TryCatch Block: cannot open the connection 
[1] "INFO: gene ENSG00000188626"
[1] "/gpfs/loomis/scratch60/zhao/zy92/GTEX/adjusted_expr1/chr15/ENSG00000188626"
ERROR from TryCatch Block: cannot open the connection 
[1] "INFO: gene ENSG00000197361"
[1] "/gpfs/loomis/scratch60/zhao/zy92/GTEX/adjusted_expr1/chr15/ENSG00000197361"
ERROR from TryCatch Block: cannot open the connection 
[1] "INFO: gene ENSG00000197535"
[1] "/gpfs/loomis/scratch60/zhao/zy92/GTEX/adjusted_expr1/chr15/ENSG00000197535"
ERROR from TryCatch Block: cannot open the connection 
[1] "INFO: gene ENSG00000198146"
[1] "/gpfs/loomis/scratch60/zhao/zy92/GTEX/adjusted_expr1/chr15/ENSG00000198146"
ERROR from TryCatch Block: cannot open the connection 
[1] "INFO: gene ENSG00000198535"
[1] "/gpfs/loomis/scratch60/zhao/zy92/GTEX/adjusted_expr1/chr15/ENSG00000198535"
ERROR from TryCatch Block: cannot open the connection 
[1] "INFO: gene ENSG00000198690"
[1] "/gpfs/loomis/scratch60/zhao/zy92/GTEX/adjusted_expr1/chr15/ENSG00000198690"
ERROR from TryCatch Block: cannot open the connection 
[1] "INFO: gene ENSG00000198826"
[1] "/gpfs/loomis/scratch60/zhao/zy92/GTEX/adjusted_expr1/chr15/ENSG00000198826"
ERROR from TryCatch Block: cannot open the connection 
[1] "INFO: gene ENSG00000198838"
[1] "/gpfs/loomis/scratch60/zhao/zy92/GTEX/adjusted_expr1/chr15/ENSG00000198838"
ERROR from TryCatch Block: cannot open the connection 
[1] "INFO: gene ENSG00000199156"
[1] "/gpfs/loomis/scratch60/zhao/zy92/GTEX/adjusted_expr1/chr15/ENSG00000199156"
ERROR from TryCatch Block: cannot open the connection 
[1] "INFO: gene ENSG00000205502"
[1] "/gpfs/loomis/scratch60/zhao/zy92/GTEX/adjusted_expr1/chr15/ENSG00000205502"
ERROR from TryCatch Block: cannot open the connection 
[1] "INFO: gene ENSG00000206127"
[1] "/gpfs/loomis/scratch60/zhao/zy92/GTEX/adjusted_expr1/chr15/ENSG00000206127"
ERROR from TryCatch Block: cannot open the connection 
[1] "INFO: gene ENSG00000206187"
[1] "/gpfs/loomis/scratch60/zhao/zy92/GTEX/adjusted_expr1/chr15/ENSG00000206187"
ERROR from TryCatch Block: cannot open the connection 
[1] "INFO: gene ENSG00000206190"
[1] "/gpfs/loomis/scratch60/zhao/zy92/GTEX/adjusted_expr1/chr15/ENSG00000206190"
ERROR from TryCatch Block: cannot open the connection 
[1] "INFO: gene ENSG00000207702"
[1] "/gpfs/loomis/scratch60/zhao/zy92/GTEX/adjusted_expr1/chr15/ENSG00000207702"
ERROR from TryCatch Block: cannot open the connection 
[1] "INFO: gene ENSG00000207712"
[1] "/gpfs/loomis/scratch60/zhao/zy92/GTEX/adjusted_expr1/chr15/ENSG00000207712"
ERROR from TryCatch Block: cannot open the connection 
[1] "INFO: gene ENSG00000207766"
[1] "/gpfs/loomis/scratch60/zhao/zy92/GTEX/adjusted_expr1/chr15/ENSG00000207766"
ERROR from TryCatch Block: cannot open the connection 
[1] "INFO: gene ENSG00000211137"
[1] "/gpfs/loomis/scratch60/zhao/zy92/GTEX/adjusted_expr1/chr15/ENSG00000211137"
ERROR from TryCatch Block: cannot open the connection 
[1] "INFO: gene ENSG00000214013"
[1] "/gpfs/loomis/scratch60/zhao/zy92/GTEX/adjusted_expr1/chr15/ENSG00000214013"
ERROR from TryCatch Block: cannot open the connection 
[1] "INFO: gene ENSG00000215252"
[1] "/gpfs/loomis/scratch60/zhao/zy92/GTEX/adjusted_expr1/chr15/ENSG00000215252"
ERROR from TryCatch Block: cannot open the connection 
[1] "INFO: gene ENSG00000221052"
[1] "/gpfs/loomis/scratch60/zhao/zy92/GTEX/adjusted_expr1/chr15/ENSG00000221052"
ERROR from TryCatch Block: cannot open the connection 
[1] "INFO: gene ENSG00000221065"
[1] "/gpfs/loomis/scratch60/zhao/zy92/GTEX/adjusted_expr1/chr15/ENSG00000221065"
ERROR from TryCatch Block: cannot open the connection 
[1] "INFO: gene ENSG00000221476"
[1] "/gpfs/loomis/scratch60/zhao/zy92/GTEX/adjusted_expr1/chr15/ENSG00000221476"
ERROR from TryCatch Block: cannot open the connection 
[1] "INFO: gene ENSG00000221641"
[1] "/gpfs/loomis/scratch60/zhao/zy92/GTEX/adjusted_expr1/chr15/ENSG00000221641"
ERROR from TryCatch Block: cannot open the connection 
[1] "INFO: gene ENSG00000221649"
[1] "/gpfs/loomis/scratch60/zhao/zy92/GTEX/adjusted_expr1/chr15/ENSG00000221649"
ERROR from TryCatch Block: cannot open the connection 
[1] "INFO: gene ENSG00000223572"
[1] "/gpfs/loomis/scratch60/zhao/zy92/GTEX/adjusted_expr1/chr15/ENSG00000223572"
ERROR from TryCatch Block: cannot open the connection 
[1] "INFO: gene ENSG00000225930"
[1] "/gpfs/loomis/scratch60/zhao/zy92/GTEX/adjusted_expr1/chr15/ENSG00000225930"
ERROR from TryCatch Block: cannot open the connection 
[1] "INFO: gene ENSG00000229389"
[1] "/gpfs/loomis/scratch60/zhao/zy92/GTEX/adjusted_expr1/chr15/ENSG00000229389"
ERROR from TryCatch Block: cannot open the connection 
[1] "INFO: 69.25% processed"
[1] "INFO: gene ENSG00000229474"
[1] "/gpfs/loomis/scratch60/zhao/zy92/GTEX/adjusted_expr1/chr15/ENSG00000229474"
ERROR from TryCatch Block: cannot open the connection 
[1] "INFO: gene ENSG00000230031"
[1] "/gpfs/loomis/scratch60/zhao/zy92/GTEX/adjusted_expr1/chr15/ENSG00000230031"
ERROR from TryCatch Block: cannot open the connection 
[1] "INFO: gene ENSG00000230778"
[1] "/gpfs/loomis/scratch60/zhao/zy92/GTEX/adjusted_expr1/chr15/ENSG00000230778"
ERROR from TryCatch Block: cannot open the connection 
[1] "INFO: gene ENSG00000232653"
[1] "/gpfs/loomis/scratch60/zhao/zy92/GTEX/adjusted_expr1/chr15/ENSG00000232653"
ERROR from TryCatch Block: cannot open the connection 
[1] "INFO: gene ENSG00000233041"
[1] "/gpfs/loomis/scratch60/zhao/zy92/GTEX/adjusted_expr1/chr15/ENSG00000233041"
ERROR from TryCatch Block: cannot open the connection 
[1] "INFO: gene ENSG00000233917"
[1] "/gpfs/loomis/scratch60/zhao/zy92/GTEX/adjusted_expr1/chr15/ENSG00000233917"
ERROR from TryCatch Block: cannot open the connection 
[1] "INFO: gene ENSG00000235160"
[1] "/gpfs/loomis/scratch60/zhao/zy92/GTEX/adjusted_expr1/chr15/ENSG00000235160"
ERROR from TryCatch Block: cannot open the connection 
[1] "INFO: gene ENSG00000235518"
[1] "/gpfs/loomis/scratch60/zhao/zy92/GTEX/adjusted_expr1/chr15/ENSG00000235518"
ERROR from TryCatch Block: cannot open the connection 
[1] "INFO: gene ENSG00000235731"
[1] "/gpfs/loomis/scratch60/zhao/zy92/GTEX/adjusted_expr1/chr15/ENSG00000235731"
ERROR from TryCatch Block: cannot open the connection 
[1] "INFO: gene ENSG00000236914"
[1] "/gpfs/loomis/scratch60/zhao/zy92/GTEX/adjusted_expr1/chr15/ENSG00000236914"
ERROR from TryCatch Block: cannot open the connection 
[1] "INFO: gene ENSG00000237289"
[1] "/gpfs/loomis/scratch60/zhao/zy92/GTEX/adjusted_expr1/chr15/ENSG00000237289"
ERROR from TryCatch Block: cannot open the connection 
[1] "INFO: gene ENSG00000242028"
[1] "/gpfs/loomis/scratch60/zhao/zy92/GTEX/adjusted_expr1/chr15/ENSG00000242028"
ERROR from TryCatch Block: cannot open the connection 
[1] "INFO: gene ENSG00000242866"
[1] "/gpfs/loomis/scratch60/zhao/zy92/GTEX/adjusted_expr1/chr15/ENSG00000242866"
ERROR from TryCatch Block: cannot open the connection 
[1] "INFO: gene ENSG00000243708"
[1] "/gpfs/loomis/scratch60/zhao/zy92/GTEX/adjusted_expr1/chr15/ENSG00000243708"
ERROR from TryCatch Block: cannot open the connection 
[1] "INFO: gene ENSG00000243789"
[1] "/gpfs/loomis/scratch60/zhao/zy92/GTEX/adjusted_expr1/chr15/ENSG00000243789"
ERROR from TryCatch Block: cannot open the connection 
[1] "INFO: gene ENSG00000244952"
[1] "/gpfs/loomis/scratch60/zhao/zy92/GTEX/adjusted_expr1/chr15/ENSG00000244952"
ERROR from TryCatch Block: cannot open the connection 
[1] "INFO: gene ENSG00000245975"
[1] "/gpfs/loomis/scratch60/zhao/zy92/GTEX/adjusted_expr1/chr15/ENSG00000245975"
ERROR from TryCatch Block: cannot open the connection 
[1] "INFO: gene ENSG00000246863"
[1] "/gpfs/loomis/scratch60/zhao/zy92/GTEX/adjusted_expr1/chr15/ENSG00000246863"
ERROR from TryCatch Block: cannot open the connection 
[1] "INFO: gene ENSG00000247556"
[1] "/gpfs/loomis/scratch60/zhao/zy92/GTEX/adjusted_expr1/chr15/ENSG00000247556"
ERROR from TryCatch Block: cannot open the connection 
[1] "INFO: gene ENSG00000247765"
[1] "/gpfs/loomis/scratch60/zhao/zy92/GTEX/adjusted_expr1/chr15/ENSG00000247765"
ERROR from TryCatch Block: cannot open the connection 
[1] "INFO: gene ENSG00000247982"
[1] "/gpfs/loomis/scratch60/zhao/zy92/GTEX/adjusted_expr1/chr15/ENSG00000247982"
ERROR from TryCatch Block: cannot open the connection 
[1] "INFO: gene ENSG00000248079"
[1] "/gpfs/loomis/scratch60/zhao/zy92/GTEX/adjusted_expr1/chr15/ENSG00000248079"
ERROR from TryCatch Block: cannot open the connection 
[1] "INFO: gene ENSG00000248508"
[1] "/gpfs/loomis/scratch60/zhao/zy92/GTEX/adjusted_expr1/chr15/ENSG00000248508"
ERROR from TryCatch Block: cannot open the connection 
[1] "INFO: gene ENSG00000248905"
[1] "/gpfs/loomis/scratch60/zhao/zy92/GTEX/adjusted_expr1/chr15/ENSG00000248905"
ERROR from TryCatch Block: cannot open the connection 
[1] "INFO: gene ENSG00000249931"
[1] "/gpfs/loomis/scratch60/zhao/zy92/GTEX/adjusted_expr1/chr15/ENSG00000249931"
ERROR from TryCatch Block: cannot open the connection 
[1] "INFO: gene ENSG00000251161"
[1] "/gpfs/loomis/scratch60/zhao/zy92/GTEX/adjusted_expr1/chr15/ENSG00000251161"
ERROR from TryCatch Block: cannot open the connection 
[1] "INFO: gene ENSG00000253030"
[1] "/gpfs/loomis/scratch60/zhao/zy92/GTEX/adjusted_expr1/chr15/ENSG00000253030"
ERROR from TryCatch Block: cannot open the connection 
[1] "INFO: gene ENSG00000254585"
[1] "/gpfs/loomis/scratch60/zhao/zy92/GTEX/adjusted_expr1/chr15/ENSG00000254585"
ERROR from TryCatch Block: cannot open the connection 
[1] "INFO: gene ENSG00000255529"
[1] "/gpfs/loomis/scratch60/zhao/zy92/GTEX/adjusted_expr1/chr15/ENSG00000255529"
ERROR from TryCatch Block: cannot open the connection 
[1] "INFO: gene ENSG00000256061"
[1] "/gpfs/loomis/scratch60/zhao/zy92/GTEX/adjusted_expr1/chr15/ENSG00000256061"
ERROR from TryCatch Block: cannot open the connection 
[1] "INFO: gene ENSG00000257151"
[1] "/gpfs/loomis/scratch60/zhao/zy92/GTEX/adjusted_expr1/chr15/ENSG00000257151"
ERROR from TryCatch Block: cannot open the connection 
[1] "INFO: gene ENSG00000257647"
[1] "/gpfs/loomis/scratch60/zhao/zy92/GTEX/adjusted_expr1/chr15/ENSG00000257647"
ERROR from TryCatch Block: cannot open the connection 
[1] "INFO: gene ENSG00000258410"
[1] "/gpfs/loomis/scratch60/zhao/zy92/GTEX/adjusted_expr1/chr15/ENSG00000258410"
ERROR from TryCatch Block: cannot open the connection 
[1] "INFO: gene ENSG00000258594"
[1] "/gpfs/loomis/scratch60/zhao/zy92/GTEX/adjusted_expr1/chr15/ENSG00000258594"
ERROR from TryCatch Block: cannot open the connection 
[1] "INFO: gene ENSG00000258654"
[1] "/gpfs/loomis/scratch60/zhao/zy92/GTEX/adjusted_expr1/chr15/ENSG00000258654"
ERROR from TryCatch Block: cannot open the connection 
[1] "INFO: gene ENSG00000258710"
[1] "/gpfs/loomis/scratch60/zhao/zy92/GTEX/adjusted_expr1/chr15/ENSG00000258710"
ERROR from TryCatch Block: cannot open the connection 
[1] "INFO: gene ENSG00000258853"
[1] "/gpfs/loomis/scratch60/zhao/zy92/GTEX/adjusted_expr1/chr15/ENSG00000258853"
ERROR from TryCatch Block: cannot open the connection 
[1] "INFO: gene ENSG00000258931"
[1] "/gpfs/loomis/scratch60/zhao/zy92/GTEX/adjusted_expr1/chr15/ENSG00000258931"
ERROR from TryCatch Block: cannot open the connection 
[1] "INFO: gene ENSG00000259011"
[1] "/gpfs/loomis/scratch60/zhao/zy92/GTEX/adjusted_expr1/chr15/ENSG00000259011"
ERROR from TryCatch Block: cannot open the connection 
[1] "INFO: gene ENSG00000259150"
[1] "/gpfs/loomis/scratch60/zhao/zy92/GTEX/adjusted_expr1/chr15/ENSG00000259150"
ERROR from TryCatch Block: cannot open the connection 
[1] "INFO: gene ENSG00000259178"
[1] "/gpfs/loomis/scratch60/zhao/zy92/GTEX/adjusted_expr1/chr15/ENSG00000259178"
ERROR from TryCatch Block: cannot open the connection 
[1] "INFO: gene ENSG00000259181"
[1] "/gpfs/loomis/scratch60/zhao/zy92/GTEX/adjusted_expr1/chr15/ENSG00000259181"
ERROR from TryCatch Block: cannot open the connection 
[1] "INFO: gene ENSG00000259198"
[1] "/gpfs/loomis/scratch60/zhao/zy92/GTEX/adjusted_expr1/chr15/ENSG00000259198"
ERROR from TryCatch Block: cannot open the connection 
[1] "INFO: gene ENSG00000259200"
[1] "/gpfs/loomis/scratch60/zhao/zy92/GTEX/adjusted_expr1/chr15/ENSG00000259200"
ERROR from TryCatch Block: cannot open the connection 
[1] "INFO: gene ENSG00000259203"
[1] "/gpfs/loomis/scratch60/zhao/zy92/GTEX/adjusted_expr1/chr15/ENSG00000259203"
ERROR from TryCatch Block: cannot open the connection 
[1] "INFO: gene ENSG00000259223"
[1] "/gpfs/loomis/scratch60/zhao/zy92/GTEX/adjusted_expr1/chr15/ENSG00000259223"
ERROR from TryCatch Block: cannot open the connection 
[1] "INFO: gene ENSG00000259225"
[1] "/gpfs/loomis/scratch60/zhao/zy92/GTEX/adjusted_expr1/chr15/ENSG00000259225"
ERROR from TryCatch Block: cannot open the connection 
[1] "INFO: gene ENSG00000259235"
[1] "/gpfs/loomis/scratch60/zhao/zy92/GTEX/adjusted_expr1/chr15/ENSG00000259235"
ERROR from TryCatch Block: cannot open the connection 
[1] "INFO: gene ENSG00000259237"
[1] "/gpfs/loomis/scratch60/zhao/zy92/GTEX/adjusted_expr1/chr15/ENSG00000259237"
ERROR from TryCatch Block: cannot open the connection 
[1] "INFO: gene ENSG00000259240"
[1] "/gpfs/loomis/scratch60/zhao/zy92/GTEX/adjusted_expr1/chr15/ENSG00000259240"
ERROR from TryCatch Block: cannot open the connection 
[1] "INFO: 83.1% processed"
[1] "INFO: gene ENSG00000259241"
[1] "/gpfs/loomis/scratch60/zhao/zy92/GTEX/adjusted_expr1/chr15/ENSG00000259241"
ERROR from TryCatch Block: cannot open the connection 
[1] "INFO: gene ENSG00000259245"
[1] "/gpfs/loomis/scratch60/zhao/zy92/GTEX/adjusted_expr1/chr15/ENSG00000259245"
ERROR from TryCatch Block: cannot open the connection 
[1] "INFO: gene ENSG00000259269"
[1] "/gpfs/loomis/scratch60/zhao/zy92/GTEX/adjusted_expr1/chr15/ENSG00000259269"
ERROR from TryCatch Block: cannot open the connection 
[1] "INFO: gene ENSG00000259278"
[1] "/gpfs/loomis/scratch60/zhao/zy92/GTEX/adjusted_expr1/chr15/ENSG00000259278"
ERROR from TryCatch Block: cannot open the connection 
[1] "INFO: gene ENSG00000259280"
[1] "/gpfs/loomis/scratch60/zhao/zy92/GTEX/adjusted_expr1/chr15/ENSG00000259280"
ERROR from TryCatch Block: cannot open the connection 
[1] "INFO: gene ENSG00000259336"
[1] "/gpfs/loomis/scratch60/zhao/zy92/GTEX/adjusted_expr1/chr15/ENSG00000259336"
ERROR from TryCatch Block: cannot open the connection 
[1] "INFO: gene ENSG00000259380"
[1] "/gpfs/loomis/scratch60/zhao/zy92/GTEX/adjusted_expr1/chr15/ENSG00000259380"
ERROR from TryCatch Block: cannot open the connection 
[1] "INFO: gene ENSG00000259383"
[1] "/gpfs/loomis/scratch60/zhao/zy92/GTEX/adjusted_expr1/chr15/ENSG00000259383"
ERROR from TryCatch Block: cannot open the connection 
[1] "INFO: gene ENSG00000259390"
[1] "/gpfs/loomis/scratch60/zhao/zy92/GTEX/adjusted_expr1/chr15/ENSG00000259390"
ERROR from TryCatch Block: cannot open the connection 
[1] "INFO: gene ENSG00000259395"
[1] "/gpfs/loomis/scratch60/zhao/zy92/GTEX/adjusted_expr1/chr15/ENSG00000259395"
ERROR from TryCatch Block: cannot open the connection 
[1] "INFO: gene ENSG00000259423"
[1] "/gpfs/loomis/scratch60/zhao/zy92/GTEX/adjusted_expr1/chr15/ENSG00000259423"
ERROR from TryCatch Block: cannot open the connection 
[1] "INFO: gene ENSG00000259434"
[1] "/gpfs/loomis/scratch60/zhao/zy92/GTEX/adjusted_expr1/chr15/ENSG00000259434"
ERROR from TryCatch Block: cannot open the connection 
[1] "INFO: gene ENSG00000259443"
[1] "/gpfs/loomis/scratch60/zhao/zy92/GTEX/adjusted_expr1/chr15/ENSG00000259443"
ERROR from TryCatch Block: cannot open the connection 
[1] "INFO: gene ENSG00000259447"
[1] "/gpfs/loomis/scratch60/zhao/zy92/GTEX/adjusted_expr1/chr15/ENSG00000259447"
ERROR from TryCatch Block: cannot open the connection 
[1] "INFO: gene ENSG00000259448"
[1] "/gpfs/loomis/scratch60/zhao/zy92/GTEX/adjusted_expr1/chr15/ENSG00000259448"
ERROR from TryCatch Block: cannot open the connection 
[1] "INFO: gene ENSG00000259450"
[1] "/gpfs/loomis/scratch60/zhao/zy92/GTEX/adjusted_expr1/chr15/ENSG00000259450"
ERROR from TryCatch Block: cannot open the connection 
[1] "INFO: gene ENSG00000259584"
[1] "/gpfs/loomis/scratch60/zhao/zy92/GTEX/adjusted_expr1/chr15/ENSG00000259584"
ERROR from TryCatch Block: cannot open the connection 
[1] "INFO: gene ENSG00000259587"
[1] "/gpfs/loomis/scratch60/zhao/zy92/GTEX/adjusted_expr1/chr15/ENSG00000259587"
ERROR from TryCatch Block: cannot open the connection 
[1] "INFO: gene ENSG00000259639"
[1] "/gpfs/loomis/scratch60/zhao/zy92/GTEX/adjusted_expr1/chr15/ENSG00000259639"
ERROR from TryCatch Block: cannot open the connection 
[1] "INFO: gene ENSG00000259647"
[1] "/gpfs/loomis/scratch60/zhao/zy92/GTEX/adjusted_expr1/chr15/ENSG00000259647"
ERROR from TryCatch Block: cannot open the connection 
[1] "INFO: gene ENSG00000259721"
[1] "/gpfs/loomis/scratch60/zhao/zy92/GTEX/adjusted_expr1/chr15/ENSG00000259721"
ERROR from TryCatch Block: cannot open the connection 
[1] "INFO: gene ENSG00000259731"
[1] "/gpfs/loomis/scratch60/zhao/zy92/GTEX/adjusted_expr1/chr15/ENSG00000259731"
ERROR from TryCatch Block: cannot open the connection 
[1] "INFO: gene ENSG00000259737"
[1] "/gpfs/loomis/scratch60/zhao/zy92/GTEX/adjusted_expr1/chr15/ENSG00000259737"
ERROR from TryCatch Block: cannot open the connection 
[1] "INFO: gene ENSG00000259747"
[1] "/gpfs/loomis/scratch60/zhao/zy92/GTEX/adjusted_expr1/chr15/ENSG00000259747"
ERROR from TryCatch Block: cannot open the connection 
[1] "INFO: gene ENSG00000259772"
[1] "/gpfs/loomis/scratch60/zhao/zy92/GTEX/adjusted_expr1/chr15/ENSG00000259772"
ERROR from TryCatch Block: cannot open the connection 
[1] "INFO: gene ENSG00000259814"
[1] "/gpfs/loomis/scratch60/zhao/zy92/GTEX/adjusted_expr1/chr15/ENSG00000259814"
ERROR from TryCatch Block: cannot open the connection 
[1] "INFO: gene ENSG00000259905"
[1] "/gpfs/loomis/scratch60/zhao/zy92/GTEX/adjusted_expr1/chr15/ENSG00000259905"
ERROR from TryCatch Block: cannot open the connection 
[1] "INFO: gene ENSG00000259906"
[1] "/gpfs/loomis/scratch60/zhao/zy92/GTEX/adjusted_expr1/chr15/ENSG00000259906"
ERROR from TryCatch Block: cannot open the connection 
[1] "INFO: gene ENSG00000260232"
[1] "/gpfs/loomis/scratch60/zhao/zy92/GTEX/adjusted_expr1/chr15/ENSG00000260232"
ERROR from TryCatch Block: cannot open the connection 
[1] "INFO: gene ENSG00000260409"
[1] "/gpfs/loomis/scratch60/zhao/zy92/GTEX/adjusted_expr1/chr15/ENSG00000260409"
ERROR from TryCatch Block: cannot open the connection 
[1] "INFO: gene ENSG00000260551"
[1] "/gpfs/loomis/scratch60/zhao/zy92/GTEX/adjusted_expr1/chr15/ENSG00000260551"
ERROR from TryCatch Block: cannot open the connection 
[1] "INFO: gene ENSG00000260642"
[1] "/gpfs/loomis/scratch60/zhao/zy92/GTEX/adjusted_expr1/chr15/ENSG00000260642"
ERROR from TryCatch Block: cannot open the connection 
[1] "INFO: gene ENSG00000260693"
[1] "/gpfs/loomis/scratch60/zhao/zy92/GTEX/adjusted_expr1/chr15/ENSG00000260693"
ERROR from TryCatch Block: cannot open the connection 
[1] "INFO: gene ENSG00000260739"
[1] "/gpfs/loomis/scratch60/zhao/zy92/GTEX/adjusted_expr1/chr15/ENSG00000260739"
ERROR from TryCatch Block: cannot open the connection 
[1] "INFO: gene ENSG00000260760"
[1] "/gpfs/loomis/scratch60/zhao/zy92/GTEX/adjusted_expr1/chr15/ENSG00000260760"
ERROR from TryCatch Block: cannot open the connection 
[1] "INFO: gene ENSG00000260780"
[1] "/gpfs/loomis/scratch60/zhao/zy92/GTEX/adjusted_expr1/chr15/ENSG00000260780"
ERROR from TryCatch Block: cannot open the connection 
[1] "INFO: gene ENSG00000260959"
[1] "/gpfs/loomis/scratch60/zhao/zy92/GTEX/adjusted_expr1/chr15/ENSG00000260959"
ERROR from TryCatch Block: cannot open the connection 
[1] "INFO: gene ENSG00000260986"
[1] "/gpfs/loomis/scratch60/zhao/zy92/GTEX/adjusted_expr1/chr15/ENSG00000260986"
ERROR from TryCatch Block: cannot open the connection 
[1] "INFO: gene ENSG00000261064"
[1] "/gpfs/loomis/scratch60/zhao/zy92/GTEX/adjusted_expr1/chr15/ENSG00000261064"
ERROR from TryCatch Block: cannot open the connection 
[1] "INFO: gene ENSG00000261247"
[1] "/gpfs/loomis/scratch60/zhao/zy92/GTEX/adjusted_expr1/chr15/ENSG00000261247"
ERROR from TryCatch Block: cannot open the connection 
[1] "INFO: gene ENSG00000261304"
[1] "/gpfs/loomis/scratch60/zhao/zy92/GTEX/adjusted_expr1/chr15/ENSG00000261304"
ERROR from TryCatch Block: cannot open the connection 
[1] "INFO: gene ENSG00000261480"
[1] "/gpfs/loomis/scratch60/zhao/zy92/GTEX/adjusted_expr1/chr15/ENSG00000261480"
ERROR from TryCatch Block: cannot open the connection 
[1] "INFO: gene ENSG00000261598"
[1] "/gpfs/loomis/scratch60/zhao/zy92/GTEX/adjusted_expr1/chr15/ENSG00000261598"
ERROR from TryCatch Block: cannot open the connection 
[1] "INFO: gene ENSG00000261621"
[1] "/gpfs/loomis/scratch60/zhao/zy92/GTEX/adjusted_expr1/chr15/ENSG00000261621"
ERROR from TryCatch Block: cannot open the connection 
[1] "INFO: gene ENSG00000261622"
[1] "/gpfs/loomis/scratch60/zhao/zy92/GTEX/adjusted_expr1/chr15/ENSG00000261622"
ERROR from TryCatch Block: cannot open the connection 
[1] "INFO: gene ENSG00000261739"
[1] "/gpfs/loomis/scratch60/zhao/zy92/GTEX/adjusted_expr1/chr15/ENSG00000261739"
ERROR from TryCatch Block: cannot open the connection 
[1] "INFO: gene ENSG00000261794"
[1] "/gpfs/loomis/scratch60/zhao/zy92/GTEX/adjusted_expr1/chr15/ENSG00000261794"
ERROR from TryCatch Block: cannot open the connection 
[1] "INFO: gene ENSG00000262728"
[1] "/gpfs/loomis/scratch60/zhao/zy92/GTEX/adjusted_expr1/chr15/ENSG00000262728"
ERROR from TryCatch Block: cannot open the connection 
[1] "INFO: gene ENSG00000263964"
[1] "/gpfs/loomis/scratch60/zhao/zy92/GTEX/adjusted_expr1/chr15/ENSG00000263964"
ERROR from TryCatch Block: cannot open the connection 
[1] "INFO: gene ENSG00000264902"
[1] "/gpfs/loomis/scratch60/zhao/zy92/GTEX/adjusted_expr1/chr15/ENSG00000264902"
ERROR from TryCatch Block: cannot open the connection 
[1] "INFO: 96.95% processed"
[1] "INFO: gene ENSG00000265098"
[1] "/gpfs/loomis/scratch60/zhao/zy92/GTEX/adjusted_expr1/chr15/ENSG00000265098"
ERROR from TryCatch Block: cannot open the connection 
[1] "INFO: gene ENSG00000265102"
[1] "/gpfs/loomis/scratch60/zhao/zy92/GTEX/adjusted_expr1/chr15/ENSG00000265102"
ERROR from TryCatch Block: cannot open the connection 
[1] "INFO: gene ENSG00000265322"
[1] "/gpfs/loomis/scratch60/zhao/zy92/GTEX/adjusted_expr1/chr15/ENSG00000265322"
ERROR from TryCatch Block: cannot open the connection 
[1] "INFO: gene ENSG00000265673"
[1] "/gpfs/loomis/scratch60/zhao/zy92/GTEX/adjusted_expr1/chr15/ENSG00000265673"
ERROR from TryCatch Block: cannot open the connection 
[1] "INFO: gene ENSG00000265793"
[1] "/gpfs/loomis/scratch60/zhao/zy92/GTEX/adjusted_expr1/chr15/ENSG00000265793"
ERROR from TryCatch Block: cannot open the connection 
[1] "INFO: gene ENSG00000266039"
[1] "/gpfs/loomis/scratch60/zhao/zy92/GTEX/adjusted_expr1/chr15/ENSG00000266039"
ERROR from TryCatch Block: cannot open the connection 
[1] "INFO: gene ENSG00000266517"
[1] "/gpfs/loomis/scratch60/zhao/zy92/GTEX/adjusted_expr1/chr15/ENSG00000266517"
ERROR from TryCatch Block: cannot open the connection 
[1] "INFO: gene ENSG00000266545"
[1] "/gpfs/loomis/scratch60/zhao/zy92/GTEX/adjusted_expr1/chr15/ENSG00000266545"
ERROR from TryCatch Block: cannot open the connection 
[1] "INFO: gene ENSG00000268531"
[1] "/gpfs/loomis/scratch60/zhao/zy92/GTEX/adjusted_expr1/chr15/ENSG00000268531"
ERROR from TryCatch Block: cannot open the connection 
[1] "INFO: gene ENSG00000269930"
[1] "/gpfs/loomis/scratch60/zhao/zy92/GTEX/adjusted_expr1/chr15/ENSG00000269930"
ERROR from TryCatch Block: cannot open the connection 
[1] "INFO: gene ENSG00000269974"
[1] "/gpfs/loomis/scratch60/zhao/zy92/GTEX/adjusted_expr1/chr15/ENSG00000269974"
ERROR from TryCatch Block: cannot open the connection 
[1] "INFO: gene ENSG00000273173"
[1] "/gpfs/loomis/scratch60/zhao/zy92/GTEX/adjusted_expr1/chr15/ENSG00000273173"
ERROR from TryCatch Block: cannot open the connection 
Time difference of 5.819527 mins
There were 50 or more warnings (use warnings() to see the first 50)
