
The following have been reloaded with a version change:
  1) GDAL/2.2.3-foss-2016b => GDAL/2.1.1-foss-2016b
  2) HDF5/1.10.1-foss-2016b-serial => HDF5/1.8.18-foss-2016b
  3) HarfBuzz/1.4.3-foss-2016b => HarfBuzz/1.3.1-foss-2016b
  4) R/3.5.0-foss-2016b-avx2 => R/3.4.1-foss-2016b
  5) Szip/2.1.1-foss-2016b => Szip/2.1-foss-2016b
  6) Tcl/8.6.7-foss-2016b => Tcl/8.6.5-foss-2016b
  7) Tk/8.6.7-foss-2016b => Tk/8.6.5-foss-2016b
  8) bzip2/1.0.6-GCCcore-5.4.0 => bzip2/1.0.6-foss-2016b
  9) freetype/2.7.1-GCCcore-5.4.0 => freetype/2.6.5-foss-2016b
 10) libpng/1.6.28-GCCcore-5.4.0 => libpng/1.6.24-foss-2016b
 11) netCDF/4.5.0-foss-2016b => netCDF/4.4.1-foss-2016b

[1] "INFO: gene ENSG00000007944"
[1] "/gpfs/loomis/scratch60/zhao/zy92/GTEX/adjusted_expr1/chr6/ENSG00000007944"
[1] "INFO: gene ENSG00000008083"
[1] "/gpfs/loomis/scratch60/zhao/zy92/GTEX/adjusted_expr1/chr6/ENSG00000008083"
[1] "INFO: gene ENSG00000010017"
[1] "/gpfs/loomis/scratch60/zhao/zy92/GTEX/adjusted_expr1/chr6/ENSG00000010017"
[1] "INFO: gene ENSG00000010030"
[1] "/gpfs/loomis/scratch60/zhao/zy92/GTEX/adjusted_expr1/chr6/ENSG00000010030"
[1] "INFO: gene ENSG00000010704"
[1] "/gpfs/loomis/scratch60/zhao/zy92/GTEX/adjusted_expr1/chr6/ENSG00000010704"
[1] "INFO: gene ENSG00000021355"
[1] "/gpfs/loomis/scratch60/zhao/zy92/GTEX/adjusted_expr1/chr6/ENSG00000021355"
[1] "INFO: gene ENSG00000026950"
[1] "/gpfs/loomis/scratch60/zhao/zy92/GTEX/adjusted_expr1/chr6/ENSG00000026950"
[1] "INFO: gene ENSG00000047579"
[1] "/gpfs/loomis/scratch60/zhao/zy92/GTEX/adjusted_expr1/chr6/ENSG00000047579"
[1] "INFO: gene ENSG00000050393"
[1] "/gpfs/loomis/scratch60/zhao/zy92/GTEX/adjusted_expr1/chr6/ENSG00000050393"
[1] "INFO: gene ENSG00000054598"
[1] "/gpfs/loomis/scratch60/zhao/zy92/GTEX/adjusted_expr1/chr6/ENSG00000054598"
[1] "INFO: gene ENSG00000064995"
[1] "/gpfs/loomis/scratch60/zhao/zy92/GTEX/adjusted_expr1/chr6/ENSG00000064995"
[1] "INFO: gene ENSG00000064999"
[1] "/gpfs/loomis/scratch60/zhao/zy92/GTEX/adjusted_expr1/chr6/ENSG00000064999"
[1] "INFO: gene ENSG00000065060"
[1] "/gpfs/loomis/scratch60/zhao/zy92/GTEX/adjusted_expr1/chr6/ENSG00000065060"
[1] "INFO: gene ENSG00000066379"
[1] "/gpfs/loomis/scratch60/zhao/zy92/GTEX/adjusted_expr1/chr6/ENSG00000066379"
[1] "INFO: gene ENSG00000078401"
[1] "/gpfs/loomis/scratch60/zhao/zy92/GTEX/adjusted_expr1/chr6/ENSG00000078401"
[1] "INFO: gene ENSG00000079689"
[1] "/gpfs/loomis/scratch60/zhao/zy92/GTEX/adjusted_expr1/chr6/ENSG00000079689"
[1] "INFO: gene ENSG00000079691"
[1] "/gpfs/loomis/scratch60/zhao/zy92/GTEX/adjusted_expr1/chr6/ENSG00000079691"
[1] "INFO: gene ENSG00000095951"
[1] "/gpfs/loomis/scratch60/zhao/zy92/GTEX/adjusted_expr1/chr6/ENSG00000095951"
[1] "INFO: gene ENSG00000096384"
[1] "/gpfs/loomis/scratch60/zhao/zy92/GTEX/adjusted_expr1/chr6/ENSG00000096384"
[1] "INFO: gene ENSG00000096654"
[1] "/gpfs/loomis/scratch60/zhao/zy92/GTEX/adjusted_expr1/chr6/ENSG00000096654"
[1] "INFO: gene ENSG00000096696"
[1] "/gpfs/loomis/scratch60/zhao/zy92/GTEX/adjusted_expr1/chr6/ENSG00000096696"
[1] "INFO: gene ENSG00000111801"
[1] "/gpfs/loomis/scratch60/zhao/zy92/GTEX/adjusted_expr1/chr6/ENSG00000111801"
[1] "INFO: gene ENSG00000111802"
[1] "/gpfs/loomis/scratch60/zhao/zy92/GTEX/adjusted_expr1/chr6/ENSG00000111802"
[1] "INFO: gene ENSG00000111837"
[1] "/gpfs/loomis/scratch60/zhao/zy92/GTEX/adjusted_expr1/chr6/ENSG00000111837"
[1] "INFO: gene ENSG00000111843"
[1] "/gpfs/loomis/scratch60/zhao/zy92/GTEX/adjusted_expr1/chr6/ENSG00000111843"
[1] "INFO: gene ENSG00000111845"
[1] "/gpfs/loomis/scratch60/zhao/zy92/GTEX/adjusted_expr1/chr6/ENSG00000111845"
[1] "INFO: gene ENSG00000111846"
[1] "/gpfs/loomis/scratch60/zhao/zy92/GTEX/adjusted_expr1/chr6/ENSG00000111846"
[1] "INFO: gene ENSG00000111859"
[1] "/gpfs/loomis/scratch60/zhao/zy92/GTEX/adjusted_expr1/chr6/ENSG00000111859"
[1] "INFO: gene ENSG00000111863"
[1] "/gpfs/loomis/scratch60/zhao/zy92/GTEX/adjusted_expr1/chr6/ENSG00000111863"
[1] "INFO: gene ENSG00000111913"
[1] "/gpfs/loomis/scratch60/zhao/zy92/GTEX/adjusted_expr1/chr6/ENSG00000111913"
[1] "INFO: gene ENSG00000112078"
[1] "/gpfs/loomis/scratch60/zhao/zy92/GTEX/adjusted_expr1/chr6/ENSG00000112078"
[1] "INFO: gene ENSG00000112079"
[1] "/gpfs/loomis/scratch60/zhao/zy92/GTEX/adjusted_expr1/chr6/ENSG00000112079"
[1] "INFO: gene ENSG00000112081"
[1] "/gpfs/loomis/scratch60/zhao/zy92/GTEX/adjusted_expr1/chr6/ENSG00000112081"
[1] "INFO: gene ENSG00000112137"
[1] "/gpfs/loomis/scratch60/zhao/zy92/GTEX/adjusted_expr1/chr6/ENSG00000112137"
[1] "INFO: gene ENSG00000112149"
[1] "/gpfs/loomis/scratch60/zhao/zy92/GTEX/adjusted_expr1/chr6/ENSG00000112149"
[1] "INFO: gene ENSG00000112183"
[1] "/gpfs/loomis/scratch60/zhao/zy92/GTEX/adjusted_expr1/chr6/ENSG00000112183"
[1] "INFO: gene ENSG00000112186"
[1] "/gpfs/loomis/scratch60/zhao/zy92/GTEX/adjusted_expr1/chr6/ENSG00000112186"
[1] "INFO: gene ENSG00000112242"
[1] "/gpfs/loomis/scratch60/zhao/zy92/GTEX/adjusted_expr1/chr6/ENSG00000112242"
[1] "INFO: gene ENSG00000112273"
[1] "/gpfs/loomis/scratch60/zhao/zy92/GTEX/adjusted_expr1/chr6/ENSG00000112273"
[1] "INFO: gene ENSG00000112293"
[1] "/gpfs/loomis/scratch60/zhao/zy92/GTEX/adjusted_expr1/chr6/ENSG00000112293"
[1] "INFO: gene ENSG00000112294"
[1] "/gpfs/loomis/scratch60/zhao/zy92/GTEX/adjusted_expr1/chr6/ENSG00000112294"
[1] "INFO: gene ENSG00000112304"
[1] "/gpfs/loomis/scratch60/zhao/zy92/GTEX/adjusted_expr1/chr6/ENSG00000112304"
[1] "INFO: gene ENSG00000112308"
[1] "/gpfs/loomis/scratch60/zhao/zy92/GTEX/adjusted_expr1/chr6/ENSG00000112308"
[1] "INFO: gene ENSG00000112312"
[1] "/gpfs/loomis/scratch60/zhao/zy92/GTEX/adjusted_expr1/chr6/ENSG00000112312"
[1] "INFO: gene ENSG00000112337"
[1] "/gpfs/loomis/scratch60/zhao/zy92/GTEX/adjusted_expr1/chr6/ENSG00000112337"
[1] "INFO: gene ENSG00000112343"
[1] "/gpfs/loomis/scratch60/zhao/zy92/GTEX/adjusted_expr1/chr6/ENSG00000112343"
[1] "INFO: gene ENSG00000112462"
[1] "/gpfs/loomis/scratch60/zhao/zy92/GTEX/adjusted_expr1/chr6/ENSG00000112462"
[1] "INFO: gene ENSG00000112667"
[1] "/gpfs/loomis/scratch60/zhao/zy92/GTEX/adjusted_expr1/chr6/ENSG00000112667"
[1] "INFO: gene ENSG00000112679"
[1] "/gpfs/loomis/scratch60/zhao/zy92/GTEX/adjusted_expr1/chr6/ENSG00000112679"
[1] "INFO: 12.2% processed"
[1] "INFO: gene ENSG00000112685"
[1] "/gpfs/loomis/scratch60/zhao/zy92/GTEX/adjusted_expr1/chr6/ENSG00000112685"
[1] "INFO: gene ENSG00000112699"
[1] "/gpfs/loomis/scratch60/zhao/zy92/GTEX/adjusted_expr1/chr6/ENSG00000112699"
[1] "INFO: gene ENSG00000112739"
[1] "/gpfs/loomis/scratch60/zhao/zy92/GTEX/adjusted_expr1/chr6/ENSG00000112739"
[1] "INFO: gene ENSG00000112763"
[1] "/gpfs/loomis/scratch60/zhao/zy92/GTEX/adjusted_expr1/chr6/ENSG00000112763"
[1] "INFO: gene ENSG00000112799"
[1] "/gpfs/loomis/scratch60/zhao/zy92/GTEX/adjusted_expr1/chr6/ENSG00000112799"
[1] "INFO: gene ENSG00000112812"
[1] "/gpfs/loomis/scratch60/zhao/zy92/GTEX/adjusted_expr1/chr6/ENSG00000112812"
[1] "INFO: gene ENSG00000124491"
[1] "/gpfs/loomis/scratch60/zhao/zy92/GTEX/adjusted_expr1/chr6/ENSG00000124491"
[1] "INFO: gene ENSG00000124508"
[1] "/gpfs/loomis/scratch60/zhao/zy92/GTEX/adjusted_expr1/chr6/ENSG00000124508"
[1] "INFO: gene ENSG00000124523"
[1] "/gpfs/loomis/scratch60/zhao/zy92/GTEX/adjusted_expr1/chr6/ENSG00000124523"
[1] "INFO: gene ENSG00000124532"
[1] "/gpfs/loomis/scratch60/zhao/zy92/GTEX/adjusted_expr1/chr6/ENSG00000124532"
[1] "INFO: gene ENSG00000124535"
[1] "/gpfs/loomis/scratch60/zhao/zy92/GTEX/adjusted_expr1/chr6/ENSG00000124535"
[1] "INFO: gene ENSG00000124557"
[1] "/gpfs/loomis/scratch60/zhao/zy92/GTEX/adjusted_expr1/chr6/ENSG00000124557"
[1] "INFO: gene ENSG00000124562"
[1] "/gpfs/loomis/scratch60/zhao/zy92/GTEX/adjusted_expr1/chr6/ENSG00000124562"
[1] "INFO: gene ENSG00000124564"
[1] "/gpfs/loomis/scratch60/zhao/zy92/GTEX/adjusted_expr1/chr6/ENSG00000124564"
[1] "INFO: gene ENSG00000124568"
[1] "/gpfs/loomis/scratch60/zhao/zy92/GTEX/adjusted_expr1/chr6/ENSG00000124568"
[1] "INFO: gene ENSG00000124570"
[1] "/gpfs/loomis/scratch60/zhao/zy92/GTEX/adjusted_expr1/chr6/ENSG00000124570"
[1] "INFO: gene ENSG00000124574"
[1] "/gpfs/loomis/scratch60/zhao/zy92/GTEX/adjusted_expr1/chr6/ENSG00000124574"
[1] "INFO: gene ENSG00000124575"
[1] "/gpfs/loomis/scratch60/zhao/zy92/GTEX/adjusted_expr1/chr6/ENSG00000124575"
[1] "INFO: gene ENSG00000124588"
[1] "/gpfs/loomis/scratch60/zhao/zy92/GTEX/adjusted_expr1/chr6/ENSG00000124588"
[1] "INFO: gene ENSG00000124608"
[1] "/gpfs/loomis/scratch60/zhao/zy92/GTEX/adjusted_expr1/chr6/ENSG00000124608"
[1] "INFO: gene ENSG00000124610"
[1] "/gpfs/loomis/scratch60/zhao/zy92/GTEX/adjusted_expr1/chr6/ENSG00000124610"
[1] "INFO: gene ENSG00000124613"
[1] "/gpfs/loomis/scratch60/zhao/zy92/GTEX/adjusted_expr1/chr6/ENSG00000124613"
[1] "INFO: gene ENSG00000124615"
[1] "/gpfs/loomis/scratch60/zhao/zy92/GTEX/adjusted_expr1/chr6/ENSG00000124615"
[1] "INFO: gene ENSG00000124635"
[1] "/gpfs/loomis/scratch60/zhao/zy92/GTEX/adjusted_expr1/chr6/ENSG00000124635"
[1] "INFO: gene ENSG00000124657"
[1] "/gpfs/loomis/scratch60/zhao/zy92/GTEX/adjusted_expr1/chr6/ENSG00000124657"
[1] "INFO: gene ENSG00000124678"
[1] "/gpfs/loomis/scratch60/zhao/zy92/GTEX/adjusted_expr1/chr6/ENSG00000124678"
[1] "INFO: gene ENSG00000124762"
[1] "/gpfs/loomis/scratch60/zhao/zy92/GTEX/adjusted_expr1/chr6/ENSG00000124762"
[1] "INFO: gene ENSG00000124766"
[1] "/gpfs/loomis/scratch60/zhao/zy92/GTEX/adjusted_expr1/chr6/ENSG00000124766"
[1] "INFO: gene ENSG00000124772"
[1] "/gpfs/loomis/scratch60/zhao/zy92/GTEX/adjusted_expr1/chr6/ENSG00000124772"
[1] "INFO: gene ENSG00000124782"
[1] "/gpfs/loomis/scratch60/zhao/zy92/GTEX/adjusted_expr1/chr6/ENSG00000124782"
[1] "INFO: gene ENSG00000124783"
[1] "/gpfs/loomis/scratch60/zhao/zy92/GTEX/adjusted_expr1/chr6/ENSG00000124783"
[1] "INFO: gene ENSG00000124784"
[1] "/gpfs/loomis/scratch60/zhao/zy92/GTEX/adjusted_expr1/chr6/ENSG00000124784"
[1] "INFO: gene ENSG00000124785"
[1] "/gpfs/loomis/scratch60/zhao/zy92/GTEX/adjusted_expr1/chr6/ENSG00000124785"
[1] "INFO: gene ENSG00000124786"
[1] "/gpfs/loomis/scratch60/zhao/zy92/GTEX/adjusted_expr1/chr6/ENSG00000124786"
[1] "INFO: gene ENSG00000124787"
[1] "/gpfs/loomis/scratch60/zhao/zy92/GTEX/adjusted_expr1/chr6/ENSG00000124787"
[1] "INFO: gene ENSG00000124788"
[1] "/gpfs/loomis/scratch60/zhao/zy92/GTEX/adjusted_expr1/chr6/ENSG00000124788"
[1] "INFO: gene ENSG00000124789"
[1] "/gpfs/loomis/scratch60/zhao/zy92/GTEX/adjusted_expr1/chr6/ENSG00000124789"
[1] "INFO: gene ENSG00000124795"
[1] "/gpfs/loomis/scratch60/zhao/zy92/GTEX/adjusted_expr1/chr6/ENSG00000124795"
[1] "INFO: gene ENSG00000124802"
[1] "/gpfs/loomis/scratch60/zhao/zy92/GTEX/adjusted_expr1/chr6/ENSG00000124802"
[1] "INFO: gene ENSG00000124827"
[1] "/gpfs/loomis/scratch60/zhao/zy92/GTEX/adjusted_expr1/chr6/ENSG00000124827"
[1] "INFO: gene ENSG00000137168"
[1] "/gpfs/loomis/scratch60/zhao/zy92/GTEX/adjusted_expr1/chr6/ENSG00000137168"
[1] "INFO: gene ENSG00000137177"
[1] "/gpfs/loomis/scratch60/zhao/zy92/GTEX/adjusted_expr1/chr6/ENSG00000137177"
[1] "INFO: gene ENSG00000137185"
[1] "/gpfs/loomis/scratch60/zhao/zy92/GTEX/adjusted_expr1/chr6/ENSG00000137185"
[1] "INFO: gene ENSG00000137198"
[1] "/gpfs/loomis/scratch60/zhao/zy92/GTEX/adjusted_expr1/chr6/ENSG00000137198"
[1] "INFO: gene ENSG00000137203"
[1] "/gpfs/loomis/scratch60/zhao/zy92/GTEX/adjusted_expr1/chr6/ENSG00000137203"
[1] "INFO: gene ENSG00000137204"
[1] "/gpfs/loomis/scratch60/zhao/zy92/GTEX/adjusted_expr1/chr6/ENSG00000137204"
[1] "INFO: gene ENSG00000137210"
[1] "/gpfs/loomis/scratch60/zhao/zy92/GTEX/adjusted_expr1/chr6/ENSG00000137210"
[1] "INFO: gene ENSG00000137261"
[1] "/gpfs/loomis/scratch60/zhao/zy92/GTEX/adjusted_expr1/chr6/ENSG00000137261"
[1] "INFO: gene ENSG00000137265"
[1] "/gpfs/loomis/scratch60/zhao/zy92/GTEX/adjusted_expr1/chr6/ENSG00000137265"
[1] "INFO: gene ENSG00000137266"
[1] "/gpfs/loomis/scratch60/zhao/zy92/GTEX/adjusted_expr1/chr6/ENSG00000137266"
[1] "INFO: 24.39% processed"
[1] "INFO: gene ENSG00000137267"
[1] "/gpfs/loomis/scratch60/zhao/zy92/GTEX/adjusted_expr1/chr6/ENSG00000137267"
[1] "INFO: gene ENSG00000137273"
[1] "/gpfs/loomis/scratch60/zhao/zy92/GTEX/adjusted_expr1/chr6/ENSG00000137273"
[1] "INFO: gene ENSG00000137274"
[1] "/gpfs/loomis/scratch60/zhao/zy92/GTEX/adjusted_expr1/chr6/ENSG00000137274"
[1] "INFO: gene ENSG00000137275"
[1] "/gpfs/loomis/scratch60/zhao/zy92/GTEX/adjusted_expr1/chr6/ENSG00000137275"
[1] "INFO: gene ENSG00000137285"
[1] "/gpfs/loomis/scratch60/zhao/zy92/GTEX/adjusted_expr1/chr6/ENSG00000137285"
[1] "INFO: gene ENSG00000137310"
[1] "/gpfs/loomis/scratch60/zhao/zy92/GTEX/adjusted_expr1/chr6/ENSG00000137310"
[1] "INFO: gene ENSG00000137312"
[1] "/gpfs/loomis/scratch60/zhao/zy92/GTEX/adjusted_expr1/chr6/ENSG00000137312"
[1] "INFO: gene ENSG00000137331"
[1] "/gpfs/loomis/scratch60/zhao/zy92/GTEX/adjusted_expr1/chr6/ENSG00000137331"
[1] "INFO: gene ENSG00000137337"
[1] "/gpfs/loomis/scratch60/zhao/zy92/GTEX/adjusted_expr1/chr6/ENSG00000137337"
[1] "INFO: gene ENSG00000137338"
[1] "/gpfs/loomis/scratch60/zhao/zy92/GTEX/adjusted_expr1/chr6/ENSG00000137338"
[1] "INFO: gene ENSG00000137343"
[1] "/gpfs/loomis/scratch60/zhao/zy92/GTEX/adjusted_expr1/chr6/ENSG00000137343"
[1] "INFO: gene ENSG00000137364"
[1] "/gpfs/loomis/scratch60/zhao/zy92/GTEX/adjusted_expr1/chr6/ENSG00000137364"
[1] "INFO: gene ENSG00000137393"
[1] "/gpfs/loomis/scratch60/zhao/zy92/GTEX/adjusted_expr1/chr6/ENSG00000137393"
[1] "INFO: gene ENSG00000137404"
[1] "/gpfs/loomis/scratch60/zhao/zy92/GTEX/adjusted_expr1/chr6/ENSG00000137404"
[1] "INFO: gene ENSG00000137411"
[1] "/gpfs/loomis/scratch60/zhao/zy92/GTEX/adjusted_expr1/chr6/ENSG00000137411"
[1] "INFO: gene ENSG00000137414"
[1] "/gpfs/loomis/scratch60/zhao/zy92/GTEX/adjusted_expr1/chr6/ENSG00000137414"
[1] "INFO: gene ENSG00000137434"
[1] "/gpfs/loomis/scratch60/zhao/zy92/GTEX/adjusted_expr1/chr6/ENSG00000137434"
[1] "INFO: gene ENSG00000145945"
[1] "/gpfs/loomis/scratch60/zhao/zy92/GTEX/adjusted_expr1/chr6/ENSG00000145945"
[1] "INFO: gene ENSG00000145949"
[1] "/gpfs/loomis/scratch60/zhao/zy92/GTEX/adjusted_expr1/chr6/ENSG00000145949"
[1] "INFO: gene ENSG00000145975"
[1] "/gpfs/loomis/scratch60/zhao/zy92/GTEX/adjusted_expr1/chr6/ENSG00000145975"
[1] "INFO: gene ENSG00000145979"
[1] "/gpfs/loomis/scratch60/zhao/zy92/GTEX/adjusted_expr1/chr6/ENSG00000145979"
[1] "INFO: gene ENSG00000145982"
[1] "/gpfs/loomis/scratch60/zhao/zy92/GTEX/adjusted_expr1/chr6/ENSG00000145982"
[1] "INFO: gene ENSG00000145990"
[1] "/gpfs/loomis/scratch60/zhao/zy92/GTEX/adjusted_expr1/chr6/ENSG00000145990"
[1] "INFO: gene ENSG00000145996"
[1] "/gpfs/loomis/scratch60/zhao/zy92/GTEX/adjusted_expr1/chr6/ENSG00000145996"
[1] "INFO: gene ENSG00000146038"
[1] "/gpfs/loomis/scratch60/zhao/zy92/GTEX/adjusted_expr1/chr6/ENSG00000146038"
[1] "INFO: gene ENSG00000146039"
[1] "/gpfs/loomis/scratch60/zhao/zy92/GTEX/adjusted_expr1/chr6/ENSG00000146039"
[1] "INFO: gene ENSG00000146047"
[1] "/gpfs/loomis/scratch60/zhao/zy92/GTEX/adjusted_expr1/chr6/ENSG00000146047"
[1] "INFO: gene ENSG00000146049"
[1] "/gpfs/loomis/scratch60/zhao/zy92/GTEX/adjusted_expr1/chr6/ENSG00000146049"
[1] "INFO: gene ENSG00000146109"
[1] "/gpfs/loomis/scratch60/zhao/zy92/GTEX/adjusted_expr1/chr6/ENSG00000146109"
[1] "INFO: gene ENSG00000146112"
[1] "/gpfs/loomis/scratch60/zhao/zy92/GTEX/adjusted_expr1/chr6/ENSG00000146112"
[1] "INFO: gene ENSG00000146122"
[1] "/gpfs/loomis/scratch60/zhao/zy92/GTEX/adjusted_expr1/chr6/ENSG00000146122"
[1] "INFO: gene ENSG00000146215"
[1] "/gpfs/loomis/scratch60/zhao/zy92/GTEX/adjusted_expr1/chr6/ENSG00000146215"
[1] "INFO: gene ENSG00000146216"
[1] "/gpfs/loomis/scratch60/zhao/zy92/GTEX/adjusted_expr1/chr6/ENSG00000146216"
[1] "INFO: gene ENSG00000146221"
[1] "/gpfs/loomis/scratch60/zhao/zy92/GTEX/adjusted_expr1/chr6/ENSG00000146221"
[1] "INFO: gene ENSG00000146232"
[1] "/gpfs/loomis/scratch60/zhao/zy92/GTEX/adjusted_expr1/chr6/ENSG00000146232"
[1] "INFO: gene ENSG00000152954"
[1] "/gpfs/loomis/scratch60/zhao/zy92/GTEX/adjusted_expr1/chr6/ENSG00000152954"
[1] "INFO: gene ENSG00000153046"
[1] "/gpfs/loomis/scratch60/zhao/zy92/GTEX/adjusted_expr1/chr6/ENSG00000153046"
[1] "INFO: gene ENSG00000153157"
[1] "/gpfs/loomis/scratch60/zhao/zy92/GTEX/adjusted_expr1/chr6/ENSG00000153157"
[1] "INFO: gene ENSG00000153162"
[1] "/gpfs/loomis/scratch60/zhao/zy92/GTEX/adjusted_expr1/chr6/ENSG00000153162"
[1] "INFO: gene ENSG00000157593"
[1] "/gpfs/loomis/scratch60/zhao/zy92/GTEX/adjusted_expr1/chr6/ENSG00000157593"
[1] "INFO: gene ENSG00000158373"
[1] "/gpfs/loomis/scratch60/zhao/zy92/GTEX/adjusted_expr1/chr6/ENSG00000158373"
[1] "INFO: gene ENSG00000158406"
[1] "/gpfs/loomis/scratch60/zhao/zy92/GTEX/adjusted_expr1/chr6/ENSG00000158406"
[1] "INFO: gene ENSG00000158553"
[1] "/gpfs/loomis/scratch60/zhao/zy92/GTEX/adjusted_expr1/chr6/ENSG00000158553"
[1] "INFO: gene ENSG00000158691"
[1] "/gpfs/loomis/scratch60/zhao/zy92/GTEX/adjusted_expr1/chr6/ENSG00000158691"
[1] "INFO: gene ENSG00000164304"
[1] "/gpfs/loomis/scratch60/zhao/zy92/GTEX/adjusted_expr1/chr6/ENSG00000164304"
[1] "INFO: gene ENSG00000164379"
[1] "/gpfs/loomis/scratch60/zhao/zy92/GTEX/adjusted_expr1/chr6/ENSG00000164379"
[1] "INFO: gene ENSG00000164385"
[1] "/gpfs/loomis/scratch60/zhao/zy92/GTEX/adjusted_expr1/chr6/ENSG00000164385"
[1] "INFO: gene ENSG00000164508"
[1] "/gpfs/loomis/scratch60/zhao/zy92/GTEX/adjusted_expr1/chr6/ENSG00000164508"
[1] "INFO: gene ENSG00000164627"
[1] "/gpfs/loomis/scratch60/zhao/zy92/GTEX/adjusted_expr1/chr6/ENSG00000164627"
[1] "INFO: gene ENSG00000165097"
[1] "/gpfs/loomis/scratch60/zhao/zy92/GTEX/adjusted_expr1/chr6/ENSG00000165097"
[1] "INFO: 36.59% processed"
[1] "INFO: gene ENSG00000168131"
[1] "/gpfs/loomis/scratch60/zhao/zy92/GTEX/adjusted_expr1/chr6/ENSG00000168131"
[1] "INFO: gene ENSG00000168298"
[1] "/gpfs/loomis/scratch60/zhao/zy92/GTEX/adjusted_expr1/chr6/ENSG00000168298"
[1] "INFO: gene ENSG00000168566"
[1] "/gpfs/loomis/scratch60/zhao/zy92/GTEX/adjusted_expr1/chr6/ENSG00000168566"
[1] "INFO: gene ENSG00000168631"
[1] "/gpfs/loomis/scratch60/zhao/zy92/GTEX/adjusted_expr1/chr6/ENSG00000168631"
[1] "INFO: gene ENSG00000168994"
[1] "/gpfs/loomis/scratch60/zhao/zy92/GTEX/adjusted_expr1/chr6/ENSG00000168994"
[1] "INFO: gene ENSG00000170542"
[1] "/gpfs/loomis/scratch60/zhao/zy92/GTEX/adjusted_expr1/chr6/ENSG00000170542"
[1] "INFO: gene ENSG00000170590"
[1] "/gpfs/loomis/scratch60/zhao/zy92/GTEX/adjusted_expr1/chr6/ENSG00000170590"
[1] "INFO: gene ENSG00000171462"
[1] "/gpfs/loomis/scratch60/zhao/zy92/GTEX/adjusted_expr1/chr6/ENSG00000171462"
[1] "INFO: gene ENSG00000171467"
[1] "/gpfs/loomis/scratch60/zhao/zy92/GTEX/adjusted_expr1/chr6/ENSG00000171467"
[1] "INFO: gene ENSG00000172179"
[1] "/gpfs/loomis/scratch60/zhao/zy92/GTEX/adjusted_expr1/chr6/ENSG00000172179"
[1] "INFO: gene ENSG00000172197"
[1] "/gpfs/loomis/scratch60/zhao/zy92/GTEX/adjusted_expr1/chr6/ENSG00000172197"
[1] "INFO: gene ENSG00000172201"
[1] "/gpfs/loomis/scratch60/zhao/zy92/GTEX/adjusted_expr1/chr6/ENSG00000172201"
[1] "INFO: gene ENSG00000176515"
[1] "/gpfs/loomis/scratch60/zhao/zy92/GTEX/adjusted_expr1/chr6/ENSG00000176515"
[1] "INFO: gene ENSG00000178233"
[1] "/gpfs/loomis/scratch60/zhao/zy92/GTEX/adjusted_expr1/chr6/ENSG00000178233"
[1] "INFO: gene ENSG00000179165"
[1] "/gpfs/loomis/scratch60/zhao/zy92/GTEX/adjusted_expr1/chr6/ENSG00000179165"
[1] "INFO: gene ENSG00000180316"
[1] "/gpfs/loomis/scratch60/zhao/zy92/GTEX/adjusted_expr1/chr6/ENSG00000180316"
[1] "INFO: gene ENSG00000180537"
[1] "/gpfs/loomis/scratch60/zhao/zy92/GTEX/adjusted_expr1/chr6/ENSG00000180537"
[1] "INFO: gene ENSG00000180573"
[1] "/gpfs/loomis/scratch60/zhao/zy92/GTEX/adjusted_expr1/chr6/ENSG00000180573"
[1] "INFO: gene ENSG00000180596"
[1] "/gpfs/loomis/scratch60/zhao/zy92/GTEX/adjusted_expr1/chr6/ENSG00000180596"
[1] "INFO: gene ENSG00000180822"
[1] "/gpfs/loomis/scratch60/zhao/zy92/GTEX/adjusted_expr1/chr6/ENSG00000180822"
[1] "INFO: gene ENSG00000181315"
[1] "/gpfs/loomis/scratch60/zhao/zy92/GTEX/adjusted_expr1/chr6/ENSG00000181315"
[1] "INFO: gene ENSG00000181355"
[1] "/gpfs/loomis/scratch60/zhao/zy92/GTEX/adjusted_expr1/chr6/ENSG00000181355"
[1] "INFO: gene ENSG00000182952"
[1] "/gpfs/loomis/scratch60/zhao/zy92/GTEX/adjusted_expr1/chr6/ENSG00000182952"
[1] "INFO: gene ENSG00000183674"
[1] "/gpfs/loomis/scratch60/zhao/zy92/GTEX/adjusted_expr1/chr6/ENSG00000183674"
[1] "INFO: gene ENSG00000184357"
[1] "/gpfs/loomis/scratch60/zhao/zy92/GTEX/adjusted_expr1/chr6/ENSG00000184357"
[1] "INFO: gene ENSG00000185130"
[1] "/gpfs/loomis/scratch60/zhao/zy92/GTEX/adjusted_expr1/chr6/ENSG00000185130"
[1] "INFO: gene ENSG00000185689"
[1] "/gpfs/loomis/scratch60/zhao/zy92/GTEX/adjusted_expr1/chr6/ENSG00000185689"
[1] "INFO: gene ENSG00000186470"
[1] "/gpfs/loomis/scratch60/zhao/zy92/GTEX/adjusted_expr1/chr6/ENSG00000186470"
[1] "INFO: gene ENSG00000187475"
[1] "/gpfs/loomis/scratch60/zhao/zy92/GTEX/adjusted_expr1/chr6/ENSG00000187475"
[1] "INFO: gene ENSG00000187566"
[1] "/gpfs/loomis/scratch60/zhao/zy92/GTEX/adjusted_expr1/chr6/ENSG00000187566"
[1] "INFO: gene ENSG00000187626"
[1] "/gpfs/loomis/scratch60/zhao/zy92/GTEX/adjusted_expr1/chr6/ENSG00000187626"
[1] "INFO: gene ENSG00000187837"
[1] "/gpfs/loomis/scratch60/zhao/zy92/GTEX/adjusted_expr1/chr6/ENSG00000187837"
[1] "INFO: gene ENSG00000187987"
[1] "/gpfs/loomis/scratch60/zhao/zy92/GTEX/adjusted_expr1/chr6/ENSG00000187987"
[1] "INFO: gene ENSG00000188428"
[1] "/gpfs/loomis/scratch60/zhao/zy92/GTEX/adjusted_expr1/chr6/ENSG00000188428"
[1] "INFO: gene ENSG00000188996"
[1] "/gpfs/loomis/scratch60/zhao/zy92/GTEX/adjusted_expr1/chr6/ENSG00000188996"
[1] "INFO: gene ENSG00000189134"
[1] "/gpfs/loomis/scratch60/zhao/zy92/GTEX/adjusted_expr1/chr6/ENSG00000189134"
[1] "INFO: gene ENSG00000189298"
[1] "/gpfs/loomis/scratch60/zhao/zy92/GTEX/adjusted_expr1/chr6/ENSG00000189298"
[1] "INFO: gene ENSG00000189325"
[1] "/gpfs/loomis/scratch60/zhao/zy92/GTEX/adjusted_expr1/chr6/ENSG00000189325"
[1] "INFO: gene ENSG00000196230"
[1] "/gpfs/loomis/scratch60/zhao/zy92/GTEX/adjusted_expr1/chr6/ENSG00000196230"
[1] "INFO: gene ENSG00000196260"
[1] "/gpfs/loomis/scratch60/zhao/zy92/GTEX/adjusted_expr1/chr6/ENSG00000196260"
[1] "INFO: gene ENSG00000196747"
[1] "/gpfs/loomis/scratch60/zhao/zy92/GTEX/adjusted_expr1/chr6/ENSG00000196747"
[1] "INFO: gene ENSG00000196787"
[1] "/gpfs/loomis/scratch60/zhao/zy92/GTEX/adjusted_expr1/chr6/ENSG00000196787"
[1] "INFO: gene ENSG00000196812"
[1] "/gpfs/loomis/scratch60/zhao/zy92/GTEX/adjusted_expr1/chr6/ENSG00000196812"
[1] "INFO: gene ENSG00000196866"
[1] "/gpfs/loomis/scratch60/zhao/zy92/GTEX/adjusted_expr1/chr6/ENSG00000196866"
[1] "INFO: gene ENSG00000197061"
[1] "/gpfs/loomis/scratch60/zhao/zy92/GTEX/adjusted_expr1/chr6/ENSG00000197061"
[1] "INFO: gene ENSG00000197153"
[1] "/gpfs/loomis/scratch60/zhao/zy92/GTEX/adjusted_expr1/chr6/ENSG00000197153"
[1] "INFO: gene ENSG00000197238"
[1] "/gpfs/loomis/scratch60/zhao/zy92/GTEX/adjusted_expr1/chr6/ENSG00000197238"
[1] "INFO: gene ENSG00000197279"
[1] "/gpfs/loomis/scratch60/zhao/zy92/GTEX/adjusted_expr1/chr6/ENSG00000197279"
[1] "INFO: gene ENSG00000197409"
[1] "/gpfs/loomis/scratch60/zhao/zy92/GTEX/adjusted_expr1/chr6/ENSG00000197409"
[1] "INFO: gene ENSG00000197903"
[1] "/gpfs/loomis/scratch60/zhao/zy92/GTEX/adjusted_expr1/chr6/ENSG00000197903"
[1] "INFO: 48.78% processed"
[1] "INFO: gene ENSG00000197935"
[1] "/gpfs/loomis/scratch60/zhao/zy92/GTEX/adjusted_expr1/chr6/ENSG00000197935"
[1] "INFO: gene ENSG00000197977"
[1] "/gpfs/loomis/scratch60/zhao/zy92/GTEX/adjusted_expr1/chr6/ENSG00000197977"
[1] "INFO: gene ENSG00000198315"
[1] "/gpfs/loomis/scratch60/zhao/zy92/GTEX/adjusted_expr1/chr6/ENSG00000198315"
[1] "INFO: gene ENSG00000198563"
[1] "/gpfs/loomis/scratch60/zhao/zy92/GTEX/adjusted_expr1/chr6/ENSG00000198563"
[1] "INFO: gene ENSG00000198704"
[1] "/gpfs/loomis/scratch60/zhao/zy92/GTEX/adjusted_expr1/chr6/ENSG00000198704"
[1] "INFO: gene ENSG00000198721"
[1] "/gpfs/loomis/scratch60/zhao/zy92/GTEX/adjusted_expr1/chr6/ENSG00000198721"
[1] "INFO: gene ENSG00000199036"
[1] "/gpfs/loomis/scratch60/zhao/zy92/GTEX/adjusted_expr1/chr6/ENSG00000199036"
[1] "INFO: gene ENSG00000203498"
[1] "/gpfs/loomis/scratch60/zhao/zy92/GTEX/adjusted_expr1/chr6/ENSG00000203498"
[1] "INFO: gene ENSG00000204227"
[1] "/gpfs/loomis/scratch60/zhao/zy92/GTEX/adjusted_expr1/chr6/ENSG00000204227"
[1] "INFO: gene ENSG00000204228"
[1] "/gpfs/loomis/scratch60/zhao/zy92/GTEX/adjusted_expr1/chr6/ENSG00000204228"
[1] "INFO: gene ENSG00000204261"
[1] "/gpfs/loomis/scratch60/zhao/zy92/GTEX/adjusted_expr1/chr6/ENSG00000204261"
[1] "INFO: gene ENSG00000204424"
[1] "/gpfs/loomis/scratch60/zhao/zy92/GTEX/adjusted_expr1/chr6/ENSG00000204424"
[1] "INFO: gene ENSG00000204427"
[1] "/gpfs/loomis/scratch60/zhao/zy92/GTEX/adjusted_expr1/chr6/ENSG00000204427"
[1] "INFO: gene ENSG00000204428"
[1] "/gpfs/loomis/scratch60/zhao/zy92/GTEX/adjusted_expr1/chr6/ENSG00000204428"
[1] "INFO: gene ENSG00000204475"
[1] "/gpfs/loomis/scratch60/zhao/zy92/GTEX/adjusted_expr1/chr6/ENSG00000204475"
[1] "INFO: gene ENSG00000204482"
[1] "/gpfs/loomis/scratch60/zhao/zy92/GTEX/adjusted_expr1/chr6/ENSG00000204482"
[1] "INFO: gene ENSG00000204498"
[1] "/gpfs/loomis/scratch60/zhao/zy92/GTEX/adjusted_expr1/chr6/ENSG00000204498"
[1] "INFO: gene ENSG00000204511"
[1] "/gpfs/loomis/scratch60/zhao/zy92/GTEX/adjusted_expr1/chr6/ENSG00000204511"
[1] "INFO: gene ENSG00000204516"
[1] "/gpfs/loomis/scratch60/zhao/zy92/GTEX/adjusted_expr1/chr6/ENSG00000204516"
[1] "INFO: gene ENSG00000204520"
[1] "/gpfs/loomis/scratch60/zhao/zy92/GTEX/adjusted_expr1/chr6/ENSG00000204520"
[1] "INFO: gene ENSG00000204525"
[1] "/gpfs/loomis/scratch60/zhao/zy92/GTEX/adjusted_expr1/chr6/ENSG00000204525"
[1] "INFO: gene ENSG00000204531"
[1] "/gpfs/loomis/scratch60/zhao/zy92/GTEX/adjusted_expr1/chr6/ENSG00000204531"
[1] "INFO: gene ENSG00000204536"
[1] "/gpfs/loomis/scratch60/zhao/zy92/GTEX/adjusted_expr1/chr6/ENSG00000204536"
[1] "INFO: gene ENSG00000204538"
[1] "/gpfs/loomis/scratch60/zhao/zy92/GTEX/adjusted_expr1/chr6/ENSG00000204538"
[1] "INFO: gene ENSG00000204539"
[1] "/gpfs/loomis/scratch60/zhao/zy92/GTEX/adjusted_expr1/chr6/ENSG00000204539"
[1] "INFO: gene ENSG00000204540"
[1] "/gpfs/loomis/scratch60/zhao/zy92/GTEX/adjusted_expr1/chr6/ENSG00000204540"
[1] "INFO: gene ENSG00000204542"
[1] "/gpfs/loomis/scratch60/zhao/zy92/GTEX/adjusted_expr1/chr6/ENSG00000204542"
[1] "INFO: gene ENSG00000204544"
[1] "/gpfs/loomis/scratch60/zhao/zy92/GTEX/adjusted_expr1/chr6/ENSG00000204544"
[1] "INFO: gene ENSG00000204560"
[1] "/gpfs/loomis/scratch60/zhao/zy92/GTEX/adjusted_expr1/chr6/ENSG00000204560"
[1] "INFO: gene ENSG00000204564"
[1] "/gpfs/loomis/scratch60/zhao/zy92/GTEX/adjusted_expr1/chr6/ENSG00000204564"
[1] "INFO: gene ENSG00000204568"
[1] "/gpfs/loomis/scratch60/zhao/zy92/GTEX/adjusted_expr1/chr6/ENSG00000204568"
[1] "INFO: gene ENSG00000204569"
[1] "/gpfs/loomis/scratch60/zhao/zy92/GTEX/adjusted_expr1/chr6/ENSG00000204569"
[1] "INFO: gene ENSG00000204574"
[1] "/gpfs/loomis/scratch60/zhao/zy92/GTEX/adjusted_expr1/chr6/ENSG00000204574"
[1] "INFO: gene ENSG00000204576"
[1] "/gpfs/loomis/scratch60/zhao/zy92/GTEX/adjusted_expr1/chr6/ENSG00000204576"
[1] "INFO: gene ENSG00000204580"
[1] "/gpfs/loomis/scratch60/zhao/zy92/GTEX/adjusted_expr1/chr6/ENSG00000204580"
[1] "INFO: gene ENSG00000204590"
[1] "/gpfs/loomis/scratch60/zhao/zy92/GTEX/adjusted_expr1/chr6/ENSG00000204590"
[1] "INFO: gene ENSG00000204592"
[1] "/gpfs/loomis/scratch60/zhao/zy92/GTEX/adjusted_expr1/chr6/ENSG00000204592"
[1] "INFO: gene ENSG00000204599"
[1] "/gpfs/loomis/scratch60/zhao/zy92/GTEX/adjusted_expr1/chr6/ENSG00000204599"
[1] "INFO: gene ENSG00000204610"
[1] "/gpfs/loomis/scratch60/zhao/zy92/GTEX/adjusted_expr1/chr6/ENSG00000204610"
[1] "INFO: gene ENSG00000204613"
[1] "/gpfs/loomis/scratch60/zhao/zy92/GTEX/adjusted_expr1/chr6/ENSG00000204613"
[1] "INFO: gene ENSG00000204614"
[1] "/gpfs/loomis/scratch60/zhao/zy92/GTEX/adjusted_expr1/chr6/ENSG00000204614"
[1] "INFO: gene ENSG00000204616"
[1] "/gpfs/loomis/scratch60/zhao/zy92/GTEX/adjusted_expr1/chr6/ENSG00000204616"
[1] "INFO: gene ENSG00000204618"
[1] "/gpfs/loomis/scratch60/zhao/zy92/GTEX/adjusted_expr1/chr6/ENSG00000204618"
[1] "INFO: gene ENSG00000204619"
[1] "/gpfs/loomis/scratch60/zhao/zy92/GTEX/adjusted_expr1/chr6/ENSG00000204619"
[1] "INFO: gene ENSG00000204625"
[1] "/gpfs/loomis/scratch60/zhao/zy92/GTEX/adjusted_expr1/chr6/ENSG00000204625"
[1] "INFO: gene ENSG00000204632"
[1] "/gpfs/loomis/scratch60/zhao/zy92/GTEX/adjusted_expr1/chr6/ENSG00000204632"
[1] "INFO: gene ENSG00000204642"
[1] "/gpfs/loomis/scratch60/zhao/zy92/GTEX/adjusted_expr1/chr6/ENSG00000204642"
[1] "INFO: gene ENSG00000204644"
[1] "/gpfs/loomis/scratch60/zhao/zy92/GTEX/adjusted_expr1/chr6/ENSG00000204644"
[1] "INFO: gene ENSG00000204655"
[1] "/gpfs/loomis/scratch60/zhao/zy92/GTEX/adjusted_expr1/chr6/ENSG00000204655"
[1] "INFO: gene ENSG00000204657"
[1] "/gpfs/loomis/scratch60/zhao/zy92/GTEX/adjusted_expr1/chr6/ENSG00000204657"
[1] "INFO: 60.98% processed"
[1] "INFO: gene ENSG00000204681"
[1] "/gpfs/loomis/scratch60/zhao/zy92/GTEX/adjusted_expr1/chr6/ENSG00000204681"
[1] "INFO: gene ENSG00000204687"
[1] "/gpfs/loomis/scratch60/zhao/zy92/GTEX/adjusted_expr1/chr6/ENSG00000204687"
[1] "INFO: gene ENSG00000204688"
[1] "/gpfs/loomis/scratch60/zhao/zy92/GTEX/adjusted_expr1/chr6/ENSG00000204688"
[1] "INFO: gene ENSG00000204694"
[1] "/gpfs/loomis/scratch60/zhao/zy92/GTEX/adjusted_expr1/chr6/ENSG00000204694"
[1] "INFO: gene ENSG00000204695"
[1] "/gpfs/loomis/scratch60/zhao/zy92/GTEX/adjusted_expr1/chr6/ENSG00000204695"
[1] "INFO: gene ENSG00000204700"
[1] "/gpfs/loomis/scratch60/zhao/zy92/GTEX/adjusted_expr1/chr6/ENSG00000204700"
[1] "INFO: gene ENSG00000204701"
[1] "/gpfs/loomis/scratch60/zhao/zy92/GTEX/adjusted_expr1/chr6/ENSG00000204701"
[1] "INFO: gene ENSG00000204702"
[1] "/gpfs/loomis/scratch60/zhao/zy92/GTEX/adjusted_expr1/chr6/ENSG00000204702"
[1] "INFO: gene ENSG00000204703"
[1] "/gpfs/loomis/scratch60/zhao/zy92/GTEX/adjusted_expr1/chr6/ENSG00000204703"
[1] "INFO: gene ENSG00000204704"
[1] "/gpfs/loomis/scratch60/zhao/zy92/GTEX/adjusted_expr1/chr6/ENSG00000204704"
[1] "INFO: gene ENSG00000204709"
[1] "/gpfs/loomis/scratch60/zhao/zy92/GTEX/adjusted_expr1/chr6/ENSG00000204709"
[1] "INFO: gene ENSG00000204713"
[1] "/gpfs/loomis/scratch60/zhao/zy92/GTEX/adjusted_expr1/chr6/ENSG00000204713"
[1] "INFO: gene ENSG00000205269"
[1] "/gpfs/loomis/scratch60/zhao/zy92/GTEX/adjusted_expr1/chr6/ENSG00000205269"
[1] "INFO: gene ENSG00000205318"
[1] "/gpfs/loomis/scratch60/zhao/zy92/GTEX/adjusted_expr1/chr6/ENSG00000205318"
[1] "INFO: gene ENSG00000205444"
[1] "/gpfs/loomis/scratch60/zhao/zy92/GTEX/adjusted_expr1/chr6/ENSG00000205444"
[1] "INFO: gene ENSG00000205653"
[1] "/gpfs/loomis/scratch60/zhao/zy92/GTEX/adjusted_expr1/chr6/ENSG00000205653"
[1] "INFO: gene ENSG00000206344"
[1] "/gpfs/loomis/scratch60/zhao/zy92/GTEX/adjusted_expr1/chr6/ENSG00000206344"
[1] "INFO: gene ENSG00000206474"
[1] "/gpfs/loomis/scratch60/zhao/zy92/GTEX/adjusted_expr1/chr6/ENSG00000206474"
[1] "INFO: gene ENSG00000206503"
[1] "/gpfs/loomis/scratch60/zhao/zy92/GTEX/adjusted_expr1/chr6/ENSG00000206503"
[1] "INFO: gene ENSG00000207769"
[1] "/gpfs/loomis/scratch60/zhao/zy92/GTEX/adjusted_expr1/chr6/ENSG00000207769"
[1] "INFO: gene ENSG00000207775"
[1] "/gpfs/loomis/scratch60/zhao/zy92/GTEX/adjusted_expr1/chr6/ENSG00000207775"
[1] "INFO: gene ENSG00000213760"
[1] "/gpfs/loomis/scratch60/zhao/zy92/GTEX/adjusted_expr1/chr6/ENSG00000213760"
[1] "INFO: gene ENSG00000213780"
[1] "/gpfs/loomis/scratch60/zhao/zy92/GTEX/adjusted_expr1/chr6/ENSG00000213780"
[1] "INFO: gene ENSG00000213886"
[1] "/gpfs/loomis/scratch60/zhao/zy92/GTEX/adjusted_expr1/chr6/ENSG00000213886"
[1] "INFO: gene ENSG00000214113"
[1] "/gpfs/loomis/scratch60/zhao/zy92/GTEX/adjusted_expr1/chr6/ENSG00000214113"
[1] "INFO: gene ENSG00000216101"
[1] "/gpfs/loomis/scratch60/zhao/zy92/GTEX/adjusted_expr1/chr6/ENSG00000216101"
[1] "INFO: gene ENSG00000219607"
[1] "/gpfs/loomis/scratch60/zhao/zy92/GTEX/adjusted_expr1/chr6/ENSG00000219607"
[1] "INFO: gene ENSG00000221697"
[1] "/gpfs/loomis/scratch60/zhao/zy92/GTEX/adjusted_expr1/chr6/ENSG00000221697"
[1] "INFO: gene ENSG00000223342"
[1] "/gpfs/loomis/scratch60/zhao/zy92/GTEX/adjusted_expr1/chr6/ENSG00000223342"
[1] "INFO: gene ENSG00000223469"
[1] "/gpfs/loomis/scratch60/zhao/zy92/GTEX/adjusted_expr1/chr6/ENSG00000223469"
[1] "INFO: gene ENSG00000223501"
[1] "/gpfs/loomis/scratch60/zhao/zy92/GTEX/adjusted_expr1/chr6/ENSG00000223501"
[1] "INFO: gene ENSG00000223623"
[1] "/gpfs/loomis/scratch60/zhao/zy92/GTEX/adjusted_expr1/chr6/ENSG00000223623"
[1] "INFO: gene ENSG00000223946"
[1] "/gpfs/loomis/scratch60/zhao/zy92/GTEX/adjusted_expr1/chr6/ENSG00000223946"
[1] "INFO: gene ENSG00000224164"
[1] "/gpfs/loomis/scratch60/zhao/zy92/GTEX/adjusted_expr1/chr6/ENSG00000224164"
[1] "INFO: gene ENSG00000224531"
[1] "/gpfs/loomis/scratch60/zhao/zy92/GTEX/adjusted_expr1/chr6/ENSG00000224531"
[1] "INFO: gene ENSG00000224532"
[1] "/gpfs/loomis/scratch60/zhao/zy92/GTEX/adjusted_expr1/chr6/ENSG00000224532"
[1] "INFO: gene ENSG00000224586"
[1] "/gpfs/loomis/scratch60/zhao/zy92/GTEX/adjusted_expr1/chr6/ENSG00000224586"
[1] "INFO: gene ENSG00000224843"
[1] "/gpfs/loomis/scratch60/zhao/zy92/GTEX/adjusted_expr1/chr6/ENSG00000224843"
[1] "INFO: gene ENSG00000225173"
[1] "/gpfs/loomis/scratch60/zhao/zy92/GTEX/adjusted_expr1/chr6/ENSG00000225173"
[1] "INFO: gene ENSG00000225339"
[1] "/gpfs/loomis/scratch60/zhao/zy92/GTEX/adjusted_expr1/chr6/ENSG00000225339"
[1] "INFO: gene ENSG00000225595"
[1] "/gpfs/loomis/scratch60/zhao/zy92/GTEX/adjusted_expr1/chr6/ENSG00000225595"
[1] "INFO: gene ENSG00000225775"
[1] "/gpfs/loomis/scratch60/zhao/zy92/GTEX/adjusted_expr1/chr6/ENSG00000225775"
[1] "INFO: gene ENSG00000225921"
[1] "/gpfs/loomis/scratch60/zhao/zy92/GTEX/adjusted_expr1/chr6/ENSG00000225921"
[1] "INFO: gene ENSG00000226281"
[1] "/gpfs/loomis/scratch60/zhao/zy92/GTEX/adjusted_expr1/chr6/ENSG00000226281"
[1] "INFO: gene ENSG00000226594"
[1] "/gpfs/loomis/scratch60/zhao/zy92/GTEX/adjusted_expr1/chr6/ENSG00000226594"
[1] "INFO: gene ENSG00000226673"
[1] "/gpfs/loomis/scratch60/zhao/zy92/GTEX/adjusted_expr1/chr6/ENSG00000226673"
[1] "INFO: gene ENSG00000226917"
[1] "/gpfs/loomis/scratch60/zhao/zy92/GTEX/adjusted_expr1/chr6/ENSG00000226917"
[1] "INFO: gene ENSG00000226979"
[1] "/gpfs/loomis/scratch60/zhao/zy92/GTEX/adjusted_expr1/chr6/ENSG00000226979"
[1] "INFO: gene ENSG00000227089"
[1] "/gpfs/loomis/scratch60/zhao/zy92/GTEX/adjusted_expr1/chr6/ENSG00000227089"
[1] "INFO: gene ENSG00000227206"
[1] "/gpfs/loomis/scratch60/zhao/zy92/GTEX/adjusted_expr1/chr6/ENSG00000227206"
[1] "INFO: 73.17% processed"
[1] "INFO: gene ENSG00000227507"
[1] "/gpfs/loomis/scratch60/zhao/zy92/GTEX/adjusted_expr1/chr6/ENSG00000227507"
[1] "INFO: gene ENSG00000227516"
[1] "/gpfs/loomis/scratch60/zhao/zy92/GTEX/adjusted_expr1/chr6/ENSG00000227516"
[1] "INFO: gene ENSG00000228022"
[1] "/gpfs/loomis/scratch60/zhao/zy92/GTEX/adjusted_expr1/chr6/ENSG00000228022"
[1] "INFO: gene ENSG00000228223"
[1] "/gpfs/loomis/scratch60/zhao/zy92/GTEX/adjusted_expr1/chr6/ENSG00000228223"
[1] "INFO: gene ENSG00000228365"
[1] "/gpfs/loomis/scratch60/zhao/zy92/GTEX/adjusted_expr1/chr6/ENSG00000228365"
[1] "INFO: gene ENSG00000228412"
[1] "/gpfs/loomis/scratch60/zhao/zy92/GTEX/adjusted_expr1/chr6/ENSG00000228412"
[1] "INFO: gene ENSG00000228478"
[1] "/gpfs/loomis/scratch60/zhao/zy92/GTEX/adjusted_expr1/chr6/ENSG00000228478"
[1] "INFO: gene ENSG00000228559"
[1] "/gpfs/loomis/scratch60/zhao/zy92/GTEX/adjusted_expr1/chr6/ENSG00000228559"
[1] "INFO: gene ENSG00000228718"
[1] "/gpfs/loomis/scratch60/zhao/zy92/GTEX/adjusted_expr1/chr6/ENSG00000228718"
[1] "INFO: gene ENSG00000228772"
[1] "/gpfs/loomis/scratch60/zhao/zy92/GTEX/adjusted_expr1/chr6/ENSG00000228772"
[1] "INFO: gene ENSG00000228789"
[1] "/gpfs/loomis/scratch60/zhao/zy92/GTEX/adjusted_expr1/chr6/ENSG00000228789"
[1] "INFO: gene ENSG00000228793"
[1] "/gpfs/loomis/scratch60/zhao/zy92/GTEX/adjusted_expr1/chr6/ENSG00000228793"
[1] "INFO: gene ENSG00000229274"
[1] "/gpfs/loomis/scratch60/zhao/zy92/GTEX/adjusted_expr1/chr6/ENSG00000229274"
[1] "INFO: gene ENSG00000229282"
[1] "/gpfs/loomis/scratch60/zhao/zy92/GTEX/adjusted_expr1/chr6/ENSG00000229282"
[1] "INFO: gene ENSG00000229401"
[1] "/gpfs/loomis/scratch60/zhao/zy92/GTEX/adjusted_expr1/chr6/ENSG00000229401"
[1] "INFO: gene ENSG00000229646"
[1] "/gpfs/loomis/scratch60/zhao/zy92/GTEX/adjusted_expr1/chr6/ENSG00000229646"
[1] "INFO: gene ENSG00000229896"
[1] "/gpfs/loomis/scratch60/zhao/zy92/GTEX/adjusted_expr1/chr6/ENSG00000229896"
[1] "INFO: gene ENSG00000230174"
[1] "/gpfs/loomis/scratch60/zhao/zy92/GTEX/adjusted_expr1/chr6/ENSG00000230174"
[1] "INFO: gene ENSG00000230269"
[1] "/gpfs/loomis/scratch60/zhao/zy92/GTEX/adjusted_expr1/chr6/ENSG00000230269"
[1] "INFO: gene ENSG00000230372"
[1] "/gpfs/loomis/scratch60/zhao/zy92/GTEX/adjusted_expr1/chr6/ENSG00000230372"
[1] "INFO: gene ENSG00000230438"
[1] "/gpfs/loomis/scratch60/zhao/zy92/GTEX/adjusted_expr1/chr6/ENSG00000230438"
[1] "INFO: gene ENSG00000230631"
[1] "/gpfs/loomis/scratch60/zhao/zy92/GTEX/adjusted_expr1/chr6/ENSG00000230631"
[1] "INFO: gene ENSG00000230873"
[1] "/gpfs/loomis/scratch60/zhao/zy92/GTEX/adjusted_expr1/chr6/ENSG00000230873"
[1] "INFO: gene ENSG00000230939"
[1] "/gpfs/loomis/scratch60/zhao/zy92/GTEX/adjusted_expr1/chr6/ENSG00000230939"
[1] "INFO: gene ENSG00000231056"
[1] "/gpfs/loomis/scratch60/zhao/zy92/GTEX/adjusted_expr1/chr6/ENSG00000231056"
[1] "INFO: gene ENSG00000231662"
[1] "/gpfs/loomis/scratch60/zhao/zy92/GTEX/adjusted_expr1/chr6/ENSG00000231662"
[1] "INFO: gene ENSG00000231754"
[1] "/gpfs/loomis/scratch60/zhao/zy92/GTEX/adjusted_expr1/chr6/ENSG00000231754"
[1] "INFO: gene ENSG00000231811"
[1] "/gpfs/loomis/scratch60/zhao/zy92/GTEX/adjusted_expr1/chr6/ENSG00000231811"
[1] "INFO: gene ENSG00000231881"
[1] "/gpfs/loomis/scratch60/zhao/zy92/GTEX/adjusted_expr1/chr6/ENSG00000231881"
[1] "INFO: gene ENSG00000232040"
[1] "/gpfs/loomis/scratch60/zhao/zy92/GTEX/adjusted_expr1/chr6/ENSG00000232040"
[1] "INFO: gene ENSG00000232080"
[1] "/gpfs/loomis/scratch60/zhao/zy92/GTEX/adjusted_expr1/chr6/ENSG00000232080"
[1] "INFO: gene ENSG00000232234"
[1] "/gpfs/loomis/scratch60/zhao/zy92/GTEX/adjusted_expr1/chr6/ENSG00000232234"
[1] "INFO: gene ENSG00000232505"
[1] "/gpfs/loomis/scratch60/zhao/zy92/GTEX/adjusted_expr1/chr6/ENSG00000232505"
[1] "INFO: gene ENSG00000232598"
[1] "/gpfs/loomis/scratch60/zhao/zy92/GTEX/adjusted_expr1/chr6/ENSG00000232598"
ERROR from TryCatch Block: missing value where TRUE/FALSE needed 
[1] "INFO: gene ENSG00000232810"
[1] "/gpfs/loomis/scratch60/zhao/zy92/GTEX/adjusted_expr1/chr6/ENSG00000232810"
[1] "INFO: gene ENSG00000232947"
[1] "/gpfs/loomis/scratch60/zhao/zy92/GTEX/adjusted_expr1/chr6/ENSG00000232947"
[1] "INFO: gene ENSG00000233064"
[1] "/gpfs/loomis/scratch60/zhao/zy92/GTEX/adjusted_expr1/chr6/ENSG00000233064"
[1] "INFO: gene ENSG00000233068"
[1] "/gpfs/loomis/scratch60/zhao/zy92/GTEX/adjusted_expr1/chr6/ENSG00000233068"
[1] "INFO: gene ENSG00000233183"
[1] "/gpfs/loomis/scratch60/zhao/zy92/GTEX/adjusted_expr1/chr6/ENSG00000233183"
[1] "INFO: gene ENSG00000233358"
[1] "/gpfs/loomis/scratch60/zhao/zy92/GTEX/adjusted_expr1/chr6/ENSG00000233358"
[1] "INFO: gene ENSG00000233656"
[1] "/gpfs/loomis/scratch60/zhao/zy92/GTEX/adjusted_expr1/chr6/ENSG00000233656"
[1] "INFO: gene ENSG00000233822"
[1] "/gpfs/loomis/scratch60/zhao/zy92/GTEX/adjusted_expr1/chr6/ENSG00000233822"
[1] "INFO: gene ENSG00000233981"
[1] "/gpfs/loomis/scratch60/zhao/zy92/GTEX/adjusted_expr1/chr6/ENSG00000233981"
[1] "INFO: gene ENSG00000234015"
[1] "/gpfs/loomis/scratch60/zhao/zy92/GTEX/adjusted_expr1/chr6/ENSG00000234015"
[1] "INFO: gene ENSG00000234127"
[1] "/gpfs/loomis/scratch60/zhao/zy92/GTEX/adjusted_expr1/chr6/ENSG00000234127"
[1] "INFO: gene ENSG00000234261"
[1] "/gpfs/loomis/scratch60/zhao/zy92/GTEX/adjusted_expr1/chr6/ENSG00000234261"
[1] "INFO: gene ENSG00000234427"
[1] "/gpfs/loomis/scratch60/zhao/zy92/GTEX/adjusted_expr1/chr6/ENSG00000234427"
[1] "INFO: gene ENSG00000234540"
[1] "/gpfs/loomis/scratch60/zhao/zy92/GTEX/adjusted_expr1/chr6/ENSG00000234540"
[1] "INFO: gene ENSG00000234745"
[1] "/gpfs/loomis/scratch60/zhao/zy92/GTEX/adjusted_expr1/chr6/ENSG00000234745"
[1] "INFO: gene ENSG00000234763"
[1] "/gpfs/loomis/scratch60/zhao/zy92/GTEX/adjusted_expr1/chr6/ENSG00000234763"
[1] "INFO: 85.37% processed"
[1] "INFO: gene ENSG00000234817"
[1] "/gpfs/loomis/scratch60/zhao/zy92/GTEX/adjusted_expr1/chr6/ENSG00000234817"
[1] "INFO: gene ENSG00000235109"
[1] "/gpfs/loomis/scratch60/zhao/zy92/GTEX/adjusted_expr1/chr6/ENSG00000235109"
[1] "INFO: gene ENSG00000235570"
[1] "/gpfs/loomis/scratch60/zhao/zy92/GTEX/adjusted_expr1/chr6/ENSG00000235570"
[1] "INFO: gene ENSG00000235743"
[1] "/gpfs/loomis/scratch60/zhao/zy92/GTEX/adjusted_expr1/chr6/ENSG00000235743"
[1] "INFO: gene ENSG00000237346"
[1] "/gpfs/loomis/scratch60/zhao/zy92/GTEX/adjusted_expr1/chr6/ENSG00000237346"
[1] "INFO: gene ENSG00000237716"
[1] "/gpfs/loomis/scratch60/zhao/zy92/GTEX/adjusted_expr1/chr6/ENSG00000237716"
[1] "INFO: gene ENSG00000237923"
[1] "/gpfs/loomis/scratch60/zhao/zy92/GTEX/adjusted_expr1/chr6/ENSG00000237923"
[1] "INFO: gene ENSG00000239264"
[1] "/gpfs/loomis/scratch60/zhao/zy92/GTEX/adjusted_expr1/chr6/ENSG00000239264"
[1] "INFO: gene ENSG00000241370"
[1] "/gpfs/loomis/scratch60/zhao/zy92/GTEX/adjusted_expr1/chr6/ENSG00000241370"
[1] "INFO: gene ENSG00000242753"
[1] "/gpfs/loomis/scratch60/zhao/zy92/GTEX/adjusted_expr1/chr6/ENSG00000242753"
[1] "INFO: gene ENSG00000243729"
[1] "/gpfs/loomis/scratch60/zhao/zy92/GTEX/adjusted_expr1/chr6/ENSG00000243729"
[1] "INFO: gene ENSG00000244041"
[1] "/gpfs/loomis/scratch60/zhao/zy92/GTEX/adjusted_expr1/chr6/ENSG00000244041"
[1] "INFO: gene ENSG00000244476"
[1] "/gpfs/loomis/scratch60/zhao/zy92/GTEX/adjusted_expr1/chr6/ENSG00000244476"
[1] "INFO: gene ENSG00000250903"
[1] "/gpfs/loomis/scratch60/zhao/zy92/GTEX/adjusted_expr1/chr6/ENSG00000250903"
[1] "INFO: gene ENSG00000251164"
[1] "/gpfs/loomis/scratch60/zhao/zy92/GTEX/adjusted_expr1/chr6/ENSG00000251164"
[1] "INFO: gene ENSG00000256166"
[1] "/gpfs/loomis/scratch60/zhao/zy92/GTEX/adjusted_expr1/chr6/ENSG00000256166"
[1] "INFO: gene ENSG00000260239"
[1] "/gpfs/loomis/scratch60/zhao/zy92/GTEX/adjusted_expr1/chr6/ENSG00000260239"
[1] "INFO: gene ENSG00000260286"
[1] "/gpfs/loomis/scratch60/zhao/zy92/GTEX/adjusted_expr1/chr6/ENSG00000260286"
[1] "INFO: gene ENSG00000260455"
[1] "/gpfs/loomis/scratch60/zhao/zy92/GTEX/adjusted_expr1/chr6/ENSG00000260455"
[1] "INFO: gene ENSG00000260604"
[1] "/gpfs/loomis/scratch60/zhao/zy92/GTEX/adjusted_expr1/chr6/ENSG00000260604"
[1] "INFO: gene ENSG00000260673"
[1] "/gpfs/loomis/scratch60/zhao/zy92/GTEX/adjusted_expr1/chr6/ENSG00000260673"
[1] "INFO: gene ENSG00000261211"
[1] "/gpfs/loomis/scratch60/zhao/zy92/GTEX/adjusted_expr1/chr6/ENSG00000261211"
[1] "INFO: gene ENSG00000261272"
[1] "/gpfs/loomis/scratch60/zhao/zy92/GTEX/adjusted_expr1/chr6/ENSG00000261272"
[1] "INFO: gene ENSG00000261353"
[1] "/gpfs/loomis/scratch60/zhao/zy92/GTEX/adjusted_expr1/chr6/ENSG00000261353"
[1] "INFO: gene ENSG00000261568"
[1] "/gpfs/loomis/scratch60/zhao/zy92/GTEX/adjusted_expr1/chr6/ENSG00000261568"
[1] "INFO: gene ENSG00000261584"
[1] "/gpfs/loomis/scratch60/zhao/zy92/GTEX/adjusted_expr1/chr6/ENSG00000261584"
[1] "INFO: gene ENSG00000261839"
[1] "/gpfs/loomis/scratch60/zhao/zy92/GTEX/adjusted_expr1/chr6/ENSG00000261839"
[1] "INFO: gene ENSG00000263572"
[1] "/gpfs/loomis/scratch60/zhao/zy92/GTEX/adjusted_expr1/chr6/ENSG00000263572"
[1] "INFO: gene ENSG00000263667"
[1] "/gpfs/loomis/scratch60/zhao/zy92/GTEX/adjusted_expr1/chr6/ENSG00000263667"
[1] "INFO: gene ENSG00000263705"
[1] "/gpfs/loomis/scratch60/zhao/zy92/GTEX/adjusted_expr1/chr6/ENSG00000263705"
[1] "INFO: gene ENSG00000263712"
[1] "/gpfs/loomis/scratch60/zhao/zy92/GTEX/adjusted_expr1/chr6/ENSG00000263712"
[1] "INFO: gene ENSG00000265083"
[1] "/gpfs/loomis/scratch60/zhao/zy92/GTEX/adjusted_expr1/chr6/ENSG00000265083"
[1] "INFO: gene ENSG00000265565"
[1] "/gpfs/loomis/scratch60/zhao/zy92/GTEX/adjusted_expr1/chr6/ENSG00000265565"
[1] "INFO: gene ENSG00000266750"
[1] "/gpfs/loomis/scratch60/zhao/zy92/GTEX/adjusted_expr1/chr6/ENSG00000266750"
[1] "INFO: gene ENSG00000270604"
[1] "/gpfs/loomis/scratch60/zhao/zy92/GTEX/adjusted_expr1/chr6/ENSG00000270604"
[1] "INFO: gene ENSG00000270937"
[1] "/gpfs/loomis/scratch60/zhao/zy92/GTEX/adjusted_expr1/chr6/ENSG00000270937"
[1] "INFO: gene ENSG00000271727"
[1] "/gpfs/loomis/scratch60/zhao/zy92/GTEX/adjusted_expr1/chr6/ENSG00000271727"
[1] "INFO: gene ENSG00000271755"
[1] "/gpfs/loomis/scratch60/zhao/zy92/GTEX/adjusted_expr1/chr6/ENSG00000271755"
[1] "INFO: gene ENSG00000271821"
[1] "/gpfs/loomis/scratch60/zhao/zy92/GTEX/adjusted_expr1/chr6/ENSG00000271821"
[1] "INFO: gene ENSG00000271888"
[1] "/gpfs/loomis/scratch60/zhao/zy92/GTEX/adjusted_expr1/chr6/ENSG00000271888"
[1] "INFO: gene ENSG00000271897"
[1] "/gpfs/loomis/scratch60/zhao/zy92/GTEX/adjusted_expr1/chr6/ENSG00000271897"
[1] "INFO: gene ENSG00000271911"
[1] "/gpfs/loomis/scratch60/zhao/zy92/GTEX/adjusted_expr1/chr6/ENSG00000271911"
[1] "INFO: gene ENSG00000271978"
[1] "/gpfs/loomis/scratch60/zhao/zy92/GTEX/adjusted_expr1/chr6/ENSG00000271978"
[1] "INFO: gene ENSG00000272053"
[1] "/gpfs/loomis/scratch60/zhao/zy92/GTEX/adjusted_expr1/chr6/ENSG00000272053"
[1] "INFO: gene ENSG00000272097"
[1] "/gpfs/loomis/scratch60/zhao/zy92/GTEX/adjusted_expr1/chr6/ENSG00000272097"
[1] "INFO: gene ENSG00000272142"
[1] "/gpfs/loomis/scratch60/zhao/zy92/GTEX/adjusted_expr1/chr6/ENSG00000272142"
[1] "INFO: gene ENSG00000272168"
[1] "/gpfs/loomis/scratch60/zhao/zy92/GTEX/adjusted_expr1/chr6/ENSG00000272168"
[1] "INFO: gene ENSG00000272209"
[1] "/gpfs/loomis/scratch60/zhao/zy92/GTEX/adjusted_expr1/chr6/ENSG00000272209"
[1] "INFO: gene ENSG00000272221"
[1] "/gpfs/loomis/scratch60/zhao/zy92/GTEX/adjusted_expr1/chr6/ENSG00000272221"
[1] "INFO: gene ENSG00000272236"
[1] "/gpfs/loomis/scratch60/zhao/zy92/GTEX/adjusted_expr1/chr6/ENSG00000272236"
[1] "INFO: 97.56% processed"
[1] "INFO: gene ENSG00000272248"
[1] "/gpfs/loomis/scratch60/zhao/zy92/GTEX/adjusted_expr1/chr6/ENSG00000272248"
[1] "INFO: gene ENSG00000272279"
[1] "/gpfs/loomis/scratch60/zhao/zy92/GTEX/adjusted_expr1/chr6/ENSG00000272279"
[1] "INFO: gene ENSG00000272312"
[1] "/gpfs/loomis/scratch60/zhao/zy92/GTEX/adjusted_expr1/chr6/ENSG00000272312"
[1] "INFO: gene ENSG00000272341"
[1] "/gpfs/loomis/scratch60/zhao/zy92/GTEX/adjusted_expr1/chr6/ENSG00000272341"
[1] "INFO: gene ENSG00000272379"
[1] "/gpfs/loomis/scratch60/zhao/zy92/GTEX/adjusted_expr1/chr6/ENSG00000272379"
[1] "INFO: gene ENSG00000272462"
[1] "/gpfs/loomis/scratch60/zhao/zy92/GTEX/adjusted_expr1/chr6/ENSG00000272462"
[1] "INFO: gene ENSG00000272463"
[1] "/gpfs/loomis/scratch60/zhao/zy92/GTEX/adjusted_expr1/chr6/ENSG00000272463"
[1] "INFO: gene ENSG00000272465"
[1] "/gpfs/loomis/scratch60/zhao/zy92/GTEX/adjusted_expr1/chr6/ENSG00000272465"
[1] "INFO: gene ENSG00000272468"
[1] "/gpfs/loomis/scratch60/zhao/zy92/GTEX/adjusted_expr1/chr6/ENSG00000272468"
[1] "INFO: gene ENSG00000272485"
[1] "/gpfs/loomis/scratch60/zhao/zy92/GTEX/adjusted_expr1/chr6/ENSG00000272485"
[1] "INFO: gene ENSG00000272810"
[1] "/gpfs/loomis/scratch60/zhao/zy92/GTEX/adjusted_expr1/chr6/ENSG00000272810"
Time difference of 17.57895 mins
