
The following have been reloaded with a version change:
  1) GDAL/2.2.3-foss-2016b => GDAL/2.1.1-foss-2016b
  2) HDF5/1.10.1-foss-2016b-serial => HDF5/1.8.18-foss-2016b
  3) HarfBuzz/1.4.3-foss-2016b => HarfBuzz/1.3.1-foss-2016b
  4) R/3.5.0-foss-2016b-avx2 => R/3.4.1-foss-2016b
  5) Szip/2.1.1-foss-2016b => Szip/2.1-foss-2016b
  6) Tcl/8.6.7-foss-2016b => Tcl/8.6.5-foss-2016b
  7) Tk/8.6.7-foss-2016b => Tk/8.6.5-foss-2016b
  8) bzip2/1.0.6-GCCcore-5.4.0 => bzip2/1.0.6-foss-2016b
  9) freetype/2.7.1-GCCcore-5.4.0 => freetype/2.6.5-foss-2016b
 10) libpng/1.6.28-GCCcore-5.4.0 => libpng/1.6.24-foss-2016b
 11) netCDF/4.5.0-foss-2016b => netCDF/4.4.1-foss-2016b

[1] "INFO: gene ENSG00000044459"
[1] "/gpfs/loomis/scratch60/zhao/zy92/GTEX/adjusted_expr1/chr9/ENSG00000044459"
[1] "INFO: gene ENSG00000064218"
[1] "/gpfs/loomis/scratch60/zhao/zy92/GTEX/adjusted_expr1/chr9/ENSG00000064218"
[1] "INFO: gene ENSG00000080298"
[1] "/gpfs/loomis/scratch60/zhao/zy92/GTEX/adjusted_expr1/chr9/ENSG00000080298"
[1] "INFO: gene ENSG00000080503"
[1] "/gpfs/loomis/scratch60/zhao/zy92/GTEX/adjusted_expr1/chr9/ENSG00000080503"
[1] "INFO: gene ENSG00000080608"
[1] "/gpfs/loomis/scratch60/zhao/zy92/GTEX/adjusted_expr1/chr9/ENSG00000080608"
[1] "INFO: gene ENSG00000096872"
[1] "/gpfs/loomis/scratch60/zhao/zy92/GTEX/adjusted_expr1/chr9/ENSG00000096872"
[1] "INFO: gene ENSG00000096968"
[1] "/gpfs/loomis/scratch60/zhao/zy92/GTEX/adjusted_expr1/chr9/ENSG00000096968"
[1] "INFO: gene ENSG00000099219"
[1] "/gpfs/loomis/scratch60/zhao/zy92/GTEX/adjusted_expr1/chr9/ENSG00000099219"
[1] "INFO: gene ENSG00000099810"
[1] "/gpfs/loomis/scratch60/zhao/zy92/GTEX/adjusted_expr1/chr9/ENSG00000099810"
[1] "INFO: gene ENSG00000106686"
[1] "/gpfs/loomis/scratch60/zhao/zy92/GTEX/adjusted_expr1/chr9/ENSG00000106686"
[1] "INFO: gene ENSG00000106688"
[1] "/gpfs/loomis/scratch60/zhao/zy92/GTEX/adjusted_expr1/chr9/ENSG00000106688"
[1] "INFO: gene ENSG00000106993"
[1] "/gpfs/loomis/scratch60/zhao/zy92/GTEX/adjusted_expr1/chr9/ENSG00000106993"
[1] "INFO: gene ENSG00000107014"
[1] "/gpfs/loomis/scratch60/zhao/zy92/GTEX/adjusted_expr1/chr9/ENSG00000107014"
[1] "INFO: gene ENSG00000107018"
[1] "/gpfs/loomis/scratch60/zhao/zy92/GTEX/adjusted_expr1/chr9/ENSG00000107018"
[1] "INFO: gene ENSG00000107020"
[1] "/gpfs/loomis/scratch60/zhao/zy92/GTEX/adjusted_expr1/chr9/ENSG00000107020"
[1] "INFO: gene ENSG00000107036"
[1] "/gpfs/loomis/scratch60/zhao/zy92/GTEX/adjusted_expr1/chr9/ENSG00000107036"
[1] "INFO: gene ENSG00000107077"
[1] "/gpfs/loomis/scratch60/zhao/zy92/GTEX/adjusted_expr1/chr9/ENSG00000107077"
[1] "INFO: gene ENSG00000107099"
[1] "/gpfs/loomis/scratch60/zhao/zy92/GTEX/adjusted_expr1/chr9/ENSG00000107099"
[1] "INFO: gene ENSG00000107104"
[1] "/gpfs/loomis/scratch60/zhao/zy92/GTEX/adjusted_expr1/chr9/ENSG00000107104"
[1] "INFO: gene ENSG00000107105"
[1] "/gpfs/loomis/scratch60/zhao/zy92/GTEX/adjusted_expr1/chr9/ENSG00000107105"
[1] "INFO: gene ENSG00000107165"
[1] "/gpfs/loomis/scratch60/zhao/zy92/GTEX/adjusted_expr1/chr9/ENSG00000107165"
[1] "INFO: gene ENSG00000107186"
[1] "/gpfs/loomis/scratch60/zhao/zy92/GTEX/adjusted_expr1/chr9/ENSG00000107186"
[1] "INFO: gene ENSG00000107201"
[1] "/gpfs/loomis/scratch60/zhao/zy92/GTEX/adjusted_expr1/chr9/ENSG00000107201"
[1] "INFO: gene ENSG00000107249"
[1] "/gpfs/loomis/scratch60/zhao/zy92/GTEX/adjusted_expr1/chr9/ENSG00000107249"
[1] "INFO: gene ENSG00000107295"
[1] "/gpfs/loomis/scratch60/zhao/zy92/GTEX/adjusted_expr1/chr9/ENSG00000107295"
[1] "INFO: gene ENSG00000120156"
[1] "/gpfs/loomis/scratch60/zhao/zy92/GTEX/adjusted_expr1/chr9/ENSG00000120156"
[1] "INFO: gene ENSG00000120158"
[1] "/gpfs/loomis/scratch60/zhao/zy92/GTEX/adjusted_expr1/chr9/ENSG00000120158"
[1] "INFO: gene ENSG00000120159"
[1] "/gpfs/loomis/scratch60/zhao/zy92/GTEX/adjusted_expr1/chr9/ENSG00000120159"
[1] "INFO: gene ENSG00000120160"
[1] "/gpfs/loomis/scratch60/zhao/zy92/GTEX/adjusted_expr1/chr9/ENSG00000120160"
[1] "INFO: gene ENSG00000120162"
[1] "/gpfs/loomis/scratch60/zhao/zy92/GTEX/adjusted_expr1/chr9/ENSG00000120162"
[1] "INFO: gene ENSG00000120210"
[1] "/gpfs/loomis/scratch60/zhao/zy92/GTEX/adjusted_expr1/chr9/ENSG00000120210"
[1] "INFO: gene ENSG00000120211"
[1] "/gpfs/loomis/scratch60/zhao/zy92/GTEX/adjusted_expr1/chr9/ENSG00000120211"
[1] "INFO: gene ENSG00000120215"
[1] "/gpfs/loomis/scratch60/zhao/zy92/GTEX/adjusted_expr1/chr9/ENSG00000120215"
[1] "INFO: gene ENSG00000120217"
[1] "/gpfs/loomis/scratch60/zhao/zy92/GTEX/adjusted_expr1/chr9/ENSG00000120217"
[1] "INFO: gene ENSG00000120235"
[1] "/gpfs/loomis/scratch60/zhao/zy92/GTEX/adjusted_expr1/chr9/ENSG00000120235"
[1] "INFO: gene ENSG00000120242"
[1] "/gpfs/loomis/scratch60/zhao/zy92/GTEX/adjusted_expr1/chr9/ENSG00000120242"
[1] "INFO: gene ENSG00000122729"
[1] "/gpfs/loomis/scratch60/zhao/zy92/GTEX/adjusted_expr1/chr9/ENSG00000122729"
[1] "INFO: gene ENSG00000137033"
[1] "/gpfs/loomis/scratch60/zhao/zy92/GTEX/adjusted_expr1/chr9/ENSG00000137033"
[1] "INFO: gene ENSG00000137038"
[1] "/gpfs/loomis/scratch60/zhao/zy92/GTEX/adjusted_expr1/chr9/ENSG00000137038"
[1] "INFO: gene ENSG00000137040"
[1] "/gpfs/loomis/scratch60/zhao/zy92/GTEX/adjusted_expr1/chr9/ENSG00000137040"
[1] "INFO: gene ENSG00000137055"
[1] "/gpfs/loomis/scratch60/zhao/zy92/GTEX/adjusted_expr1/chr9/ENSG00000137055"
[1] "INFO: gene ENSG00000137080"
[1] "/gpfs/loomis/scratch60/zhao/zy92/GTEX/adjusted_expr1/chr9/ENSG00000137080"
[1] "INFO: gene ENSG00000137090"
[1] "/gpfs/loomis/scratch60/zhao/zy92/GTEX/adjusted_expr1/chr9/ENSG00000137090"
[1] "INFO: gene ENSG00000137145"
[1] "/gpfs/loomis/scratch60/zhao/zy92/GTEX/adjusted_expr1/chr9/ENSG00000137145"
[1] "INFO: gene ENSG00000137154"
[1] "/gpfs/loomis/scratch60/zhao/zy92/GTEX/adjusted_expr1/chr9/ENSG00000137154"
[1] "INFO: gene ENSG00000147852"
[1] "/gpfs/loomis/scratch60/zhao/zy92/GTEX/adjusted_expr1/chr9/ENSG00000147852"
[1] "INFO: gene ENSG00000147853"
[1] "/gpfs/loomis/scratch60/zhao/zy92/GTEX/adjusted_expr1/chr9/ENSG00000147853"
[1] "INFO: gene ENSG00000147854"
[1] "/gpfs/loomis/scratch60/zhao/zy92/GTEX/adjusted_expr1/chr9/ENSG00000147854"
[1] "INFO: gene ENSG00000147862"
[1] "/gpfs/loomis/scratch60/zhao/zy92/GTEX/adjusted_expr1/chr9/ENSG00000147862"
[1] "INFO: 32.26% processed"
[1] "INFO: gene ENSG00000147869"
[1] "/gpfs/loomis/scratch60/zhao/zy92/GTEX/adjusted_expr1/chr9/ENSG00000147869"
[1] "INFO: gene ENSG00000147872"
[1] "/gpfs/loomis/scratch60/zhao/zy92/GTEX/adjusted_expr1/chr9/ENSG00000147872"
[1] "INFO: gene ENSG00000147873"
[1] "/gpfs/loomis/scratch60/zhao/zy92/GTEX/adjusted_expr1/chr9/ENSG00000147873"
[1] "INFO: gene ENSG00000147874"
[1] "/gpfs/loomis/scratch60/zhao/zy92/GTEX/adjusted_expr1/chr9/ENSG00000147874"
[1] "INFO: gene ENSG00000147883"
[1] "/gpfs/loomis/scratch60/zhao/zy92/GTEX/adjusted_expr1/chr9/ENSG00000147883"
[1] "INFO: gene ENSG00000147885"
[1] "/gpfs/loomis/scratch60/zhao/zy92/GTEX/adjusted_expr1/chr9/ENSG00000147885"
[1] "INFO: gene ENSG00000147889"
[1] "/gpfs/loomis/scratch60/zhao/zy92/GTEX/adjusted_expr1/chr9/ENSG00000147889"
[1] "INFO: gene ENSG00000147894"
[1] "/gpfs/loomis/scratch60/zhao/zy92/GTEX/adjusted_expr1/chr9/ENSG00000147894"
[1] "INFO: gene ENSG00000147896"
[1] "/gpfs/loomis/scratch60/zhao/zy92/GTEX/adjusted_expr1/chr9/ENSG00000147896"
[1] "INFO: gene ENSG00000153707"
[1] "/gpfs/loomis/scratch60/zhao/zy92/GTEX/adjusted_expr1/chr9/ENSG00000153707"
[1] "INFO: gene ENSG00000153714"
[1] "/gpfs/loomis/scratch60/zhao/zy92/GTEX/adjusted_expr1/chr9/ENSG00000153714"
[1] "INFO: gene ENSG00000155158"
[1] "/gpfs/loomis/scratch60/zhao/zy92/GTEX/adjusted_expr1/chr9/ENSG00000155158"
[1] "INFO: gene ENSG00000155875"
[1] "/gpfs/loomis/scratch60/zhao/zy92/GTEX/adjusted_expr1/chr9/ENSG00000155875"
[1] "INFO: gene ENSG00000155876"
[1] "/gpfs/loomis/scratch60/zhao/zy92/GTEX/adjusted_expr1/chr9/ENSG00000155876"
[1] "INFO: gene ENSG00000155886"
[1] "/gpfs/loomis/scratch60/zhao/zy92/GTEX/adjusted_expr1/chr9/ENSG00000155886"
[1] "INFO: gene ENSG00000164946"
[1] "/gpfs/loomis/scratch60/zhao/zy92/GTEX/adjusted_expr1/chr9/ENSG00000164946"
[1] "INFO: gene ENSG00000164975"
[1] "/gpfs/loomis/scratch60/zhao/zy92/GTEX/adjusted_expr1/chr9/ENSG00000164975"
[1] "INFO: gene ENSG00000164985"
[1] "/gpfs/loomis/scratch60/zhao/zy92/GTEX/adjusted_expr1/chr9/ENSG00000164985"
[1] "INFO: gene ENSG00000164989"
[1] "/gpfs/loomis/scratch60/zhao/zy92/GTEX/adjusted_expr1/chr9/ENSG00000164989"
[1] "INFO: gene ENSG00000168263"
[1] "/gpfs/loomis/scratch60/zhao/zy92/GTEX/adjusted_expr1/chr9/ENSG00000168263"
[1] "INFO: gene ENSG00000170122"
[1] "/gpfs/loomis/scratch60/zhao/zy92/GTEX/adjusted_expr1/chr9/ENSG00000170122"
[1] "INFO: gene ENSG00000170777"
[1] "/gpfs/loomis/scratch60/zhao/zy92/GTEX/adjusted_expr1/chr9/ENSG00000170777"
[1] "INFO: gene ENSG00000171843"
[1] "/gpfs/loomis/scratch60/zhao/zy92/GTEX/adjusted_expr1/chr9/ENSG00000171843"
[1] "INFO: gene ENSG00000171855"
[1] "/gpfs/loomis/scratch60/zhao/zy92/GTEX/adjusted_expr1/chr9/ENSG00000171855"
[1] "INFO: gene ENSG00000172785"
[1] "/gpfs/loomis/scratch60/zhao/zy92/GTEX/adjusted_expr1/chr9/ENSG00000172785"
[1] "INFO: gene ENSG00000173068"
[1] "/gpfs/loomis/scratch60/zhao/zy92/GTEX/adjusted_expr1/chr9/ENSG00000173068"
[1] "INFO: gene ENSG00000173253"
[1] "/gpfs/loomis/scratch60/zhao/zy92/GTEX/adjusted_expr1/chr9/ENSG00000173253"
[1] "INFO: gene ENSG00000174482"
[1] "/gpfs/loomis/scratch60/zhao/zy92/GTEX/adjusted_expr1/chr9/ENSG00000174482"
[1] "INFO: gene ENSG00000175893"
[1] "/gpfs/loomis/scratch60/zhao/zy92/GTEX/adjusted_expr1/chr9/ENSG00000175893"
[1] "INFO: gene ENSG00000176399"
[1] "/gpfs/loomis/scratch60/zhao/zy92/GTEX/adjusted_expr1/chr9/ENSG00000176399"
[1] "INFO: gene ENSG00000177047"
[1] "/gpfs/loomis/scratch60/zhao/zy92/GTEX/adjusted_expr1/chr9/ENSG00000177047"
[1] "INFO: gene ENSG00000177076"
[1] "/gpfs/loomis/scratch60/zhao/zy92/GTEX/adjusted_expr1/chr9/ENSG00000177076"
[1] "INFO: gene ENSG00000178031"
[1] "/gpfs/loomis/scratch60/zhao/zy92/GTEX/adjusted_expr1/chr9/ENSG00000178031"
[1] "INFO: gene ENSG00000178445"
[1] "/gpfs/loomis/scratch60/zhao/zy92/GTEX/adjusted_expr1/chr9/ENSG00000178445"
[1] "INFO: gene ENSG00000183354"
[1] "/gpfs/loomis/scratch60/zhao/zy92/GTEX/adjusted_expr1/chr9/ENSG00000183354"
[1] "INFO: gene ENSG00000183784"
[1] "/gpfs/loomis/scratch60/zhao/zy92/GTEX/adjusted_expr1/chr9/ENSG00000183784"
[1] "INFO: gene ENSG00000184434"
[1] "/gpfs/loomis/scratch60/zhao/zy92/GTEX/adjusted_expr1/chr9/ENSG00000184434"
[1] "INFO: gene ENSG00000184995"
[1] "/gpfs/loomis/scratch60/zhao/zy92/GTEX/adjusted_expr1/chr9/ENSG00000184995"
[1] "INFO: gene ENSG00000186803"
[1] "/gpfs/loomis/scratch60/zhao/zy92/GTEX/adjusted_expr1/chr9/ENSG00000186803"
[1] "INFO: gene ENSG00000188352"
[1] "/gpfs/loomis/scratch60/zhao/zy92/GTEX/adjusted_expr1/chr9/ENSG00000188352"
[1] "INFO: gene ENSG00000188379"
[1] "/gpfs/loomis/scratch60/zhao/zy92/GTEX/adjusted_expr1/chr9/ENSG00000188379"
[1] "INFO: gene ENSG00000188921"
[1] "/gpfs/loomis/scratch60/zhao/zy92/GTEX/adjusted_expr1/chr9/ENSG00000188921"
[1] "INFO: gene ENSG00000197579"
[1] "/gpfs/loomis/scratch60/zhao/zy92/GTEX/adjusted_expr1/chr9/ENSG00000197579"
[1] "INFO: gene ENSG00000197646"
[1] "/gpfs/loomis/scratch60/zhao/zy92/GTEX/adjusted_expr1/chr9/ENSG00000197646"
[1] "INFO: gene ENSG00000197919"
[1] "/gpfs/loomis/scratch60/zhao/zy92/GTEX/adjusted_expr1/chr9/ENSG00000197919"
[1] "INFO: gene ENSG00000198642"
[1] "/gpfs/loomis/scratch60/zhao/zy92/GTEX/adjusted_expr1/chr9/ENSG00000198642"
[1] "INFO: gene ENSG00000198680"
[1] "/gpfs/loomis/scratch60/zhao/zy92/GTEX/adjusted_expr1/chr9/ENSG00000198680"
[1] "INFO: gene ENSG00000199065"
[1] "/gpfs/loomis/scratch60/zhao/zy92/GTEX/adjusted_expr1/chr9/ENSG00000199065"
[1] "INFO: gene ENSG00000199177"
[1] "/gpfs/loomis/scratch60/zhao/zy92/GTEX/adjusted_expr1/chr9/ENSG00000199177"
[1] "INFO: gene ENSG00000205442"
[1] "/gpfs/loomis/scratch60/zhao/zy92/GTEX/adjusted_expr1/chr9/ENSG00000205442"
[1] "INFO: 64.52% processed"
[1] "INFO: gene ENSG00000205549"
[1] "/gpfs/loomis/scratch60/zhao/zy92/GTEX/adjusted_expr1/chr9/ENSG00000205549"
[1] "INFO: gene ENSG00000205636"
[1] "/gpfs/loomis/scratch60/zhao/zy92/GTEX/adjusted_expr1/chr9/ENSG00000205636"
[1] "INFO: gene ENSG00000205808"
[1] "/gpfs/loomis/scratch60/zhao/zy92/GTEX/adjusted_expr1/chr9/ENSG00000205808"
[1] "INFO: gene ENSG00000207609"
[1] "/gpfs/loomis/scratch60/zhao/zy92/GTEX/adjusted_expr1/chr9/ENSG00000207609"
[1] "INFO: gene ENSG00000214042"
[1] "/gpfs/loomis/scratch60/zhao/zy92/GTEX/adjusted_expr1/chr9/ENSG00000214042"
[1] "INFO: gene ENSG00000218839"
[1] "/gpfs/loomis/scratch60/zhao/zy92/GTEX/adjusted_expr1/chr9/ENSG00000218839"
[1] "INFO: gene ENSG00000221768"
[1] "/gpfs/loomis/scratch60/zhao/zy92/GTEX/adjusted_expr1/chr9/ENSG00000221768"
[1] "INFO: gene ENSG00000224549"
[1] "/gpfs/loomis/scratch60/zhao/zy92/GTEX/adjusted_expr1/chr9/ENSG00000224549"
[1] "INFO: gene ENSG00000224854"
[1] "/gpfs/loomis/scratch60/zhao/zy92/GTEX/adjusted_expr1/chr9/ENSG00000224854"
[1] "INFO: gene ENSG00000224935"
[1] "/gpfs/loomis/scratch60/zhao/zy92/GTEX/adjusted_expr1/chr9/ENSG00000224935"
[1] "INFO: gene ENSG00000225489"
[1] "/gpfs/loomis/scratch60/zhao/zy92/GTEX/adjusted_expr1/chr9/ENSG00000225489"
[1] "INFO: gene ENSG00000225706"
[1] "/gpfs/loomis/scratch60/zhao/zy92/GTEX/adjusted_expr1/chr9/ENSG00000225706"
[1] "INFO: gene ENSG00000226197"
[1] "/gpfs/loomis/scratch60/zhao/zy92/GTEX/adjusted_expr1/chr9/ENSG00000226197"
[1] "INFO: gene ENSG00000226376"
[1] "/gpfs/loomis/scratch60/zhao/zy92/GTEX/adjusted_expr1/chr9/ENSG00000226376"
[1] "INFO: gene ENSG00000226669"
[1] "/gpfs/loomis/scratch60/zhao/zy92/GTEX/adjusted_expr1/chr9/ENSG00000226669"
[1] "INFO: gene ENSG00000226717"
[1] "/gpfs/loomis/scratch60/zhao/zy92/GTEX/adjusted_expr1/chr9/ENSG00000226717"
[1] "INFO: gene ENSG00000227071"
[1] "/gpfs/loomis/scratch60/zhao/zy92/GTEX/adjusted_expr1/chr9/ENSG00000227071"
[1] "INFO: gene ENSG00000227167"
[1] "/gpfs/loomis/scratch60/zhao/zy92/GTEX/adjusted_expr1/chr9/ENSG00000227167"
[1] "INFO: gene ENSG00000227518"
[1] "/gpfs/loomis/scratch60/zhao/zy92/GTEX/adjusted_expr1/chr9/ENSG00000227518"
[1] "INFO: gene ENSG00000227917"
[1] "/gpfs/loomis/scratch60/zhao/zy92/GTEX/adjusted_expr1/chr9/ENSG00000227917"
[1] "INFO: gene ENSG00000228083"
[1] "/gpfs/loomis/scratch60/zhao/zy92/GTEX/adjusted_expr1/chr9/ENSG00000228083"
[1] "INFO: gene ENSG00000228739"
[1] "/gpfs/loomis/scratch60/zhao/zy92/GTEX/adjusted_expr1/chr9/ENSG00000228739"
[1] "INFO: gene ENSG00000229611"
[1] "/gpfs/loomis/scratch60/zhao/zy92/GTEX/adjusted_expr1/chr9/ENSG00000229611"
[1] "INFO: gene ENSG00000230365"
[1] "/gpfs/loomis/scratch60/zhao/zy92/GTEX/adjusted_expr1/chr9/ENSG00000230365"
[1] "INFO: gene ENSG00000230920"
[1] "/gpfs/loomis/scratch60/zhao/zy92/GTEX/adjusted_expr1/chr9/ENSG00000230920"
[1] "INFO: gene ENSG00000231052"
[1] "/gpfs/loomis/scratch60/zhao/zy92/GTEX/adjusted_expr1/chr9/ENSG00000231052"
[1] "INFO: gene ENSG00000231509"
[1] "/gpfs/loomis/scratch60/zhao/zy92/GTEX/adjusted_expr1/chr9/ENSG00000231509"
[1] "INFO: gene ENSG00000231808"
[1] "/gpfs/loomis/scratch60/zhao/zy92/GTEX/adjusted_expr1/chr9/ENSG00000231808"
[1] "INFO: gene ENSG00000231902"
[1] "/gpfs/loomis/scratch60/zhao/zy92/GTEX/adjusted_expr1/chr9/ENSG00000231902"
[1] "INFO: gene ENSG00000232035"
[1] "/gpfs/loomis/scratch60/zhao/zy92/GTEX/adjusted_expr1/chr9/ENSG00000232035"
[1] "INFO: gene ENSG00000232104"
[1] "/gpfs/loomis/scratch60/zhao/zy92/GTEX/adjusted_expr1/chr9/ENSG00000232104"
[1] "INFO: gene ENSG00000233816"
[1] "/gpfs/loomis/scratch60/zhao/zy92/GTEX/adjusted_expr1/chr9/ENSG00000233816"
[1] "INFO: gene ENSG00000233906"
[1] "/gpfs/loomis/scratch60/zhao/zy92/GTEX/adjusted_expr1/chr9/ENSG00000233906"
ERROR from TryCatch Block: missing value where TRUE/FALSE needed 
[1] "INFO: gene ENSG00000234021"
[1] "/gpfs/loomis/scratch60/zhao/zy92/GTEX/adjusted_expr1/chr9/ENSG00000234021"
[1] "INFO: gene ENSG00000234829"
[1] "/gpfs/loomis/scratch60/zhao/zy92/GTEX/adjusted_expr1/chr9/ENSG00000234829"
[1] "INFO: gene ENSG00000234840"
[1] "/gpfs/loomis/scratch60/zhao/zy92/GTEX/adjusted_expr1/chr9/ENSG00000234840"
[1] "INFO: gene ENSG00000235533"
[1] "/gpfs/loomis/scratch60/zhao/zy92/GTEX/adjusted_expr1/chr9/ENSG00000235533"
[1] "INFO: gene ENSG00000236511"
[1] "/gpfs/loomis/scratch60/zhao/zy92/GTEX/adjusted_expr1/chr9/ENSG00000236511"
[1] "INFO: gene ENSG00000236637"
[1] "/gpfs/loomis/scratch60/zhao/zy92/GTEX/adjusted_expr1/chr9/ENSG00000236637"
[1] "INFO: gene ENSG00000236921"
[1] "/gpfs/loomis/scratch60/zhao/zy92/GTEX/adjusted_expr1/chr9/ENSG00000236921"
[1] "INFO: gene ENSG00000236924"
[1] "/gpfs/loomis/scratch60/zhao/zy92/GTEX/adjusted_expr1/chr9/ENSG00000236924"
[1] "INFO: gene ENSG00000237153"
[1] "/gpfs/loomis/scratch60/zhao/zy92/GTEX/adjusted_expr1/chr9/ENSG00000237153"
[1] "INFO: gene ENSG00000237359"
[1] "/gpfs/loomis/scratch60/zhao/zy92/GTEX/adjusted_expr1/chr9/ENSG00000237359"
[1] "INFO: gene ENSG00000261402"
[1] "/gpfs/loomis/scratch60/zhao/zy92/GTEX/adjusted_expr1/chr9/ENSG00000261402"
[1] "INFO: gene ENSG00000261696"
[1] "/gpfs/loomis/scratch60/zhao/zy92/GTEX/adjusted_expr1/chr9/ENSG00000261696"
[1] "INFO: gene ENSG00000263575"
[1] "/gpfs/loomis/scratch60/zhao/zy92/GTEX/adjusted_expr1/chr9/ENSG00000263575"
[1] "INFO: gene ENSG00000263790"
[1] "/gpfs/loomis/scratch60/zhao/zy92/GTEX/adjusted_expr1/chr9/ENSG00000263790"
[1] "INFO: gene ENSG00000264638"
[1] "/gpfs/loomis/scratch60/zhao/zy92/GTEX/adjusted_expr1/chr9/ENSG00000264638"
[1] "INFO: gene ENSG00000264941"
[1] "/gpfs/loomis/scratch60/zhao/zy92/GTEX/adjusted_expr1/chr9/ENSG00000264941"
[1] "INFO: gene ENSG00000270372"
[1] "/gpfs/loomis/scratch60/zhao/zy92/GTEX/adjusted_expr1/chr9/ENSG00000270372"
[1] "INFO: 96.77% processed"
[1] "INFO: gene ENSG00000270547"
[1] "/gpfs/loomis/scratch60/zhao/zy92/GTEX/adjusted_expr1/chr9/ENSG00000270547"
[1] "INFO: gene ENSG00000272866"
[1] "/gpfs/loomis/scratch60/zhao/zy92/GTEX/adjusted_expr1/chr9/ENSG00000272866"
[1] "INFO: gene ENSG00000272871"
[1] "/gpfs/loomis/scratch60/zhao/zy92/GTEX/adjusted_expr1/chr9/ENSG00000272871"
[1] "INFO: gene ENSG00000273056"
[1] "/gpfs/loomis/scratch60/zhao/zy92/GTEX/adjusted_expr1/chr9/ENSG00000273056"
[1] "INFO: gene ENSG00000273061"
[1] "/gpfs/loomis/scratch60/zhao/zy92/GTEX/adjusted_expr1/chr9/ENSG00000273061"
[1] "INFO: gene ENSG00000273399"
[1] "/gpfs/loomis/scratch60/zhao/zy92/GTEX/adjusted_expr1/chr9/ENSG00000273399"
Time difference of 6.291545 mins
