
The following have been reloaded with a version change:
  1) GDAL/2.2.3-foss-2016b => GDAL/2.1.1-foss-2016b
  2) HDF5/1.10.1-foss-2016b-serial => HDF5/1.8.18-foss-2016b
  3) HarfBuzz/1.4.3-foss-2016b => HarfBuzz/1.3.1-foss-2016b
  4) R/3.5.0-foss-2016b-avx2 => R/3.4.1-foss-2016b
  5) Szip/2.1.1-foss-2016b => Szip/2.1-foss-2016b
  6) Tcl/8.6.7-foss-2016b => Tcl/8.6.5-foss-2016b
  7) Tk/8.6.7-foss-2016b => Tk/8.6.5-foss-2016b
  8) bzip2/1.0.6-GCCcore-5.4.0 => bzip2/1.0.6-foss-2016b
  9) freetype/2.7.1-GCCcore-5.4.0 => freetype/2.6.5-foss-2016b
 10) libpng/1.6.28-GCCcore-5.4.0 => libpng/1.6.24-foss-2016b
 11) netCDF/4.5.0-foss-2016b => netCDF/4.4.1-foss-2016b

[1] "INFO: gene ENSG00000005001"
[1] "/gpfs/loomis/scratch60/zhao/zy92/GTEX/adjusted_expr1/chr16/ENSG00000005001"
ERROR from TryCatch Block: cannot open the connection 
[1] "INFO: gene ENSG00000005339"
[1] "/gpfs/loomis/scratch60/zhao/zy92/GTEX/adjusted_expr1/chr16/ENSG00000005339"
ERROR from TryCatch Block: cannot open the connection 
[1] "INFO: gene ENSG00000005513"
[1] "/gpfs/loomis/scratch60/zhao/zy92/GTEX/adjusted_expr1/chr16/ENSG00000005513"
ERROR from TryCatch Block: cannot open the connection 
[1] "INFO: gene ENSG00000006194"
[1] "/gpfs/loomis/scratch60/zhao/zy92/GTEX/adjusted_expr1/chr16/ENSG00000006194"
ERROR from TryCatch Block: cannot open the connection 
[1] "INFO: gene ENSG00000006327"
[1] "/gpfs/loomis/scratch60/zhao/zy92/GTEX/adjusted_expr1/chr16/ENSG00000006327"
ERROR from TryCatch Block: cannot open the connection 
[1] "INFO: gene ENSG00000007038"
[1] "/gpfs/loomis/scratch60/zhao/zy92/GTEX/adjusted_expr1/chr16/ENSG00000007038"
ERROR from TryCatch Block: cannot open the connection 
[1] "INFO: gene ENSG00000007376"
[1] "/gpfs/loomis/scratch60/zhao/zy92/GTEX/adjusted_expr1/chr16/ENSG00000007376"
ERROR from TryCatch Block: cannot open the connection 
[1] "INFO: gene ENSG00000007384"
[1] "/gpfs/loomis/scratch60/zhao/zy92/GTEX/adjusted_expr1/chr16/ENSG00000007384"
ERROR from TryCatch Block: cannot open the connection 
[1] "INFO: gene ENSG00000007392"
[1] "/gpfs/loomis/scratch60/zhao/zy92/GTEX/adjusted_expr1/chr16/ENSG00000007392"
ERROR from TryCatch Block: cannot open the connection 
[1] "INFO: gene ENSG00000007516"
[1] "/gpfs/loomis/scratch60/zhao/zy92/GTEX/adjusted_expr1/chr16/ENSG00000007516"
ERROR from TryCatch Block: cannot open the connection 
[1] "INFO: gene ENSG00000007520"
[1] "/gpfs/loomis/scratch60/zhao/zy92/GTEX/adjusted_expr1/chr16/ENSG00000007520"
ERROR from TryCatch Block: cannot open the connection 
[1] "INFO: gene ENSG00000007541"
[1] "/gpfs/loomis/scratch60/zhao/zy92/GTEX/adjusted_expr1/chr16/ENSG00000007541"
ERROR from TryCatch Block: cannot open the connection 
[1] "INFO: gene ENSG00000007545"
[1] "/gpfs/loomis/scratch60/zhao/zy92/GTEX/adjusted_expr1/chr16/ENSG00000007545"
ERROR from TryCatch Block: cannot open the connection 
[1] "INFO: gene ENSG00000008516"
[1] "/gpfs/loomis/scratch60/zhao/zy92/GTEX/adjusted_expr1/chr16/ENSG00000008516"
ERROR from TryCatch Block: cannot open the connection 
[1] "INFO: gene ENSG00000008517"
[1] "/gpfs/loomis/scratch60/zhao/zy92/GTEX/adjusted_expr1/chr16/ENSG00000008517"
ERROR from TryCatch Block: cannot open the connection 
[1] "INFO: gene ENSG00000008710"
[1] "/gpfs/loomis/scratch60/zhao/zy92/GTEX/adjusted_expr1/chr16/ENSG00000008710"
ERROR from TryCatch Block: cannot open the connection 
[1] "INFO: gene ENSG00000010539"
[1] "/gpfs/loomis/scratch60/zhao/zy92/GTEX/adjusted_expr1/chr16/ENSG00000010539"
ERROR from TryCatch Block: cannot open the connection 
[1] "INFO: gene ENSG00000013364"
[1] "/gpfs/loomis/scratch60/zhao/zy92/GTEX/adjusted_expr1/chr16/ENSG00000013364"
ERROR from TryCatch Block: cannot open the connection 
[1] "INFO: gene ENSG00000033011"
[1] "/gpfs/loomis/scratch60/zhao/zy92/GTEX/adjusted_expr1/chr16/ENSG00000033011"
ERROR from TryCatch Block: cannot open the connection 
[1] "INFO: gene ENSG00000038532"
[1] "/gpfs/loomis/scratch60/zhao/zy92/GTEX/adjusted_expr1/chr16/ENSG00000038532"
ERROR from TryCatch Block: cannot open the connection 
[1] "INFO: gene ENSG00000048462"
[1] "/gpfs/loomis/scratch60/zhao/zy92/GTEX/adjusted_expr1/chr16/ENSG00000048462"
ERROR from TryCatch Block: cannot open the connection 
[1] "INFO: gene ENSG00000048471"
[1] "/gpfs/loomis/scratch60/zhao/zy92/GTEX/adjusted_expr1/chr16/ENSG00000048471"
ERROR from TryCatch Block: cannot open the connection 
[1] "INFO: gene ENSG00000059122"
[1] "/gpfs/loomis/scratch60/zhao/zy92/GTEX/adjusted_expr1/chr16/ENSG00000059122"
ERROR from TryCatch Block: cannot open the connection 
[1] "INFO: gene ENSG00000059145"
[1] "/gpfs/loomis/scratch60/zhao/zy92/GTEX/adjusted_expr1/chr16/ENSG00000059145"
ERROR from TryCatch Block: cannot open the connection 
[1] "INFO: gene ENSG00000063854"
[1] "/gpfs/loomis/scratch60/zhao/zy92/GTEX/adjusted_expr1/chr16/ENSG00000063854"
ERROR from TryCatch Block: cannot open the connection 
[1] "INFO: gene ENSG00000065054"
[1] "/gpfs/loomis/scratch60/zhao/zy92/GTEX/adjusted_expr1/chr16/ENSG00000065054"
ERROR from TryCatch Block: cannot open the connection 
[1] "INFO: gene ENSG00000065057"
[1] "/gpfs/loomis/scratch60/zhao/zy92/GTEX/adjusted_expr1/chr16/ENSG00000065057"
ERROR from TryCatch Block: cannot open the connection 
[1] "INFO: gene ENSG00000067365"
[1] "/gpfs/loomis/scratch60/zhao/zy92/GTEX/adjusted_expr1/chr16/ENSG00000067365"
ERROR from TryCatch Block: cannot open the connection 
[1] "INFO: gene ENSG00000067836"
[1] "/gpfs/loomis/scratch60/zhao/zy92/GTEX/adjusted_expr1/chr16/ENSG00000067836"
ERROR from TryCatch Block: cannot open the connection 
[1] "INFO: gene ENSG00000069764"
[1] "/gpfs/loomis/scratch60/zhao/zy92/GTEX/adjusted_expr1/chr16/ENSG00000069764"
ERROR from TryCatch Block: cannot open the connection 
[1] "INFO: gene ENSG00000074071"
[1] "/gpfs/loomis/scratch60/zhao/zy92/GTEX/adjusted_expr1/chr16/ENSG00000074071"
ERROR from TryCatch Block: cannot open the connection 
[1] "INFO: gene ENSG00000076344"
[1] "/gpfs/loomis/scratch60/zhao/zy92/GTEX/adjusted_expr1/chr16/ENSG00000076344"
ERROR from TryCatch Block: cannot open the connection 
[1] "INFO: gene ENSG00000078328"
[1] "/gpfs/loomis/scratch60/zhao/zy92/GTEX/adjusted_expr1/chr16/ENSG00000078328"
ERROR from TryCatch Block: cannot open the connection 
[1] "INFO: gene ENSG00000079616"
[1] "/gpfs/loomis/scratch60/zhao/zy92/GTEX/adjusted_expr1/chr16/ENSG00000079616"
ERROR from TryCatch Block: cannot open the connection 
[1] "INFO: gene ENSG00000085644"
[1] "/gpfs/loomis/scratch60/zhao/zy92/GTEX/adjusted_expr1/chr16/ENSG00000085644"
ERROR from TryCatch Block: cannot open the connection 
[1] "INFO: gene ENSG00000085721"
[1] "/gpfs/loomis/scratch60/zhao/zy92/GTEX/adjusted_expr1/chr16/ENSG00000085721"
ERROR from TryCatch Block: cannot open the connection 
[1] "INFO: gene ENSG00000086504"
[1] "/gpfs/loomis/scratch60/zhao/zy92/GTEX/adjusted_expr1/chr16/ENSG00000086504"
ERROR from TryCatch Block: cannot open the connection 
[1] "INFO: gene ENSG00000086506"
[1] "/gpfs/loomis/scratch60/zhao/zy92/GTEX/adjusted_expr1/chr16/ENSG00000086506"
ERROR from TryCatch Block: cannot open the connection 
[1] "INFO: gene ENSG00000089486"
[1] "/gpfs/loomis/scratch60/zhao/zy92/GTEX/adjusted_expr1/chr16/ENSG00000089486"
ERROR from TryCatch Block: cannot open the connection 
[1] "INFO: gene ENSG00000090238"
[1] "/gpfs/loomis/scratch60/zhao/zy92/GTEX/adjusted_expr1/chr16/ENSG00000090238"
ERROR from TryCatch Block: cannot open the connection 
[1] "INFO: gene ENSG00000090447"
[1] "/gpfs/loomis/scratch60/zhao/zy92/GTEX/adjusted_expr1/chr16/ENSG00000090447"
ERROR from TryCatch Block: cannot open the connection 
[1] "INFO: gene ENSG00000090565"
[1] "/gpfs/loomis/scratch60/zhao/zy92/GTEX/adjusted_expr1/chr16/ENSG00000090565"
ERROR from TryCatch Block: cannot open the connection 
[1] "INFO: gene ENSG00000090581"
[1] "/gpfs/loomis/scratch60/zhao/zy92/GTEX/adjusted_expr1/chr16/ENSG00000090581"
ERROR from TryCatch Block: cannot open the connection 
[1] "INFO: gene ENSG00000095906"
[1] "/gpfs/loomis/scratch60/zhao/zy92/GTEX/adjusted_expr1/chr16/ENSG00000095906"
ERROR from TryCatch Block: cannot open the connection 
[1] "INFO: gene ENSG00000095917"
[1] "/gpfs/loomis/scratch60/zhao/zy92/GTEX/adjusted_expr1/chr16/ENSG00000095917"
ERROR from TryCatch Block: cannot open the connection 
[1] "INFO: gene ENSG00000099769"
[1] "/gpfs/loomis/scratch60/zhao/zy92/GTEX/adjusted_expr1/chr16/ENSG00000099769"
ERROR from TryCatch Block: cannot open the connection 
[1] "INFO: gene ENSG00000100726"
[1] "/gpfs/loomis/scratch60/zhao/zy92/GTEX/adjusted_expr1/chr16/ENSG00000100726"
ERROR from TryCatch Block: cannot open the connection 
[1] "INFO: gene ENSG00000102854"
[1] "/gpfs/loomis/scratch60/zhao/zy92/GTEX/adjusted_expr1/chr16/ENSG00000102854"
ERROR from TryCatch Block: cannot open the connection 
[1] "INFO: gene ENSG00000102858"
[1] "/gpfs/loomis/scratch60/zhao/zy92/GTEX/adjusted_expr1/chr16/ENSG00000102858"
ERROR from TryCatch Block: cannot open the connection 
[1] "INFO: 13.97% processed"
[1] "INFO: gene ENSG00000102879"
[1] "/gpfs/loomis/scratch60/zhao/zy92/GTEX/adjusted_expr1/chr16/ENSG00000102879"
ERROR from TryCatch Block: cannot open the connection 
[1] "INFO: gene ENSG00000102882"
[1] "/gpfs/loomis/scratch60/zhao/zy92/GTEX/adjusted_expr1/chr16/ENSG00000102882"
ERROR from TryCatch Block: cannot open the connection 
[1] "INFO: gene ENSG00000102886"
[1] "/gpfs/loomis/scratch60/zhao/zy92/GTEX/adjusted_expr1/chr16/ENSG00000102886"
ERROR from TryCatch Block: cannot open the connection 
[1] "INFO: gene ENSG00000103024"
[1] "/gpfs/loomis/scratch60/zhao/zy92/GTEX/adjusted_expr1/chr16/ENSG00000103024"
ERROR from TryCatch Block: cannot open the connection 
[1] "INFO: gene ENSG00000103126"
[1] "/gpfs/loomis/scratch60/zhao/zy92/GTEX/adjusted_expr1/chr16/ENSG00000103126"
ERROR from TryCatch Block: cannot open the connection 
[1] "INFO: gene ENSG00000103145"
[1] "/gpfs/loomis/scratch60/zhao/zy92/GTEX/adjusted_expr1/chr16/ENSG00000103145"
ERROR from TryCatch Block: cannot open the connection 
[1] "INFO: gene ENSG00000103148"
[1] "/gpfs/loomis/scratch60/zhao/zy92/GTEX/adjusted_expr1/chr16/ENSG00000103148"
ERROR from TryCatch Block: cannot open the connection 
[1] "INFO: gene ENSG00000103152"
[1] "/gpfs/loomis/scratch60/zhao/zy92/GTEX/adjusted_expr1/chr16/ENSG00000103152"
ERROR from TryCatch Block: cannot open the connection 
[1] "INFO: gene ENSG00000103174"
[1] "/gpfs/loomis/scratch60/zhao/zy92/GTEX/adjusted_expr1/chr16/ENSG00000103174"
ERROR from TryCatch Block: cannot open the connection 
[1] "INFO: gene ENSG00000103184"
[1] "/gpfs/loomis/scratch60/zhao/zy92/GTEX/adjusted_expr1/chr16/ENSG00000103184"
ERROR from TryCatch Block: cannot open the connection 
[1] "INFO: gene ENSG00000103197"
[1] "/gpfs/loomis/scratch60/zhao/zy92/GTEX/adjusted_expr1/chr16/ENSG00000103197"
ERROR from TryCatch Block: cannot open the connection 
[1] "INFO: gene ENSG00000103199"
[1] "/gpfs/loomis/scratch60/zhao/zy92/GTEX/adjusted_expr1/chr16/ENSG00000103199"
ERROR from TryCatch Block: cannot open the connection 
[1] "INFO: gene ENSG00000103202"
[1] "/gpfs/loomis/scratch60/zhao/zy92/GTEX/adjusted_expr1/chr16/ENSG00000103202"
ERROR from TryCatch Block: cannot open the connection 
[1] "INFO: gene ENSG00000103227"
[1] "/gpfs/loomis/scratch60/zhao/zy92/GTEX/adjusted_expr1/chr16/ENSG00000103227"
ERROR from TryCatch Block: cannot open the connection 
[1] "INFO: gene ENSG00000103245"
[1] "/gpfs/loomis/scratch60/zhao/zy92/GTEX/adjusted_expr1/chr16/ENSG00000103245"
ERROR from TryCatch Block: cannot open the connection 
[1] "INFO: gene ENSG00000103249"
[1] "/gpfs/loomis/scratch60/zhao/zy92/GTEX/adjusted_expr1/chr16/ENSG00000103249"
ERROR from TryCatch Block: cannot open the connection 
[1] "INFO: gene ENSG00000103253"
[1] "/gpfs/loomis/scratch60/zhao/zy92/GTEX/adjusted_expr1/chr16/ENSG00000103253"
ERROR from TryCatch Block: cannot open the connection 
[1] "INFO: gene ENSG00000103254"
[1] "/gpfs/loomis/scratch60/zhao/zy92/GTEX/adjusted_expr1/chr16/ENSG00000103254"
ERROR from TryCatch Block: cannot open the connection 
[1] "INFO: gene ENSG00000103260"
[1] "/gpfs/loomis/scratch60/zhao/zy92/GTEX/adjusted_expr1/chr16/ENSG00000103260"
ERROR from TryCatch Block: cannot open the connection 
[1] "INFO: gene ENSG00000103266"
[1] "/gpfs/loomis/scratch60/zhao/zy92/GTEX/adjusted_expr1/chr16/ENSG00000103266"
ERROR from TryCatch Block: cannot open the connection 
[1] "INFO: gene ENSG00000103269"
[1] "/gpfs/loomis/scratch60/zhao/zy92/GTEX/adjusted_expr1/chr16/ENSG00000103269"
ERROR from TryCatch Block: cannot open the connection 
[1] "INFO: gene ENSG00000103274"
[1] "/gpfs/loomis/scratch60/zhao/zy92/GTEX/adjusted_expr1/chr16/ENSG00000103274"
ERROR from TryCatch Block: cannot open the connection 
[1] "INFO: gene ENSG00000103275"
[1] "/gpfs/loomis/scratch60/zhao/zy92/GTEX/adjusted_expr1/chr16/ENSG00000103275"
ERROR from TryCatch Block: cannot open the connection 
[1] "INFO: gene ENSG00000103313"
[1] "/gpfs/loomis/scratch60/zhao/zy92/GTEX/adjusted_expr1/chr16/ENSG00000103313"
ERROR from TryCatch Block: cannot open the connection 
[1] "INFO: gene ENSG00000103326"
[1] "/gpfs/loomis/scratch60/zhao/zy92/GTEX/adjusted_expr1/chr16/ENSG00000103326"
ERROR from TryCatch Block: cannot open the connection 
[1] "INFO: gene ENSG00000103342"
[1] "/gpfs/loomis/scratch60/zhao/zy92/GTEX/adjusted_expr1/chr16/ENSG00000103342"
ERROR from TryCatch Block: cannot open the connection 
[1] "INFO: gene ENSG00000103343"
[1] "/gpfs/loomis/scratch60/zhao/zy92/GTEX/adjusted_expr1/chr16/ENSG00000103343"
ERROR from TryCatch Block: cannot open the connection 
[1] "INFO: gene ENSG00000103351"
[1] "/gpfs/loomis/scratch60/zhao/zy92/GTEX/adjusted_expr1/chr16/ENSG00000103351"
ERROR from TryCatch Block: cannot open the connection 
[1] "INFO: gene ENSG00000103355"
[1] "/gpfs/loomis/scratch60/zhao/zy92/GTEX/adjusted_expr1/chr16/ENSG00000103355"
ERROR from TryCatch Block: cannot open the connection 
[1] "INFO: gene ENSG00000103363"
[1] "/gpfs/loomis/scratch60/zhao/zy92/GTEX/adjusted_expr1/chr16/ENSG00000103363"
ERROR from TryCatch Block: cannot open the connection 
[1] "INFO: gene ENSG00000103381"
[1] "/gpfs/loomis/scratch60/zhao/zy92/GTEX/adjusted_expr1/chr16/ENSG00000103381"
ERROR from TryCatch Block: cannot open the connection 
[1] "INFO: gene ENSG00000103415"
[1] "/gpfs/loomis/scratch60/zhao/zy92/GTEX/adjusted_expr1/chr16/ENSG00000103415"
ERROR from TryCatch Block: cannot open the connection 
[1] "INFO: gene ENSG00000103423"
[1] "/gpfs/loomis/scratch60/zhao/zy92/GTEX/adjusted_expr1/chr16/ENSG00000103423"
ERROR from TryCatch Block: cannot open the connection 
[1] "INFO: gene ENSG00000103429"
[1] "/gpfs/loomis/scratch60/zhao/zy92/GTEX/adjusted_expr1/chr16/ENSG00000103429"
ERROR from TryCatch Block: cannot open the connection 
[1] "INFO: gene ENSG00000103485"
[1] "/gpfs/loomis/scratch60/zhao/zy92/GTEX/adjusted_expr1/chr16/ENSG00000103485"
ERROR from TryCatch Block: cannot open the connection 
[1] "INFO: gene ENSG00000103495"
[1] "/gpfs/loomis/scratch60/zhao/zy92/GTEX/adjusted_expr1/chr16/ENSG00000103495"
ERROR from TryCatch Block: cannot open the connection 
[1] "INFO: gene ENSG00000103502"
[1] "/gpfs/loomis/scratch60/zhao/zy92/GTEX/adjusted_expr1/chr16/ENSG00000103502"
ERROR from TryCatch Block: cannot open the connection 
[1] "INFO: gene ENSG00000103512"
[1] "/gpfs/loomis/scratch60/zhao/zy92/GTEX/adjusted_expr1/chr16/ENSG00000103512"
ERROR from TryCatch Block: cannot open the connection 
[1] "INFO: gene ENSG00000116176"
[1] "/gpfs/loomis/scratch60/zhao/zy92/GTEX/adjusted_expr1/chr16/ENSG00000116176"
ERROR from TryCatch Block: cannot open the connection 
[1] "INFO: gene ENSG00000118894"
[1] "/gpfs/loomis/scratch60/zhao/zy92/GTEX/adjusted_expr1/chr16/ENSG00000118894"
ERROR from TryCatch Block: cannot open the connection 
[1] "INFO: gene ENSG00000118898"
[1] "/gpfs/loomis/scratch60/zhao/zy92/GTEX/adjusted_expr1/chr16/ENSG00000118898"
ERROR from TryCatch Block: cannot open the connection 
[1] "INFO: gene ENSG00000118900"
[1] "/gpfs/loomis/scratch60/zhao/zy92/GTEX/adjusted_expr1/chr16/ENSG00000118900"
ERROR from TryCatch Block: cannot open the connection 
[1] "INFO: gene ENSG00000122299"
[1] "/gpfs/loomis/scratch60/zhao/zy92/GTEX/adjusted_expr1/chr16/ENSG00000122299"
ERROR from TryCatch Block: cannot open the connection 
[1] "INFO: gene ENSG00000122304"
[1] "/gpfs/loomis/scratch60/zhao/zy92/GTEX/adjusted_expr1/chr16/ENSG00000122304"
ERROR from TryCatch Block: cannot open the connection 
[1] "INFO: gene ENSG00000122386"
[1] "/gpfs/loomis/scratch60/zhao/zy92/GTEX/adjusted_expr1/chr16/ENSG00000122386"
ERROR from TryCatch Block: cannot open the connection 
[1] "INFO: gene ENSG00000122390"
[1] "/gpfs/loomis/scratch60/zhao/zy92/GTEX/adjusted_expr1/chr16/ENSG00000122390"
ERROR from TryCatch Block: cannot open the connection 
[1] "INFO: gene ENSG00000126602"
[1] "/gpfs/loomis/scratch60/zhao/zy92/GTEX/adjusted_expr1/chr16/ENSG00000126602"
ERROR from TryCatch Block: cannot open the connection 
[1] "INFO: gene ENSG00000126603"
[1] "/gpfs/loomis/scratch60/zhao/zy92/GTEX/adjusted_expr1/chr16/ENSG00000126603"
ERROR from TryCatch Block: cannot open the connection 
[1] "INFO: gene ENSG00000127554"
[1] "/gpfs/loomis/scratch60/zhao/zy92/GTEX/adjusted_expr1/chr16/ENSG00000127554"
ERROR from TryCatch Block: cannot open the connection 
[1] "INFO: gene ENSG00000127561"
[1] "/gpfs/loomis/scratch60/zhao/zy92/GTEX/adjusted_expr1/chr16/ENSG00000127561"
ERROR from TryCatch Block: cannot open the connection 
[1] "INFO: 27.93% processed"
[1] "INFO: gene ENSG00000127564"
[1] "/gpfs/loomis/scratch60/zhao/zy92/GTEX/adjusted_expr1/chr16/ENSG00000127564"
ERROR from TryCatch Block: cannot open the connection 
[1] "INFO: gene ENSG00000127578"
[1] "/gpfs/loomis/scratch60/zhao/zy92/GTEX/adjusted_expr1/chr16/ENSG00000127578"
ERROR from TryCatch Block: cannot open the connection 
[1] "INFO: gene ENSG00000127580"
[1] "/gpfs/loomis/scratch60/zhao/zy92/GTEX/adjusted_expr1/chr16/ENSG00000127580"
ERROR from TryCatch Block: cannot open the connection 
[1] "INFO: gene ENSG00000127585"
[1] "/gpfs/loomis/scratch60/zhao/zy92/GTEX/adjusted_expr1/chr16/ENSG00000127585"
ERROR from TryCatch Block: cannot open the connection 
[1] "INFO: gene ENSG00000127586"
[1] "/gpfs/loomis/scratch60/zhao/zy92/GTEX/adjusted_expr1/chr16/ENSG00000127586"
ERROR from TryCatch Block: cannot open the connection 
[1] "INFO: gene ENSG00000127588"
[1] "/gpfs/loomis/scratch60/zhao/zy92/GTEX/adjusted_expr1/chr16/ENSG00000127588"
ERROR from TryCatch Block: cannot open the connection 
[1] "INFO: gene ENSG00000129925"
[1] "/gpfs/loomis/scratch60/zhao/zy92/GTEX/adjusted_expr1/chr16/ENSG00000129925"
ERROR from TryCatch Block: cannot open the connection 
[1] "INFO: gene ENSG00000130182"
[1] "/gpfs/loomis/scratch60/zhao/zy92/GTEX/adjusted_expr1/chr16/ENSG00000130182"
ERROR from TryCatch Block: cannot open the connection 
[1] "INFO: gene ENSG00000130656"
[1] "/gpfs/loomis/scratch60/zhao/zy92/GTEX/adjusted_expr1/chr16/ENSG00000130656"
ERROR from TryCatch Block: cannot open the connection 
[1] "INFO: gene ENSG00000130731"
[1] "/gpfs/loomis/scratch60/zhao/zy92/GTEX/adjusted_expr1/chr16/ENSG00000130731"
ERROR from TryCatch Block: cannot open the connection 
[1] "INFO: gene ENSG00000131634"
[1] "/gpfs/loomis/scratch60/zhao/zy92/GTEX/adjusted_expr1/chr16/ENSG00000131634"
ERROR from TryCatch Block: cannot open the connection 
[1] "INFO: gene ENSG00000131650"
[1] "/gpfs/loomis/scratch60/zhao/zy92/GTEX/adjusted_expr1/chr16/ENSG00000131650"
ERROR from TryCatch Block: cannot open the connection 
[1] "INFO: gene ENSG00000131652"
[1] "/gpfs/loomis/scratch60/zhao/zy92/GTEX/adjusted_expr1/chr16/ENSG00000131652"
ERROR from TryCatch Block: cannot open the connection 
[1] "INFO: gene ENSG00000131653"
[1] "/gpfs/loomis/scratch60/zhao/zy92/GTEX/adjusted_expr1/chr16/ENSG00000131653"
ERROR from TryCatch Block: cannot open the connection 
[1] "INFO: gene ENSG00000132207"
[1] "/gpfs/loomis/scratch60/zhao/zy92/GTEX/adjusted_expr1/chr16/ENSG00000132207"
ERROR from TryCatch Block: cannot open the connection 
[1] "INFO: gene ENSG00000138834"
[1] "/gpfs/loomis/scratch60/zhao/zy92/GTEX/adjusted_expr1/chr16/ENSG00000138834"
ERROR from TryCatch Block: cannot open the connection 
[1] "INFO: gene ENSG00000140623"
[1] "/gpfs/loomis/scratch60/zhao/zy92/GTEX/adjusted_expr1/chr16/ENSG00000140623"
ERROR from TryCatch Block: cannot open the connection 
[1] "INFO: gene ENSG00000140632"
[1] "/gpfs/loomis/scratch60/zhao/zy92/GTEX/adjusted_expr1/chr16/ENSG00000140632"
ERROR from TryCatch Block: cannot open the connection 
[1] "INFO: gene ENSG00000140650"
[1] "/gpfs/loomis/scratch60/zhao/zy92/GTEX/adjusted_expr1/chr16/ENSG00000140650"
ERROR from TryCatch Block: cannot open the connection 
[1] "INFO: gene ENSG00000140694"
[1] "/gpfs/loomis/scratch60/zhao/zy92/GTEX/adjusted_expr1/chr16/ENSG00000140694"
ERROR from TryCatch Block: cannot open the connection 
[1] "INFO: gene ENSG00000140983"
[1] "/gpfs/loomis/scratch60/zhao/zy92/GTEX/adjusted_expr1/chr16/ENSG00000140983"
ERROR from TryCatch Block: cannot open the connection 
[1] "INFO: gene ENSG00000140986"
[1] "/gpfs/loomis/scratch60/zhao/zy92/GTEX/adjusted_expr1/chr16/ENSG00000140986"
ERROR from TryCatch Block: cannot open the connection 
[1] "INFO: gene ENSG00000140987"
[1] "/gpfs/loomis/scratch60/zhao/zy92/GTEX/adjusted_expr1/chr16/ENSG00000140987"
ERROR from TryCatch Block: cannot open the connection 
[1] "INFO: gene ENSG00000140988"
[1] "/gpfs/loomis/scratch60/zhao/zy92/GTEX/adjusted_expr1/chr16/ENSG00000140988"
ERROR from TryCatch Block: cannot open the connection 
[1] "INFO: gene ENSG00000140990"
[1] "/gpfs/loomis/scratch60/zhao/zy92/GTEX/adjusted_expr1/chr16/ENSG00000140990"
ERROR from TryCatch Block: cannot open the connection 
[1] "INFO: gene ENSG00000140992"
[1] "/gpfs/loomis/scratch60/zhao/zy92/GTEX/adjusted_expr1/chr16/ENSG00000140992"
ERROR from TryCatch Block: cannot open the connection 
[1] "INFO: gene ENSG00000140993"
[1] "/gpfs/loomis/scratch60/zhao/zy92/GTEX/adjusted_expr1/chr16/ENSG00000140993"
ERROR from TryCatch Block: cannot open the connection 
[1] "INFO: gene ENSG00000149922"
[1] "/gpfs/loomis/scratch60/zhao/zy92/GTEX/adjusted_expr1/chr16/ENSG00000149922"
ERROR from TryCatch Block: cannot open the connection 
[1] "INFO: gene ENSG00000149923"
[1] "/gpfs/loomis/scratch60/zhao/zy92/GTEX/adjusted_expr1/chr16/ENSG00000149923"
ERROR from TryCatch Block: cannot open the connection 
[1] "INFO: gene ENSG00000149925"
[1] "/gpfs/loomis/scratch60/zhao/zy92/GTEX/adjusted_expr1/chr16/ENSG00000149925"
ERROR from TryCatch Block: cannot open the connection 
[1] "INFO: gene ENSG00000149926"
[1] "/gpfs/loomis/scratch60/zhao/zy92/GTEX/adjusted_expr1/chr16/ENSG00000149926"
ERROR from TryCatch Block: cannot open the connection 
[1] "INFO: gene ENSG00000149927"
[1] "/gpfs/loomis/scratch60/zhao/zy92/GTEX/adjusted_expr1/chr16/ENSG00000149927"
ERROR from TryCatch Block: cannot open the connection 
[1] "INFO: gene ENSG00000149929"
[1] "/gpfs/loomis/scratch60/zhao/zy92/GTEX/adjusted_expr1/chr16/ENSG00000149929"
ERROR from TryCatch Block: cannot open the connection 
[1] "INFO: gene ENSG00000149930"
[1] "/gpfs/loomis/scratch60/zhao/zy92/GTEX/adjusted_expr1/chr16/ENSG00000149930"
ERROR from TryCatch Block: cannot open the connection 
[1] "INFO: gene ENSG00000149932"
[1] "/gpfs/loomis/scratch60/zhao/zy92/GTEX/adjusted_expr1/chr16/ENSG00000149932"
ERROR from TryCatch Block: cannot open the connection 
[1] "INFO: gene ENSG00000153048"
[1] "/gpfs/loomis/scratch60/zhao/zy92/GTEX/adjusted_expr1/chr16/ENSG00000153048"
ERROR from TryCatch Block: cannot open the connection 
[1] "INFO: gene ENSG00000153060"
[1] "/gpfs/loomis/scratch60/zhao/zy92/GTEX/adjusted_expr1/chr16/ENSG00000153060"
ERROR from TryCatch Block: cannot open the connection 
[1] "INFO: gene ENSG00000153066"
[1] "/gpfs/loomis/scratch60/zhao/zy92/GTEX/adjusted_expr1/chr16/ENSG00000153066"
ERROR from TryCatch Block: cannot open the connection 
[1] "INFO: gene ENSG00000153406"
[1] "/gpfs/loomis/scratch60/zhao/zy92/GTEX/adjusted_expr1/chr16/ENSG00000153406"
ERROR from TryCatch Block: cannot open the connection 
[1] "INFO: gene ENSG00000153443"
[1] "/gpfs/loomis/scratch60/zhao/zy92/GTEX/adjusted_expr1/chr16/ENSG00000153443"
ERROR from TryCatch Block: cannot open the connection 
[1] "INFO: gene ENSG00000153446"
[1] "/gpfs/loomis/scratch60/zhao/zy92/GTEX/adjusted_expr1/chr16/ENSG00000153446"
ERROR from TryCatch Block: cannot open the connection 
[1] "INFO: gene ENSG00000157045"
[1] "/gpfs/loomis/scratch60/zhao/zy92/GTEX/adjusted_expr1/chr16/ENSG00000157045"
ERROR from TryCatch Block: cannot open the connection 
[1] "INFO: gene ENSG00000161980"
[1] "/gpfs/loomis/scratch60/zhao/zy92/GTEX/adjusted_expr1/chr16/ENSG00000161980"
ERROR from TryCatch Block: cannot open the connection 
[1] "INFO: gene ENSG00000161981"
[1] "/gpfs/loomis/scratch60/zhao/zy92/GTEX/adjusted_expr1/chr16/ENSG00000161981"
ERROR from TryCatch Block: cannot open the connection 
[1] "INFO: gene ENSG00000161992"
[1] "/gpfs/loomis/scratch60/zhao/zy92/GTEX/adjusted_expr1/chr16/ENSG00000161992"
ERROR from TryCatch Block: cannot open the connection 
[1] "INFO: gene ENSG00000161996"
[1] "/gpfs/loomis/scratch60/zhao/zy92/GTEX/adjusted_expr1/chr16/ENSG00000161996"
ERROR from TryCatch Block: cannot open the connection 
[1] "INFO: gene ENSG00000161999"
[1] "/gpfs/loomis/scratch60/zhao/zy92/GTEX/adjusted_expr1/chr16/ENSG00000161999"
ERROR from TryCatch Block: cannot open the connection 
[1] "INFO: gene ENSG00000162004"
[1] "/gpfs/loomis/scratch60/zhao/zy92/GTEX/adjusted_expr1/chr16/ENSG00000162004"
ERROR from TryCatch Block: cannot open the connection 
[1] "INFO: gene ENSG00000162006"
[1] "/gpfs/loomis/scratch60/zhao/zy92/GTEX/adjusted_expr1/chr16/ENSG00000162006"
ERROR from TryCatch Block: cannot open the connection 
[1] "INFO: gene ENSG00000162009"
[1] "/gpfs/loomis/scratch60/zhao/zy92/GTEX/adjusted_expr1/chr16/ENSG00000162009"
ERROR from TryCatch Block: cannot open the connection 
[1] "INFO: 41.9% processed"
[1] "INFO: gene ENSG00000162032"
[1] "/gpfs/loomis/scratch60/zhao/zy92/GTEX/adjusted_expr1/chr16/ENSG00000162032"
ERROR from TryCatch Block: cannot open the connection 
[1] "INFO: gene ENSG00000162039"
[1] "/gpfs/loomis/scratch60/zhao/zy92/GTEX/adjusted_expr1/chr16/ENSG00000162039"
ERROR from TryCatch Block: cannot open the connection 
[1] "INFO: gene ENSG00000162040"
[1] "/gpfs/loomis/scratch60/zhao/zy92/GTEX/adjusted_expr1/chr16/ENSG00000162040"
ERROR from TryCatch Block: cannot open the connection 
[1] "INFO: gene ENSG00000162062"
[1] "/gpfs/loomis/scratch60/zhao/zy92/GTEX/adjusted_expr1/chr16/ENSG00000162062"
ERROR from TryCatch Block: cannot open the connection 
[1] "INFO: gene ENSG00000162063"
[1] "/gpfs/loomis/scratch60/zhao/zy92/GTEX/adjusted_expr1/chr16/ENSG00000162063"
ERROR from TryCatch Block: cannot open the connection 
[1] "INFO: gene ENSG00000162065"
[1] "/gpfs/loomis/scratch60/zhao/zy92/GTEX/adjusted_expr1/chr16/ENSG00000162065"
ERROR from TryCatch Block: cannot open the connection 
[1] "INFO: gene ENSG00000162066"
[1] "/gpfs/loomis/scratch60/zhao/zy92/GTEX/adjusted_expr1/chr16/ENSG00000162066"
ERROR from TryCatch Block: cannot open the connection 
[1] "INFO: gene ENSG00000162068"
[1] "/gpfs/loomis/scratch60/zhao/zy92/GTEX/adjusted_expr1/chr16/ENSG00000162068"
ERROR from TryCatch Block: cannot open the connection 
[1] "INFO: gene ENSG00000162069"
[1] "/gpfs/loomis/scratch60/zhao/zy92/GTEX/adjusted_expr1/chr16/ENSG00000162069"
ERROR from TryCatch Block: cannot open the connection 
[1] "INFO: gene ENSG00000162073"
[1] "/gpfs/loomis/scratch60/zhao/zy92/GTEX/adjusted_expr1/chr16/ENSG00000162073"
ERROR from TryCatch Block: cannot open the connection 
[1] "INFO: gene ENSG00000162076"
[1] "/gpfs/loomis/scratch60/zhao/zy92/GTEX/adjusted_expr1/chr16/ENSG00000162076"
ERROR from TryCatch Block: cannot open the connection 
[1] "INFO: gene ENSG00000162078"
[1] "/gpfs/loomis/scratch60/zhao/zy92/GTEX/adjusted_expr1/chr16/ENSG00000162078"
ERROR from TryCatch Block: cannot open the connection 
[1] "INFO: gene ENSG00000162086"
[1] "/gpfs/loomis/scratch60/zhao/zy92/GTEX/adjusted_expr1/chr16/ENSG00000162086"
ERROR from TryCatch Block: cannot open the connection 
[1] "INFO: gene ENSG00000162104"
[1] "/gpfs/loomis/scratch60/zhao/zy92/GTEX/adjusted_expr1/chr16/ENSG00000162104"
ERROR from TryCatch Block: cannot open the connection 
[1] "INFO: gene ENSG00000166246"
[1] "/gpfs/loomis/scratch60/zhao/zy92/GTEX/adjusted_expr1/chr16/ENSG00000166246"
ERROR from TryCatch Block: cannot open the connection 
[1] "INFO: gene ENSG00000166669"
[1] "/gpfs/loomis/scratch60/zhao/zy92/GTEX/adjusted_expr1/chr16/ENSG00000166669"
ERROR from TryCatch Block: cannot open the connection 
[1] "INFO: gene ENSG00000166676"
[1] "/gpfs/loomis/scratch60/zhao/zy92/GTEX/adjusted_expr1/chr16/ENSG00000166676"
ERROR from TryCatch Block: cannot open the connection 
[1] "INFO: gene ENSG00000167194"
[1] "/gpfs/loomis/scratch60/zhao/zy92/GTEX/adjusted_expr1/chr16/ENSG00000167194"
ERROR from TryCatch Block: cannot open the connection 
[1] "INFO: gene ENSG00000167371"
[1] "/gpfs/loomis/scratch60/zhao/zy92/GTEX/adjusted_expr1/chr16/ENSG00000167371"
ERROR from TryCatch Block: cannot open the connection 
[1] "INFO: gene ENSG00000167930"
[1] "/gpfs/loomis/scratch60/zhao/zy92/GTEX/adjusted_expr1/chr16/ENSG00000167930"
ERROR from TryCatch Block: cannot open the connection 
[1] "INFO: gene ENSG00000167945"
[1] "/gpfs/loomis/scratch60/zhao/zy92/GTEX/adjusted_expr1/chr16/ENSG00000167945"
ERROR from TryCatch Block: cannot open the connection 
[1] "INFO: gene ENSG00000167962"
[1] "/gpfs/loomis/scratch60/zhao/zy92/GTEX/adjusted_expr1/chr16/ENSG00000167962"
ERROR from TryCatch Block: cannot open the connection 
[1] "INFO: gene ENSG00000167964"
[1] "/gpfs/loomis/scratch60/zhao/zy92/GTEX/adjusted_expr1/chr16/ENSG00000167964"
ERROR from TryCatch Block: cannot open the connection 
[1] "INFO: gene ENSG00000167965"
[1] "/gpfs/loomis/scratch60/zhao/zy92/GTEX/adjusted_expr1/chr16/ENSG00000167965"
ERROR from TryCatch Block: cannot open the connection 
[1] "INFO: gene ENSG00000167967"
[1] "/gpfs/loomis/scratch60/zhao/zy92/GTEX/adjusted_expr1/chr16/ENSG00000167967"
ERROR from TryCatch Block: cannot open the connection 
[1] "INFO: gene ENSG00000167968"
[1] "/gpfs/loomis/scratch60/zhao/zy92/GTEX/adjusted_expr1/chr16/ENSG00000167968"
ERROR from TryCatch Block: cannot open the connection 
[1] "INFO: gene ENSG00000167969"
[1] "/gpfs/loomis/scratch60/zhao/zy92/GTEX/adjusted_expr1/chr16/ENSG00000167969"
ERROR from TryCatch Block: cannot open the connection 
[1] "INFO: gene ENSG00000167971"
[1] "/gpfs/loomis/scratch60/zhao/zy92/GTEX/adjusted_expr1/chr16/ENSG00000167971"
ERROR from TryCatch Block: cannot open the connection 
[1] "INFO: gene ENSG00000167972"
[1] "/gpfs/loomis/scratch60/zhao/zy92/GTEX/adjusted_expr1/chr16/ENSG00000167972"
ERROR from TryCatch Block: cannot open the connection 
[1] "INFO: gene ENSG00000167977"
[1] "/gpfs/loomis/scratch60/zhao/zy92/GTEX/adjusted_expr1/chr16/ENSG00000167977"
ERROR from TryCatch Block: cannot open the connection 
[1] "INFO: gene ENSG00000167978"
[1] "/gpfs/loomis/scratch60/zhao/zy92/GTEX/adjusted_expr1/chr16/ENSG00000167978"
ERROR from TryCatch Block: cannot open the connection 
[1] "INFO: gene ENSG00000167981"
[1] "/gpfs/loomis/scratch60/zhao/zy92/GTEX/adjusted_expr1/chr16/ENSG00000167981"
ERROR from TryCatch Block: cannot open the connection 
[1] "INFO: gene ENSG00000167984"
[1] "/gpfs/loomis/scratch60/zhao/zy92/GTEX/adjusted_expr1/chr16/ENSG00000167984"
ERROR from TryCatch Block: cannot open the connection 
[1] "INFO: gene ENSG00000168096"
[1] "/gpfs/loomis/scratch60/zhao/zy92/GTEX/adjusted_expr1/chr16/ENSG00000168096"
ERROR from TryCatch Block: cannot open the connection 
[1] "INFO: gene ENSG00000168101"
[1] "/gpfs/loomis/scratch60/zhao/zy92/GTEX/adjusted_expr1/chr16/ENSG00000168101"
ERROR from TryCatch Block: cannot open the connection 
[1] "INFO: gene ENSG00000168124"
[1] "/gpfs/loomis/scratch60/zhao/zy92/GTEX/adjusted_expr1/chr16/ENSG00000168124"
ERROR from TryCatch Block: cannot open the connection 
[1] "INFO: gene ENSG00000168140"
[1] "/gpfs/loomis/scratch60/zhao/zy92/GTEX/adjusted_expr1/chr16/ENSG00000168140"
ERROR from TryCatch Block: cannot open the connection 
[1] "INFO: gene ENSG00000168158"
[1] "/gpfs/loomis/scratch60/zhao/zy92/GTEX/adjusted_expr1/chr16/ENSG00000168158"
ERROR from TryCatch Block: cannot open the connection 
[1] "INFO: gene ENSG00000169203"
[1] "/gpfs/loomis/scratch60/zhao/zy92/GTEX/adjusted_expr1/chr16/ENSG00000169203"
ERROR from TryCatch Block: cannot open the connection 
[1] "INFO: gene ENSG00000169592"
[1] "/gpfs/loomis/scratch60/zhao/zy92/GTEX/adjusted_expr1/chr16/ENSG00000169592"
ERROR from TryCatch Block: cannot open the connection 
[1] "INFO: gene ENSG00000169627"
[1] "/gpfs/loomis/scratch60/zhao/zy92/GTEX/adjusted_expr1/chr16/ENSG00000169627"
ERROR from TryCatch Block: cannot open the connection 
[1] "INFO: gene ENSG00000169682"
[1] "/gpfs/loomis/scratch60/zhao/zy92/GTEX/adjusted_expr1/chr16/ENSG00000169682"
ERROR from TryCatch Block: cannot open the connection 
[1] "INFO: gene ENSG00000171490"
[1] "/gpfs/loomis/scratch60/zhao/zy92/GTEX/adjusted_expr1/chr16/ENSG00000171490"
ERROR from TryCatch Block: cannot open the connection 
[1] "INFO: gene ENSG00000172236"
[1] "/gpfs/loomis/scratch60/zhao/zy92/GTEX/adjusted_expr1/chr16/ENSG00000172236"
ERROR from TryCatch Block: cannot open the connection 
[1] "INFO: gene ENSG00000172366"
[1] "/gpfs/loomis/scratch60/zhao/zy92/GTEX/adjusted_expr1/chr16/ENSG00000172366"
ERROR from TryCatch Block: cannot open the connection 
[1] "INFO: gene ENSG00000172382"
[1] "/gpfs/loomis/scratch60/zhao/zy92/GTEX/adjusted_expr1/chr16/ENSG00000172382"
ERROR from TryCatch Block: cannot open the connection 
[1] "INFO: gene ENSG00000174109"
[1] "/gpfs/loomis/scratch60/zhao/zy92/GTEX/adjusted_expr1/chr16/ENSG00000174109"
ERROR from TryCatch Block: cannot open the connection 
[1] "INFO: gene ENSG00000174938"
[1] "/gpfs/loomis/scratch60/zhao/zy92/GTEX/adjusted_expr1/chr16/ENSG00000174938"
ERROR from TryCatch Block: cannot open the connection 
[1] "INFO: gene ENSG00000174939"
[1] "/gpfs/loomis/scratch60/zhao/zy92/GTEX/adjusted_expr1/chr16/ENSG00000174939"
ERROR from TryCatch Block: cannot open the connection 
[1] "INFO: gene ENSG00000174943"
[1] "/gpfs/loomis/scratch60/zhao/zy92/GTEX/adjusted_expr1/chr16/ENSG00000174943"
ERROR from TryCatch Block: cannot open the connection 
[1] "INFO: 55.87% processed"
[1] "INFO: gene ENSG00000174992"
[1] "/gpfs/loomis/scratch60/zhao/zy92/GTEX/adjusted_expr1/chr16/ENSG00000174992"
ERROR from TryCatch Block: cannot open the connection 
[1] "INFO: gene ENSG00000175595"
[1] "/gpfs/loomis/scratch60/zhao/zy92/GTEX/adjusted_expr1/chr16/ENSG00000175595"
ERROR from TryCatch Block: cannot open the connection 
[1] "INFO: gene ENSG00000175604"
[1] "/gpfs/loomis/scratch60/zhao/zy92/GTEX/adjusted_expr1/chr16/ENSG00000175604"
ERROR from TryCatch Block: cannot open the connection 
[1] "INFO: gene ENSG00000175643"
[1] "/gpfs/loomis/scratch60/zhao/zy92/GTEX/adjusted_expr1/chr16/ENSG00000175643"
ERROR from TryCatch Block: cannot open the connection 
[1] "INFO: gene ENSG00000175646"
[1] "/gpfs/loomis/scratch60/zhao/zy92/GTEX/adjusted_expr1/chr16/ENSG00000175646"
ERROR from TryCatch Block: cannot open the connection 
[1] "INFO: gene ENSG00000176953"
[1] "/gpfs/loomis/scratch60/zhao/zy92/GTEX/adjusted_expr1/chr16/ENSG00000176953"
ERROR from TryCatch Block: cannot open the connection 
[1] "INFO: gene ENSG00000177455"
[1] "/gpfs/loomis/scratch60/zhao/zy92/GTEX/adjusted_expr1/chr16/ENSG00000177455"
ERROR from TryCatch Block: cannot open the connection 
[1] "INFO: gene ENSG00000177548"
[1] "/gpfs/loomis/scratch60/zhao/zy92/GTEX/adjusted_expr1/chr16/ENSG00000177548"
ERROR from TryCatch Block: cannot open the connection 
[1] "INFO: gene ENSG00000178188"
[1] "/gpfs/loomis/scratch60/zhao/zy92/GTEX/adjusted_expr1/chr16/ENSG00000178188"
ERROR from TryCatch Block: cannot open the connection 
[1] "INFO: gene ENSG00000178257"
[1] "/gpfs/loomis/scratch60/zhao/zy92/GTEX/adjusted_expr1/chr16/ENSG00000178257"
ERROR from TryCatch Block: cannot open the connection 
[1] "INFO: gene ENSG00000178279"
[1] "/gpfs/loomis/scratch60/zhao/zy92/GTEX/adjusted_expr1/chr16/ENSG00000178279"
ERROR from TryCatch Block: cannot open the connection 
[1] "INFO: gene ENSG00000179580"
[1] "/gpfs/loomis/scratch60/zhao/zy92/GTEX/adjusted_expr1/chr16/ENSG00000179580"
ERROR from TryCatch Block: cannot open the connection 
[1] "INFO: gene ENSG00000179583"
[1] "/gpfs/loomis/scratch60/zhao/zy92/GTEX/adjusted_expr1/chr16/ENSG00000179583"
ERROR from TryCatch Block: cannot open the connection 
[1] "INFO: gene ENSG00000179889"
[1] "/gpfs/loomis/scratch60/zhao/zy92/GTEX/adjusted_expr1/chr16/ENSG00000179889"
ERROR from TryCatch Block: cannot open the connection 
[1] "INFO: gene ENSG00000180185"
[1] "/gpfs/loomis/scratch60/zhao/zy92/GTEX/adjusted_expr1/chr16/ENSG00000180185"
ERROR from TryCatch Block: cannot open the connection 
[1] "INFO: gene ENSG00000181625"
[1] "/gpfs/loomis/scratch60/zhao/zy92/GTEX/adjusted_expr1/chr16/ENSG00000181625"
ERROR from TryCatch Block: cannot open the connection 
[1] "INFO: gene ENSG00000182108"
[1] "/gpfs/loomis/scratch60/zhao/zy92/GTEX/adjusted_expr1/chr16/ENSG00000182108"
ERROR from TryCatch Block: cannot open the connection 
[1] "INFO: gene ENSG00000182685"
[1] "/gpfs/loomis/scratch60/zhao/zy92/GTEX/adjusted_expr1/chr16/ENSG00000182685"
ERROR from TryCatch Block: cannot open the connection 
[1] "INFO: gene ENSG00000182831"
[1] "/gpfs/loomis/scratch60/zhao/zy92/GTEX/adjusted_expr1/chr16/ENSG00000182831"
ERROR from TryCatch Block: cannot open the connection 
[1] "INFO: gene ENSG00000183044"
[1] "/gpfs/loomis/scratch60/zhao/zy92/GTEX/adjusted_expr1/chr16/ENSG00000183044"
ERROR from TryCatch Block: cannot open the connection 
[1] "INFO: gene ENSG00000183336"
[1] "/gpfs/loomis/scratch60/zhao/zy92/GTEX/adjusted_expr1/chr16/ENSG00000183336"
ERROR from TryCatch Block: cannot open the connection 
[1] "INFO: gene ENSG00000183426"
[1] "/gpfs/loomis/scratch60/zhao/zy92/GTEX/adjusted_expr1/chr16/ENSG00000183426"
ERROR from TryCatch Block: cannot open the connection 
[1] "INFO: gene ENSG00000183454"
[1] "/gpfs/loomis/scratch60/zhao/zy92/GTEX/adjusted_expr1/chr16/ENSG00000183454"
ERROR from TryCatch Block: cannot open the connection 
[1] "INFO: gene ENSG00000183751"
[1] "/gpfs/loomis/scratch60/zhao/zy92/GTEX/adjusted_expr1/chr16/ENSG00000183751"
ERROR from TryCatch Block: cannot open the connection 
[1] "INFO: gene ENSG00000183971"
[1] "/gpfs/loomis/scratch60/zhao/zy92/GTEX/adjusted_expr1/chr16/ENSG00000183971"
ERROR from TryCatch Block: cannot open the connection 
[1] "INFO: gene ENSG00000184207"
[1] "/gpfs/loomis/scratch60/zhao/zy92/GTEX/adjusted_expr1/chr16/ENSG00000184207"
ERROR from TryCatch Block: cannot open the connection 
[1] "INFO: gene ENSG00000184471"
[1] "/gpfs/loomis/scratch60/zhao/zy92/GTEX/adjusted_expr1/chr16/ENSG00000184471"
ERROR from TryCatch Block: cannot open the connection 
[1] "INFO: gene ENSG00000184602"
[1] "/gpfs/loomis/scratch60/zhao/zy92/GTEX/adjusted_expr1/chr16/ENSG00000184602"
ERROR from TryCatch Block: cannot open the connection 
[1] "INFO: gene ENSG00000184697"
[1] "/gpfs/loomis/scratch60/zhao/zy92/GTEX/adjusted_expr1/chr16/ENSG00000184697"
ERROR from TryCatch Block: cannot open the connection 
[1] "INFO: gene ENSG00000184857"
[1] "/gpfs/loomis/scratch60/zhao/zy92/GTEX/adjusted_expr1/chr16/ENSG00000184857"
ERROR from TryCatch Block: cannot open the connection 
[1] "INFO: gene ENSG00000185338"
[1] "/gpfs/loomis/scratch60/zhao/zy92/GTEX/adjusted_expr1/chr16/ENSG00000185338"
ERROR from TryCatch Block: cannot open the connection 
[1] "INFO: gene ENSG00000185615"
[1] "/gpfs/loomis/scratch60/zhao/zy92/GTEX/adjusted_expr1/chr16/ENSG00000185615"
ERROR from TryCatch Block: cannot open the connection 
[1] "INFO: gene ENSG00000185739"
[1] "/gpfs/loomis/scratch60/zhao/zy92/GTEX/adjusted_expr1/chr16/ENSG00000185739"
ERROR from TryCatch Block: cannot open the connection 
[1] "INFO: gene ENSG00000185883"
[1] "/gpfs/loomis/scratch60/zhao/zy92/GTEX/adjusted_expr1/chr16/ENSG00000185883"
ERROR from TryCatch Block: cannot open the connection 
[1] "INFO: gene ENSG00000185905"
[1] "/gpfs/loomis/scratch60/zhao/zy92/GTEX/adjusted_expr1/chr16/ENSG00000185905"
ERROR from TryCatch Block: cannot open the connection 
[1] "INFO: gene ENSG00000186260"
[1] "/gpfs/loomis/scratch60/zhao/zy92/GTEX/adjusted_expr1/chr16/ENSG00000186260"
ERROR from TryCatch Block: cannot open the connection 
[1] "INFO: gene ENSG00000187535"
[1] "/gpfs/loomis/scratch60/zhao/zy92/GTEX/adjusted_expr1/chr16/ENSG00000187535"
ERROR from TryCatch Block: cannot open the connection 
[1] "INFO: gene ENSG00000187555"
[1] "/gpfs/loomis/scratch60/zhao/zy92/GTEX/adjusted_expr1/chr16/ENSG00000187555"
ERROR from TryCatch Block: cannot open the connection 
[1] "INFO: gene ENSG00000188536"
[1] "/gpfs/loomis/scratch60/zhao/zy92/GTEX/adjusted_expr1/chr16/ENSG00000188536"
ERROR from TryCatch Block: cannot open the connection 
[1] "INFO: gene ENSG00000188827"
[1] "/gpfs/loomis/scratch60/zhao/zy92/GTEX/adjusted_expr1/chr16/ENSG00000188827"
ERROR from TryCatch Block: cannot open the connection 
[1] "INFO: gene ENSG00000188897"
[1] "/gpfs/loomis/scratch60/zhao/zy92/GTEX/adjusted_expr1/chr16/ENSG00000188897"
ERROR from TryCatch Block: cannot open the connection 
[1] "INFO: gene ENSG00000189067"
[1] "/gpfs/loomis/scratch60/zhao/zy92/GTEX/adjusted_expr1/chr16/ENSG00000189067"
ERROR from TryCatch Block: cannot open the connection 
[1] "INFO: gene ENSG00000189149"
[1] "/gpfs/loomis/scratch60/zhao/zy92/GTEX/adjusted_expr1/chr16/ENSG00000189149"
ERROR from TryCatch Block: cannot open the connection 
[1] "INFO: gene ENSG00000196296"
[1] "/gpfs/loomis/scratch60/zhao/zy92/GTEX/adjusted_expr1/chr16/ENSG00000196296"
ERROR from TryCatch Block: cannot open the connection 
[1] "INFO: gene ENSG00000196364"
[1] "/gpfs/loomis/scratch60/zhao/zy92/GTEX/adjusted_expr1/chr16/ENSG00000196364"
ERROR from TryCatch Block: cannot open the connection 
[1] "INFO: gene ENSG00000196408"
[1] "/gpfs/loomis/scratch60/zhao/zy92/GTEX/adjusted_expr1/chr16/ENSG00000196408"
ERROR from TryCatch Block: cannot open the connection 
[1] "INFO: gene ENSG00000196557"
[1] "/gpfs/loomis/scratch60/zhao/zy92/GTEX/adjusted_expr1/chr16/ENSG00000196557"
ERROR from TryCatch Block: cannot open the connection 
[1] "INFO: gene ENSG00000196796"
[1] "/gpfs/loomis/scratch60/zhao/zy92/GTEX/adjusted_expr1/chr16/ENSG00000196796"
ERROR from TryCatch Block: cannot open the connection 
[1] "INFO: gene ENSG00000197253"
[1] "/gpfs/loomis/scratch60/zhao/zy92/GTEX/adjusted_expr1/chr16/ENSG00000197253"
ERROR from TryCatch Block: cannot open the connection 
[1] "INFO: gene ENSG00000197471"
[1] "/gpfs/loomis/scratch60/zhao/zy92/GTEX/adjusted_expr1/chr16/ENSG00000197471"
ERROR from TryCatch Block: cannot open the connection 
[1] "INFO: 69.83% processed"
[1] "INFO: gene ENSG00000197562"
[1] "/gpfs/loomis/scratch60/zhao/zy92/GTEX/adjusted_expr1/chr16/ENSG00000197562"
ERROR from TryCatch Block: cannot open the connection 
[1] "INFO: gene ENSG00000197599"
[1] "/gpfs/loomis/scratch60/zhao/zy92/GTEX/adjusted_expr1/chr16/ENSG00000197599"
ERROR from TryCatch Block: cannot open the connection 
[1] "INFO: gene ENSG00000197774"
[1] "/gpfs/loomis/scratch60/zhao/zy92/GTEX/adjusted_expr1/chr16/ENSG00000197774"
ERROR from TryCatch Block: cannot open the connection 
[1] "INFO: gene ENSG00000198064"
[1] "/gpfs/loomis/scratch60/zhao/zy92/GTEX/adjusted_expr1/chr16/ENSG00000198064"
ERROR from TryCatch Block: cannot open the connection 
[1] "INFO: gene ENSG00000198736"
[1] "/gpfs/loomis/scratch60/zhao/zy92/GTEX/adjusted_expr1/chr16/ENSG00000198736"
ERROR from TryCatch Block: cannot open the connection 
[1] "INFO: gene ENSG00000199130"
[1] "/gpfs/loomis/scratch60/zhao/zy92/GTEX/adjusted_expr1/chr16/ENSG00000199130"
ERROR from TryCatch Block: cannot open the connection 
[1] "INFO: gene ENSG00000205832"
[1] "/gpfs/loomis/scratch60/zhao/zy92/GTEX/adjusted_expr1/chr16/ENSG00000205832"
ERROR from TryCatch Block: cannot open the connection 
[1] "INFO: gene ENSG00000205937"
[1] "/gpfs/loomis/scratch60/zhao/zy92/GTEX/adjusted_expr1/chr16/ENSG00000205937"
ERROR from TryCatch Block: cannot open the connection 
[1] "INFO: gene ENSG00000206053"
[1] "/gpfs/loomis/scratch60/zhao/zy92/GTEX/adjusted_expr1/chr16/ENSG00000206053"
ERROR from TryCatch Block: cannot open the connection 
[1] "INFO: gene ENSG00000206172"
[1] "/gpfs/loomis/scratch60/zhao/zy92/GTEX/adjusted_expr1/chr16/ENSG00000206172"
ERROR from TryCatch Block: cannot open the connection 
[1] "INFO: gene ENSG00000206177"
[1] "/gpfs/loomis/scratch60/zhao/zy92/GTEX/adjusted_expr1/chr16/ENSG00000206177"
ERROR from TryCatch Block: cannot open the connection 
[1] "INFO: gene ENSG00000207639"
[1] "/gpfs/loomis/scratch60/zhao/zy92/GTEX/adjusted_expr1/chr16/ENSG00000207639"
ERROR from TryCatch Block: cannot open the connection 
[1] "INFO: gene ENSG00000213648"
[1] "/gpfs/loomis/scratch60/zhao/zy92/GTEX/adjusted_expr1/chr16/ENSG00000213648"
ERROR from TryCatch Block: cannot open the connection 
[1] "INFO: gene ENSG00000213658"
[1] "/gpfs/loomis/scratch60/zhao/zy92/GTEX/adjusted_expr1/chr16/ENSG00000213658"
ERROR from TryCatch Block: cannot open the connection 
[1] "INFO: gene ENSG00000213853"
[1] "/gpfs/loomis/scratch60/zhao/zy92/GTEX/adjusted_expr1/chr16/ENSG00000213853"
ERROR from TryCatch Block: cannot open the connection 
[1] "INFO: gene ENSG00000213918"
[1] "/gpfs/loomis/scratch60/zhao/zy92/GTEX/adjusted_expr1/chr16/ENSG00000213918"
ERROR from TryCatch Block: cannot open the connection 
[1] "INFO: gene ENSG00000213937"
[1] "/gpfs/loomis/scratch60/zhao/zy92/GTEX/adjusted_expr1/chr16/ENSG00000213937"
ERROR from TryCatch Block: cannot open the connection 
[1] "INFO: gene ENSG00000215131"
[1] "/gpfs/loomis/scratch60/zhao/zy92/GTEX/adjusted_expr1/chr16/ENSG00000215131"
ERROR from TryCatch Block: cannot open the connection 
[1] "INFO: gene ENSG00000217930"
[1] "/gpfs/loomis/scratch60/zhao/zy92/GTEX/adjusted_expr1/chr16/ENSG00000217930"
ERROR from TryCatch Block: cannot open the connection 
[1] "INFO: gene ENSG00000221656"
[1] "/gpfs/loomis/scratch60/zhao/zy92/GTEX/adjusted_expr1/chr16/ENSG00000221656"
ERROR from TryCatch Block: cannot open the connection 
[1] "INFO: gene ENSG00000221801"
[1] "/gpfs/loomis/scratch60/zhao/zy92/GTEX/adjusted_expr1/chr16/ENSG00000221801"
ERROR from TryCatch Block: cannot open the connection 
[1] "INFO: gene ENSG00000224310"
[1] "/gpfs/loomis/scratch60/zhao/zy92/GTEX/adjusted_expr1/chr16/ENSG00000224310"
ERROR from TryCatch Block: cannot open the connection 
[1] "INFO: gene ENSG00000224712"
[1] "/gpfs/loomis/scratch60/zhao/zy92/GTEX/adjusted_expr1/chr16/ENSG00000224712"
ERROR from TryCatch Block: cannot open the connection 
[1] "INFO: gene ENSG00000228146"
[1] "/gpfs/loomis/scratch60/zhao/zy92/GTEX/adjusted_expr1/chr16/ENSG00000228146"
ERROR from TryCatch Block: cannot open the connection 
[1] "INFO: gene ENSG00000231876"
[1] "/gpfs/loomis/scratch60/zhao/zy92/GTEX/adjusted_expr1/chr16/ENSG00000231876"
ERROR from TryCatch Block: cannot open the connection 
[1] "INFO: gene ENSG00000232196"
[1] "/gpfs/loomis/scratch60/zhao/zy92/GTEX/adjusted_expr1/chr16/ENSG00000232196"
ERROR from TryCatch Block: cannot open the connection 
[1] "INFO: gene ENSG00000232258"
[1] "/gpfs/loomis/scratch60/zhao/zy92/GTEX/adjusted_expr1/chr16/ENSG00000232258"
ERROR from TryCatch Block: cannot open the connection 
[1] "INFO: gene ENSG00000234186"
[1] "/gpfs/loomis/scratch60/zhao/zy92/GTEX/adjusted_expr1/chr16/ENSG00000234186"
ERROR from TryCatch Block: cannot open the connection 
[1] "INFO: gene ENSG00000234719"
[1] "/gpfs/loomis/scratch60/zhao/zy92/GTEX/adjusted_expr1/chr16/ENSG00000234719"
ERROR from TryCatch Block: cannot open the connection 
[1] "INFO: gene ENSG00000234769"
[1] "/gpfs/loomis/scratch60/zhao/zy92/GTEX/adjusted_expr1/chr16/ENSG00000234769"
ERROR from TryCatch Block: cannot open the connection 
[1] "INFO: gene ENSG00000236481"
[1] "/gpfs/loomis/scratch60/zhao/zy92/GTEX/adjusted_expr1/chr16/ENSG00000236481"
ERROR from TryCatch Block: cannot open the connection 
[1] "INFO: gene ENSG00000237515"
[1] "/gpfs/loomis/scratch60/zhao/zy92/GTEX/adjusted_expr1/chr16/ENSG00000237515"
ERROR from TryCatch Block: cannot open the connection 
[1] "INFO: gene ENSG00000238728"
[1] "/gpfs/loomis/scratch60/zhao/zy92/GTEX/adjusted_expr1/chr16/ENSG00000238728"
ERROR from TryCatch Block: cannot open the connection 
[1] "INFO: gene ENSG00000242173"
[1] "/gpfs/loomis/scratch60/zhao/zy92/GTEX/adjusted_expr1/chr16/ENSG00000242173"
ERROR from TryCatch Block: cannot open the connection 
[1] "INFO: gene ENSG00000242612"
[1] "/gpfs/loomis/scratch60/zhao/zy92/GTEX/adjusted_expr1/chr16/ENSG00000242612"
ERROR from TryCatch Block: cannot open the connection 
[1] "INFO: gene ENSG00000251692"
[1] "/gpfs/loomis/scratch60/zhao/zy92/GTEX/adjusted_expr1/chr16/ENSG00000251692"
ERROR from TryCatch Block: cannot open the connection 
[1] "INFO: gene ENSG00000254852"
[1] "/gpfs/loomis/scratch60/zhao/zy92/GTEX/adjusted_expr1/chr16/ENSG00000254852"
ERROR from TryCatch Block: cannot open the connection 
[1] "INFO: gene ENSG00000255198"
[1] "/gpfs/loomis/scratch60/zhao/zy92/GTEX/adjusted_expr1/chr16/ENSG00000255198"
ERROR from TryCatch Block: cannot open the connection 
[1] "INFO: gene ENSG00000257108"
[1] "/gpfs/loomis/scratch60/zhao/zy92/GTEX/adjusted_expr1/chr16/ENSG00000257108"
ERROR from TryCatch Block: cannot open the connection 
[1] "INFO: gene ENSG00000257264"
[1] "/gpfs/loomis/scratch60/zhao/zy92/GTEX/adjusted_expr1/chr16/ENSG00000257264"
ERROR from TryCatch Block: cannot open the connection 
[1] "INFO: gene ENSG00000257391"
[1] "/gpfs/loomis/scratch60/zhao/zy92/GTEX/adjusted_expr1/chr16/ENSG00000257391"
ERROR from TryCatch Block: cannot open the connection 
[1] "INFO: gene ENSG00000258354"
[1] "/gpfs/loomis/scratch60/zhao/zy92/GTEX/adjusted_expr1/chr16/ENSG00000258354"
ERROR from TryCatch Block: cannot open the connection 
[1] "INFO: gene ENSG00000259780"
[1] "/gpfs/loomis/scratch60/zhao/zy92/GTEX/adjusted_expr1/chr16/ENSG00000259780"
ERROR from TryCatch Block: cannot open the connection 
[1] "INFO: gene ENSG00000259819"
[1] "/gpfs/loomis/scratch60/zhao/zy92/GTEX/adjusted_expr1/chr16/ENSG00000259819"
ERROR from TryCatch Block: cannot open the connection 
[1] "INFO: gene ENSG00000259840"
[1] "/gpfs/loomis/scratch60/zhao/zy92/GTEX/adjusted_expr1/chr16/ENSG00000259840"
ERROR from TryCatch Block: cannot open the connection 
[1] "INFO: gene ENSG00000259947"
[1] "/gpfs/loomis/scratch60/zhao/zy92/GTEX/adjusted_expr1/chr16/ENSG00000259947"
ERROR from TryCatch Block: cannot open the connection 
[1] "INFO: gene ENSG00000260003"
[1] "/gpfs/loomis/scratch60/zhao/zy92/GTEX/adjusted_expr1/chr16/ENSG00000260003"
ERROR from TryCatch Block: cannot open the connection 
[1] "INFO: gene ENSG00000260009"
[1] "/gpfs/loomis/scratch60/zhao/zy92/GTEX/adjusted_expr1/chr16/ENSG00000260009"
ERROR from TryCatch Block: cannot open the connection 
[1] "INFO: gene ENSG00000260058"
[1] "/gpfs/loomis/scratch60/zhao/zy92/GTEX/adjusted_expr1/chr16/ENSG00000260058"
ERROR from TryCatch Block: cannot open the connection 
[1] "INFO: gene ENSG00000260071"
[1] "/gpfs/loomis/scratch60/zhao/zy92/GTEX/adjusted_expr1/chr16/ENSG00000260071"
ERROR from TryCatch Block: cannot open the connection 
[1] "INFO: 83.8% processed"
[1] "INFO: gene ENSG00000260176"
[1] "/gpfs/loomis/scratch60/zhao/zy92/GTEX/adjusted_expr1/chr16/ENSG00000260176"
ERROR from TryCatch Block: cannot open the connection 
[1] "INFO: gene ENSG00000260260"
[1] "/gpfs/loomis/scratch60/zhao/zy92/GTEX/adjusted_expr1/chr16/ENSG00000260260"
ERROR from TryCatch Block: cannot open the connection 
[1] "INFO: gene ENSG00000260289"
[1] "/gpfs/loomis/scratch60/zhao/zy92/GTEX/adjusted_expr1/chr16/ENSG00000260289"
ERROR from TryCatch Block: cannot open the connection 
[1] "INFO: gene ENSG00000260362"
[1] "/gpfs/loomis/scratch60/zhao/zy92/GTEX/adjusted_expr1/chr16/ENSG00000260362"
ERROR from TryCatch Block: cannot open the connection 
[1] "INFO: gene ENSG00000260468"
[1] "/gpfs/loomis/scratch60/zhao/zy92/GTEX/adjusted_expr1/chr16/ENSG00000260468"
ERROR from TryCatch Block: cannot open the connection 
[1] "INFO: gene ENSG00000260496"
[1] "/gpfs/loomis/scratch60/zhao/zy92/GTEX/adjusted_expr1/chr16/ENSG00000260496"
ERROR from TryCatch Block: cannot open the connection 
[1] "INFO: gene ENSG00000260532"
[1] "/gpfs/loomis/scratch60/zhao/zy92/GTEX/adjusted_expr1/chr16/ENSG00000260532"
ERROR from TryCatch Block: cannot open the connection 
[1] "INFO: gene ENSG00000260565"
[1] "/gpfs/loomis/scratch60/zhao/zy92/GTEX/adjusted_expr1/chr16/ENSG00000260565"
ERROR from TryCatch Block: cannot open the connection 
[1] "INFO: gene ENSG00000260646"
[1] "/gpfs/loomis/scratch60/zhao/zy92/GTEX/adjusted_expr1/chr16/ENSG00000260646"
ERROR from TryCatch Block: cannot open the connection 
[1] "INFO: gene ENSG00000260710"
[1] "/gpfs/loomis/scratch60/zhao/zy92/GTEX/adjusted_expr1/chr16/ENSG00000260710"
ERROR from TryCatch Block: cannot open the connection 
[1] "INFO: gene ENSG00000260756"
[1] "/gpfs/loomis/scratch60/zhao/zy92/GTEX/adjusted_expr1/chr16/ENSG00000260756"
ERROR from TryCatch Block: cannot open the connection 
[1] "INFO: gene ENSG00000260778"
[1] "/gpfs/loomis/scratch60/zhao/zy92/GTEX/adjusted_expr1/chr16/ENSG00000260778"
ERROR from TryCatch Block: cannot open the connection 
[1] "INFO: gene ENSG00000260807"
[1] "/gpfs/loomis/scratch60/zhao/zy92/GTEX/adjusted_expr1/chr16/ENSG00000260807"
ERROR from TryCatch Block: cannot open the connection 
[1] "INFO: gene ENSG00000260874"
[1] "/gpfs/loomis/scratch60/zhao/zy92/GTEX/adjusted_expr1/chr16/ENSG00000260874"
ERROR from TryCatch Block: cannot open the connection 
[1] "INFO: gene ENSG00000260979"
[1] "/gpfs/loomis/scratch60/zhao/zy92/GTEX/adjusted_expr1/chr16/ENSG00000260979"
ERROR from TryCatch Block: cannot open the connection 
[1] "INFO: gene ENSG00000261066"
[1] "/gpfs/loomis/scratch60/zhao/zy92/GTEX/adjusted_expr1/chr16/ENSG00000261066"
ERROR from TryCatch Block: cannot open the connection 
[1] "INFO: gene ENSG00000261075"
[1] "/gpfs/loomis/scratch60/zhao/zy92/GTEX/adjusted_expr1/chr16/ENSG00000261075"
ERROR from TryCatch Block: cannot open the connection 
[1] "INFO: gene ENSG00000261319"
[1] "/gpfs/loomis/scratch60/zhao/zy92/GTEX/adjusted_expr1/chr16/ENSG00000261319"
ERROR from TryCatch Block: cannot open the connection 
[1] "INFO: gene ENSG00000261392"
[1] "/gpfs/loomis/scratch60/zhao/zy92/GTEX/adjusted_expr1/chr16/ENSG00000261392"
ERROR from TryCatch Block: cannot open the connection 
[1] "INFO: gene ENSG00000261397"
[1] "/gpfs/loomis/scratch60/zhao/zy92/GTEX/adjusted_expr1/chr16/ENSG00000261397"
ERROR from TryCatch Block: cannot open the connection 
[1] "INFO: gene ENSG00000261617"
[1] "/gpfs/loomis/scratch60/zhao/zy92/GTEX/adjusted_expr1/chr16/ENSG00000261617"
ERROR from TryCatch Block: cannot open the connection 
[1] "INFO: gene ENSG00000261713"
[1] "/gpfs/loomis/scratch60/zhao/zy92/GTEX/adjusted_expr1/chr16/ENSG00000261713"
ERROR from TryCatch Block: cannot open the connection 
[1] "INFO: gene ENSG00000261790"
[1] "/gpfs/loomis/scratch60/zhao/zy92/GTEX/adjusted_expr1/chr16/ENSG00000261790"
ERROR from TryCatch Block: cannot open the connection 
[1] "INFO: gene ENSG00000261811"
[1] "/gpfs/loomis/scratch60/zhao/zy92/GTEX/adjusted_expr1/chr16/ENSG00000261811"
ERROR from TryCatch Block: cannot open the connection 
[1] "INFO: gene ENSG00000261856"
[1] "/gpfs/loomis/scratch60/zhao/zy92/GTEX/adjusted_expr1/chr16/ENSG00000261856"
ERROR from TryCatch Block: cannot open the connection 
[1] "INFO: gene ENSG00000261889"
[1] "/gpfs/loomis/scratch60/zhao/zy92/GTEX/adjusted_expr1/chr16/ENSG00000261889"
ERROR from TryCatch Block: cannot open the connection 
[1] "INFO: gene ENSG00000262097"
[1] "/gpfs/loomis/scratch60/zhao/zy92/GTEX/adjusted_expr1/chr16/ENSG00000262097"
ERROR from TryCatch Block: cannot open the connection 
[1] "INFO: gene ENSG00000262117"
[1] "/gpfs/loomis/scratch60/zhao/zy92/GTEX/adjusted_expr1/chr16/ENSG00000262117"
ERROR from TryCatch Block: cannot open the connection 
[1] "INFO: gene ENSG00000262152"
[1] "/gpfs/loomis/scratch60/zhao/zy92/GTEX/adjusted_expr1/chr16/ENSG00000262152"
ERROR from TryCatch Block: cannot open the connection 
[1] "INFO: gene ENSG00000262246"
[1] "/gpfs/loomis/scratch60/zhao/zy92/GTEX/adjusted_expr1/chr16/ENSG00000262246"
ERROR from TryCatch Block: cannot open the connection 
[1] "INFO: gene ENSG00000262267"
[1] "/gpfs/loomis/scratch60/zhao/zy92/GTEX/adjusted_expr1/chr16/ENSG00000262267"
ERROR from TryCatch Block: cannot open the connection 
[1] "INFO: gene ENSG00000262370"
[1] "/gpfs/loomis/scratch60/zhao/zy92/GTEX/adjusted_expr1/chr16/ENSG00000262370"
ERROR from TryCatch Block: cannot open the connection 
[1] "INFO: gene ENSG00000262454"
[1] "/gpfs/loomis/scratch60/zhao/zy92/GTEX/adjusted_expr1/chr16/ENSG00000262454"
ERROR from TryCatch Block: cannot open the connection 
[1] "INFO: gene ENSG00000262468"
[1] "/gpfs/loomis/scratch60/zhao/zy92/GTEX/adjusted_expr1/chr16/ENSG00000262468"
ERROR from TryCatch Block: cannot open the connection 
[1] "INFO: gene ENSG00000262521"
[1] "/gpfs/loomis/scratch60/zhao/zy92/GTEX/adjusted_expr1/chr16/ENSG00000262521"
ERROR from TryCatch Block: cannot open the connection 
[1] "INFO: gene ENSG00000262621"
[1] "/gpfs/loomis/scratch60/zhao/zy92/GTEX/adjusted_expr1/chr16/ENSG00000262621"
ERROR from TryCatch Block: cannot open the connection 
[1] "INFO: gene ENSG00000262686"
[1] "/gpfs/loomis/scratch60/zhao/zy92/GTEX/adjusted_expr1/chr16/ENSG00000262686"
ERROR from TryCatch Block: cannot open the connection 
[1] "INFO: gene ENSG00000262801"
[1] "/gpfs/loomis/scratch60/zhao/zy92/GTEX/adjusted_expr1/chr16/ENSG00000262801"
ERROR from TryCatch Block: cannot open the connection 
[1] "INFO: gene ENSG00000263033"
[1] "/gpfs/loomis/scratch60/zhao/zy92/GTEX/adjusted_expr1/chr16/ENSG00000263033"
ERROR from TryCatch Block: cannot open the connection 
[1] "INFO: gene ENSG00000263105"
[1] "/gpfs/loomis/scratch60/zhao/zy92/GTEX/adjusted_expr1/chr16/ENSG00000263105"
ERROR from TryCatch Block: cannot open the connection 
[1] "INFO: gene ENSG00000263234"
[1] "/gpfs/loomis/scratch60/zhao/zy92/GTEX/adjusted_expr1/chr16/ENSG00000263234"
ERROR from TryCatch Block: cannot open the connection 
[1] "INFO: gene ENSG00000263257"
[1] "/gpfs/loomis/scratch60/zhao/zy92/GTEX/adjusted_expr1/chr16/ENSG00000263257"
ERROR from TryCatch Block: cannot open the connection 
[1] "INFO: gene ENSG00000263280"
[1] "/gpfs/loomis/scratch60/zhao/zy92/GTEX/adjusted_expr1/chr16/ENSG00000263280"
ERROR from TryCatch Block: cannot open the connection 
[1] "INFO: gene ENSG00000263918"
[1] "/gpfs/loomis/scratch60/zhao/zy92/GTEX/adjusted_expr1/chr16/ENSG00000263918"
ERROR from TryCatch Block: cannot open the connection 
[1] "INFO: gene ENSG00000264004"
[1] "/gpfs/loomis/scratch60/zhao/zy92/GTEX/adjusted_expr1/chr16/ENSG00000264004"
ERROR from TryCatch Block: cannot open the connection 
[1] "INFO: gene ENSG00000264115"
[1] "/gpfs/loomis/scratch60/zhao/zy92/GTEX/adjusted_expr1/chr16/ENSG00000264115"
ERROR from TryCatch Block: cannot open the connection 
[1] "INFO: gene ENSG00000264397"
[1] "/gpfs/loomis/scratch60/zhao/zy92/GTEX/adjusted_expr1/chr16/ENSG00000264397"
ERROR from TryCatch Block: cannot open the connection 
[1] "INFO: gene ENSG00000264733"
[1] "/gpfs/loomis/scratch60/zhao/zy92/GTEX/adjusted_expr1/chr16/ENSG00000264733"
ERROR from TryCatch Block: cannot open the connection 
[1] "INFO: gene ENSG00000265820"
[1] "/gpfs/loomis/scratch60/zhao/zy92/GTEX/adjusted_expr1/chr16/ENSG00000265820"
ERROR from TryCatch Block: cannot open the connection 
[1] "INFO: gene ENSG00000265867"
[1] "/gpfs/loomis/scratch60/zhao/zy92/GTEX/adjusted_expr1/chr16/ENSG00000265867"
ERROR from TryCatch Block: cannot open the connection 
[1] "INFO: 97.77% processed"
[1] "INFO: gene ENSG00000266124"
[1] "/gpfs/loomis/scratch60/zhao/zy92/GTEX/adjusted_expr1/chr16/ENSG00000266124"
ERROR from TryCatch Block: cannot open the connection 
[1] "INFO: gene ENSG00000266232"
[1] "/gpfs/loomis/scratch60/zhao/zy92/GTEX/adjusted_expr1/chr16/ENSG00000266232"
ERROR from TryCatch Block: cannot open the connection 
[1] "INFO: gene ENSG00000266235"
[1] "/gpfs/loomis/scratch60/zhao/zy92/GTEX/adjusted_expr1/chr16/ENSG00000266235"
ERROR from TryCatch Block: cannot open the connection 
[1] "INFO: gene ENSG00000266643"
[1] "/gpfs/loomis/scratch60/zhao/zy92/GTEX/adjusted_expr1/chr16/ENSG00000266643"
ERROR from TryCatch Block: cannot open the connection 
[1] "INFO: gene ENSG00000267070"
[1] "/gpfs/loomis/scratch60/zhao/zy92/GTEX/adjusted_expr1/chr16/ENSG00000267070"
ERROR from TryCatch Block: cannot open the connection 
[1] "INFO: gene ENSG00000267795"
[1] "/gpfs/loomis/scratch60/zhao/zy92/GTEX/adjusted_expr1/chr16/ENSG00000267795"
ERROR from TryCatch Block: cannot open the connection 
[1] "INFO: gene ENSG00000268836"
[1] "/gpfs/loomis/scratch60/zhao/zy92/GTEX/adjusted_expr1/chr16/ENSG00000268836"
ERROR from TryCatch Block: cannot open the connection 
[1] "INFO: gene ENSG00000270168"
[1] "/gpfs/loomis/scratch60/zhao/zy92/GTEX/adjusted_expr1/chr16/ENSG00000270168"
ERROR from TryCatch Block: cannot open the connection 
[1] "INFO: gene ENSG00000272079"
[1] "/gpfs/loomis/scratch60/zhao/zy92/GTEX/adjusted_expr1/chr16/ENSG00000272079"
ERROR from TryCatch Block: cannot open the connection 
Time difference of 4.369854 mins
There were 50 or more warnings (use warnings() to see the first 50)
