[1] "INFO: gene ENSG00000002822"
[1] "/gpfs/loomis/scratch60/zhao/zy92/GTEX/adjusted_expr1/chr7/ENSG00000002822"
[1] "INFO: gene ENSG00000003147"
[1] "/gpfs/loomis/scratch60/zhao/zy92/GTEX/adjusted_expr1/chr7/ENSG00000003147"
[1] "INFO: gene ENSG00000004846"
[1] "/gpfs/loomis/scratch60/zhao/zy92/GTEX/adjusted_expr1/chr7/ENSG00000004846"
[1] "INFO: gene ENSG00000005108"
[1] "/gpfs/loomis/scratch60/zhao/zy92/GTEX/adjusted_expr1/chr7/ENSG00000005108"
[1] "INFO: gene ENSG00000006468"
[1] "/gpfs/loomis/scratch60/zhao/zy92/GTEX/adjusted_expr1/chr7/ENSG00000006468"
[1] "INFO: gene ENSG00000006747"
[1] "/gpfs/loomis/scratch60/zhao/zy92/GTEX/adjusted_expr1/chr7/ENSG00000006747"
[1] "INFO: gene ENSG00000008256"
[1] "/gpfs/loomis/scratch60/zhao/zy92/GTEX/adjusted_expr1/chr7/ENSG00000008256"
[1] "INFO: gene ENSG00000011275"
[1] "/gpfs/loomis/scratch60/zhao/zy92/GTEX/adjusted_expr1/chr7/ENSG00000011275"
[1] "INFO: gene ENSG00000048052"
[1] "/gpfs/loomis/scratch60/zhao/zy92/GTEX/adjusted_expr1/chr7/ENSG00000048052"
[1] "INFO: gene ENSG00000071189"
[1] "/gpfs/loomis/scratch60/zhao/zy92/GTEX/adjusted_expr1/chr7/ENSG00000071189"
[1] "INFO: gene ENSG00000073067"
[1] "/gpfs/loomis/scratch60/zhao/zy92/GTEX/adjusted_expr1/chr7/ENSG00000073067"
[1] "INFO: gene ENSG00000075618"
[1] "/gpfs/loomis/scratch60/zhao/zy92/GTEX/adjusted_expr1/chr7/ENSG00000075618"
[1] "INFO: gene ENSG00000075624"
[1] "/gpfs/loomis/scratch60/zhao/zy92/GTEX/adjusted_expr1/chr7/ENSG00000075624"
[1] "INFO: gene ENSG00000086232"
[1] "/gpfs/loomis/scratch60/zhao/zy92/GTEX/adjusted_expr1/chr7/ENSG00000086232"
[1] "INFO: gene ENSG00000105849"
[1] "/gpfs/loomis/scratch60/zhao/zy92/GTEX/adjusted_expr1/chr7/ENSG00000105849"
[1] "INFO: gene ENSG00000105855"
[1] "/gpfs/loomis/scratch60/zhao/zy92/GTEX/adjusted_expr1/chr7/ENSG00000105855"
[1] "INFO: gene ENSG00000105866"
[1] "/gpfs/loomis/scratch60/zhao/zy92/GTEX/adjusted_expr1/chr7/ENSG00000105866"
[1] "INFO: gene ENSG00000105877"
[1] "/gpfs/loomis/scratch60/zhao/zy92/GTEX/adjusted_expr1/chr7/ENSG00000105877"
[1] "INFO: gene ENSG00000105889"
[1] "/gpfs/loomis/scratch60/zhao/zy92/GTEX/adjusted_expr1/chr7/ENSG00000105889"
[1] "INFO: gene ENSG00000105963"
[1] "/gpfs/loomis/scratch60/zhao/zy92/GTEX/adjusted_expr1/chr7/ENSG00000105963"
[1] "INFO: gene ENSG00000106003"
[1] "/gpfs/loomis/scratch60/zhao/zy92/GTEX/adjusted_expr1/chr7/ENSG00000106003"
[1] "INFO: gene ENSG00000106009"
[1] "/gpfs/loomis/scratch60/zhao/zy92/GTEX/adjusted_expr1/chr7/ENSG00000106009"
[1] "INFO: gene ENSG00000106012"
[1] "/gpfs/loomis/scratch60/zhao/zy92/GTEX/adjusted_expr1/chr7/ENSG00000106012"
[1] "INFO: gene ENSG00000106263"
[1] "/gpfs/loomis/scratch60/zhao/zy92/GTEX/adjusted_expr1/chr7/ENSG00000106263"
[1] "INFO: gene ENSG00000106266"
[1] "/gpfs/loomis/scratch60/zhao/zy92/GTEX/adjusted_expr1/chr7/ENSG00000106266"
[1] "INFO: gene ENSG00000106268"
[1] "/gpfs/loomis/scratch60/zhao/zy92/GTEX/adjusted_expr1/chr7/ENSG00000106268"
[1] "INFO: gene ENSG00000106305"
[1] "/gpfs/loomis/scratch60/zhao/zy92/GTEX/adjusted_expr1/chr7/ENSG00000106305"
[1] "INFO: gene ENSG00000106346"
[1] "/gpfs/loomis/scratch60/zhao/zy92/GTEX/adjusted_expr1/chr7/ENSG00000106346"
[1] "INFO: gene ENSG00000106392"
[1] "/gpfs/loomis/scratch60/zhao/zy92/GTEX/adjusted_expr1/chr7/ENSG00000106392"
[1] "INFO: gene ENSG00000106399"
[1] "/gpfs/loomis/scratch60/zhao/zy92/GTEX/adjusted_expr1/chr7/ENSG00000106399"
[1] "INFO: gene ENSG00000106415"
[1] "/gpfs/loomis/scratch60/zhao/zy92/GTEX/adjusted_expr1/chr7/ENSG00000106415"
[1] "INFO: gene ENSG00000106443"
[1] "/gpfs/loomis/scratch60/zhao/zy92/GTEX/adjusted_expr1/chr7/ENSG00000106443"
[1] "INFO: gene ENSG00000106460"
[1] "/gpfs/loomis/scratch60/zhao/zy92/GTEX/adjusted_expr1/chr7/ENSG00000106460"
[1] "INFO: gene ENSG00000106511"
[1] "/gpfs/loomis/scratch60/zhao/zy92/GTEX/adjusted_expr1/chr7/ENSG00000106511"
[1] "INFO: gene ENSG00000106524"
[1] "/gpfs/loomis/scratch60/zhao/zy92/GTEX/adjusted_expr1/chr7/ENSG00000106524"
[1] "INFO: gene ENSG00000106537"
[1] "/gpfs/loomis/scratch60/zhao/zy92/GTEX/adjusted_expr1/chr7/ENSG00000106537"
[1] "INFO: gene ENSG00000106541"
[1] "/gpfs/loomis/scratch60/zhao/zy92/GTEX/adjusted_expr1/chr7/ENSG00000106541"
[1] "INFO: gene ENSG00000106546"
[1] "/gpfs/loomis/scratch60/zhao/zy92/GTEX/adjusted_expr1/chr7/ENSG00000106546"
[1] "INFO: gene ENSG00000122512"
[1] "/gpfs/loomis/scratch60/zhao/zy92/GTEX/adjusted_expr1/chr7/ENSG00000122512"
[1] "INFO: gene ENSG00000122543"
[1] "/gpfs/loomis/scratch60/zhao/zy92/GTEX/adjusted_expr1/chr7/ENSG00000122543"
[1] "INFO: gene ENSG00000122550"
[1] "/gpfs/loomis/scratch60/zhao/zy92/GTEX/adjusted_expr1/chr7/ENSG00000122550"
[1] "INFO: gene ENSG00000122584"
[1] "/gpfs/loomis/scratch60/zhao/zy92/GTEX/adjusted_expr1/chr7/ENSG00000122584"
[1] "INFO: gene ENSG00000122591"
[1] "/gpfs/loomis/scratch60/zhao/zy92/GTEX/adjusted_expr1/chr7/ENSG00000122591"
[1] "INFO: gene ENSG00000122644"
[1] "/gpfs/loomis/scratch60/zhao/zy92/GTEX/adjusted_expr1/chr7/ENSG00000122644"
[1] "INFO: gene ENSG00000122674"
[1] "/gpfs/loomis/scratch60/zhao/zy92/GTEX/adjusted_expr1/chr7/ENSG00000122674"
[1] "INFO: gene ENSG00000122687"
[1] "/gpfs/loomis/scratch60/zhao/zy92/GTEX/adjusted_expr1/chr7/ENSG00000122687"
[1] "INFO: gene ENSG00000122691"
[1] "/gpfs/loomis/scratch60/zhao/zy92/GTEX/adjusted_expr1/chr7/ENSG00000122691"
[1] "INFO: gene ENSG00000136213"
[1] "/gpfs/loomis/scratch60/zhao/zy92/GTEX/adjusted_expr1/chr7/ENSG00000136213"
[1] "INFO: gene ENSG00000136237"
[1] "/gpfs/loomis/scratch60/zhao/zy92/GTEX/adjusted_expr1/chr7/ENSG00000136237"
[1] "INFO: 31.45% processed"
[1] "INFO: gene ENSG00000136238"
[1] "/gpfs/loomis/scratch60/zhao/zy92/GTEX/adjusted_expr1/chr7/ENSG00000136238"
[1] "INFO: gene ENSG00000136240"
[1] "/gpfs/loomis/scratch60/zhao/zy92/GTEX/adjusted_expr1/chr7/ENSG00000136240"
[1] "INFO: gene ENSG00000136243"
[1] "/gpfs/loomis/scratch60/zhao/zy92/GTEX/adjusted_expr1/chr7/ENSG00000136243"
ERROR from TryCatch Block: missing value where TRUE/FALSE needed 
[1] "INFO: gene ENSG00000136244"
[1] "/gpfs/loomis/scratch60/zhao/zy92/GTEX/adjusted_expr1/chr7/ENSG00000136244"
[1] "INFO: gene ENSG00000136247"
[1] "/gpfs/loomis/scratch60/zhao/zy92/GTEX/adjusted_expr1/chr7/ENSG00000136247"
[1] "INFO: gene ENSG00000136261"
[1] "/gpfs/loomis/scratch60/zhao/zy92/GTEX/adjusted_expr1/chr7/ENSG00000136261"
[1] "INFO: gene ENSG00000136267"
[1] "/gpfs/loomis/scratch60/zhao/zy92/GTEX/adjusted_expr1/chr7/ENSG00000136267"
[1] "INFO: gene ENSG00000136295"
[1] "/gpfs/loomis/scratch60/zhao/zy92/GTEX/adjusted_expr1/chr7/ENSG00000136295"
[1] "INFO: gene ENSG00000136297"
[1] "/gpfs/loomis/scratch60/zhao/zy92/GTEX/adjusted_expr1/chr7/ENSG00000136297"
[1] "INFO: gene ENSG00000146530"
[1] "/gpfs/loomis/scratch60/zhao/zy92/GTEX/adjusted_expr1/chr7/ENSG00000146530"
[1] "INFO: gene ENSG00000146535"
[1] "/gpfs/loomis/scratch60/zhao/zy92/GTEX/adjusted_expr1/chr7/ENSG00000146535"
[1] "INFO: gene ENSG00000146540"
[1] "/gpfs/loomis/scratch60/zhao/zy92/GTEX/adjusted_expr1/chr7/ENSG00000146540"
[1] "INFO: gene ENSG00000146555"
[1] "/gpfs/loomis/scratch60/zhao/zy92/GTEX/adjusted_expr1/chr7/ENSG00000146555"
[1] "INFO: gene ENSG00000146574"
[1] "/gpfs/loomis/scratch60/zhao/zy92/GTEX/adjusted_expr1/chr7/ENSG00000146574"
[1] "INFO: gene ENSG00000146576"
[1] "/gpfs/loomis/scratch60/zhao/zy92/GTEX/adjusted_expr1/chr7/ENSG00000146576"
[1] "INFO: gene ENSG00000146587"
[1] "/gpfs/loomis/scratch60/zhao/zy92/GTEX/adjusted_expr1/chr7/ENSG00000146587"
[1] "INFO: gene ENSG00000146618"
[1] "/gpfs/loomis/scratch60/zhao/zy92/GTEX/adjusted_expr1/chr7/ENSG00000146618"
[1] "INFO: gene ENSG00000155026"
[1] "/gpfs/loomis/scratch60/zhao/zy92/GTEX/adjusted_expr1/chr7/ENSG00000155026"
[1] "INFO: gene ENSG00000155034"
[1] "/gpfs/loomis/scratch60/zhao/zy92/GTEX/adjusted_expr1/chr7/ENSG00000155034"
[1] "INFO: gene ENSG00000157778"
[1] "/gpfs/loomis/scratch60/zhao/zy92/GTEX/adjusted_expr1/chr7/ENSG00000157778"
[1] "INFO: gene ENSG00000157927"
[1] "/gpfs/loomis/scratch60/zhao/zy92/GTEX/adjusted_expr1/chr7/ENSG00000157927"
[1] "INFO: gene ENSG00000157954"
[1] "/gpfs/loomis/scratch60/zhao/zy92/GTEX/adjusted_expr1/chr7/ENSG00000157954"
[1] "INFO: gene ENSG00000157999"
[1] "/gpfs/loomis/scratch60/zhao/zy92/GTEX/adjusted_expr1/chr7/ENSG00000157999"
[1] "INFO: gene ENSG00000164535"
[1] "/gpfs/loomis/scratch60/zhao/zy92/GTEX/adjusted_expr1/chr7/ENSG00000164535"
[1] "INFO: gene ENSG00000164631"
[1] "/gpfs/loomis/scratch60/zhao/zy92/GTEX/adjusted_expr1/chr7/ENSG00000164631"
[1] "INFO: gene ENSG00000164638"
[1] "/gpfs/loomis/scratch60/zhao/zy92/GTEX/adjusted_expr1/chr7/ENSG00000164638"
[1] "INFO: gene ENSG00000164649"
[1] "/gpfs/loomis/scratch60/zhao/zy92/GTEX/adjusted_expr1/chr7/ENSG00000164649"
[1] "INFO: gene ENSG00000164651"
[1] "/gpfs/loomis/scratch60/zhao/zy92/GTEX/adjusted_expr1/chr7/ENSG00000164651"
[1] "INFO: gene ENSG00000164654"
[1] "/gpfs/loomis/scratch60/zhao/zy92/GTEX/adjusted_expr1/chr7/ENSG00000164654"
[1] "INFO: gene ENSG00000164818"
[1] "/gpfs/loomis/scratch60/zhao/zy92/GTEX/adjusted_expr1/chr7/ENSG00000164818"
[1] "INFO: gene ENSG00000164828"
[1] "/gpfs/loomis/scratch60/zhao/zy92/GTEX/adjusted_expr1/chr7/ENSG00000164828"
[1] "INFO: gene ENSG00000164849"
[1] "/gpfs/loomis/scratch60/zhao/zy92/GTEX/adjusted_expr1/chr7/ENSG00000164849"
[1] "INFO: gene ENSG00000164850"
[1] "/gpfs/loomis/scratch60/zhao/zy92/GTEX/adjusted_expr1/chr7/ENSG00000164850"
[1] "INFO: gene ENSG00000164853"
[1] "/gpfs/loomis/scratch60/zhao/zy92/GTEX/adjusted_expr1/chr7/ENSG00000164853"
[1] "INFO: gene ENSG00000164855"
[1] "/gpfs/loomis/scratch60/zhao/zy92/GTEX/adjusted_expr1/chr7/ENSG00000164855"
[1] "INFO: gene ENSG00000164877"
[1] "/gpfs/loomis/scratch60/zhao/zy92/GTEX/adjusted_expr1/chr7/ENSG00000164877"
[1] "INFO: gene ENSG00000164880"
[1] "/gpfs/loomis/scratch60/zhao/zy92/GTEX/adjusted_expr1/chr7/ENSG00000164880"
[1] "INFO: gene ENSG00000164916"
[1] "/gpfs/loomis/scratch60/zhao/zy92/GTEX/adjusted_expr1/chr7/ENSG00000164916"
[1] "INFO: gene ENSG00000169402"
[1] "/gpfs/loomis/scratch60/zhao/zy92/GTEX/adjusted_expr1/chr7/ENSG00000169402"
[1] "INFO: gene ENSG00000171243"
[1] "/gpfs/loomis/scratch60/zhao/zy92/GTEX/adjusted_expr1/chr7/ENSG00000171243"
[1] "INFO: gene ENSG00000173452"
[1] "/gpfs/loomis/scratch60/zhao/zy92/GTEX/adjusted_expr1/chr7/ENSG00000173452"
[1] "INFO: gene ENSG00000173467"
[1] "/gpfs/loomis/scratch60/zhao/zy92/GTEX/adjusted_expr1/chr7/ENSG00000173467"
[1] "INFO: gene ENSG00000174945"
[1] "/gpfs/loomis/scratch60/zhao/zy92/GTEX/adjusted_expr1/chr7/ENSG00000174945"
[1] "INFO: gene ENSG00000176349"
[1] "/gpfs/loomis/scratch60/zhao/zy92/GTEX/adjusted_expr1/chr7/ENSG00000176349"
[1] "INFO: gene ENSG00000177706"
[1] "/gpfs/loomis/scratch60/zhao/zy92/GTEX/adjusted_expr1/chr7/ENSG00000177706"
[1] "INFO: gene ENSG00000178381"
[1] "/gpfs/loomis/scratch60/zhao/zy92/GTEX/adjusted_expr1/chr7/ENSG00000178381"
[1] "INFO: gene ENSG00000178397"
[1] "/gpfs/loomis/scratch60/zhao/zy92/GTEX/adjusted_expr1/chr7/ENSG00000178397"
[1] "INFO: gene ENSG00000182095"
[1] "/gpfs/loomis/scratch60/zhao/zy92/GTEX/adjusted_expr1/chr7/ENSG00000182095"
[1] "INFO: gene ENSG00000183742"
[1] "/gpfs/loomis/scratch60/zhao/zy92/GTEX/adjusted_expr1/chr7/ENSG00000183742"
[1] "INFO: gene ENSG00000187546"
[1] "/gpfs/loomis/scratch60/zhao/zy92/GTEX/adjusted_expr1/chr7/ENSG00000187546"
[1] "INFO: 62.89% processed"
[1] "INFO: gene ENSG00000188191"
[1] "/gpfs/loomis/scratch60/zhao/zy92/GTEX/adjusted_expr1/chr7/ENSG00000188191"
[1] "INFO: gene ENSG00000189043"
[1] "/gpfs/loomis/scratch60/zhao/zy92/GTEX/adjusted_expr1/chr7/ENSG00000189043"
[1] "INFO: gene ENSG00000196683"
[1] "/gpfs/loomis/scratch60/zhao/zy92/GTEX/adjusted_expr1/chr7/ENSG00000196683"
[1] "INFO: gene ENSG00000197461"
[1] "/gpfs/loomis/scratch60/zhao/zy92/GTEX/adjusted_expr1/chr7/ENSG00000197461"
[1] "INFO: gene ENSG00000198286"
[1] "/gpfs/loomis/scratch60/zhao/zy92/GTEX/adjusted_expr1/chr7/ENSG00000198286"
[1] "INFO: gene ENSG00000198517"
[1] "/gpfs/loomis/scratch60/zhao/zy92/GTEX/adjusted_expr1/chr7/ENSG00000198517"
[1] "INFO: gene ENSG00000198580"
[1] "/gpfs/loomis/scratch60/zhao/zy92/GTEX/adjusted_expr1/chr7/ENSG00000198580"
[1] "INFO: gene ENSG00000199023"
[1] "/gpfs/loomis/scratch60/zhao/zy92/GTEX/adjusted_expr1/chr7/ENSG00000199023"
[1] "INFO: gene ENSG00000199085"
[1] "/gpfs/loomis/scratch60/zhao/zy92/GTEX/adjusted_expr1/chr7/ENSG00000199085"
[1] "INFO: gene ENSG00000205858"
[1] "/gpfs/loomis/scratch60/zhao/zy92/GTEX/adjusted_expr1/chr7/ENSG00000205858"
[1] "INFO: gene ENSG00000205971"
[1] "/gpfs/loomis/scratch60/zhao/zy92/GTEX/adjusted_expr1/chr7/ENSG00000205971"
[1] "INFO: gene ENSG00000214870"
[1] "/gpfs/loomis/scratch60/zhao/zy92/GTEX/adjusted_expr1/chr7/ENSG00000214870"
[1] "INFO: gene ENSG00000214960"
[1] "/gpfs/loomis/scratch60/zhao/zy92/GTEX/adjusted_expr1/chr7/ENSG00000214960"
[1] "INFO: gene ENSG00000215018"
[1] "/gpfs/loomis/scratch60/zhao/zy92/GTEX/adjusted_expr1/chr7/ENSG00000215018"
[1] "INFO: gene ENSG00000215045"
[1] "/gpfs/loomis/scratch60/zhao/zy92/GTEX/adjusted_expr1/chr7/ENSG00000215045"
[1] "INFO: gene ENSG00000217455"
[1] "/gpfs/loomis/scratch60/zhao/zy92/GTEX/adjusted_expr1/chr7/ENSG00000217455"
[1] "INFO: gene ENSG00000218823"
[1] "/gpfs/loomis/scratch60/zhao/zy92/GTEX/adjusted_expr1/chr7/ENSG00000218823"
[1] "INFO: gene ENSG00000219545"
[1] "/gpfs/loomis/scratch60/zhao/zy92/GTEX/adjusted_expr1/chr7/ENSG00000219545"
[1] "INFO: gene ENSG00000221393"
[1] "/gpfs/loomis/scratch60/zhao/zy92/GTEX/adjusted_expr1/chr7/ENSG00000221393"
[1] "INFO: gene ENSG00000221783"
[1] "/gpfs/loomis/scratch60/zhao/zy92/GTEX/adjusted_expr1/chr7/ENSG00000221783"
[1] "INFO: gene ENSG00000223561"
[1] "/gpfs/loomis/scratch60/zhao/zy92/GTEX/adjusted_expr1/chr7/ENSG00000223561"
[1] "INFO: gene ENSG00000223838"
[1] "/gpfs/loomis/scratch60/zhao/zy92/GTEX/adjusted_expr1/chr7/ENSG00000223838"
[1] "INFO: gene ENSG00000223855"
[1] "/gpfs/loomis/scratch60/zhao/zy92/GTEX/adjusted_expr1/chr7/ENSG00000223855"
[1] "INFO: gene ENSG00000224322"
[1] "/gpfs/loomis/scratch60/zhao/zy92/GTEX/adjusted_expr1/chr7/ENSG00000224322"
[1] "INFO: gene ENSG00000225968"
[1] "/gpfs/loomis/scratch60/zhao/zy92/GTEX/adjusted_expr1/chr7/ENSG00000225968"
[1] "INFO: gene ENSG00000226097"
[1] "/gpfs/loomis/scratch60/zhao/zy92/GTEX/adjusted_expr1/chr7/ENSG00000226097"
[1] "INFO: gene ENSG00000226816"
[1] "/gpfs/loomis/scratch60/zhao/zy92/GTEX/adjusted_expr1/chr7/ENSG00000226816"
[1] "INFO: gene ENSG00000227386"
[1] "/gpfs/loomis/scratch60/zhao/zy92/GTEX/adjusted_expr1/chr7/ENSG00000227386"
[1] "INFO: gene ENSG00000227930"
[1] "/gpfs/loomis/scratch60/zhao/zy92/GTEX/adjusted_expr1/chr7/ENSG00000227930"
[1] "INFO: gene ENSG00000228421"
[1] "/gpfs/loomis/scratch60/zhao/zy92/GTEX/adjusted_expr1/chr7/ENSG00000228421"
[1] "INFO: gene ENSG00000228649"
[1] "/gpfs/loomis/scratch60/zhao/zy92/GTEX/adjusted_expr1/chr7/ENSG00000228649"
[1] "INFO: gene ENSG00000229937"
[1] "/gpfs/loomis/scratch60/zhao/zy92/GTEX/adjusted_expr1/chr7/ENSG00000229937"
[1] "INFO: gene ENSG00000230658"
[1] "/gpfs/loomis/scratch60/zhao/zy92/GTEX/adjusted_expr1/chr7/ENSG00000230658"
[1] "INFO: gene ENSG00000232325"
[1] "/gpfs/loomis/scratch60/zhao/zy92/GTEX/adjusted_expr1/chr7/ENSG00000232325"
[1] "INFO: gene ENSG00000232790"
[1] "/gpfs/loomis/scratch60/zhao/zy92/GTEX/adjusted_expr1/chr7/ENSG00000232790"
[1] "INFO: gene ENSG00000233760"
[1] "/gpfs/loomis/scratch60/zhao/zy92/GTEX/adjusted_expr1/chr7/ENSG00000233760"
[1] "INFO: gene ENSG00000233824"
[1] "/gpfs/loomis/scratch60/zhao/zy92/GTEX/adjusted_expr1/chr7/ENSG00000233824"
[1] "INFO: gene ENSG00000233834"
[1] "/gpfs/loomis/scratch60/zhao/zy92/GTEX/adjusted_expr1/chr7/ENSG00000233834"
[1] "INFO: gene ENSG00000234471"
[1] "/gpfs/loomis/scratch60/zhao/zy92/GTEX/adjusted_expr1/chr7/ENSG00000234471"
[1] "INFO: gene ENSG00000236609"
[1] "/gpfs/loomis/scratch60/zhao/zy92/GTEX/adjusted_expr1/chr7/ENSG00000236609"
[1] "INFO: gene ENSG00000237921"
[1] "/gpfs/loomis/scratch60/zhao/zy92/GTEX/adjusted_expr1/chr7/ENSG00000237921"
[1] "INFO: gene ENSG00000238033"
[1] "/gpfs/loomis/scratch60/zhao/zy92/GTEX/adjusted_expr1/chr7/ENSG00000238033"
[1] "INFO: gene ENSG00000239715"
[1] "/gpfs/loomis/scratch60/zhao/zy92/GTEX/adjusted_expr1/chr7/ENSG00000239715"
[1] "INFO: gene ENSG00000239857"
[1] "/gpfs/loomis/scratch60/zhao/zy92/GTEX/adjusted_expr1/chr7/ENSG00000239857"
[1] "INFO: gene ENSG00000240230"
[1] "/gpfs/loomis/scratch60/zhao/zy92/GTEX/adjusted_expr1/chr7/ENSG00000240230"
[1] "INFO: gene ENSG00000240859"
[1] "/gpfs/loomis/scratch60/zhao/zy92/GTEX/adjusted_expr1/chr7/ENSG00000240859"
[1] "INFO: gene ENSG00000242474"
[1] "/gpfs/loomis/scratch60/zhao/zy92/GTEX/adjusted_expr1/chr7/ENSG00000242474"
[1] "INFO: gene ENSG00000242611"
[1] "/gpfs/loomis/scratch60/zhao/zy92/GTEX/adjusted_expr1/chr7/ENSG00000242611"
[1] "INFO: gene ENSG00000242802"
[1] "/gpfs/loomis/scratch60/zhao/zy92/GTEX/adjusted_expr1/chr7/ENSG00000242802"
[1] "INFO: gene ENSG00000248767"
[1] "/gpfs/loomis/scratch60/zhao/zy92/GTEX/adjusted_expr1/chr7/ENSG00000248767"
[1] "INFO: 94.34% processed"
[1] "INFO: gene ENSG00000249574"
[1] "/gpfs/loomis/scratch60/zhao/zy92/GTEX/adjusted_expr1/chr7/ENSG00000249574"
[1] "INFO: gene ENSG00000249852"
[1] "/gpfs/loomis/scratch60/zhao/zy92/GTEX/adjusted_expr1/chr7/ENSG00000249852"
[1] "INFO: gene ENSG00000253308"
[1] "/gpfs/loomis/scratch60/zhao/zy92/GTEX/adjusted_expr1/chr7/ENSG00000253308"
[1] "INFO: gene ENSG00000253508"
[1] "/gpfs/loomis/scratch60/zhao/zy92/GTEX/adjusted_expr1/chr7/ENSG00000253508"
[1] "INFO: gene ENSG00000260951"
[1] "/gpfs/loomis/scratch60/zhao/zy92/GTEX/adjusted_expr1/chr7/ENSG00000260951"
[1] "INFO: gene ENSG00000261795"
[1] "/gpfs/loomis/scratch60/zhao/zy92/GTEX/adjusted_expr1/chr7/ENSG00000261795"
[1] "INFO: gene ENSG00000265932"
[1] "/gpfs/loomis/scratch60/zhao/zy92/GTEX/adjusted_expr1/chr7/ENSG00000265932"
[1] "INFO: gene ENSG00000267055"
[1] "/gpfs/loomis/scratch60/zhao/zy92/GTEX/adjusted_expr1/chr7/ENSG00000267055"
[1] "INFO: gene ENSG00000270182"
[1] "/gpfs/loomis/scratch60/zhao/zy92/GTEX/adjusted_expr1/chr7/ENSG00000270182"
[1] "INFO: gene ENSG00000270933"
[1] "/gpfs/loomis/scratch60/zhao/zy92/GTEX/adjusted_expr1/chr7/ENSG00000270933"
Time difference of 7.578574 mins
