
The following have been reloaded with a version change:
  1) GDAL/2.2.3-foss-2016b => GDAL/2.1.1-foss-2016b
  2) HDF5/1.10.1-foss-2016b-serial => HDF5/1.8.18-foss-2016b
  3) HarfBuzz/1.4.3-foss-2016b => HarfBuzz/1.3.1-foss-2016b
  4) R/3.5.0-foss-2016b-avx2 => R/3.4.1-foss-2016b
  5) Szip/2.1.1-foss-2016b => Szip/2.1-foss-2016b
  6) Tcl/8.6.7-foss-2016b => Tcl/8.6.5-foss-2016b
  7) Tk/8.6.7-foss-2016b => Tk/8.6.5-foss-2016b
  8) bzip2/1.0.6-GCCcore-5.4.0 => bzip2/1.0.6-foss-2016b
  9) freetype/2.7.1-GCCcore-5.4.0 => freetype/2.6.5-foss-2016b
 10) libpng/1.6.28-GCCcore-5.4.0 => libpng/1.6.24-foss-2016b
 11) netCDF/4.5.0-foss-2016b => netCDF/4.4.1-foss-2016b

[1] "INFO: gene NA"
[1] "/gpfs/loomis/scratch60/zhao/zy92/GTEX/adjusted_expr/chr10/NA"
ERROR from TryCatch Block: File '/gpfs/loomis/pi/zhao/zy92/utmost_update/GTEX/expr_gtex1/chr10/NA/NA' does not exist or is non-readable. getwd()=='/gpfs/loomis/scratch60/zhao/zy92/GTEX/adjusted_expr/chr10/NA' 
[1] "INFO: NaN% processed"
[1] "INFO: gene "
[1] "/gpfs/loomis/scratch60/zhao/zy92/GTEX/adjusted_expr/chr10/"
ERROR from TryCatch Block: File '/gpfs/loomis/pi/zhao/zy92/utmost_update/GTEX/expr_gtex1/chr10//NA' does not exist or is non-readable. getwd()=='/gpfs/loomis/scratch60/zhao/zy92/GTEX/adjusted_expr/chr10' 
Time difference of 0.004087925 secs
