
The following have been reloaded with a version change:
  1) GDAL/2.2.3-foss-2016b => GDAL/2.1.1-foss-2016b
  2) HDF5/1.10.1-foss-2016b-serial => HDF5/1.8.18-foss-2016b
  3) HarfBuzz/1.4.3-foss-2016b => HarfBuzz/1.3.1-foss-2016b
  4) R/3.5.0-foss-2016b-avx2 => R/3.4.1-foss-2016b
  5) Szip/2.1.1-foss-2016b => Szip/2.1-foss-2016b
  6) Tcl/8.6.7-foss-2016b => Tcl/8.6.5-foss-2016b
  7) Tk/8.6.7-foss-2016b => Tk/8.6.5-foss-2016b
  8) bzip2/1.0.6-GCCcore-5.4.0 => bzip2/1.0.6-foss-2016b
  9) freetype/2.7.1-GCCcore-5.4.0 => freetype/2.6.5-foss-2016b
 10) libpng/1.6.28-GCCcore-5.4.0 => libpng/1.6.24-foss-2016b
 11) netCDF/4.5.0-foss-2016b => netCDF/4.4.1-foss-2016b

[1] "INFO: gene ENSG00000142149"
[1] "/gpfs/loomis/scratch60/zhao/zy92/GTEX/adjusted_expr1/chr21/ENSG00000142149"
ERROR from TryCatch Block: cannot open the connection 
[1] "INFO: gene ENSG00000142168"
[1] "/gpfs/loomis/scratch60/zhao/zy92/GTEX/adjusted_expr1/chr21/ENSG00000142168"
ERROR from TryCatch Block: cannot open the connection 
[1] "INFO: gene ENSG00000142192"
[1] "/gpfs/loomis/scratch60/zhao/zy92/GTEX/adjusted_expr1/chr21/ENSG00000142192"
ERROR from TryCatch Block: cannot open the connection 
[1] "INFO: gene ENSG00000142207"
[1] "/gpfs/loomis/scratch60/zhao/zy92/GTEX/adjusted_expr1/chr21/ENSG00000142207"
ERROR from TryCatch Block: cannot open the connection 
[1] "INFO: gene ENSG00000154639"
[1] "/gpfs/loomis/scratch60/zhao/zy92/GTEX/adjusted_expr1/chr21/ENSG00000154639"
ERROR from TryCatch Block: cannot open the connection 
[1] "INFO: gene ENSG00000154640"
[1] "/gpfs/loomis/scratch60/zhao/zy92/GTEX/adjusted_expr1/chr21/ENSG00000154640"
ERROR from TryCatch Block: cannot open the connection 
[1] "INFO: gene ENSG00000154642"
[1] "/gpfs/loomis/scratch60/zhao/zy92/GTEX/adjusted_expr1/chr21/ENSG00000154642"
ERROR from TryCatch Block: cannot open the connection 
[1] "INFO: gene ENSG00000154645"
[1] "/gpfs/loomis/scratch60/zhao/zy92/GTEX/adjusted_expr1/chr21/ENSG00000154645"
ERROR from TryCatch Block: cannot open the connection 
[1] "INFO: gene ENSG00000154646"
[1] "/gpfs/loomis/scratch60/zhao/zy92/GTEX/adjusted_expr1/chr21/ENSG00000154646"
ERROR from TryCatch Block: cannot open the connection 
[1] "INFO: gene ENSG00000154654"
[1] "/gpfs/loomis/scratch60/zhao/zy92/GTEX/adjusted_expr1/chr21/ENSG00000154654"
ERROR from TryCatch Block: cannot open the connection 
[1] "INFO: gene ENSG00000154719"
[1] "/gpfs/loomis/scratch60/zhao/zy92/GTEX/adjusted_expr1/chr21/ENSG00000154719"
ERROR from TryCatch Block: cannot open the connection 
[1] "INFO: gene ENSG00000154721"
[1] "/gpfs/loomis/scratch60/zhao/zy92/GTEX/adjusted_expr1/chr21/ENSG00000154721"
ERROR from TryCatch Block: cannot open the connection 
[1] "INFO: gene ENSG00000154723"
[1] "/gpfs/loomis/scratch60/zhao/zy92/GTEX/adjusted_expr1/chr21/ENSG00000154723"
ERROR from TryCatch Block: cannot open the connection 
[1] "INFO: gene ENSG00000154727"
[1] "/gpfs/loomis/scratch60/zhao/zy92/GTEX/adjusted_expr1/chr21/ENSG00000154727"
ERROR from TryCatch Block: cannot open the connection 
[1] "INFO: gene ENSG00000154734"
[1] "/gpfs/loomis/scratch60/zhao/zy92/GTEX/adjusted_expr1/chr21/ENSG00000154734"
ERROR from TryCatch Block: cannot open the connection 
[1] "INFO: gene ENSG00000154736"
[1] "/gpfs/loomis/scratch60/zhao/zy92/GTEX/adjusted_expr1/chr21/ENSG00000154736"
ERROR from TryCatch Block: cannot open the connection 
[1] "INFO: gene ENSG00000155304"
[1] "/gpfs/loomis/scratch60/zhao/zy92/GTEX/adjusted_expr1/chr21/ENSG00000155304"
ERROR from TryCatch Block: cannot open the connection 
[1] "INFO: gene ENSG00000155307"
[1] "/gpfs/loomis/scratch60/zhao/zy92/GTEX/adjusted_expr1/chr21/ENSG00000155307"
ERROR from TryCatch Block: cannot open the connection 
[1] "INFO: gene ENSG00000155313"
[1] "/gpfs/loomis/scratch60/zhao/zy92/GTEX/adjusted_expr1/chr21/ENSG00000155313"
ERROR from TryCatch Block: cannot open the connection 
[1] "INFO: gene ENSG00000156239"
[1] "/gpfs/loomis/scratch60/zhao/zy92/GTEX/adjusted_expr1/chr21/ENSG00000156239"
ERROR from TryCatch Block: cannot open the connection 
[1] "INFO: gene ENSG00000156253"
[1] "/gpfs/loomis/scratch60/zhao/zy92/GTEX/adjusted_expr1/chr21/ENSG00000156253"
ERROR from TryCatch Block: cannot open the connection 
[1] "INFO: gene ENSG00000156256"
[1] "/gpfs/loomis/scratch60/zhao/zy92/GTEX/adjusted_expr1/chr21/ENSG00000156256"
ERROR from TryCatch Block: cannot open the connection 
[1] "INFO: gene ENSG00000156261"
[1] "/gpfs/loomis/scratch60/zhao/zy92/GTEX/adjusted_expr1/chr21/ENSG00000156261"
ERROR from TryCatch Block: cannot open the connection 
[1] "INFO: gene ENSG00000156265"
[1] "/gpfs/loomis/scratch60/zhao/zy92/GTEX/adjusted_expr1/chr21/ENSG00000156265"
ERROR from TryCatch Block: cannot open the connection 
[1] "INFO: gene ENSG00000156273"
[1] "/gpfs/loomis/scratch60/zhao/zy92/GTEX/adjusted_expr1/chr21/ENSG00000156273"
ERROR from TryCatch Block: cannot open the connection 
[1] "INFO: gene ENSG00000156282"
[1] "/gpfs/loomis/scratch60/zhao/zy92/GTEX/adjusted_expr1/chr21/ENSG00000156282"
ERROR from TryCatch Block: cannot open the connection 
[1] "INFO: gene ENSG00000156284"
[1] "/gpfs/loomis/scratch60/zhao/zy92/GTEX/adjusted_expr1/chr21/ENSG00000156284"
ERROR from TryCatch Block: cannot open the connection 
[1] "INFO: gene ENSG00000156299"
[1] "/gpfs/loomis/scratch60/zhao/zy92/GTEX/adjusted_expr1/chr21/ENSG00000156299"
ERROR from TryCatch Block: cannot open the connection 
[1] "INFO: gene ENSG00000156304"
[1] "/gpfs/loomis/scratch60/zhao/zy92/GTEX/adjusted_expr1/chr21/ENSG00000156304"
ERROR from TryCatch Block: cannot open the connection 
[1] "INFO: gene ENSG00000159055"
[1] "/gpfs/loomis/scratch60/zhao/zy92/GTEX/adjusted_expr1/chr21/ENSG00000159055"
ERROR from TryCatch Block: cannot open the connection 
[1] "INFO: gene ENSG00000166265"
[1] "/gpfs/loomis/scratch60/zhao/zy92/GTEX/adjusted_expr1/chr21/ENSG00000166265"
ERROR from TryCatch Block: cannot open the connection 
[1] "INFO: gene ENSG00000166351"
[1] "/gpfs/loomis/scratch60/zhao/zy92/GTEX/adjusted_expr1/chr21/ENSG00000166351"
ERROR from TryCatch Block: cannot open the connection 
[1] "INFO: gene ENSG00000166979"
[1] "/gpfs/loomis/scratch60/zhao/zy92/GTEX/adjusted_expr1/chr21/ENSG00000166979"
ERROR from TryCatch Block: cannot open the connection 
[1] "INFO: gene ENSG00000170262"
[1] "/gpfs/loomis/scratch60/zhao/zy92/GTEX/adjusted_expr1/chr21/ENSG00000170262"
ERROR from TryCatch Block: cannot open the connection 
[1] "INFO: gene ENSG00000171189"
[1] "/gpfs/loomis/scratch60/zhao/zy92/GTEX/adjusted_expr1/chr21/ENSG00000171189"
ERROR from TryCatch Block: cannot open the connection 
[1] "INFO: gene ENSG00000178457"
[1] "/gpfs/loomis/scratch60/zhao/zy92/GTEX/adjusted_expr1/chr21/ENSG00000178457"
ERROR from TryCatch Block: cannot open the connection 
[1] "INFO: gene ENSG00000180530"
[1] "/gpfs/loomis/scratch60/zhao/zy92/GTEX/adjusted_expr1/chr21/ENSG00000180530"
ERROR from TryCatch Block: cannot open the connection 
[1] "INFO: gene ENSG00000182591"
[1] "/gpfs/loomis/scratch60/zhao/zy92/GTEX/adjusted_expr1/chr21/ENSG00000182591"
ERROR from TryCatch Block: cannot open the connection 
[1] "INFO: gene ENSG00000182816"
[1] "/gpfs/loomis/scratch60/zhao/zy92/GTEX/adjusted_expr1/chr21/ENSG00000182816"
ERROR from TryCatch Block: cannot open the connection 
[1] "INFO: gene ENSG00000183640"
[1] "/gpfs/loomis/scratch60/zhao/zy92/GTEX/adjusted_expr1/chr21/ENSG00000183640"
ERROR from TryCatch Block: cannot open the connection 
[1] "INFO: gene ENSG00000184032"
[1] "/gpfs/loomis/scratch60/zhao/zy92/GTEX/adjusted_expr1/chr21/ENSG00000184032"
ERROR from TryCatch Block: cannot open the connection 
[1] "INFO: gene ENSG00000184351"
[1] "/gpfs/loomis/scratch60/zhao/zy92/GTEX/adjusted_expr1/chr21/ENSG00000184351"
ERROR from TryCatch Block: cannot open the connection 
[1] "INFO: gene ENSG00000184724"
[1] "/gpfs/loomis/scratch60/zhao/zy92/GTEX/adjusted_expr1/chr21/ENSG00000184724"
ERROR from TryCatch Block: cannot open the connection 
[1] "INFO: gene ENSG00000184856"
[1] "/gpfs/loomis/scratch60/zhao/zy92/GTEX/adjusted_expr1/chr21/ENSG00000184856"
ERROR from TryCatch Block: cannot open the connection 
[1] "INFO: gene ENSG00000185272"
[1] "/gpfs/loomis/scratch60/zhao/zy92/GTEX/adjusted_expr1/chr21/ENSG00000185272"
ERROR from TryCatch Block: cannot open the connection 
[1] "INFO: gene ENSG00000185433"
[1] "/gpfs/loomis/scratch60/zhao/zy92/GTEX/adjusted_expr1/chr21/ENSG00000185433"
ERROR from TryCatch Block: cannot open the connection 
[1] "INFO: gene ENSG00000186842"
[1] "/gpfs/loomis/scratch60/zhao/zy92/GTEX/adjusted_expr1/chr21/ENSG00000186842"
ERROR from TryCatch Block: cannot open the connection 
[1] "INFO: gene ENSG00000186924"
[1] "/gpfs/loomis/scratch60/zhao/zy92/GTEX/adjusted_expr1/chr21/ENSG00000186924"
ERROR from TryCatch Block: cannot open the connection 
[1] "INFO: gene ENSG00000186925"
[1] "/gpfs/loomis/scratch60/zhao/zy92/GTEX/adjusted_expr1/chr21/ENSG00000186925"
ERROR from TryCatch Block: cannot open the connection 
[1] "INFO: 30.86% processed"
[1] "INFO: gene ENSG00000186930"
[1] "/gpfs/loomis/scratch60/zhao/zy92/GTEX/adjusted_expr1/chr21/ENSG00000186930"
ERROR from TryCatch Block: cannot open the connection 
[1] "INFO: gene ENSG00000186965"
[1] "/gpfs/loomis/scratch60/zhao/zy92/GTEX/adjusted_expr1/chr21/ENSG00000186965"
ERROR from TryCatch Block: cannot open the connection 
[1] "INFO: gene ENSG00000186967"
[1] "/gpfs/loomis/scratch60/zhao/zy92/GTEX/adjusted_expr1/chr21/ENSG00000186967"
ERROR from TryCatch Block: cannot open the connection 
[1] "INFO: gene ENSG00000186970"
[1] "/gpfs/loomis/scratch60/zhao/zy92/GTEX/adjusted_expr1/chr21/ENSG00000186970"
ERROR from TryCatch Block: cannot open the connection 
[1] "INFO: gene ENSG00000186971"
[1] "/gpfs/loomis/scratch60/zhao/zy92/GTEX/adjusted_expr1/chr21/ENSG00000186971"
ERROR from TryCatch Block: cannot open the connection 
[1] "INFO: gene ENSG00000186977"
[1] "/gpfs/loomis/scratch60/zhao/zy92/GTEX/adjusted_expr1/chr21/ENSG00000186977"
ERROR from TryCatch Block: cannot open the connection 
[1] "INFO: gene ENSG00000186980"
[1] "/gpfs/loomis/scratch60/zhao/zy92/GTEX/adjusted_expr1/chr21/ENSG00000186980"
ERROR from TryCatch Block: cannot open the connection 
[1] "INFO: gene ENSG00000187005"
[1] "/gpfs/loomis/scratch60/zhao/zy92/GTEX/adjusted_expr1/chr21/ENSG00000187005"
ERROR from TryCatch Block: cannot open the connection 
[1] "INFO: gene ENSG00000187026"
[1] "/gpfs/loomis/scratch60/zhao/zy92/GTEX/adjusted_expr1/chr21/ENSG00000187026"
ERROR from TryCatch Block: cannot open the connection 
[1] "INFO: gene ENSG00000188694"
[1] "/gpfs/loomis/scratch60/zhao/zy92/GTEX/adjusted_expr1/chr21/ENSG00000188694"
ERROR from TryCatch Block: cannot open the connection 
[1] "INFO: gene ENSG00000188992"
[1] "/gpfs/loomis/scratch60/zhao/zy92/GTEX/adjusted_expr1/chr21/ENSG00000188992"
ERROR from TryCatch Block: cannot open the connection 
[1] "INFO: gene ENSG00000197683"
[1] "/gpfs/loomis/scratch60/zhao/zy92/GTEX/adjusted_expr1/chr21/ENSG00000197683"
ERROR from TryCatch Block: cannot open the connection 
[1] "INFO: gene ENSG00000198390"
[1] "/gpfs/loomis/scratch60/zhao/zy92/GTEX/adjusted_expr1/chr21/ENSG00000198390"
ERROR from TryCatch Block: cannot open the connection 
[1] "INFO: gene ENSG00000198862"
[1] "/gpfs/loomis/scratch60/zhao/zy92/GTEX/adjusted_expr1/chr21/ENSG00000198862"
ERROR from TryCatch Block: cannot open the connection 
[1] "INFO: gene ENSG00000205622"
[1] "/gpfs/loomis/scratch60/zhao/zy92/GTEX/adjusted_expr1/chr21/ENSG00000205622"
ERROR from TryCatch Block: cannot open the connection 
[1] "INFO: gene ENSG00000206102"
[1] "/gpfs/loomis/scratch60/zhao/zy92/GTEX/adjusted_expr1/chr21/ENSG00000206102"
ERROR from TryCatch Block: cannot open the connection 
[1] "INFO: gene ENSG00000206104"
[1] "/gpfs/loomis/scratch60/zhao/zy92/GTEX/adjusted_expr1/chr21/ENSG00000206104"
ERROR from TryCatch Block: cannot open the connection 
[1] "INFO: gene ENSG00000206105"
[1] "/gpfs/loomis/scratch60/zhao/zy92/GTEX/adjusted_expr1/chr21/ENSG00000206105"
ERROR from TryCatch Block: cannot open the connection 
[1] "INFO: gene ENSG00000206106"
[1] "/gpfs/loomis/scratch60/zhao/zy92/GTEX/adjusted_expr1/chr21/ENSG00000206106"
ERROR from TryCatch Block: cannot open the connection 
[1] "INFO: gene ENSG00000206107"
[1] "/gpfs/loomis/scratch60/zhao/zy92/GTEX/adjusted_expr1/chr21/ENSG00000206107"
ERROR from TryCatch Block: cannot open the connection 
[1] "INFO: gene ENSG00000211590"
[1] "/gpfs/loomis/scratch60/zhao/zy92/GTEX/adjusted_expr1/chr21/ENSG00000211590"
ERROR from TryCatch Block: cannot open the connection 
[1] "INFO: gene ENSG00000212938"
[1] "/gpfs/loomis/scratch60/zhao/zy92/GTEX/adjusted_expr1/chr21/ENSG00000212938"
ERROR from TryCatch Block: cannot open the connection 
[1] "INFO: gene ENSG00000214955"
[1] "/gpfs/loomis/scratch60/zhao/zy92/GTEX/adjusted_expr1/chr21/ENSG00000214955"
ERROR from TryCatch Block: cannot open the connection 
[1] "INFO: gene ENSG00000222042"
[1] "/gpfs/loomis/scratch60/zhao/zy92/GTEX/adjusted_expr1/chr21/ENSG00000222042"
ERROR from TryCatch Block: cannot open the connection 
[1] "INFO: gene ENSG00000223806"
[1] "/gpfs/loomis/scratch60/zhao/zy92/GTEX/adjusted_expr1/chr21/ENSG00000223806"
ERROR from TryCatch Block: cannot open the connection 
[1] "INFO: gene ENSG00000223870"
[1] "/gpfs/loomis/scratch60/zhao/zy92/GTEX/adjusted_expr1/chr21/ENSG00000223870"
ERROR from TryCatch Block: cannot open the connection 
[1] "INFO: gene ENSG00000224018"
[1] "/gpfs/loomis/scratch60/zhao/zy92/GTEX/adjusted_expr1/chr21/ENSG00000224018"
ERROR from TryCatch Block: cannot open the connection 
[1] "INFO: gene ENSG00000224790"
[1] "/gpfs/loomis/scratch60/zhao/zy92/GTEX/adjusted_expr1/chr21/ENSG00000224790"
ERROR from TryCatch Block: cannot open the connection 
[1] "INFO: gene ENSG00000224832"
[1] "/gpfs/loomis/scratch60/zhao/zy92/GTEX/adjusted_expr1/chr21/ENSG00000224832"
ERROR from TryCatch Block: cannot open the connection 
[1] "INFO: gene ENSG00000224924"
[1] "/gpfs/loomis/scratch60/zhao/zy92/GTEX/adjusted_expr1/chr21/ENSG00000224924"
ERROR from TryCatch Block: cannot open the connection 
[1] "INFO: gene ENSG00000225298"
[1] "/gpfs/loomis/scratch60/zhao/zy92/GTEX/adjusted_expr1/chr21/ENSG00000225298"
ERROR from TryCatch Block: cannot open the connection 
[1] "INFO: gene ENSG00000226012"
[1] "/gpfs/loomis/scratch60/zhao/zy92/GTEX/adjusted_expr1/chr21/ENSG00000226012"
ERROR from TryCatch Block: cannot open the connection 
[1] "INFO: gene ENSG00000226043"
[1] "/gpfs/loomis/scratch60/zhao/zy92/GTEX/adjusted_expr1/chr21/ENSG00000226043"
ERROR from TryCatch Block: cannot open the connection 
[1] "INFO: gene ENSG00000226204"
[1] "/gpfs/loomis/scratch60/zhao/zy92/GTEX/adjusted_expr1/chr21/ENSG00000226204"
ERROR from TryCatch Block: cannot open the connection 
[1] "INFO: gene ENSG00000226527"
[1] "/gpfs/loomis/scratch60/zhao/zy92/GTEX/adjusted_expr1/chr21/ENSG00000226527"
ERROR from TryCatch Block: cannot open the connection 
[1] "INFO: gene ENSG00000226935"
[1] "/gpfs/loomis/scratch60/zhao/zy92/GTEX/adjusted_expr1/chr21/ENSG00000226935"
ERROR from TryCatch Block: cannot open the connection 
[1] "INFO: gene ENSG00000226983"
[1] "/gpfs/loomis/scratch60/zhao/zy92/GTEX/adjusted_expr1/chr21/ENSG00000226983"
ERROR from TryCatch Block: cannot open the connection 
[1] "INFO: gene ENSG00000226996"
[1] "/gpfs/loomis/scratch60/zhao/zy92/GTEX/adjusted_expr1/chr21/ENSG00000226996"
ERROR from TryCatch Block: cannot open the connection 
[1] "INFO: gene ENSG00000227075"
[1] "/gpfs/loomis/scratch60/zhao/zy92/GTEX/adjusted_expr1/chr21/ENSG00000227075"
ERROR from TryCatch Block: cannot open the connection 
[1] "INFO: gene ENSG00000227090"
[1] "/gpfs/loomis/scratch60/zhao/zy92/GTEX/adjusted_expr1/chr21/ENSG00000227090"
ERROR from TryCatch Block: cannot open the connection 
[1] "INFO: gene ENSG00000227342"
[1] "/gpfs/loomis/scratch60/zhao/zy92/GTEX/adjusted_expr1/chr21/ENSG00000227342"
ERROR from TryCatch Block: cannot open the connection 
[1] "INFO: gene ENSG00000227456"
[1] "/gpfs/loomis/scratch60/zhao/zy92/GTEX/adjusted_expr1/chr21/ENSG00000227456"
ERROR from TryCatch Block: cannot open the connection 
[1] "INFO: gene ENSG00000227716"
[1] "/gpfs/loomis/scratch60/zhao/zy92/GTEX/adjusted_expr1/chr21/ENSG00000227716"
ERROR from TryCatch Block: cannot open the connection 
[1] "INFO: gene ENSG00000228592"
[1] "/gpfs/loomis/scratch60/zhao/zy92/GTEX/adjusted_expr1/chr21/ENSG00000228592"
ERROR from TryCatch Block: cannot open the connection 
[1] "INFO: gene ENSG00000228817"
[1] "/gpfs/loomis/scratch60/zhao/zy92/GTEX/adjusted_expr1/chr21/ENSG00000228817"
ERROR from TryCatch Block: cannot open the connection 
[1] "INFO: gene ENSG00000228961"
[1] "/gpfs/loomis/scratch60/zhao/zy92/GTEX/adjusted_expr1/chr21/ENSG00000228961"
ERROR from TryCatch Block: cannot open the connection 
[1] "INFO: gene ENSG00000229025"
[1] "/gpfs/loomis/scratch60/zhao/zy92/GTEX/adjusted_expr1/chr21/ENSG00000229025"
ERROR from TryCatch Block: cannot open the connection 
[1] "INFO: gene ENSG00000229289"
[1] "/gpfs/loomis/scratch60/zhao/zy92/GTEX/adjusted_expr1/chr21/ENSG00000229289"
ERROR from TryCatch Block: cannot open the connection 
[1] "INFO: gene ENSG00000229962"
[1] "/gpfs/loomis/scratch60/zhao/zy92/GTEX/adjusted_expr1/chr21/ENSG00000229962"
ERROR from TryCatch Block: cannot open the connection 
[1] "INFO: gene ENSG00000229986"
[1] "/gpfs/loomis/scratch60/zhao/zy92/GTEX/adjusted_expr1/chr21/ENSG00000229986"
ERROR from TryCatch Block: cannot open the connection 
[1] "INFO: 61.73% processed"
[1] "INFO: gene ENSG00000230233"
[1] "/gpfs/loomis/scratch60/zhao/zy92/GTEX/adjusted_expr1/chr21/ENSG00000230233"
ERROR from TryCatch Block: cannot open the connection 
[1] "INFO: gene ENSG00000230323"
[1] "/gpfs/loomis/scratch60/zhao/zy92/GTEX/adjusted_expr1/chr21/ENSG00000230323"
ERROR from TryCatch Block: cannot open the connection 
[1] "INFO: gene ENSG00000230366"
[1] "/gpfs/loomis/scratch60/zhao/zy92/GTEX/adjusted_expr1/chr21/ENSG00000230366"
ERROR from TryCatch Block: cannot open the connection 
[1] "INFO: gene ENSG00000230379"
[1] "/gpfs/loomis/scratch60/zhao/zy92/GTEX/adjusted_expr1/chr21/ENSG00000230379"
ERROR from TryCatch Block: cannot open the connection 
[1] "INFO: gene ENSG00000230794"
[1] "/gpfs/loomis/scratch60/zhao/zy92/GTEX/adjusted_expr1/chr21/ENSG00000230794"
ERROR from TryCatch Block: cannot open the connection 
[1] "INFO: gene ENSG00000230972"
[1] "/gpfs/loomis/scratch60/zhao/zy92/GTEX/adjusted_expr1/chr21/ENSG00000230972"
ERROR from TryCatch Block: cannot open the connection 
[1] "INFO: gene ENSG00000230978"
[1] "/gpfs/loomis/scratch60/zhao/zy92/GTEX/adjusted_expr1/chr21/ENSG00000230978"
ERROR from TryCatch Block: cannot open the connection 
[1] "INFO: gene ENSG00000231068"
[1] "/gpfs/loomis/scratch60/zhao/zy92/GTEX/adjusted_expr1/chr21/ENSG00000231068"
ERROR from TryCatch Block: cannot open the connection 
[1] "INFO: gene ENSG00000231106"
[1] "/gpfs/loomis/scratch60/zhao/zy92/GTEX/adjusted_expr1/chr21/ENSG00000231106"
ERROR from TryCatch Block: cannot open the connection 
[1] "INFO: gene ENSG00000231231"
[1] "/gpfs/loomis/scratch60/zhao/zy92/GTEX/adjusted_expr1/chr21/ENSG00000231231"
ERROR from TryCatch Block: cannot open the connection 
[1] "INFO: gene ENSG00000231236"
[1] "/gpfs/loomis/scratch60/zhao/zy92/GTEX/adjusted_expr1/chr21/ENSG00000231236"
ERROR from TryCatch Block: cannot open the connection 
[1] "INFO: gene ENSG00000231324"
[1] "/gpfs/loomis/scratch60/zhao/zy92/GTEX/adjusted_expr1/chr21/ENSG00000231324"
ERROR from TryCatch Block: cannot open the connection 
[1] "INFO: gene ENSG00000231620"
[1] "/gpfs/loomis/scratch60/zhao/zy92/GTEX/adjusted_expr1/chr21/ENSG00000231620"
ERROR from TryCatch Block: cannot open the connection 
[1] "INFO: gene ENSG00000231986"
[1] "/gpfs/loomis/scratch60/zhao/zy92/GTEX/adjusted_expr1/chr21/ENSG00000231986"
ERROR from TryCatch Block: cannot open the connection 
[1] "INFO: gene ENSG00000232079"
[1] "/gpfs/loomis/scratch60/zhao/zy92/GTEX/adjusted_expr1/chr21/ENSG00000232079"
ERROR from TryCatch Block: cannot open the connection 
[1] "INFO: gene ENSG00000232118"
[1] "/gpfs/loomis/scratch60/zhao/zy92/GTEX/adjusted_expr1/chr21/ENSG00000232118"
ERROR from TryCatch Block: cannot open the connection 
[1] "INFO: gene ENSG00000232193"
[1] "/gpfs/loomis/scratch60/zhao/zy92/GTEX/adjusted_expr1/chr21/ENSG00000232193"
ERROR from TryCatch Block: cannot open the connection 
[1] "INFO: gene ENSG00000232263"
[1] "/gpfs/loomis/scratch60/zhao/zy92/GTEX/adjusted_expr1/chr21/ENSG00000232263"
ERROR from TryCatch Block: cannot open the connection 
[1] "INFO: gene ENSG00000232512"
[1] "/gpfs/loomis/scratch60/zhao/zy92/GTEX/adjusted_expr1/chr21/ENSG00000232512"
ERROR from TryCatch Block: cannot open the connection 
[1] "INFO: gene ENSG00000232539"
[1] "/gpfs/loomis/scratch60/zhao/zy92/GTEX/adjusted_expr1/chr21/ENSG00000232539"
ERROR from TryCatch Block: cannot open the connection 
[1] "INFO: gene ENSG00000232560"
[1] "/gpfs/loomis/scratch60/zhao/zy92/GTEX/adjusted_expr1/chr21/ENSG00000232560"
ERROR from TryCatch Block: cannot open the connection 
[1] "INFO: gene ENSG00000232855"
[1] "/gpfs/loomis/scratch60/zhao/zy92/GTEX/adjusted_expr1/chr21/ENSG00000232855"
ERROR from TryCatch Block: cannot open the connection 
[1] "INFO: gene ENSG00000233215"
[1] "/gpfs/loomis/scratch60/zhao/zy92/GTEX/adjusted_expr1/chr21/ENSG00000233215"
ERROR from TryCatch Block: cannot open the connection 
[1] "INFO: gene ENSG00000233236"
[1] "/gpfs/loomis/scratch60/zhao/zy92/GTEX/adjusted_expr1/chr21/ENSG00000233236"
ERROR from TryCatch Block: cannot open the connection 
[1] "INFO: gene ENSG00000233316"
[1] "/gpfs/loomis/scratch60/zhao/zy92/GTEX/adjusted_expr1/chr21/ENSG00000233316"
ERROR from TryCatch Block: cannot open the connection 
[1] "INFO: gene ENSG00000233393"
[1] "/gpfs/loomis/scratch60/zhao/zy92/GTEX/adjusted_expr1/chr21/ENSG00000233393"
ERROR from TryCatch Block: cannot open the connection 
[1] "INFO: gene ENSG00000233480"
[1] "/gpfs/loomis/scratch60/zhao/zy92/GTEX/adjusted_expr1/chr21/ENSG00000233480"
ERROR from TryCatch Block: cannot open the connection 
[1] "INFO: gene ENSG00000233997"
[1] "/gpfs/loomis/scratch60/zhao/zy92/GTEX/adjusted_expr1/chr21/ENSG00000233997"
ERROR from TryCatch Block: cannot open the connection 
[1] "INFO: gene ENSG00000234034"
[1] "/gpfs/loomis/scratch60/zhao/zy92/GTEX/adjusted_expr1/chr21/ENSG00000234034"
ERROR from TryCatch Block: cannot open the connection 
[1] "INFO: gene ENSG00000234052"
[1] "/gpfs/loomis/scratch60/zhao/zy92/GTEX/adjusted_expr1/chr21/ENSG00000234052"
ERROR from TryCatch Block: cannot open the connection 
[1] "INFO: gene ENSG00000234083"
[1] "/gpfs/loomis/scratch60/zhao/zy92/GTEX/adjusted_expr1/chr21/ENSG00000234083"
ERROR from TryCatch Block: cannot open the connection 
[1] "INFO: gene ENSG00000234509"
[1] "/gpfs/loomis/scratch60/zhao/zy92/GTEX/adjusted_expr1/chr21/ENSG00000234509"
ERROR from TryCatch Block: cannot open the connection 
[1] "INFO: gene ENSG00000234703"
[1] "/gpfs/loomis/scratch60/zhao/zy92/GTEX/adjusted_expr1/chr21/ENSG00000234703"
ERROR from TryCatch Block: cannot open the connection 
[1] "INFO: gene ENSG00000234730"
[1] "/gpfs/loomis/scratch60/zhao/zy92/GTEX/adjusted_expr1/chr21/ENSG00000234730"
ERROR from TryCatch Block: cannot open the connection 
[1] "INFO: gene ENSG00000234883"
[1] "/gpfs/loomis/scratch60/zhao/zy92/GTEX/adjusted_expr1/chr21/ENSG00000234883"
ERROR from TryCatch Block: cannot open the connection 
[1] "INFO: gene ENSG00000235564"
[1] "/gpfs/loomis/scratch60/zhao/zy92/GTEX/adjusted_expr1/chr21/ENSG00000235564"
ERROR from TryCatch Block: cannot open the connection 
[1] "INFO: gene ENSG00000235965"
[1] "/gpfs/loomis/scratch60/zhao/zy92/GTEX/adjusted_expr1/chr21/ENSG00000235965"
ERROR from TryCatch Block: cannot open the connection 
[1] "INFO: gene ENSG00000236119"
[1] "/gpfs/loomis/scratch60/zhao/zy92/GTEX/adjusted_expr1/chr21/ENSG00000236119"
ERROR from TryCatch Block: cannot open the connection 
[1] "INFO: gene ENSG00000236332"
[1] "/gpfs/loomis/scratch60/zhao/zy92/GTEX/adjusted_expr1/chr21/ENSG00000236332"
ERROR from TryCatch Block: cannot open the connection 
[1] "INFO: gene ENSG00000236532"
[1] "/gpfs/loomis/scratch60/zhao/zy92/GTEX/adjusted_expr1/chr21/ENSG00000236532"
ERROR from TryCatch Block: cannot open the connection 
[1] "INFO: gene ENSG00000237484"
[1] "/gpfs/loomis/scratch60/zhao/zy92/GTEX/adjusted_expr1/chr21/ENSG00000237484"
ERROR from TryCatch Block: cannot open the connection 
[1] "INFO: gene ENSG00000237527"
[1] "/gpfs/loomis/scratch60/zhao/zy92/GTEX/adjusted_expr1/chr21/ENSG00000237527"
ERROR from TryCatch Block: cannot open the connection 
[1] "INFO: gene ENSG00000238265"
[1] "/gpfs/loomis/scratch60/zhao/zy92/GTEX/adjusted_expr1/chr21/ENSG00000238265"
ERROR from TryCatch Block: cannot open the connection 
[1] "INFO: gene ENSG00000240432"
[1] "/gpfs/loomis/scratch60/zhao/zy92/GTEX/adjusted_expr1/chr21/ENSG00000240432"
ERROR from TryCatch Block: cannot open the connection 
[1] "INFO: gene ENSG00000242220"
[1] "/gpfs/loomis/scratch60/zhao/zy92/GTEX/adjusted_expr1/chr21/ENSG00000242220"
ERROR from TryCatch Block: cannot open the connection 
[1] "INFO: gene ENSG00000242553"
[1] "/gpfs/loomis/scratch60/zhao/zy92/GTEX/adjusted_expr1/chr21/ENSG00000242553"
ERROR from TryCatch Block: cannot open the connection 
[1] "INFO: gene ENSG00000243440"
[1] "/gpfs/loomis/scratch60/zhao/zy92/GTEX/adjusted_expr1/chr21/ENSG00000243440"
ERROR from TryCatch Block: cannot open the connection 
[1] "INFO: gene ENSG00000244025"
[1] "/gpfs/loomis/scratch60/zhao/zy92/GTEX/adjusted_expr1/chr21/ENSG00000244025"
ERROR from TryCatch Block: cannot open the connection 
[1] "INFO: gene ENSG00000244278"
[1] "/gpfs/loomis/scratch60/zhao/zy92/GTEX/adjusted_expr1/chr21/ENSG00000244278"
ERROR from TryCatch Block: cannot open the connection 
[1] "INFO: gene ENSG00000244362"
[1] "/gpfs/loomis/scratch60/zhao/zy92/GTEX/adjusted_expr1/chr21/ENSG00000244362"
ERROR from TryCatch Block: cannot open the connection 
[1] "INFO: 92.59% processed"
[1] "INFO: gene ENSG00000244624"
[1] "/gpfs/loomis/scratch60/zhao/zy92/GTEX/adjusted_expr1/chr21/ENSG00000244624"
ERROR from TryCatch Block: cannot open the connection 
[1] "INFO: gene ENSG00000256073"
[1] "/gpfs/loomis/scratch60/zhao/zy92/GTEX/adjusted_expr1/chr21/ENSG00000256073"
ERROR from TryCatch Block: cannot open the connection 
[1] "INFO: gene ENSG00000259981"
[1] "/gpfs/loomis/scratch60/zhao/zy92/GTEX/adjusted_expr1/chr21/ENSG00000259981"
ERROR from TryCatch Block: cannot open the connection 
[1] "INFO: gene ENSG00000261610"
[1] "/gpfs/loomis/scratch60/zhao/zy92/GTEX/adjusted_expr1/chr21/ENSG00000261610"
ERROR from TryCatch Block: cannot open the connection 
[1] "INFO: gene ENSG00000265007"
[1] "/gpfs/loomis/scratch60/zhao/zy92/GTEX/adjusted_expr1/chr21/ENSG00000265007"
ERROR from TryCatch Block: cannot open the connection 
[1] "INFO: gene ENSG00000265841"
[1] "/gpfs/loomis/scratch60/zhao/zy92/GTEX/adjusted_expr1/chr21/ENSG00000265841"
ERROR from TryCatch Block: cannot open the connection 
[1] "INFO: gene ENSG00000266133"
[1] "/gpfs/loomis/scratch60/zhao/zy92/GTEX/adjusted_expr1/chr21/ENSG00000266133"
ERROR from TryCatch Block: cannot open the connection 
[1] "INFO: gene ENSG00000272958"
[1] "/gpfs/loomis/scratch60/zhao/zy92/GTEX/adjusted_expr1/chr21/ENSG00000272958"
ERROR from TryCatch Block: cannot open the connection 
[1] "INFO: gene ENSG00000273091"
[1] "/gpfs/loomis/scratch60/zhao/zy92/GTEX/adjusted_expr1/chr21/ENSG00000273091"
ERROR from TryCatch Block: cannot open the connection 
[1] "INFO: gene ENSG00000273102"
[1] "/gpfs/loomis/scratch60/zhao/zy92/GTEX/adjusted_expr1/chr21/ENSG00000273102"
ERROR from TryCatch Block: cannot open the connection 
[1] "INFO: gene ENSG00000273104"
[1] "/gpfs/loomis/scratch60/zhao/zy92/GTEX/adjusted_expr1/chr21/ENSG00000273104"
ERROR from TryCatch Block: cannot open the connection 
[1] "INFO: gene ENSG00000273115"
[1] "/gpfs/loomis/scratch60/zhao/zy92/GTEX/adjusted_expr1/chr21/ENSG00000273115"
ERROR from TryCatch Block: cannot open the connection 
[1] "INFO: gene ENSG00000273492"
[1] "/gpfs/loomis/scratch60/zhao/zy92/GTEX/adjusted_expr1/chr21/ENSG00000273492"
ERROR from TryCatch Block: cannot open the connection 
Time difference of 2.589679 mins
There were 50 or more warnings (use warnings() to see the first 50)
