
The following have been reloaded with a version change:
  1) GDAL/2.2.3-foss-2016b => GDAL/2.1.1-foss-2016b
  2) HDF5/1.10.1-foss-2016b-serial => HDF5/1.8.18-foss-2016b
  3) HarfBuzz/1.4.3-foss-2016b => HarfBuzz/1.3.1-foss-2016b
  4) R/3.5.0-foss-2016b-avx2 => R/3.4.1-foss-2016b
  5) Szip/2.1.1-foss-2016b => Szip/2.1-foss-2016b
  6) Tcl/8.6.7-foss-2016b => Tcl/8.6.5-foss-2016b
  7) Tk/8.6.7-foss-2016b => Tk/8.6.5-foss-2016b
  8) bzip2/1.0.6-GCCcore-5.4.0 => bzip2/1.0.6-foss-2016b
  9) freetype/2.7.1-GCCcore-5.4.0 => freetype/2.6.5-foss-2016b
 10) libpng/1.6.28-GCCcore-5.4.0 => libpng/1.6.24-foss-2016b
 11) netCDF/4.5.0-foss-2016b => netCDF/4.4.1-foss-2016b

[1] "INFO: gene ENSG00000015475"
[1] "/gpfs/loomis/scratch60/zhao/zy92/GTEX/adjusted_expr1/chr22/ENSG00000015475"
ERROR from TryCatch Block: cannot open the connection 
[1] "INFO: gene ENSG00000040608"
[1] "/gpfs/loomis/scratch60/zhao/zy92/GTEX/adjusted_expr1/chr22/ENSG00000040608"
ERROR from TryCatch Block: cannot open the connection 
[1] "INFO: gene ENSG00000063515"
[1] "/gpfs/loomis/scratch60/zhao/zy92/GTEX/adjusted_expr1/chr22/ENSG00000063515"
ERROR from TryCatch Block: cannot open the connection 
[1] "INFO: gene ENSG00000069998"
[1] "/gpfs/loomis/scratch60/zhao/zy92/GTEX/adjusted_expr1/chr22/ENSG00000069998"
ERROR from TryCatch Block: cannot open the connection 
[1] "INFO: gene ENSG00000070010"
[1] "/gpfs/loomis/scratch60/zhao/zy92/GTEX/adjusted_expr1/chr22/ENSG00000070010"
ERROR from TryCatch Block: cannot open the connection 
[1] "INFO: gene ENSG00000070371"
[1] "/gpfs/loomis/scratch60/zhao/zy92/GTEX/adjusted_expr1/chr22/ENSG00000070371"
ERROR from TryCatch Block: cannot open the connection 
[1] "INFO: gene ENSG00000070413"
[1] "/gpfs/loomis/scratch60/zhao/zy92/GTEX/adjusted_expr1/chr22/ENSG00000070413"
ERROR from TryCatch Block: cannot open the connection 
[1] "INFO: gene ENSG00000093009"
[1] "/gpfs/loomis/scratch60/zhao/zy92/GTEX/adjusted_expr1/chr22/ENSG00000093009"
ERROR from TryCatch Block: cannot open the connection 
[1] "INFO: gene ENSG00000093010"
[1] "/gpfs/loomis/scratch60/zhao/zy92/GTEX/adjusted_expr1/chr22/ENSG00000093010"
ERROR from TryCatch Block: cannot open the connection 
[1] "INFO: gene ENSG00000093072"
[1] "/gpfs/loomis/scratch60/zhao/zy92/GTEX/adjusted_expr1/chr22/ENSG00000093072"
ERROR from TryCatch Block: cannot open the connection 
[1] "INFO: gene ENSG00000099889"
[1] "/gpfs/loomis/scratch60/zhao/zy92/GTEX/adjusted_expr1/chr22/ENSG00000099889"
ERROR from TryCatch Block: cannot open the connection 
[1] "INFO: gene ENSG00000099899"
[1] "/gpfs/loomis/scratch60/zhao/zy92/GTEX/adjusted_expr1/chr22/ENSG00000099899"
ERROR from TryCatch Block: cannot open the connection 
[1] "INFO: gene ENSG00000099901"
[1] "/gpfs/loomis/scratch60/zhao/zy92/GTEX/adjusted_expr1/chr22/ENSG00000099901"
ERROR from TryCatch Block: cannot open the connection 
[1] "INFO: gene ENSG00000099904"
[1] "/gpfs/loomis/scratch60/zhao/zy92/GTEX/adjusted_expr1/chr22/ENSG00000099904"
ERROR from TryCatch Block: cannot open the connection 
[1] "INFO: gene ENSG00000099910"
[1] "/gpfs/loomis/scratch60/zhao/zy92/GTEX/adjusted_expr1/chr22/ENSG00000099910"
ERROR from TryCatch Block: cannot open the connection 
[1] "INFO: gene ENSG00000099917"
[1] "/gpfs/loomis/scratch60/zhao/zy92/GTEX/adjusted_expr1/chr22/ENSG00000099917"
ERROR from TryCatch Block: cannot open the connection 
[1] "INFO: gene ENSG00000099937"
[1] "/gpfs/loomis/scratch60/zhao/zy92/GTEX/adjusted_expr1/chr22/ENSG00000099937"
ERROR from TryCatch Block: cannot open the connection 
[1] "INFO: gene ENSG00000099940"
[1] "/gpfs/loomis/scratch60/zhao/zy92/GTEX/adjusted_expr1/chr22/ENSG00000099940"
ERROR from TryCatch Block: cannot open the connection 
[1] "INFO: gene ENSG00000099942"
[1] "/gpfs/loomis/scratch60/zhao/zy92/GTEX/adjusted_expr1/chr22/ENSG00000099942"
ERROR from TryCatch Block: cannot open the connection 
[1] "INFO: gene ENSG00000099949"
[1] "/gpfs/loomis/scratch60/zhao/zy92/GTEX/adjusted_expr1/chr22/ENSG00000099949"
ERROR from TryCatch Block: cannot open the connection 
[1] "INFO: gene ENSG00000099953"
[1] "/gpfs/loomis/scratch60/zhao/zy92/GTEX/adjusted_expr1/chr22/ENSG00000099953"
ERROR from TryCatch Block: cannot open the connection 
[1] "INFO: gene ENSG00000099954"
[1] "/gpfs/loomis/scratch60/zhao/zy92/GTEX/adjusted_expr1/chr22/ENSG00000099954"
ERROR from TryCatch Block: cannot open the connection 
[1] "INFO: gene ENSG00000099956"
[1] "/gpfs/loomis/scratch60/zhao/zy92/GTEX/adjusted_expr1/chr22/ENSG00000099956"
ERROR from TryCatch Block: cannot open the connection 
[1] "INFO: gene ENSG00000099957"
[1] "/gpfs/loomis/scratch60/zhao/zy92/GTEX/adjusted_expr1/chr22/ENSG00000099957"
ERROR from TryCatch Block: cannot open the connection 
[1] "INFO: gene ENSG00000099958"
[1] "/gpfs/loomis/scratch60/zhao/zy92/GTEX/adjusted_expr1/chr22/ENSG00000099958"
ERROR from TryCatch Block: cannot open the connection 
[1] "INFO: gene ENSG00000099960"
[1] "/gpfs/loomis/scratch60/zhao/zy92/GTEX/adjusted_expr1/chr22/ENSG00000099960"
ERROR from TryCatch Block: cannot open the connection 
[1] "INFO: gene ENSG00000099968"
[1] "/gpfs/loomis/scratch60/zhao/zy92/GTEX/adjusted_expr1/chr22/ENSG00000099968"
ERROR from TryCatch Block: cannot open the connection 
[1] "INFO: gene ENSG00000099974"
[1] "/gpfs/loomis/scratch60/zhao/zy92/GTEX/adjusted_expr1/chr22/ENSG00000099974"
ERROR from TryCatch Block: cannot open the connection 
[1] "INFO: gene ENSG00000099977"
[1] "/gpfs/loomis/scratch60/zhao/zy92/GTEX/adjusted_expr1/chr22/ENSG00000099977"
ERROR from TryCatch Block: cannot open the connection 
[1] "INFO: gene ENSG00000099984"
[1] "/gpfs/loomis/scratch60/zhao/zy92/GTEX/adjusted_expr1/chr22/ENSG00000099984"
ERROR from TryCatch Block: cannot open the connection 
[1] "INFO: gene ENSG00000099991"
[1] "/gpfs/loomis/scratch60/zhao/zy92/GTEX/adjusted_expr1/chr22/ENSG00000099991"
ERROR from TryCatch Block: cannot open the connection 
[1] "INFO: gene ENSG00000099994"
[1] "/gpfs/loomis/scratch60/zhao/zy92/GTEX/adjusted_expr1/chr22/ENSG00000099994"
ERROR from TryCatch Block: cannot open the connection 
[1] "INFO: gene ENSG00000099998"
[1] "/gpfs/loomis/scratch60/zhao/zy92/GTEX/adjusted_expr1/chr22/ENSG00000099998"
ERROR from TryCatch Block: cannot open the connection 
[1] "INFO: gene ENSG00000100014"
[1] "/gpfs/loomis/scratch60/zhao/zy92/GTEX/adjusted_expr1/chr22/ENSG00000100014"
ERROR from TryCatch Block: cannot open the connection 
[1] "INFO: gene ENSG00000100024"
[1] "/gpfs/loomis/scratch60/zhao/zy92/GTEX/adjusted_expr1/chr22/ENSG00000100024"
ERROR from TryCatch Block: cannot open the connection 
[1] "INFO: gene ENSG00000100028"
[1] "/gpfs/loomis/scratch60/zhao/zy92/GTEX/adjusted_expr1/chr22/ENSG00000100028"
ERROR from TryCatch Block: cannot open the connection 
[1] "INFO: gene ENSG00000100031"
[1] "/gpfs/loomis/scratch60/zhao/zy92/GTEX/adjusted_expr1/chr22/ENSG00000100031"
ERROR from TryCatch Block: cannot open the connection 
[1] "INFO: gene ENSG00000100033"
[1] "/gpfs/loomis/scratch60/zhao/zy92/GTEX/adjusted_expr1/chr22/ENSG00000100033"
ERROR from TryCatch Block: cannot open the connection 
[1] "INFO: gene ENSG00000100053"
[1] "/gpfs/loomis/scratch60/zhao/zy92/GTEX/adjusted_expr1/chr22/ENSG00000100053"
ERROR from TryCatch Block: cannot open the connection 
[1] "INFO: gene ENSG00000100056"
[1] "/gpfs/loomis/scratch60/zhao/zy92/GTEX/adjusted_expr1/chr22/ENSG00000100056"
ERROR from TryCatch Block: cannot open the connection 
[1] "INFO: gene ENSG00000100068"
[1] "/gpfs/loomis/scratch60/zhao/zy92/GTEX/adjusted_expr1/chr22/ENSG00000100068"
ERROR from TryCatch Block: cannot open the connection 
[1] "INFO: gene ENSG00000100075"
[1] "/gpfs/loomis/scratch60/zhao/zy92/GTEX/adjusted_expr1/chr22/ENSG00000100075"
ERROR from TryCatch Block: cannot open the connection 
[1] "INFO: gene ENSG00000100077"
[1] "/gpfs/loomis/scratch60/zhao/zy92/GTEX/adjusted_expr1/chr22/ENSG00000100077"
ERROR from TryCatch Block: cannot open the connection 
[1] "INFO: gene ENSG00000100084"
[1] "/gpfs/loomis/scratch60/zhao/zy92/GTEX/adjusted_expr1/chr22/ENSG00000100084"
ERROR from TryCatch Block: cannot open the connection 
[1] "INFO: gene ENSG00000100095"
[1] "/gpfs/loomis/scratch60/zhao/zy92/GTEX/adjusted_expr1/chr22/ENSG00000100095"
ERROR from TryCatch Block: cannot open the connection 
[1] "INFO: gene ENSG00000100099"
[1] "/gpfs/loomis/scratch60/zhao/zy92/GTEX/adjusted_expr1/chr22/ENSG00000100099"
ERROR from TryCatch Block: cannot open the connection 
[1] "INFO: gene ENSG00000100104"
[1] "/gpfs/loomis/scratch60/zhao/zy92/GTEX/adjusted_expr1/chr22/ENSG00000100104"
ERROR from TryCatch Block: cannot open the connection 
[1] "INFO: gene ENSG00000100109"
[1] "/gpfs/loomis/scratch60/zhao/zy92/GTEX/adjusted_expr1/chr22/ENSG00000100109"
ERROR from TryCatch Block: cannot open the connection 
[1] "INFO: gene ENSG00000100122"
[1] "/gpfs/loomis/scratch60/zhao/zy92/GTEX/adjusted_expr1/chr22/ENSG00000100122"
ERROR from TryCatch Block: cannot open the connection 
[1] "INFO: 24.63% processed"
[1] "INFO: gene ENSG00000100154"
[1] "/gpfs/loomis/scratch60/zhao/zy92/GTEX/adjusted_expr1/chr22/ENSG00000100154"
ERROR from TryCatch Block: cannot open the connection 
[1] "INFO: gene ENSG00000100181"
[1] "/gpfs/loomis/scratch60/zhao/zy92/GTEX/adjusted_expr1/chr22/ENSG00000100181"
ERROR from TryCatch Block: cannot open the connection 
[1] "INFO: gene ENSG00000100209"
[1] "/gpfs/loomis/scratch60/zhao/zy92/GTEX/adjusted_expr1/chr22/ENSG00000100209"
ERROR from TryCatch Block: cannot open the connection 
[1] "INFO: gene ENSG00000100219"
[1] "/gpfs/loomis/scratch60/zhao/zy92/GTEX/adjusted_expr1/chr22/ENSG00000100219"
ERROR from TryCatch Block: cannot open the connection 
[1] "INFO: gene ENSG00000100249"
[1] "/gpfs/loomis/scratch60/zhao/zy92/GTEX/adjusted_expr1/chr22/ENSG00000100249"
ERROR from TryCatch Block: cannot open the connection 
[1] "INFO: gene ENSG00000100263"
[1] "/gpfs/loomis/scratch60/zhao/zy92/GTEX/adjusted_expr1/chr22/ENSG00000100263"
ERROR from TryCatch Block: cannot open the connection 
[1] "INFO: gene ENSG00000128185"
[1] "/gpfs/loomis/scratch60/zhao/zy92/GTEX/adjusted_expr1/chr22/ENSG00000128185"
ERROR from TryCatch Block: cannot open the connection 
[1] "INFO: gene ENSG00000128191"
[1] "/gpfs/loomis/scratch60/zhao/zy92/GTEX/adjusted_expr1/chr22/ENSG00000128191"
ERROR from TryCatch Block: cannot open the connection 
[1] "INFO: gene ENSG00000128203"
[1] "/gpfs/loomis/scratch60/zhao/zy92/GTEX/adjusted_expr1/chr22/ENSG00000128203"
ERROR from TryCatch Block: cannot open the connection 
[1] "INFO: gene ENSG00000128218"
[1] "/gpfs/loomis/scratch60/zhao/zy92/GTEX/adjusted_expr1/chr22/ENSG00000128218"
ERROR from TryCatch Block: cannot open the connection 
[1] "INFO: gene ENSG00000128271"
[1] "/gpfs/loomis/scratch60/zhao/zy92/GTEX/adjusted_expr1/chr22/ENSG00000128271"
ERROR from TryCatch Block: cannot open the connection 
[1] "INFO: gene ENSG00000128294"
[1] "/gpfs/loomis/scratch60/zhao/zy92/GTEX/adjusted_expr1/chr22/ENSG00000128294"
ERROR from TryCatch Block: cannot open the connection 
[1] "INFO: gene ENSG00000128322"
[1] "/gpfs/loomis/scratch60/zhao/zy92/GTEX/adjusted_expr1/chr22/ENSG00000128322"
ERROR from TryCatch Block: cannot open the connection 
[1] "INFO: gene ENSG00000130538"
[1] "/gpfs/loomis/scratch60/zhao/zy92/GTEX/adjusted_expr1/chr22/ENSG00000130538"
ERROR from TryCatch Block: cannot open the connection 
[1] "INFO: gene ENSG00000131100"
[1] "/gpfs/loomis/scratch60/zhao/zy92/GTEX/adjusted_expr1/chr22/ENSG00000131100"
ERROR from TryCatch Block: cannot open the connection 
[1] "INFO: gene ENSG00000133433"
[1] "/gpfs/loomis/scratch60/zhao/zy92/GTEX/adjusted_expr1/chr22/ENSG00000133433"
ERROR from TryCatch Block: cannot open the connection 
[1] "INFO: gene ENSG00000133454"
[1] "/gpfs/loomis/scratch60/zhao/zy92/GTEX/adjusted_expr1/chr22/ENSG00000133454"
ERROR from TryCatch Block: cannot open the connection 
[1] "INFO: gene ENSG00000133460"
[1] "/gpfs/loomis/scratch60/zhao/zy92/GTEX/adjusted_expr1/chr22/ENSG00000133460"
ERROR from TryCatch Block: cannot open the connection 
[1] "INFO: gene ENSG00000138867"
[1] "/gpfs/loomis/scratch60/zhao/zy92/GTEX/adjusted_expr1/chr22/ENSG00000138867"
ERROR from TryCatch Block: cannot open the connection 
[1] "INFO: gene ENSG00000159496"
[1] "/gpfs/loomis/scratch60/zhao/zy92/GTEX/adjusted_expr1/chr22/ENSG00000159496"
ERROR from TryCatch Block: cannot open the connection 
[1] "INFO: gene ENSG00000159873"
[1] "/gpfs/loomis/scratch60/zhao/zy92/GTEX/adjusted_expr1/chr22/ENSG00000159873"
ERROR from TryCatch Block: cannot open the connection 
[1] "INFO: gene ENSG00000161103"
[1] "/gpfs/loomis/scratch60/zhao/zy92/GTEX/adjusted_expr1/chr22/ENSG00000161103"
ERROR from TryCatch Block: cannot open the connection 
[1] "INFO: gene ENSG00000161133"
[1] "/gpfs/loomis/scratch60/zhao/zy92/GTEX/adjusted_expr1/chr22/ENSG00000161133"
ERROR from TryCatch Block: cannot open the connection 
[1] "INFO: gene ENSG00000167037"
[1] "/gpfs/loomis/scratch60/zhao/zy92/GTEX/adjusted_expr1/chr22/ENSG00000167037"
ERROR from TryCatch Block: cannot open the connection 
[1] "INFO: gene ENSG00000169184"
[1] "/gpfs/loomis/scratch60/zhao/zy92/GTEX/adjusted_expr1/chr22/ENSG00000169184"
ERROR from TryCatch Block: cannot open the connection 
[1] "INFO: gene ENSG00000169314"
[1] "/gpfs/loomis/scratch60/zhao/zy92/GTEX/adjusted_expr1/chr22/ENSG00000169314"
ERROR from TryCatch Block: cannot open the connection 
[1] "INFO: gene ENSG00000172967"
[1] "/gpfs/loomis/scratch60/zhao/zy92/GTEX/adjusted_expr1/chr22/ENSG00000172967"
ERROR from TryCatch Block: cannot open the connection 
[1] "INFO: gene ENSG00000177663"
[1] "/gpfs/loomis/scratch60/zhao/zy92/GTEX/adjusted_expr1/chr22/ENSG00000177663"
ERROR from TryCatch Block: cannot open the connection 
[1] "INFO: gene ENSG00000178026"
[1] "/gpfs/loomis/scratch60/zhao/zy92/GTEX/adjusted_expr1/chr22/ENSG00000178026"
ERROR from TryCatch Block: cannot open the connection 
[1] "INFO: gene ENSG00000178248"
[1] "/gpfs/loomis/scratch60/zhao/zy92/GTEX/adjusted_expr1/chr22/ENSG00000178248"
ERROR from TryCatch Block: cannot open the connection 
[1] "INFO: gene ENSG00000180957"
[1] "/gpfs/loomis/scratch60/zhao/zy92/GTEX/adjusted_expr1/chr22/ENSG00000180957"
ERROR from TryCatch Block: cannot open the connection 
[1] "INFO: gene ENSG00000182824"
[1] "/gpfs/loomis/scratch60/zhao/zy92/GTEX/adjusted_expr1/chr22/ENSG00000182824"
ERROR from TryCatch Block: cannot open the connection 
[1] "INFO: gene ENSG00000182902"
[1] "/gpfs/loomis/scratch60/zhao/zy92/GTEX/adjusted_expr1/chr22/ENSG00000182902"
ERROR from TryCatch Block: cannot open the connection 
[1] "INFO: gene ENSG00000182944"
[1] "/gpfs/loomis/scratch60/zhao/zy92/GTEX/adjusted_expr1/chr22/ENSG00000182944"
ERROR from TryCatch Block: cannot open the connection 
[1] "INFO: gene ENSG00000183307"
[1] "/gpfs/loomis/scratch60/zhao/zy92/GTEX/adjusted_expr1/chr22/ENSG00000183307"
ERROR from TryCatch Block: cannot open the connection 
[1] "INFO: gene ENSG00000183579"
[1] "/gpfs/loomis/scratch60/zhao/zy92/GTEX/adjusted_expr1/chr22/ENSG00000183579"
ERROR from TryCatch Block: cannot open the connection 
[1] "INFO: gene ENSG00000183597"
[1] "/gpfs/loomis/scratch60/zhao/zy92/GTEX/adjusted_expr1/chr22/ENSG00000183597"
ERROR from TryCatch Block: cannot open the connection 
[1] "INFO: gene ENSG00000183628"
[1] "/gpfs/loomis/scratch60/zhao/zy92/GTEX/adjusted_expr1/chr22/ENSG00000183628"
ERROR from TryCatch Block: cannot open the connection 
[1] "INFO: gene ENSG00000183762"
[1] "/gpfs/loomis/scratch60/zhao/zy92/GTEX/adjusted_expr1/chr22/ENSG00000183762"
ERROR from TryCatch Block: cannot open the connection 
[1] "INFO: gene ENSG00000183765"
[1] "/gpfs/loomis/scratch60/zhao/zy92/GTEX/adjusted_expr1/chr22/ENSG00000183765"
ERROR from TryCatch Block: cannot open the connection 
[1] "INFO: gene ENSG00000183773"
[1] "/gpfs/loomis/scratch60/zhao/zy92/GTEX/adjusted_expr1/chr22/ENSG00000183773"
ERROR from TryCatch Block: cannot open the connection 
[1] "INFO: gene ENSG00000183785"
[1] "/gpfs/loomis/scratch60/zhao/zy92/GTEX/adjusted_expr1/chr22/ENSG00000183785"
ERROR from TryCatch Block: cannot open the connection 
[1] "INFO: gene ENSG00000184058"
[1] "/gpfs/loomis/scratch60/zhao/zy92/GTEX/adjusted_expr1/chr22/ENSG00000184058"
ERROR from TryCatch Block: cannot open the connection 
[1] "INFO: gene ENSG00000184113"
[1] "/gpfs/loomis/scratch60/zhao/zy92/GTEX/adjusted_expr1/chr22/ENSG00000184113"
ERROR from TryCatch Block: cannot open the connection 
[1] "INFO: gene ENSG00000184436"
[1] "/gpfs/loomis/scratch60/zhao/zy92/GTEX/adjusted_expr1/chr22/ENSG00000184436"
ERROR from TryCatch Block: cannot open the connection 
[1] "INFO: gene ENSG00000184470"
[1] "/gpfs/loomis/scratch60/zhao/zy92/GTEX/adjusted_expr1/chr22/ENSG00000184470"
ERROR from TryCatch Block: cannot open the connection 
[1] "INFO: gene ENSG00000184571"
[1] "/gpfs/loomis/scratch60/zhao/zy92/GTEX/adjusted_expr1/chr22/ENSG00000184571"
ERROR from TryCatch Block: cannot open the connection 
[1] "INFO: gene ENSG00000184702"
[1] "/gpfs/loomis/scratch60/zhao/zy92/GTEX/adjusted_expr1/chr22/ENSG00000184702"
ERROR from TryCatch Block: cannot open the connection 
[1] "INFO: gene ENSG00000184979"
[1] "/gpfs/loomis/scratch60/zhao/zy92/GTEX/adjusted_expr1/chr22/ENSG00000184979"
ERROR from TryCatch Block: cannot open the connection 
[1] "INFO: gene ENSG00000185252"
[1] "/gpfs/loomis/scratch60/zhao/zy92/GTEX/adjusted_expr1/chr22/ENSG00000185252"
ERROR from TryCatch Block: cannot open the connection 
[1] "INFO: 49.26% processed"
[1] "INFO: gene ENSG00000185340"
[1] "/gpfs/loomis/scratch60/zhao/zy92/GTEX/adjusted_expr1/chr22/ENSG00000185340"
ERROR from TryCatch Block: cannot open the connection 
[1] "INFO: gene ENSG00000185608"
[1] "/gpfs/loomis/scratch60/zhao/zy92/GTEX/adjusted_expr1/chr22/ENSG00000185608"
ERROR from TryCatch Block: cannot open the connection 
[1] "INFO: gene ENSG00000185838"
[1] "/gpfs/loomis/scratch60/zhao/zy92/GTEX/adjusted_expr1/chr22/ENSG00000185838"
ERROR from TryCatch Block: cannot open the connection 
[1] "INFO: gene ENSG00000186998"
[1] "/gpfs/loomis/scratch60/zhao/zy92/GTEX/adjusted_expr1/chr22/ENSG00000186998"
ERROR from TryCatch Block: cannot open the connection 
[1] "INFO: gene ENSG00000187792"
[1] "/gpfs/loomis/scratch60/zhao/zy92/GTEX/adjusted_expr1/chr22/ENSG00000187792"
ERROR from TryCatch Block: cannot open the connection 
[1] "INFO: gene ENSG00000187905"
[1] "/gpfs/loomis/scratch60/zhao/zy92/GTEX/adjusted_expr1/chr22/ENSG00000187905"
ERROR from TryCatch Block: cannot open the connection 
[1] "INFO: gene ENSG00000188280"
[1] "/gpfs/loomis/scratch60/zhao/zy92/GTEX/adjusted_expr1/chr22/ENSG00000188280"
ERROR from TryCatch Block: cannot open the connection 
[1] "INFO: gene ENSG00000189269"
[1] "/gpfs/loomis/scratch60/zhao/zy92/GTEX/adjusted_expr1/chr22/ENSG00000189269"
ERROR from TryCatch Block: cannot open the connection 
[1] "INFO: gene ENSG00000189295"
[1] "/gpfs/loomis/scratch60/zhao/zy92/GTEX/adjusted_expr1/chr22/ENSG00000189295"
ERROR from TryCatch Block: cannot open the connection 
[1] "INFO: gene ENSG00000196431"
[1] "/gpfs/loomis/scratch60/zhao/zy92/GTEX/adjusted_expr1/chr22/ENSG00000196431"
ERROR from TryCatch Block: cannot open the connection 
[1] "INFO: gene ENSG00000197077"
[1] "/gpfs/loomis/scratch60/zhao/zy92/GTEX/adjusted_expr1/chr22/ENSG00000197077"
ERROR from TryCatch Block: cannot open the connection 
[1] "INFO: gene ENSG00000197210"
[1] "/gpfs/loomis/scratch60/zhao/zy92/GTEX/adjusted_expr1/chr22/ENSG00000197210"
ERROR from TryCatch Block: cannot open the connection 
[1] "INFO: gene ENSG00000198062"
[1] "/gpfs/loomis/scratch60/zhao/zy92/GTEX/adjusted_expr1/chr22/ENSG00000198062"
ERROR from TryCatch Block: cannot open the connection 
[1] "INFO: gene ENSG00000198445"
[1] "/gpfs/loomis/scratch60/zhao/zy92/GTEX/adjusted_expr1/chr22/ENSG00000198445"
ERROR from TryCatch Block: cannot open the connection 
[1] "INFO: gene ENSG00000206028"
[1] "/gpfs/loomis/scratch60/zhao/zy92/GTEX/adjusted_expr1/chr22/ENSG00000206028"
ERROR from TryCatch Block: cannot open the connection 
[1] "INFO: gene ENSG00000206069"
[1] "/gpfs/loomis/scratch60/zhao/zy92/GTEX/adjusted_expr1/chr22/ENSG00000206069"
ERROR from TryCatch Block: cannot open the connection 
[1] "INFO: gene ENSG00000206140"
[1] "/gpfs/loomis/scratch60/zhao/zy92/GTEX/adjusted_expr1/chr22/ENSG00000206140"
ERROR from TryCatch Block: cannot open the connection 
[1] "INFO: gene ENSG00000206142"
[1] "/gpfs/loomis/scratch60/zhao/zy92/GTEX/adjusted_expr1/chr22/ENSG00000206142"
ERROR from TryCatch Block: cannot open the connection 
[1] "INFO: gene ENSG00000206195"
[1] "/gpfs/loomis/scratch60/zhao/zy92/GTEX/adjusted_expr1/chr22/ENSG00000206195"
ERROR from TryCatch Block: cannot open the connection 
[1] "INFO: gene ENSG00000207575"
[1] "/gpfs/loomis/scratch60/zhao/zy92/GTEX/adjusted_expr1/chr22/ENSG00000207575"
ERROR from TryCatch Block: cannot open the connection 
[1] "INFO: gene ENSG00000207780"
[1] "/gpfs/loomis/scratch60/zhao/zy92/GTEX/adjusted_expr1/chr22/ENSG00000207780"
ERROR from TryCatch Block: cannot open the connection 
[1] "INFO: gene ENSG00000208023"
[1] "/gpfs/loomis/scratch60/zhao/zy92/GTEX/adjusted_expr1/chr22/ENSG00000208023"
ERROR from TryCatch Block: cannot open the connection 
[1] "INFO: gene ENSG00000212102"
[1] "/gpfs/loomis/scratch60/zhao/zy92/GTEX/adjusted_expr1/chr22/ENSG00000212102"
ERROR from TryCatch Block: cannot open the connection 
[1] "INFO: gene ENSG00000215012"
[1] "/gpfs/loomis/scratch60/zhao/zy92/GTEX/adjusted_expr1/chr22/ENSG00000215012"
ERROR from TryCatch Block: cannot open the connection 
[1] "INFO: gene ENSG00000215193"
[1] "/gpfs/loomis/scratch60/zhao/zy92/GTEX/adjusted_expr1/chr22/ENSG00000215193"
ERROR from TryCatch Block: cannot open the connection 
[1] "INFO: gene ENSG00000215498"
[1] "/gpfs/loomis/scratch60/zhao/zy92/GTEX/adjusted_expr1/chr22/ENSG00000215498"
ERROR from TryCatch Block: cannot open the connection 
[1] "INFO: gene ENSG00000218537"
[1] "/gpfs/loomis/scratch60/zhao/zy92/GTEX/adjusted_expr1/chr22/ENSG00000218537"
ERROR from TryCatch Block: cannot open the connection 
[1] "INFO: gene ENSG00000221039"
[1] "/gpfs/loomis/scratch60/zhao/zy92/GTEX/adjusted_expr1/chr22/ENSG00000221039"
ERROR from TryCatch Block: cannot open the connection 
[1] "INFO: gene ENSG00000221760"
[1] "/gpfs/loomis/scratch60/zhao/zy92/GTEX/adjusted_expr1/chr22/ENSG00000221760"
ERROR from TryCatch Block: cannot open the connection 
[1] "INFO: gene ENSG00000223704"
[1] "/gpfs/loomis/scratch60/zhao/zy92/GTEX/adjusted_expr1/chr22/ENSG00000223704"
ERROR from TryCatch Block: cannot open the connection 
[1] "INFO: gene ENSG00000223726"
[1] "/gpfs/loomis/scratch60/zhao/zy92/GTEX/adjusted_expr1/chr22/ENSG00000223726"
ERROR from TryCatch Block: cannot open the connection 
[1] "INFO: gene ENSG00000223999"
[1] "/gpfs/loomis/scratch60/zhao/zy92/GTEX/adjusted_expr1/chr22/ENSG00000223999"
ERROR from TryCatch Block: cannot open the connection 
[1] "INFO: gene ENSG00000224027"
[1] "/gpfs/loomis/scratch60/zhao/zy92/GTEX/adjusted_expr1/chr22/ENSG00000224027"
ERROR from TryCatch Block: cannot open the connection 
[1] "INFO: gene ENSG00000224050"
[1] "/gpfs/loomis/scratch60/zhao/zy92/GTEX/adjusted_expr1/chr22/ENSG00000224050"
ERROR from TryCatch Block: cannot open the connection 
[1] "INFO: gene ENSG00000225007"
[1] "/gpfs/loomis/scratch60/zhao/zy92/GTEX/adjusted_expr1/chr22/ENSG00000225007"
ERROR from TryCatch Block: cannot open the connection 
[1] "INFO: gene ENSG00000225255"
[1] "/gpfs/loomis/scratch60/zhao/zy92/GTEX/adjusted_expr1/chr22/ENSG00000225255"
ERROR from TryCatch Block: cannot open the connection 
[1] "INFO: gene ENSG00000225413"
[1] "/gpfs/loomis/scratch60/zhao/zy92/GTEX/adjusted_expr1/chr22/ENSG00000225413"
ERROR from TryCatch Block: cannot open the connection 
[1] "INFO: gene ENSG00000225783"
[1] "/gpfs/loomis/scratch60/zhao/zy92/GTEX/adjusted_expr1/chr22/ENSG00000225783"
ERROR from TryCatch Block: cannot open the connection 
[1] "INFO: gene ENSG00000226741"
[1] "/gpfs/loomis/scratch60/zhao/zy92/GTEX/adjusted_expr1/chr22/ENSG00000226741"
ERROR from TryCatch Block: cannot open the connection 
[1] "INFO: gene ENSG00000227519"
[1] "/gpfs/loomis/scratch60/zhao/zy92/GTEX/adjusted_expr1/chr22/ENSG00000227519"
ERROR from TryCatch Block: cannot open the connection 
[1] "INFO: gene ENSG00000227838"
[1] "/gpfs/loomis/scratch60/zhao/zy92/GTEX/adjusted_expr1/chr22/ENSG00000227838"
ERROR from TryCatch Block: cannot open the connection 
[1] "INFO: gene ENSG00000227880"
[1] "/gpfs/loomis/scratch60/zhao/zy92/GTEX/adjusted_expr1/chr22/ENSG00000227880"
ERROR from TryCatch Block: cannot open the connection 
[1] "INFO: gene ENSG00000230051"
[1] "/gpfs/loomis/scratch60/zhao/zy92/GTEX/adjusted_expr1/chr22/ENSG00000230051"
ERROR from TryCatch Block: cannot open the connection 
[1] "INFO: gene ENSG00000230120"
[1] "/gpfs/loomis/scratch60/zhao/zy92/GTEX/adjusted_expr1/chr22/ENSG00000230120"
ERROR from TryCatch Block: cannot open the connection 
[1] "INFO: gene ENSG00000230471"
[1] "/gpfs/loomis/scratch60/zhao/zy92/GTEX/adjusted_expr1/chr22/ENSG00000230471"
ERROR from TryCatch Block: cannot open the connection 
[1] "INFO: gene ENSG00000230866"
[1] "/gpfs/loomis/scratch60/zhao/zy92/GTEX/adjusted_expr1/chr22/ENSG00000230866"
ERROR from TryCatch Block: cannot open the connection 
[1] "INFO: gene ENSG00000231405"
[1] "/gpfs/loomis/scratch60/zhao/zy92/GTEX/adjusted_expr1/chr22/ENSG00000231405"
ERROR from TryCatch Block: cannot open the connection 
[1] "INFO: gene ENSG00000231495"
[1] "/gpfs/loomis/scratch60/zhao/zy92/GTEX/adjusted_expr1/chr22/ENSG00000231495"
ERROR from TryCatch Block: cannot open the connection 
[1] "INFO: gene ENSG00000233521"
[1] "/gpfs/loomis/scratch60/zhao/zy92/GTEX/adjusted_expr1/chr22/ENSG00000233521"
ERROR from TryCatch Block: cannot open the connection 
[1] "INFO: gene ENSG00000233574"
[1] "/gpfs/loomis/scratch60/zhao/zy92/GTEX/adjusted_expr1/chr22/ENSG00000233574"
ERROR from TryCatch Block: cannot open the connection 
[1] "INFO: 73.89% processed"
[1] "INFO: gene ENSG00000233577"
[1] "/gpfs/loomis/scratch60/zhao/zy92/GTEX/adjusted_expr1/chr22/ENSG00000233577"
ERROR from TryCatch Block: cannot open the connection 
[1] "INFO: gene ENSG00000233866"
[1] "/gpfs/loomis/scratch60/zhao/zy92/GTEX/adjusted_expr1/chr22/ENSG00000233866"
ERROR from TryCatch Block: cannot open the connection 
[1] "INFO: gene ENSG00000234409"
[1] "/gpfs/loomis/scratch60/zhao/zy92/GTEX/adjusted_expr1/chr22/ENSG00000234409"
ERROR from TryCatch Block: cannot open the connection 
[1] "INFO: gene ENSG00000234503"
[1] "/gpfs/loomis/scratch60/zhao/zy92/GTEX/adjusted_expr1/chr22/ENSG00000234503"
ERROR from TryCatch Block: cannot open the connection 
[1] "INFO: gene ENSG00000234630"
[1] "/gpfs/loomis/scratch60/zhao/zy92/GTEX/adjusted_expr1/chr22/ENSG00000234630"
ERROR from TryCatch Block: cannot open the connection 
[1] "INFO: gene ENSG00000234928"
[1] "/gpfs/loomis/scratch60/zhao/zy92/GTEX/adjusted_expr1/chr22/ENSG00000234928"
ERROR from TryCatch Block: cannot open the connection 
[1] "INFO: gene ENSG00000235271"
[1] "/gpfs/loomis/scratch60/zhao/zy92/GTEX/adjusted_expr1/chr22/ENSG00000235271"
ERROR from TryCatch Block: cannot open the connection 
[1] "INFO: gene ENSG00000235295"
[1] "/gpfs/loomis/scratch60/zhao/zy92/GTEX/adjusted_expr1/chr22/ENSG00000235295"
ERROR from TryCatch Block: cannot open the connection 
[1] "INFO: gene ENSG00000235343"
[1] "/gpfs/loomis/scratch60/zhao/zy92/GTEX/adjusted_expr1/chr22/ENSG00000235343"
ERROR from TryCatch Block: cannot open the connection 
[1] "INFO: gene ENSG00000235478"
[1] "/gpfs/loomis/scratch60/zhao/zy92/GTEX/adjusted_expr1/chr22/ENSG00000235478"
ERROR from TryCatch Block: cannot open the connection 
[1] "INFO: gene ENSG00000235578"
[1] "/gpfs/loomis/scratch60/zhao/zy92/GTEX/adjusted_expr1/chr22/ENSG00000235578"
ERROR from TryCatch Block: cannot open the connection 
[1] "INFO: gene ENSG00000236464"
[1] "/gpfs/loomis/scratch60/zhao/zy92/GTEX/adjusted_expr1/chr22/ENSG00000236464"
ERROR from TryCatch Block: cannot open the connection 
[1] "INFO: gene ENSG00000236499"
[1] "/gpfs/loomis/scratch60/zhao/zy92/GTEX/adjusted_expr1/chr22/ENSG00000236499"
ERROR from TryCatch Block: cannot open the connection 
[1] "INFO: gene ENSG00000236611"
[1] "/gpfs/loomis/scratch60/zhao/zy92/GTEX/adjusted_expr1/chr22/ENSG00000236611"
ERROR from TryCatch Block: cannot open the connection 
[1] "INFO: gene ENSG00000236641"
[1] "/gpfs/loomis/scratch60/zhao/zy92/GTEX/adjusted_expr1/chr22/ENSG00000236641"
ERROR from TryCatch Block: cannot open the connection 
[1] "INFO: gene ENSG00000236858"
[1] "/gpfs/loomis/scratch60/zhao/zy92/GTEX/adjusted_expr1/chr22/ENSG00000236858"
ERROR from TryCatch Block: cannot open the connection 
[1] "INFO: gene ENSG00000237407"
[1] "/gpfs/loomis/scratch60/zhao/zy92/GTEX/adjusted_expr1/chr22/ENSG00000237407"
ERROR from TryCatch Block: cannot open the connection 
[1] "INFO: gene ENSG00000237438"
[1] "/gpfs/loomis/scratch60/zhao/zy92/GTEX/adjusted_expr1/chr22/ENSG00000237438"
ERROR from TryCatch Block: cannot open the connection 
[1] "INFO: gene ENSG00000237476"
[1] "/gpfs/loomis/scratch60/zhao/zy92/GTEX/adjusted_expr1/chr22/ENSG00000237476"
ERROR from TryCatch Block: cannot open the connection 
[1] "INFO: gene ENSG00000237689"
[1] "/gpfs/loomis/scratch60/zhao/zy92/GTEX/adjusted_expr1/chr22/ENSG00000237689"
ERROR from TryCatch Block: cannot open the connection 
[1] "INFO: gene ENSG00000238195"
[1] "/gpfs/loomis/scratch60/zhao/zy92/GTEX/adjusted_expr1/chr22/ENSG00000238195"
ERROR from TryCatch Block: cannot open the connection 
[1] "INFO: gene ENSG00000239511"
[1] "/gpfs/loomis/scratch60/zhao/zy92/GTEX/adjusted_expr1/chr22/ENSG00000239511"
ERROR from TryCatch Block: cannot open the connection 
[1] "INFO: gene ENSG00000239674"
[1] "/gpfs/loomis/scratch60/zhao/zy92/GTEX/adjusted_expr1/chr22/ENSG00000239674"
ERROR from TryCatch Block: cannot open the connection 
[1] "INFO: gene ENSG00000240972"
[1] "/gpfs/loomis/scratch60/zhao/zy92/GTEX/adjusted_expr1/chr22/ENSG00000240972"
ERROR from TryCatch Block: cannot open the connection 
[1] "INFO: gene ENSG00000241954"
[1] "/gpfs/loomis/scratch60/zhao/zy92/GTEX/adjusted_expr1/chr22/ENSG00000241954"
ERROR from TryCatch Block: cannot open the connection 
[1] "INFO: gene ENSG00000241973"
[1] "/gpfs/loomis/scratch60/zhao/zy92/GTEX/adjusted_expr1/chr22/ENSG00000241973"
ERROR from TryCatch Block: cannot open the connection 
[1] "INFO: gene ENSG00000242259"
[1] "/gpfs/loomis/scratch60/zhao/zy92/GTEX/adjusted_expr1/chr22/ENSG00000242259"
ERROR from TryCatch Block: cannot open the connection 
[1] "INFO: gene ENSG00000243156"
[1] "/gpfs/loomis/scratch60/zhao/zy92/GTEX/adjusted_expr1/chr22/ENSG00000243156"
ERROR from TryCatch Block: cannot open the connection 
[1] "INFO: gene ENSG00000244486"
[1] "/gpfs/loomis/scratch60/zhao/zy92/GTEX/adjusted_expr1/chr22/ENSG00000244486"
ERROR from TryCatch Block: cannot open the connection 
[1] "INFO: gene ENSG00000244625"
[1] "/gpfs/loomis/scratch60/zhao/zy92/GTEX/adjusted_expr1/chr22/ENSG00000244625"
ERROR from TryCatch Block: cannot open the connection 
[1] "INFO: gene ENSG00000244752"
[1] "/gpfs/loomis/scratch60/zhao/zy92/GTEX/adjusted_expr1/chr22/ENSG00000244752"
ERROR from TryCatch Block: cannot open the connection 
[1] "INFO: gene ENSG00000250479"
[1] "/gpfs/loomis/scratch60/zhao/zy92/GTEX/adjusted_expr1/chr22/ENSG00000250479"
ERROR from TryCatch Block: cannot open the connection 
[1] "INFO: gene ENSG00000264141"
[1] "/gpfs/loomis/scratch60/zhao/zy92/GTEX/adjusted_expr1/chr22/ENSG00000264141"
ERROR from TryCatch Block: cannot open the connection 
[1] "INFO: gene ENSG00000264661"
[1] "/gpfs/loomis/scratch60/zhao/zy92/GTEX/adjusted_expr1/chr22/ENSG00000264661"
ERROR from TryCatch Block: cannot open the connection 
[1] "INFO: gene ENSG00000264757"
[1] "/gpfs/loomis/scratch60/zhao/zy92/GTEX/adjusted_expr1/chr22/ENSG00000264757"
ERROR from TryCatch Block: cannot open the connection 
[1] "INFO: gene ENSG00000264824"
[1] "/gpfs/loomis/scratch60/zhao/zy92/GTEX/adjusted_expr1/chr22/ENSG00000264824"
ERROR from TryCatch Block: cannot open the connection 
[1] "INFO: gene ENSG00000267338"
[1] "/gpfs/loomis/scratch60/zhao/zy92/GTEX/adjusted_expr1/chr22/ENSG00000267338"
ERROR from TryCatch Block: cannot open the connection 
[1] "INFO: gene ENSG00000269103"
[1] "/gpfs/loomis/scratch60/zhao/zy92/GTEX/adjusted_expr1/chr22/ENSG00000269103"
ERROR from TryCatch Block: cannot open the connection 
[1] "INFO: gene ENSG00000269220"
[1] "/gpfs/loomis/scratch60/zhao/zy92/GTEX/adjusted_expr1/chr22/ENSG00000269220"
ERROR from TryCatch Block: cannot open the connection 
[1] "INFO: gene ENSG00000272682"
[1] "/gpfs/loomis/scratch60/zhao/zy92/GTEX/adjusted_expr1/chr22/ENSG00000272682"
ERROR from TryCatch Block: cannot open the connection 
[1] "INFO: gene ENSG00000272733"
[1] "/gpfs/loomis/scratch60/zhao/zy92/GTEX/adjusted_expr1/chr22/ENSG00000272733"
ERROR from TryCatch Block: cannot open the connection 
[1] "INFO: gene ENSG00000272787"
[1] "/gpfs/loomis/scratch60/zhao/zy92/GTEX/adjusted_expr1/chr22/ENSG00000272787"
ERROR from TryCatch Block: cannot open the connection 
[1] "INFO: gene ENSG00000272798"
[1] "/gpfs/loomis/scratch60/zhao/zy92/GTEX/adjusted_expr1/chr22/ENSG00000272798"
ERROR from TryCatch Block: cannot open the connection 
[1] "INFO: gene ENSG00000272829"
[1] "/gpfs/loomis/scratch60/zhao/zy92/GTEX/adjusted_expr1/chr22/ENSG00000272829"
ERROR from TryCatch Block: cannot open the connection 
[1] "INFO: gene ENSG00000272942"
[1] "/gpfs/loomis/scratch60/zhao/zy92/GTEX/adjusted_expr1/chr22/ENSG00000272942"
ERROR from TryCatch Block: cannot open the connection 
[1] "INFO: gene ENSG00000273032"
[1] "/gpfs/loomis/scratch60/zhao/zy92/GTEX/adjusted_expr1/chr22/ENSG00000273032"
ERROR from TryCatch Block: cannot open the connection 
[1] "INFO: gene ENSG00000273139"
[1] "/gpfs/loomis/scratch60/zhao/zy92/GTEX/adjusted_expr1/chr22/ENSG00000273139"
ERROR from TryCatch Block: cannot open the connection 
[1] "INFO: gene ENSG00000273203"
[1] "/gpfs/loomis/scratch60/zhao/zy92/GTEX/adjusted_expr1/chr22/ENSG00000273203"
ERROR from TryCatch Block: cannot open the connection 
[1] "INFO: gene ENSG00000273295"
[1] "/gpfs/loomis/scratch60/zhao/zy92/GTEX/adjusted_expr1/chr22/ENSG00000273295"
ERROR from TryCatch Block: cannot open the connection 
[1] "INFO: gene ENSG00000273325"
[1] "/gpfs/loomis/scratch60/zhao/zy92/GTEX/adjusted_expr1/chr22/ENSG00000273325"
ERROR from TryCatch Block: cannot open the connection 
[1] "INFO: 98.52% processed"
[1] "INFO: gene ENSG00000273342"
[1] "/gpfs/loomis/scratch60/zhao/zy92/GTEX/adjusted_expr1/chr22/ENSG00000273342"
ERROR from TryCatch Block: cannot open the connection 
[1] "INFO: gene ENSG00000273362"
[1] "/gpfs/loomis/scratch60/zhao/zy92/GTEX/adjusted_expr1/chr22/ENSG00000273362"
ERROR from TryCatch Block: cannot open the connection 
[1] "INFO: gene ENSG00000273428"
[1] "/gpfs/loomis/scratch60/zhao/zy92/GTEX/adjusted_expr1/chr22/ENSG00000273428"
ERROR from TryCatch Block: cannot open the connection 
[1] "INFO: gene ENSG00000273442"
[1] "/gpfs/loomis/scratch60/zhao/zy92/GTEX/adjusted_expr1/chr22/ENSG00000273442"
ERROR from TryCatch Block: cannot open the connection 
Time difference of 3.370847 mins
There were 50 or more warnings (use warnings() to see the first 50)
