[1] "INFO: gene ENSG00000017797"
[1] "/gpfs/loomis/scratch60/zhao/zy92/GTEX/adjusted_expr1/chr18/ENSG00000017797"
ERROR from TryCatch Block: cannot open the connection 
[1] "INFO: gene ENSG00000079101"
[1] "/gpfs/loomis/scratch60/zhao/zy92/GTEX/adjusted_expr1/chr18/ENSG00000079101"
ERROR from TryCatch Block: cannot open the connection 
[1] "INFO: gene ENSG00000079134"
[1] "/gpfs/loomis/scratch60/zhao/zy92/GTEX/adjusted_expr1/chr18/ENSG00000079134"
ERROR from TryCatch Block: cannot open the connection 
[1] "INFO: gene ENSG00000080986"
[1] "/gpfs/loomis/scratch60/zhao/zy92/GTEX/adjusted_expr1/chr18/ENSG00000080986"
ERROR from TryCatch Block: cannot open the connection 
[1] "INFO: gene ENSG00000082397"
[1] "/gpfs/loomis/scratch60/zhao/zy92/GTEX/adjusted_expr1/chr18/ENSG00000082397"
ERROR from TryCatch Block: cannot open the connection 
[1] "INFO: gene ENSG00000085415"
[1] "/gpfs/loomis/scratch60/zhao/zy92/GTEX/adjusted_expr1/chr18/ENSG00000085415"
ERROR from TryCatch Block: cannot open the connection 
[1] "INFO: gene ENSG00000088756"
[1] "/gpfs/loomis/scratch60/zhao/zy92/GTEX/adjusted_expr1/chr18/ENSG00000088756"
ERROR from TryCatch Block: cannot open the connection 
[1] "INFO: gene ENSG00000101557"
[1] "/gpfs/loomis/scratch60/zhao/zy92/GTEX/adjusted_expr1/chr18/ENSG00000101557"
ERROR from TryCatch Block: cannot open the connection 
[1] "INFO: gene ENSG00000101558"
[1] "/gpfs/loomis/scratch60/zhao/zy92/GTEX/adjusted_expr1/chr18/ENSG00000101558"
ERROR from TryCatch Block: cannot open the connection 
[1] "INFO: gene ENSG00000101574"
[1] "/gpfs/loomis/scratch60/zhao/zy92/GTEX/adjusted_expr1/chr18/ENSG00000101574"
ERROR from TryCatch Block: cannot open the connection 
[1] "INFO: gene ENSG00000101577"
[1] "/gpfs/loomis/scratch60/zhao/zy92/GTEX/adjusted_expr1/chr18/ENSG00000101577"
ERROR from TryCatch Block: cannot open the connection 
[1] "INFO: gene ENSG00000101596"
[1] "/gpfs/loomis/scratch60/zhao/zy92/GTEX/adjusted_expr1/chr18/ENSG00000101596"
ERROR from TryCatch Block: cannot open the connection 
[1] "INFO: gene ENSG00000101605"
[1] "/gpfs/loomis/scratch60/zhao/zy92/GTEX/adjusted_expr1/chr18/ENSG00000101605"
ERROR from TryCatch Block: cannot open the connection 
[1] "INFO: gene ENSG00000101608"
[1] "/gpfs/loomis/scratch60/zhao/zy92/GTEX/adjusted_expr1/chr18/ENSG00000101608"
ERROR from TryCatch Block: cannot open the connection 
[1] "INFO: gene ENSG00000101624"
[1] "/gpfs/loomis/scratch60/zhao/zy92/GTEX/adjusted_expr1/chr18/ENSG00000101624"
ERROR from TryCatch Block: cannot open the connection 
[1] "INFO: gene ENSG00000101639"
[1] "/gpfs/loomis/scratch60/zhao/zy92/GTEX/adjusted_expr1/chr18/ENSG00000101639"
ERROR from TryCatch Block: cannot open the connection 
[1] "INFO: gene ENSG00000101654"
[1] "/gpfs/loomis/scratch60/zhao/zy92/GTEX/adjusted_expr1/chr18/ENSG00000101654"
ERROR from TryCatch Block: cannot open the connection 
[1] "INFO: gene ENSG00000101680"
[1] "/gpfs/loomis/scratch60/zhao/zy92/GTEX/adjusted_expr1/chr18/ENSG00000101680"
ERROR from TryCatch Block: cannot open the connection 
[1] "INFO: gene ENSG00000101745"
[1] "/gpfs/loomis/scratch60/zhao/zy92/GTEX/adjusted_expr1/chr18/ENSG00000101745"
ERROR from TryCatch Block: cannot open the connection 
[1] "INFO: gene ENSG00000118680"
[1] "/gpfs/loomis/scratch60/zhao/zy92/GTEX/adjusted_expr1/chr18/ENSG00000118680"
ERROR from TryCatch Block: cannot open the connection 
[1] "INFO: gene ENSG00000128789"
[1] "/gpfs/loomis/scratch60/zhao/zy92/GTEX/adjusted_expr1/chr18/ENSG00000128789"
ERROR from TryCatch Block: cannot open the connection 
[1] "INFO: gene ENSG00000128791"
[1] "/gpfs/loomis/scratch60/zhao/zy92/GTEX/adjusted_expr1/chr18/ENSG00000128791"
ERROR from TryCatch Block: cannot open the connection 
[1] "INFO: gene ENSG00000132199"
[1] "/gpfs/loomis/scratch60/zhao/zy92/GTEX/adjusted_expr1/chr18/ENSG00000132199"
ERROR from TryCatch Block: cannot open the connection 
[1] "INFO: gene ENSG00000132204"
[1] "/gpfs/loomis/scratch60/zhao/zy92/GTEX/adjusted_expr1/chr18/ENSG00000132204"
ERROR from TryCatch Block: cannot open the connection 
[1] "INFO: gene ENSG00000132205"
[1] "/gpfs/loomis/scratch60/zhao/zy92/GTEX/adjusted_expr1/chr18/ENSG00000132205"
ERROR from TryCatch Block: cannot open the connection 
[1] "INFO: gene ENSG00000134265"
[1] "/gpfs/loomis/scratch60/zhao/zy92/GTEX/adjusted_expr1/chr18/ENSG00000134265"
ERROR from TryCatch Block: cannot open the connection 
[1] "INFO: gene ENSG00000134278"
[1] "/gpfs/loomis/scratch60/zhao/zy92/GTEX/adjusted_expr1/chr18/ENSG00000134278"
ERROR from TryCatch Block: cannot open the connection 
[1] "INFO: gene ENSG00000141385"
[1] "/gpfs/loomis/scratch60/zhao/zy92/GTEX/adjusted_expr1/chr18/ENSG00000141385"
ERROR from TryCatch Block: cannot open the connection 
[1] "INFO: gene ENSG00000141391"
[1] "/gpfs/loomis/scratch60/zhao/zy92/GTEX/adjusted_expr1/chr18/ENSG00000141391"
ERROR from TryCatch Block: cannot open the connection 
[1] "INFO: gene ENSG00000141401"
[1] "/gpfs/loomis/scratch60/zhao/zy92/GTEX/adjusted_expr1/chr18/ENSG00000141401"
ERROR from TryCatch Block: cannot open the connection 
[1] "INFO: gene ENSG00000141404"
[1] "/gpfs/loomis/scratch60/zhao/zy92/GTEX/adjusted_expr1/chr18/ENSG00000141404"
ERROR from TryCatch Block: cannot open the connection 
[1] "INFO: gene ENSG00000141433"
[1] "/gpfs/loomis/scratch60/zhao/zy92/GTEX/adjusted_expr1/chr18/ENSG00000141433"
ERROR from TryCatch Block: cannot open the connection 
[1] "INFO: gene ENSG00000154655"
[1] "/gpfs/loomis/scratch60/zhao/zy92/GTEX/adjusted_expr1/chr18/ENSG00000154655"
ERROR from TryCatch Block: cannot open the connection 
[1] "INFO: gene ENSG00000154845"
[1] "/gpfs/loomis/scratch60/zhao/zy92/GTEX/adjusted_expr1/chr18/ENSG00000154845"
ERROR from TryCatch Block: cannot open the connection 
[1] "INFO: gene ENSG00000154856"
[1] "/gpfs/loomis/scratch60/zhao/zy92/GTEX/adjusted_expr1/chr18/ENSG00000154856"
ERROR from TryCatch Block: cannot open the connection 
[1] "INFO: gene ENSG00000154864"
[1] "/gpfs/loomis/scratch60/zhao/zy92/GTEX/adjusted_expr1/chr18/ENSG00000154864"
ERROR from TryCatch Block: cannot open the connection 
[1] "INFO: gene ENSG00000154889"
[1] "/gpfs/loomis/scratch60/zhao/zy92/GTEX/adjusted_expr1/chr18/ENSG00000154889"
ERROR from TryCatch Block: cannot open the connection 
[1] "INFO: gene ENSG00000158270"
[1] "/gpfs/loomis/scratch60/zhao/zy92/GTEX/adjusted_expr1/chr18/ENSG00000158270"
ERROR from TryCatch Block: cannot open the connection 
[1] "INFO: gene ENSG00000168454"
[1] "/gpfs/loomis/scratch60/zhao/zy92/GTEX/adjusted_expr1/chr18/ENSG00000168454"
ERROR from TryCatch Block: cannot open the connection 
[1] "INFO: gene ENSG00000168461"
[1] "/gpfs/loomis/scratch60/zhao/zy92/GTEX/adjusted_expr1/chr18/ENSG00000168461"
ERROR from TryCatch Block: cannot open the connection 
[1] "INFO: gene ENSG00000168502"
[1] "/gpfs/loomis/scratch60/zhao/zy92/GTEX/adjusted_expr1/chr18/ENSG00000168502"
ERROR from TryCatch Block: cannot open the connection 
[1] "INFO: gene ENSG00000168675"
[1] "/gpfs/loomis/scratch60/zhao/zy92/GTEX/adjusted_expr1/chr18/ENSG00000168675"
ERROR from TryCatch Block: cannot open the connection 
[1] "INFO: gene ENSG00000170579"
[1] "/gpfs/loomis/scratch60/zhao/zy92/GTEX/adjusted_expr1/chr18/ENSG00000170579"
ERROR from TryCatch Block: cannot open the connection 
[1] "INFO: gene ENSG00000173213"
[1] "/gpfs/loomis/scratch60/zhao/zy92/GTEX/adjusted_expr1/chr18/ENSG00000173213"
ERROR from TryCatch Block: cannot open the connection 
[1] "INFO: gene ENSG00000173482"
[1] "/gpfs/loomis/scratch60/zhao/zy92/GTEX/adjusted_expr1/chr18/ENSG00000173482"
ERROR from TryCatch Block: cannot open the connection 
[1] "INFO: gene ENSG00000175322"
[1] "/gpfs/loomis/scratch60/zhao/zy92/GTEX/adjusted_expr1/chr18/ENSG00000175322"
ERROR from TryCatch Block: cannot open the connection 
[1] "INFO: gene ENSG00000175354"
[1] "/gpfs/loomis/scratch60/zhao/zy92/GTEX/adjusted_expr1/chr18/ENSG00000175354"
ERROR from TryCatch Block: cannot open the connection 
[1] "INFO: gene ENSG00000176014"
[1] "/gpfs/loomis/scratch60/zhao/zy92/GTEX/adjusted_expr1/chr18/ENSG00000176014"
ERROR from TryCatch Block: cannot open the connection 
[1] "INFO: gene ENSG00000176105"
[1] "/gpfs/loomis/scratch60/zhao/zy92/GTEX/adjusted_expr1/chr18/ENSG00000176105"
ERROR from TryCatch Block: cannot open the connection 
[1] "INFO: 40% processed"
[1] "INFO: gene ENSG00000176136"
[1] "/gpfs/loomis/scratch60/zhao/zy92/GTEX/adjusted_expr1/chr18/ENSG00000176136"
ERROR from TryCatch Block: cannot open the connection 
[1] "INFO: gene ENSG00000176194"
[1] "/gpfs/loomis/scratch60/zhao/zy92/GTEX/adjusted_expr1/chr18/ENSG00000176194"
ERROR from TryCatch Block: cannot open the connection 
[1] "INFO: gene ENSG00000176890"
[1] "/gpfs/loomis/scratch60/zhao/zy92/GTEX/adjusted_expr1/chr18/ENSG00000176890"
ERROR from TryCatch Block: cannot open the connection 
[1] "INFO: gene ENSG00000176912"
[1] "/gpfs/loomis/scratch60/zhao/zy92/GTEX/adjusted_expr1/chr18/ENSG00000176912"
ERROR from TryCatch Block: cannot open the connection 
[1] "INFO: gene ENSG00000177143"
[1] "/gpfs/loomis/scratch60/zhao/zy92/GTEX/adjusted_expr1/chr18/ENSG00000177143"
ERROR from TryCatch Block: cannot open the connection 
[1] "INFO: gene ENSG00000177150"
[1] "/gpfs/loomis/scratch60/zhao/zy92/GTEX/adjusted_expr1/chr18/ENSG00000177150"
ERROR from TryCatch Block: cannot open the connection 
[1] "INFO: gene ENSG00000177426"
[1] "/gpfs/loomis/scratch60/zhao/zy92/GTEX/adjusted_expr1/chr18/ENSG00000177426"
ERROR from TryCatch Block: cannot open the connection 
[1] "INFO: gene ENSG00000178127"
[1] "/gpfs/loomis/scratch60/zhao/zy92/GTEX/adjusted_expr1/chr18/ENSG00000178127"
ERROR from TryCatch Block: cannot open the connection 
[1] "INFO: gene ENSG00000181626"
[1] "/gpfs/loomis/scratch60/zhao/zy92/GTEX/adjusted_expr1/chr18/ENSG00000181626"
ERROR from TryCatch Block: cannot open the connection 
[1] "INFO: gene ENSG00000183206"
[1] "/gpfs/loomis/scratch60/zhao/zy92/GTEX/adjusted_expr1/chr18/ENSG00000183206"
ERROR from TryCatch Block: cannot open the connection 
[1] "INFO: gene ENSG00000185231"
[1] "/gpfs/loomis/scratch60/zhao/zy92/GTEX/adjusted_expr1/chr18/ENSG00000185231"
ERROR from TryCatch Block: cannot open the connection 
[1] "INFO: gene ENSG00000198081"
[1] "/gpfs/loomis/scratch60/zhao/zy92/GTEX/adjusted_expr1/chr18/ENSG00000198081"
ERROR from TryCatch Block: cannot open the connection 
[1] "INFO: gene ENSG00000206418"
[1] "/gpfs/loomis/scratch60/zhao/zy92/GTEX/adjusted_expr1/chr18/ENSG00000206418"
ERROR from TryCatch Block: cannot open the connection 
[1] "INFO: gene ENSG00000206422"
[1] "/gpfs/loomis/scratch60/zhao/zy92/GTEX/adjusted_expr1/chr18/ENSG00000206422"
ERROR from TryCatch Block: cannot open the connection 
[1] "INFO: gene ENSG00000206432"
[1] "/gpfs/loomis/scratch60/zhao/zy92/GTEX/adjusted_expr1/chr18/ENSG00000206432"
ERROR from TryCatch Block: cannot open the connection 
[1] "INFO: gene ENSG00000231824"
[1] "/gpfs/loomis/scratch60/zhao/zy92/GTEX/adjusted_expr1/chr18/ENSG00000231824"
ERROR from TryCatch Block: cannot open the connection 
[1] "INFO: gene ENSG00000255112"
[1] "/gpfs/loomis/scratch60/zhao/zy92/GTEX/adjusted_expr1/chr18/ENSG00000255112"
ERROR from TryCatch Block: cannot open the connection 
[1] "INFO: gene ENSG00000259256"
[1] "/gpfs/loomis/scratch60/zhao/zy92/GTEX/adjusted_expr1/chr18/ENSG00000259256"
ERROR from TryCatch Block: cannot open the connection 
[1] "INFO: gene ENSG00000259837"
[1] "/gpfs/loomis/scratch60/zhao/zy92/GTEX/adjusted_expr1/chr18/ENSG00000259837"
ERROR from TryCatch Block: cannot open the connection 
[1] "INFO: gene ENSG00000260302"
[1] "/gpfs/loomis/scratch60/zhao/zy92/GTEX/adjusted_expr1/chr18/ENSG00000260302"
ERROR from TryCatch Block: cannot open the connection 
[1] "INFO: gene ENSG00000260759"
[1] "/gpfs/loomis/scratch60/zhao/zy92/GTEX/adjusted_expr1/chr18/ENSG00000260759"
ERROR from TryCatch Block: cannot open the connection 
[1] "INFO: gene ENSG00000260913"
[1] "/gpfs/loomis/scratch60/zhao/zy92/GTEX/adjusted_expr1/chr18/ENSG00000260913"
ERROR from TryCatch Block: cannot open the connection 
[1] "INFO: gene ENSG00000261627"
[1] "/gpfs/loomis/scratch60/zhao/zy92/GTEX/adjusted_expr1/chr18/ENSG00000261627"
ERROR from TryCatch Block: cannot open the connection 
[1] "INFO: gene ENSG00000261738"
[1] "/gpfs/loomis/scratch60/zhao/zy92/GTEX/adjusted_expr1/chr18/ENSG00000261738"
ERROR from TryCatch Block: cannot open the connection 
[1] "INFO: gene ENSG00000262352"
[1] "/gpfs/loomis/scratch60/zhao/zy92/GTEX/adjusted_expr1/chr18/ENSG00000262352"
ERROR from TryCatch Block: cannot open the connection 
[1] "INFO: gene ENSG00000263305"
[1] "/gpfs/loomis/scratch60/zhao/zy92/GTEX/adjusted_expr1/chr18/ENSG00000263305"
ERROR from TryCatch Block: cannot open the connection 
[1] "INFO: gene ENSG00000263527"
[1] "/gpfs/loomis/scratch60/zhao/zy92/GTEX/adjusted_expr1/chr18/ENSG00000263527"
ERROR from TryCatch Block: cannot open the connection 
[1] "INFO: gene ENSG00000263551"
[1] "/gpfs/loomis/scratch60/zhao/zy92/GTEX/adjusted_expr1/chr18/ENSG00000263551"
ERROR from TryCatch Block: cannot open the connection 
[1] "INFO: gene ENSG00000263627"
[1] "/gpfs/loomis/scratch60/zhao/zy92/GTEX/adjusted_expr1/chr18/ENSG00000263627"
ERROR from TryCatch Block: cannot open the connection 
[1] "INFO: gene ENSG00000263745"
[1] "/gpfs/loomis/scratch60/zhao/zy92/GTEX/adjusted_expr1/chr18/ENSG00000263745"
ERROR from TryCatch Block: cannot open the connection 
[1] "INFO: gene ENSG00000263753"
[1] "/gpfs/loomis/scratch60/zhao/zy92/GTEX/adjusted_expr1/chr18/ENSG00000263753"
ERROR from TryCatch Block: cannot open the connection 
[1] "INFO: gene ENSG00000263884"
[1] "/gpfs/loomis/scratch60/zhao/zy92/GTEX/adjusted_expr1/chr18/ENSG00000263884"
ERROR from TryCatch Block: cannot open the connection 
[1] "INFO: gene ENSG00000264072"
[1] "/gpfs/loomis/scratch60/zhao/zy92/GTEX/adjusted_expr1/chr18/ENSG00000264072"
ERROR from TryCatch Block: cannot open the connection 
[1] "INFO: gene ENSG00000264080"
[1] "/gpfs/loomis/scratch60/zhao/zy92/GTEX/adjusted_expr1/chr18/ENSG00000264080"
ERROR from TryCatch Block: cannot open the connection 
[1] "INFO: gene ENSG00000264254"
[1] "/gpfs/loomis/scratch60/zhao/zy92/GTEX/adjusted_expr1/chr18/ENSG00000264254"
ERROR from TryCatch Block: cannot open the connection 
[1] "INFO: gene ENSG00000264265"
[1] "/gpfs/loomis/scratch60/zhao/zy92/GTEX/adjusted_expr1/chr18/ENSG00000264265"
ERROR from TryCatch Block: cannot open the connection 
[1] "INFO: gene ENSG00000264514"
[1] "/gpfs/loomis/scratch60/zhao/zy92/GTEX/adjusted_expr1/chr18/ENSG00000264514"
ERROR from TryCatch Block: cannot open the connection 
[1] "INFO: gene ENSG00000264575"
[1] "/gpfs/loomis/scratch60/zhao/zy92/GTEX/adjusted_expr1/chr18/ENSG00000264575"
ERROR from TryCatch Block: cannot open the connection 
[1] "INFO: gene ENSG00000264707"
[1] "/gpfs/loomis/scratch60/zhao/zy92/GTEX/adjusted_expr1/chr18/ENSG00000264707"
ERROR from TryCatch Block: cannot open the connection 
[1] "INFO: gene ENSG00000264876"
[1] "/gpfs/loomis/scratch60/zhao/zy92/GTEX/adjusted_expr1/chr18/ENSG00000264876"
ERROR from TryCatch Block: cannot open the connection 
[1] "INFO: gene ENSG00000264964"
[1] "/gpfs/loomis/scratch60/zhao/zy92/GTEX/adjusted_expr1/chr18/ENSG00000264964"
ERROR from TryCatch Block: cannot open the connection 
[1] "INFO: gene ENSG00000265091"
[1] "/gpfs/loomis/scratch60/zhao/zy92/GTEX/adjusted_expr1/chr18/ENSG00000265091"
ERROR from TryCatch Block: cannot open the connection 
[1] "INFO: gene ENSG00000265179"
[1] "/gpfs/loomis/scratch60/zhao/zy92/GTEX/adjusted_expr1/chr18/ENSG00000265179"
ERROR from TryCatch Block: cannot open the connection 
[1] "INFO: gene ENSG00000265514"
[1] "/gpfs/loomis/scratch60/zhao/zy92/GTEX/adjusted_expr1/chr18/ENSG00000265514"
ERROR from TryCatch Block: cannot open the connection 
[1] "INFO: gene ENSG00000265554"
[1] "/gpfs/loomis/scratch60/zhao/zy92/GTEX/adjusted_expr1/chr18/ENSG00000265554"
ERROR from TryCatch Block: cannot open the connection 
[1] "INFO: gene ENSG00000265728"
[1] "/gpfs/loomis/scratch60/zhao/zy92/GTEX/adjusted_expr1/chr18/ENSG00000265728"
ERROR from TryCatch Block: cannot open the connection 
[1] "INFO: gene ENSG00000265933"
[1] "/gpfs/loomis/scratch60/zhao/zy92/GTEX/adjusted_expr1/chr18/ENSG00000265933"
ERROR from TryCatch Block: cannot open the connection 
[1] "INFO: gene ENSG00000265944"
[1] "/gpfs/loomis/scratch60/zhao/zy92/GTEX/adjusted_expr1/chr18/ENSG00000265944"
ERROR from TryCatch Block: cannot open the connection 
[1] "INFO: gene ENSG00000266065"
[1] "/gpfs/loomis/scratch60/zhao/zy92/GTEX/adjusted_expr1/chr18/ENSG00000266065"
ERROR from TryCatch Block: cannot open the connection 
[1] "INFO: gene ENSG00000266102"
[1] "/gpfs/loomis/scratch60/zhao/zy92/GTEX/adjusted_expr1/chr18/ENSG00000266102"
ERROR from TryCatch Block: cannot open the connection 
[1] "INFO: 80% processed"
[1] "INFO: gene ENSG00000266153"
[1] "/gpfs/loomis/scratch60/zhao/zy92/GTEX/adjusted_expr1/chr18/ENSG00000266153"
ERROR from TryCatch Block: cannot open the connection 
[1] "INFO: gene ENSG00000266268"
[1] "/gpfs/loomis/scratch60/zhao/zy92/GTEX/adjusted_expr1/chr18/ENSG00000266268"
ERROR from TryCatch Block: cannot open the connection 
[1] "INFO: gene ENSG00000266288"
[1] "/gpfs/loomis/scratch60/zhao/zy92/GTEX/adjusted_expr1/chr18/ENSG00000266288"
ERROR from TryCatch Block: cannot open the connection 
[1] "INFO: gene ENSG00000266450"
[1] "/gpfs/loomis/scratch60/zhao/zy92/GTEX/adjusted_expr1/chr18/ENSG00000266450"
ERROR from TryCatch Block: cannot open the connection 
[1] "INFO: gene ENSG00000266578"
[1] "/gpfs/loomis/scratch60/zhao/zy92/GTEX/adjusted_expr1/chr18/ENSG00000266578"
ERROR from TryCatch Block: cannot open the connection 
[1] "INFO: gene ENSG00000266602"
[1] "/gpfs/loomis/scratch60/zhao/zy92/GTEX/adjusted_expr1/chr18/ENSG00000266602"
ERROR from TryCatch Block: cannot open the connection 
[1] "INFO: gene ENSG00000266604"
[1] "/gpfs/loomis/scratch60/zhao/zy92/GTEX/adjusted_expr1/chr18/ENSG00000266604"
ERROR from TryCatch Block: cannot open the connection 
[1] "INFO: gene ENSG00000266835"
[1] "/gpfs/loomis/scratch60/zhao/zy92/GTEX/adjusted_expr1/chr18/ENSG00000266835"
ERROR from TryCatch Block: cannot open the connection 
[1] "INFO: gene ENSG00000266961"
[1] "/gpfs/loomis/scratch60/zhao/zy92/GTEX/adjusted_expr1/chr18/ENSG00000266961"
ERROR from TryCatch Block: cannot open the connection 
[1] "INFO: gene ENSG00000267051"
[1] "/gpfs/loomis/scratch60/zhao/zy92/GTEX/adjusted_expr1/chr18/ENSG00000267051"
ERROR from TryCatch Block: cannot open the connection 
[1] "INFO: gene ENSG00000267069"
[1] "/gpfs/loomis/scratch60/zhao/zy92/GTEX/adjusted_expr1/chr18/ENSG00000267069"
ERROR from TryCatch Block: cannot open the connection 
[1] "INFO: gene ENSG00000267079"
[1] "/gpfs/loomis/scratch60/zhao/zy92/GTEX/adjusted_expr1/chr18/ENSG00000267079"
ERROR from TryCatch Block: cannot open the connection 
[1] "INFO: gene ENSG00000267108"
[1] "/gpfs/loomis/scratch60/zhao/zy92/GTEX/adjusted_expr1/chr18/ENSG00000267108"
ERROR from TryCatch Block: cannot open the connection 
[1] "INFO: gene ENSG00000267143"
[1] "/gpfs/loomis/scratch60/zhao/zy92/GTEX/adjusted_expr1/chr18/ENSG00000267143"
ERROR from TryCatch Block: cannot open the connection 
[1] "INFO: gene ENSG00000267247"
[1] "/gpfs/loomis/scratch60/zhao/zy92/GTEX/adjusted_expr1/chr18/ENSG00000267247"
ERROR from TryCatch Block: cannot open the connection 
[1] "INFO: gene ENSG00000267252"
[1] "/gpfs/loomis/scratch60/zhao/zy92/GTEX/adjusted_expr1/chr18/ENSG00000267252"
ERROR from TryCatch Block: cannot open the connection 
[1] "INFO: gene ENSG00000267425"
[1] "/gpfs/loomis/scratch60/zhao/zy92/GTEX/adjusted_expr1/chr18/ENSG00000267425"
ERROR from TryCatch Block: cannot open the connection 
[1] "INFO: gene ENSG00000267564"
[1] "/gpfs/loomis/scratch60/zhao/zy92/GTEX/adjusted_expr1/chr18/ENSG00000267564"
ERROR from TryCatch Block: cannot open the connection 
[1] "INFO: gene ENSG00000267643"
[1] "/gpfs/loomis/scratch60/zhao/zy92/GTEX/adjusted_expr1/chr18/ENSG00000267643"
ERROR from TryCatch Block: cannot open the connection 
[1] "INFO: gene ENSG00000267722"
[1] "/gpfs/loomis/scratch60/zhao/zy92/GTEX/adjusted_expr1/chr18/ENSG00000267722"
ERROR from TryCatch Block: cannot open the connection 
[1] "INFO: gene ENSG00000272380"
[1] "/gpfs/loomis/scratch60/zhao/zy92/GTEX/adjusted_expr1/chr18/ENSG00000272380"
ERROR from TryCatch Block: cannot open the connection 
[1] "INFO: gene ENSG00000272461"
[1] "/gpfs/loomis/scratch60/zhao/zy92/GTEX/adjusted_expr1/chr18/ENSG00000272461"
ERROR from TryCatch Block: cannot open the connection 
[1] "INFO: gene ENSG00000272799"
[1] "/gpfs/loomis/scratch60/zhao/zy92/GTEX/adjusted_expr1/chr18/ENSG00000272799"
ERROR from TryCatch Block: cannot open the connection 
[1] "INFO: gene ENSG00000273119"
[1] "/gpfs/loomis/scratch60/zhao/zy92/GTEX/adjusted_expr1/chr18/ENSG00000273119"
ERROR from TryCatch Block: cannot open the connection 
[1] "INFO: gene ENSG00000273335"
[1] "/gpfs/loomis/scratch60/zhao/zy92/GTEX/adjusted_expr1/chr18/ENSG00000273335"
ERROR from TryCatch Block: cannot open the connection 
[1] "INFO: gene ENSG00000273355"
[1] "/gpfs/loomis/scratch60/zhao/zy92/GTEX/adjusted_expr1/chr18/ENSG00000273355"
ERROR from TryCatch Block: cannot open the connection 
Time difference of 1.949327 mins
There were 50 or more warnings (use warnings() to see the first 50)
