[1] "INFO: gene ENSG00000004660"
ERROR from TryCatch Block: cannot change working directory 
[1] "INFO: gene ENSG00000004975"
ERROR from TryCatch Block: cannot change working directory 
[1] "INFO: gene ENSG00000005100"
ERROR from TryCatch Block: cannot change working directory 
[1] "INFO: gene ENSG00000006047"
ERROR from TryCatch Block: cannot change working directory 
[1] "INFO: gene ENSG00000006695"
ERROR from TryCatch Block: cannot change working directory 
[1] "INFO: gene ENSG00000006740"
ERROR from TryCatch Block: cannot change working directory 
[1] "INFO: gene ENSG00000006744"
ERROR from TryCatch Block: cannot change working directory 
[1] "INFO: gene ENSG00000006788"
ERROR from TryCatch Block: cannot change working directory 
[1] "INFO: gene ENSG00000007168"
ERROR from TryCatch Block: cannot change working directory 
[1] "INFO: gene ENSG00000007174"
ERROR from TryCatch Block: cannot change working directory 
[1] "INFO: gene ENSG00000007237"
ERROR from TryCatch Block: cannot change working directory 
[1] "INFO: gene ENSG00000011295"
ERROR from TryCatch Block: cannot change working directory 
[1] "INFO: gene ENSG00000029725"
ERROR from TryCatch Block: cannot change working directory 
[1] "INFO: gene ENSG00000040531"
ERROR from TryCatch Block: cannot change working directory 
[1] "INFO: gene ENSG00000040633"
ERROR from TryCatch Block: cannot change working directory 
[1] "INFO: gene ENSG00000065320"
ERROR from TryCatch Block: cannot change working directory 
[1] "INFO: gene ENSG00000065325"
ERROR from TryCatch Block: cannot change working directory 
[1] "INFO: gene ENSG00000065559"
ERROR from TryCatch Block: cannot change working directory 
[1] "INFO: gene ENSG00000070366"
ERROR from TryCatch Block: cannot change working directory 
[1] "INFO: gene ENSG00000070444"
ERROR from TryCatch Block: cannot change working directory 
[1] "INFO: gene ENSG00000072310"
ERROR from TryCatch Block: cannot change working directory 
[1] "INFO: gene ENSG00000072778"
ERROR from TryCatch Block: cannot change working directory 
[1] "INFO: gene ENSG00000072818"
ERROR from TryCatch Block: cannot change working directory 
[1] "INFO: gene ENSG00000072849"
ERROR from TryCatch Block: cannot change working directory 
[1] "INFO: gene ENSG00000074356"
ERROR from TryCatch Block: cannot change working directory 
[1] "INFO: gene ENSG00000074370"
ERROR from TryCatch Block: cannot change working directory 
[1] "INFO: gene ENSG00000074660"
ERROR from TryCatch Block: cannot change working directory 
[1] "INFO: gene ENSG00000074755"
ERROR from TryCatch Block: cannot change working directory 
[1] "INFO: gene ENSG00000083454"
ERROR from TryCatch Block: cannot change working directory 
[1] "INFO: gene ENSG00000083457"
ERROR from TryCatch Block: cannot change working directory 
[1] "INFO: gene ENSG00000091536"
ERROR from TryCatch Block: cannot change working directory 
[1] "INFO: gene ENSG00000091542"
ERROR from TryCatch Block: cannot change working directory 
[1] "INFO: gene ENSG00000091592"
ERROR from TryCatch Block: cannot change working directory 
[1] "INFO: gene ENSG00000091622"
ERROR from TryCatch Block: cannot change working directory 
[1] "INFO: gene ENSG00000091640"
ERROR from TryCatch Block: cannot change working directory 
[1] "INFO: gene ENSG00000108381"
ERROR from TryCatch Block: cannot change working directory 
[1] "INFO: gene ENSG00000108405"
ERROR from TryCatch Block: cannot change working directory 
[1] "INFO: gene ENSG00000108448"
ERROR from TryCatch Block: cannot change working directory 
[1] "INFO: gene ENSG00000108474"
ERROR from TryCatch Block: cannot change working directory 
[1] "INFO: gene ENSG00000108509"
ERROR from TryCatch Block: cannot change working directory 
[1] "INFO: gene ENSG00000108515"
ERROR from TryCatch Block: cannot change working directory 
[1] "INFO: gene ENSG00000108518"
ERROR from TryCatch Block: cannot change working directory 
[1] "INFO: gene ENSG00000108523"
ERROR from TryCatch Block: cannot change working directory 
[1] "INFO: gene ENSG00000108528"
ERROR from TryCatch Block: cannot change working directory 
[1] "INFO: gene ENSG00000108551"
ERROR from TryCatch Block: cannot change working directory 
[1] "INFO: gene ENSG00000108556"
ERROR from TryCatch Block: cannot change working directory 
[1] "INFO: gene ENSG00000108557"
ERROR from TryCatch Block: cannot change working directory 
[1] "INFO: gene ENSG00000108559"
ERROR from TryCatch Block: cannot change working directory 
[1] "INFO: gene ENSG00000108561"
ERROR from TryCatch Block: cannot change working directory 
[1] "INFO: 14.29% processed"
[1] "INFO: gene ENSG00000108590"
ERROR from TryCatch Block: cannot change working directory 
[1] "INFO: gene ENSG00000108591"
ERROR from TryCatch Block: cannot change working directory 
[1] "INFO: gene ENSG00000108839"
ERROR from TryCatch Block: cannot change working directory 
[1] "INFO: gene ENSG00000108947"
ERROR from TryCatch Block: cannot change working directory 
[1] "INFO: gene ENSG00000108953"
ERROR from TryCatch Block: cannot change working directory 
[1] "INFO: gene ENSG00000108961"
ERROR from TryCatch Block: cannot change working directory 
[1] "INFO: gene ENSG00000108963"
ERROR from TryCatch Block: cannot change working directory 
[1] "INFO: gene ENSG00000109047"
ERROR from TryCatch Block: cannot change working directory 
[1] "INFO: gene ENSG00000109061"
ERROR from TryCatch Block: cannot change working directory 
[1] "INFO: gene ENSG00000109063"
ERROR from TryCatch Block: cannot change working directory 
[1] "INFO: gene ENSG00000109099"
ERROR from TryCatch Block: cannot change working directory 
[1] "INFO: gene ENSG00000125409"
ERROR from TryCatch Block: cannot change working directory 
[1] "INFO: gene ENSG00000125414"
ERROR from TryCatch Block: cannot change working directory 
[1] "INFO: gene ENSG00000125430"
ERROR from TryCatch Block: cannot change working directory 
[1] "INFO: gene ENSG00000125434"
ERROR from TryCatch Block: cannot change working directory 
[1] "INFO: gene ENSG00000127774"
ERROR from TryCatch Block: cannot change working directory 
[1] "INFO: gene ENSG00000127780"
ERROR from TryCatch Block: cannot change working directory 
[1] "INFO: gene ENSG00000127804"
ERROR from TryCatch Block: cannot change working directory 
[1] "INFO: gene ENSG00000129194"
ERROR from TryCatch Block: cannot change working directory 
[1] "INFO: gene ENSG00000129195"
ERROR from TryCatch Block: cannot change working directory 
[1] "INFO: gene ENSG00000129197"
ERROR from TryCatch Block: cannot change working directory 
[1] "INFO: gene ENSG00000129204"
ERROR from TryCatch Block: cannot change working directory 
[1] "INFO: gene ENSG00000129214"
ERROR from TryCatch Block: cannot change working directory 
[1] "INFO: gene ENSG00000129219"
ERROR from TryCatch Block: cannot change working directory 
[1] "INFO: gene ENSG00000129221"
ERROR from TryCatch Block: cannot change working directory 
[1] "INFO: gene ENSG00000129226"
ERROR from TryCatch Block: cannot change working directory 
[1] "INFO: gene ENSG00000129235"
ERROR from TryCatch Block: cannot change working directory 
[1] "INFO: gene ENSG00000129244"
ERROR from TryCatch Block: cannot change working directory 
[1] "INFO: gene ENSG00000129245"
ERROR from TryCatch Block: cannot change working directory 
[1] "INFO: gene ENSG00000129250"
ERROR from TryCatch Block: cannot change working directory 
[1] "INFO: gene ENSG00000129255"
ERROR from TryCatch Block: cannot change working directory 
[1] "INFO: gene ENSG00000131899"
ERROR from TryCatch Block: cannot change working directory 
[1] "INFO: gene ENSG00000132359"
ERROR from TryCatch Block: cannot change working directory 
[1] "INFO: gene ENSG00000132361"
ERROR from TryCatch Block: cannot change working directory 
[1] "INFO: gene ENSG00000132376"
ERROR from TryCatch Block: cannot change working directory 
[1] "INFO: gene ENSG00000132382"
ERROR from TryCatch Block: cannot change working directory 
[1] "INFO: gene ENSG00000132383"
ERROR from TryCatch Block: cannot change working directory 
[1] "INFO: gene ENSG00000132386"
ERROR from TryCatch Block: cannot change working directory 
[1] "INFO: gene ENSG00000132388"
ERROR from TryCatch Block: cannot change working directory 
[1] "INFO: gene ENSG00000132507"
ERROR from TryCatch Block: cannot change working directory 
[1] "INFO: gene ENSG00000132510"
ERROR from TryCatch Block: cannot change working directory 
[1] "INFO: gene ENSG00000132514"
ERROR from TryCatch Block: cannot change working directory 
[1] "INFO: gene ENSG00000132517"
ERROR from TryCatch Block: cannot change working directory 
[1] "INFO: gene ENSG00000132518"
ERROR from TryCatch Block: cannot change working directory 
[1] "INFO: gene ENSG00000132522"
ERROR from TryCatch Block: cannot change working directory 
[1] "INFO: gene ENSG00000132530"
ERROR from TryCatch Block: cannot change working directory 
[1] "INFO: gene ENSG00000132535"
ERROR from TryCatch Block: cannot change working directory 
[1] "INFO: gene ENSG00000133020"
ERROR from TryCatch Block: cannot change working directory 
[1] "INFO: gene ENSG00000133026"
ERROR from TryCatch Block: cannot change working directory 
[1] "INFO: gene ENSG00000133027"
ERROR from TryCatch Block: cannot change working directory 
[1] "INFO: 28.57% processed"
[1] "INFO: gene ENSG00000133028"
ERROR from TryCatch Block: cannot change working directory 
[1] "INFO: gene ENSG00000133030"
ERROR from TryCatch Block: cannot change working directory 
[1] "INFO: gene ENSG00000141026"
ERROR from TryCatch Block: cannot change working directory 
[1] "INFO: gene ENSG00000141027"
ERROR from TryCatch Block: cannot change working directory 
[1] "INFO: gene ENSG00000141030"
ERROR from TryCatch Block: cannot change working directory 
[1] "INFO: gene ENSG00000141034"
ERROR from TryCatch Block: cannot change working directory 
[1] "INFO: gene ENSG00000141040"
ERROR from TryCatch Block: cannot change working directory 
[1] "INFO: gene ENSG00000141052"
ERROR from TryCatch Block: cannot change working directory 
[1] "INFO: gene ENSG00000141127"
ERROR from TryCatch Block: cannot change working directory 
[1] "INFO: gene ENSG00000141252"
ERROR from TryCatch Block: cannot change working directory 
[1] "INFO: gene ENSG00000141255"
ERROR from TryCatch Block: cannot change working directory 
[1] "INFO: gene ENSG00000141258"
ERROR from TryCatch Block: cannot change working directory 
[1] "INFO: gene ENSG00000141456"
ERROR from TryCatch Block: cannot change working directory 
[1] "INFO: gene ENSG00000141480"
ERROR from TryCatch Block: cannot change working directory 
[1] "INFO: gene ENSG00000141485"
ERROR from TryCatch Block: cannot change working directory 
[1] "INFO: gene ENSG00000141497"
ERROR from TryCatch Block: cannot change working directory 
[1] "INFO: gene ENSG00000141499"
ERROR from TryCatch Block: cannot change working directory 
[1] "INFO: gene ENSG00000141503"
ERROR from TryCatch Block: cannot change working directory 
[1] "INFO: gene ENSG00000141504"
ERROR from TryCatch Block: cannot change working directory 
[1] "INFO: gene ENSG00000141505"
ERROR from TryCatch Block: cannot change working directory 
[1] "INFO: gene ENSG00000141506"
ERROR from TryCatch Block: cannot change working directory 
[1] "INFO: gene ENSG00000141510"
ERROR from TryCatch Block: cannot change working directory 
[1] "INFO: gene ENSG00000142484"
ERROR from TryCatch Block: cannot change working directory 
[1] "INFO: gene ENSG00000142507"
ERROR from TryCatch Block: cannot change working directory 
[1] "INFO: gene ENSG00000153976"
ERROR from TryCatch Block: cannot change working directory 
[1] "INFO: gene ENSG00000154016"
ERROR from TryCatch Block: cannot change working directory 
[1] "INFO: gene ENSG00000154025"
ERROR from TryCatch Block: cannot change working directory 
[1] "INFO: gene ENSG00000154803"
ERROR from TryCatch Block: cannot change working directory 
[1] "INFO: gene ENSG00000154914"
ERROR from TryCatch Block: cannot change working directory 
[1] "INFO: gene ENSG00000154957"
ERROR from TryCatch Block: cannot change working directory 
[1] "INFO: gene ENSG00000159842"
ERROR from TryCatch Block: cannot change working directory 
[1] "INFO: gene ENSG00000159961"
ERROR from TryCatch Block: cannot change working directory 
[1] "INFO: gene ENSG00000161905"
ERROR from TryCatch Block: cannot change working directory 
[1] "INFO: gene ENSG00000161920"
ERROR from TryCatch Block: cannot change working directory 
[1] "INFO: gene ENSG00000161921"
ERROR from TryCatch Block: cannot change working directory 
[1] "INFO: gene ENSG00000161929"
ERROR from TryCatch Block: cannot change working directory 
[1] "INFO: gene ENSG00000161940"
ERROR from TryCatch Block: cannot change working directory 
[1] "INFO: gene ENSG00000161944"
ERROR from TryCatch Block: cannot change working directory 
[1] "INFO: gene ENSG00000161955"
ERROR from TryCatch Block: cannot change working directory 
[1] "INFO: gene ENSG00000161956"
ERROR from TryCatch Block: cannot change working directory 
[1] "INFO: gene ENSG00000161958"
ERROR from TryCatch Block: cannot change working directory 
[1] "INFO: gene ENSG00000161960"
ERROR from TryCatch Block: cannot change working directory 
[1] "INFO: gene ENSG00000161970"
ERROR from TryCatch Block: cannot change working directory 
[1] "INFO: gene ENSG00000161973"
ERROR from TryCatch Block: cannot change working directory 
[1] "INFO: gene ENSG00000166579"
ERROR from TryCatch Block: cannot change working directory 
[1] "INFO: gene ENSG00000166582"
ERROR from TryCatch Block: cannot change working directory 
[1] "INFO: gene ENSG00000166596"
ERROR from TryCatch Block: cannot change working directory 
[1] "INFO: gene ENSG00000167193"
ERROR from TryCatch Block: cannot change working directory 
[1] "INFO: gene ENSG00000167693"
ERROR from TryCatch Block: cannot change working directory 
[1] "INFO: gene ENSG00000167695"
ERROR from TryCatch Block: cannot change working directory 
[1] "INFO: 42.86% processed"
[1] "INFO: gene ENSG00000167699"
ERROR from TryCatch Block: cannot change working directory 
[1] "INFO: gene ENSG00000167703"
ERROR from TryCatch Block: cannot change working directory 
[1] "INFO: gene ENSG00000167705"
ERROR from TryCatch Block: cannot change working directory 
[1] "INFO: gene ENSG00000167711"
ERROR from TryCatch Block: cannot change working directory 
[1] "INFO: gene ENSG00000167716"
ERROR from TryCatch Block: cannot change working directory 
[1] "INFO: gene ENSG00000167720"
ERROR from TryCatch Block: cannot change working directory 
[1] "INFO: gene ENSG00000167721"
ERROR from TryCatch Block: cannot change working directory 
[1] "INFO: gene ENSG00000167723"
ERROR from TryCatch Block: cannot change working directory 
[1] "INFO: gene ENSG00000167740"
ERROR from TryCatch Block: cannot change working directory 
[1] "INFO: gene ENSG00000167741"
ERROR from TryCatch Block: cannot change working directory 
[1] "INFO: gene ENSG00000167840"
ERROR from TryCatch Block: cannot change working directory 
[1] "INFO: gene ENSG00000167842"
ERROR from TryCatch Block: cannot change working directory 
[1] "INFO: gene ENSG00000167858"
ERROR from TryCatch Block: cannot change working directory 
[1] "INFO: gene ENSG00000167874"
ERROR from TryCatch Block: cannot change working directory 
[1] "INFO: gene ENSG00000169992"
ERROR from TryCatch Block: cannot change working directory 
[1] "INFO: gene ENSG00000170004"
ERROR from TryCatch Block: cannot change working directory 
[1] "INFO: gene ENSG00000170037"
ERROR from TryCatch Block: cannot change working directory 
[1] "INFO: gene ENSG00000170043"
ERROR from TryCatch Block: cannot change working directory 
[1] "INFO: gene ENSG00000170049"
ERROR from TryCatch Block: cannot change working directory 
[1] "INFO: gene ENSG00000170160"
ERROR from TryCatch Block: cannot change working directory 
[1] "INFO: gene ENSG00000170175"
ERROR from TryCatch Block: cannot change working directory 
[1] "INFO: gene ENSG00000170222"
ERROR from TryCatch Block: cannot change working directory 
[1] "INFO: gene ENSG00000170291"
ERROR from TryCatch Block: cannot change working directory 
[1] "INFO: gene ENSG00000170296"
ERROR from TryCatch Block: cannot change working directory 
[1] "INFO: gene ENSG00000170310"
ERROR from TryCatch Block: cannot change working directory 
[1] "INFO: gene ENSG00000170315"
ERROR from TryCatch Block: cannot change working directory 
[1] "INFO: gene ENSG00000170425"
ERROR from TryCatch Block: cannot change working directory 
[1] "INFO: gene ENSG00000171861"
ERROR from TryCatch Block: cannot change working directory 
[1] "INFO: gene ENSG00000171916"
ERROR from TryCatch Block: cannot change working directory 
[1] "INFO: gene ENSG00000171928"
ERROR from TryCatch Block: cannot change working directory 
[1] "INFO: gene ENSG00000171931"
ERROR from TryCatch Block: cannot change working directory 
[1] "INFO: gene ENSG00000171953"
ERROR from TryCatch Block: cannot change working directory 
[1] "INFO: gene ENSG00000171962"
ERROR from TryCatch Block: cannot change working directory 
[1] "INFO: gene ENSG00000172146"
ERROR from TryCatch Block: cannot change working directory 
[1] "INFO: gene ENSG00000172150"
ERROR from TryCatch Block: cannot change working directory 
[1] "INFO: gene ENSG00000174231"
ERROR from TryCatch Block: cannot change working directory 
[1] "INFO: gene ENSG00000174238"
ERROR from TryCatch Block: cannot change working directory 
[1] "INFO: gene ENSG00000174282"
ERROR from TryCatch Block: cannot change working directory 
[1] "INFO: gene ENSG00000174292"
ERROR from TryCatch Block: cannot change working directory 
[1] "INFO: gene ENSG00000174326"
ERROR from TryCatch Block: cannot change working directory 
[1] "INFO: gene ENSG00000174327"
ERROR from TryCatch Block: cannot change working directory 
[1] "INFO: gene ENSG00000175061"
ERROR from TryCatch Block: cannot change working directory 
[1] "INFO: gene ENSG00000175106"
ERROR from TryCatch Block: cannot change working directory 
[1] "INFO: gene ENSG00000175662"
ERROR from TryCatch Block: cannot change working directory 
[1] "INFO: gene ENSG00000175826"
ERROR from TryCatch Block: cannot change working directory 
[1] "INFO: gene ENSG00000176974"
ERROR from TryCatch Block: cannot change working directory 
[1] "INFO: gene ENSG00000176994"
ERROR from TryCatch Block: cannot change working directory 
[1] "INFO: gene ENSG00000177294"
ERROR from TryCatch Block: cannot change working directory 
[1] "INFO: gene ENSG00000177302"
ERROR from TryCatch Block: cannot change working directory 
[1] "INFO: gene ENSG00000177370"
ERROR from TryCatch Block: cannot change working directory 
[1] "INFO: 57.14% processed"
[1] "INFO: gene ENSG00000177374"
ERROR from TryCatch Block: cannot change working directory 
[1] "INFO: gene ENSG00000177427"
ERROR from TryCatch Block: cannot change working directory 
[1] "INFO: gene ENSG00000177602"
ERROR from TryCatch Block: cannot change working directory 
[1] "INFO: gene ENSG00000177731"
ERROR from TryCatch Block: cannot change working directory 
[1] "INFO: gene ENSG00000178921"
ERROR from TryCatch Block: cannot change working directory 
[1] "INFO: gene ENSG00000178971"
ERROR from TryCatch Block: cannot change working directory 
[1] "INFO: gene ENSG00000178977"
ERROR from TryCatch Block: cannot change working directory 
[1] "INFO: gene ENSG00000178999"
ERROR from TryCatch Block: cannot change working directory 
[1] "INFO: gene ENSG00000179029"
ERROR from TryCatch Block: cannot change working directory 
[1] "INFO: gene ENSG00000179094"
ERROR from TryCatch Block: cannot change working directory 
[1] "INFO: gene ENSG00000179111"
ERROR from TryCatch Block: cannot change working directory 
[1] "INFO: gene ENSG00000179136"
ERROR from TryCatch Block: cannot change working directory 
[1] "INFO: gene ENSG00000179148"
ERROR from TryCatch Block: cannot change working directory 
[1] "INFO: gene ENSG00000179314"
ERROR from TryCatch Block: cannot change working directory 
[1] "INFO: gene ENSG00000179409"
ERROR from TryCatch Block: cannot change working directory 
[1] "INFO: gene ENSG00000179477"
ERROR from TryCatch Block: cannot change working directory 
[1] "INFO: gene ENSG00000179593"
ERROR from TryCatch Block: cannot change working directory 
[1] "INFO: gene ENSG00000179598"
ERROR from TryCatch Block: cannot change working directory 
[1] "INFO: gene ENSG00000180016"
ERROR from TryCatch Block: cannot change working directory 
[1] "INFO: gene ENSG00000180090"
ERROR from TryCatch Block: cannot change working directory 
[1] "INFO: gene ENSG00000180626"
ERROR from TryCatch Block: cannot change working directory 
[1] "INFO: gene ENSG00000180787"
ERROR from TryCatch Block: cannot change working directory 
[1] "INFO: gene ENSG00000181031"
ERROR from TryCatch Block: cannot change working directory 
[1] "INFO: gene ENSG00000181222"
ERROR from TryCatch Block: cannot change working directory 
[1] "INFO: gene ENSG00000181284"
ERROR from TryCatch Block: cannot change working directory 
[1] "INFO: gene ENSG00000181323"
ERROR from TryCatch Block: cannot change working directory 
[1] "INFO: gene ENSG00000181350"
ERROR from TryCatch Block: cannot change working directory 
[1] "INFO: gene ENSG00000181856"
ERROR from TryCatch Block: cannot change working directory 
[1] "INFO: gene ENSG00000181885"
ERROR from TryCatch Block: cannot change working directory 
[1] "INFO: gene ENSG00000182224"
ERROR from TryCatch Block: cannot change working directory 
[1] "INFO: gene ENSG00000182327"
ERROR from TryCatch Block: cannot change working directory 
[1] "INFO: gene ENSG00000182557"
ERROR from TryCatch Block: cannot change working directory 
[1] "INFO: gene ENSG00000182853"
ERROR from TryCatch Block: cannot change working directory 
[1] "INFO: gene ENSG00000182896"
ERROR from TryCatch Block: cannot change working directory 
[1] "INFO: gene ENSG00000183011"
ERROR from TryCatch Block: cannot change working directory 
[1] "INFO: gene ENSG00000183018"
ERROR from TryCatch Block: cannot change working directory 
[1] "INFO: gene ENSG00000183024"
ERROR from TryCatch Block: cannot change working directory 
[1] "INFO: gene ENSG00000183318"
ERROR from TryCatch Block: cannot change working directory 
[1] "INFO: gene ENSG00000183688"
ERROR from TryCatch Block: cannot change working directory 
[1] "INFO: gene ENSG00000183914"
ERROR from TryCatch Block: cannot change working directory 
[1] "INFO: gene ENSG00000184166"
ERROR from TryCatch Block: cannot change working directory 
[1] "INFO: gene ENSG00000184544"
ERROR from TryCatch Block: cannot change working directory 
[1] "INFO: gene ENSG00000184560"
ERROR from TryCatch Block: cannot change working directory 
[1] "INFO: gene ENSG00000184619"
ERROR from TryCatch Block: cannot change working directory 
[1] "INFO: gene ENSG00000184650"
ERROR from TryCatch Block: cannot change working directory 
[1] "INFO: gene ENSG00000184811"
ERROR from TryCatch Block: cannot change working directory 
[1] "INFO: gene ENSG00000185156"
ERROR from TryCatch Block: cannot change working directory 
[1] "INFO: gene ENSG00000185245"
ERROR from TryCatch Block: cannot change working directory 
[1] "INFO: gene ENSG00000185561"
ERROR from TryCatch Block: cannot change working directory 
[1] "INFO: gene ENSG00000185722"
ERROR from TryCatch Block: cannot change working directory 
[1] "INFO: 71.43% processed"
[1] "INFO: gene ENSG00000185924"
ERROR from TryCatch Block: cannot change working directory 
[1] "INFO: gene ENSG00000186532"
ERROR from TryCatch Block: cannot change working directory 
[1] "INFO: gene ENSG00000186594"
ERROR from TryCatch Block: cannot change working directory 
[1] "INFO: gene ENSG00000187607"
ERROR from TryCatch Block: cannot change working directory 
[1] "INFO: gene ENSG00000187624"
ERROR from TryCatch Block: cannot change working directory 
[1] "INFO: gene ENSG00000187688"
ERROR from TryCatch Block: cannot change working directory 
[1] "INFO: gene ENSG00000187824"
ERROR from TryCatch Block: cannot change working directory 
[1] "INFO: gene ENSG00000187838"
ERROR from TryCatch Block: cannot change working directory 
[1] "INFO: gene ENSG00000188176"
ERROR from TryCatch Block: cannot change working directory 
[1] "INFO: gene ENSG00000188522"
ERROR from TryCatch Block: cannot change working directory 
[1] "INFO: gene ENSG00000188803"
ERROR from TryCatch Block: cannot change working directory 
[1] "INFO: gene ENSG00000189051"
ERROR from TryCatch Block: cannot change working directory 
[1] "INFO: gene ENSG00000189375"
ERROR from TryCatch Block: cannot change working directory 
[1] "INFO: gene ENSG00000196388"
ERROR from TryCatch Block: cannot change working directory 
[1] "INFO: gene ENSG00000196544"
ERROR from TryCatch Block: cannot change working directory 
[1] "INFO: gene ENSG00000196689"
ERROR from TryCatch Block: cannot change working directory 
[1] "INFO: gene ENSG00000197417"
ERROR from TryCatch Block: cannot change working directory 
[1] "INFO: gene ENSG00000197879"
ERROR from TryCatch Block: cannot change working directory 
[1] "INFO: gene ENSG00000198844"
ERROR from TryCatch Block: cannot change working directory 
[1] "INFO: gene ENSG00000198920"
ERROR from TryCatch Block: cannot change working directory 
[1] "INFO: gene ENSG00000205325"
ERROR from TryCatch Block: cannot change working directory 
[1] "INFO: gene ENSG00000205710"
ERROR from TryCatch Block: cannot change working directory 
[1] "INFO: gene ENSG00000205899"
ERROR from TryCatch Block: cannot change working directory 
[1] "INFO: gene ENSG00000207839"
ERROR from TryCatch Block: cannot change working directory 
[1] "INFO: gene ENSG00000213077"
ERROR from TryCatch Block: cannot change working directory 
[1] "INFO: gene ENSG00000213977"
ERROR from TryCatch Block: cannot change working directory 
[1] "INFO: gene ENSG00000214860"
ERROR from TryCatch Block: cannot change working directory 
[1] "INFO: gene ENSG00000214946"
ERROR from TryCatch Block: cannot change working directory 
[1] "INFO: gene ENSG00000214978"
ERROR from TryCatch Block: cannot change working directory 
[1] "INFO: gene ENSG00000214999"
ERROR from TryCatch Block: cannot change working directory 
[1] "INFO: gene ENSG00000215067"
ERROR from TryCatch Block: cannot change working directory 
[1] "INFO: gene ENSG00000219200"
ERROR from TryCatch Block: cannot change working directory 
[1] "INFO: gene ENSG00000220161"
ERROR from TryCatch Block: cannot change working directory 
[1] "INFO: gene ENSG00000220205"
ERROR from TryCatch Block: cannot change working directory 
[1] "INFO: gene ENSG00000221355"
ERROR from TryCatch Block: cannot change working directory 
[1] "INFO: gene ENSG00000221698"
ERROR from TryCatch Block: cannot change working directory 
[1] "INFO: gene ENSG00000221882"
ERROR from TryCatch Block: cannot change working directory 
[1] "INFO: gene ENSG00000221926"
ERROR from TryCatch Block: cannot change working directory 
[1] "INFO: gene ENSG00000223510"
ERROR from TryCatch Block: cannot change working directory 
[1] "INFO: gene ENSG00000223979"
ERROR from TryCatch Block: cannot change working directory 
[1] "INFO: gene ENSG00000226130"
ERROR from TryCatch Block: cannot change working directory 
[1] "INFO: gene ENSG00000230647"
ERROR from TryCatch Block: cannot change working directory 
[1] "INFO: gene ENSG00000230709"
ERROR from TryCatch Block: cannot change working directory 
[1] "INFO: gene ENSG00000230969"
ERROR from TryCatch Block: cannot change working directory 
[1] "INFO: gene ENSG00000230971"
ERROR from TryCatch Block: cannot change working directory 
[1] "INFO: gene ENSG00000232058"
ERROR from TryCatch Block: cannot change working directory 
[1] "INFO: gene ENSG00000233193"
ERROR from TryCatch Block: cannot change working directory 
[1] "INFO: gene ENSG00000233670"
ERROR from TryCatch Block: cannot change working directory 
[1] "INFO: gene ENSG00000233852"
ERROR from TryCatch Block: cannot change working directory 
[1] "INFO: gene ENSG00000234634"
ERROR from TryCatch Block: cannot change working directory 
[1] "INFO: 85.71% processed"
[1] "INFO: gene ENSG00000237057"
ERROR from TryCatch Block: cannot change working directory 
[1] "INFO: gene ENSG00000237377"
ERROR from TryCatch Block: cannot change working directory 
[1] "INFO: gene ENSG00000238212"
ERROR from TryCatch Block: cannot change working directory 
[1] "INFO: gene ENSG00000239704"
ERROR from TryCatch Block: cannot change working directory 
[1] "INFO: gene ENSG00000241322"
ERROR from TryCatch Block: cannot change working directory 
[1] "INFO: gene ENSG00000249459"
ERROR from TryCatch Block: cannot change working directory 
[1] "INFO: gene ENSG00000259944"
ERROR from TryCatch Block: cannot change working directory 
[1] "INFO: gene ENSG00000260328"
ERROR from TryCatch Block: cannot change working directory 
[1] "INFO: gene ENSG00000261433"
ERROR from TryCatch Block: cannot change working directory 
[1] "INFO: gene ENSG00000261848"
ERROR from TryCatch Block: cannot change working directory 
[1] "INFO: gene ENSG00000261863"
ERROR from TryCatch Block: cannot change working directory 
[1] "INFO: gene ENSG00000262003"
ERROR from TryCatch Block: cannot change working directory 
[1] "INFO: gene ENSG00000262213"
ERROR from TryCatch Block: cannot change working directory 
[1] "INFO: gene ENSG00000262228"
ERROR from TryCatch Block: cannot change working directory 
[1] "INFO: gene ENSG00000262628"
ERROR from TryCatch Block: cannot change working directory 
[1] "INFO: gene ENSG00000262786"
ERROR from TryCatch Block: cannot change working directory 
[1] "INFO: gene ENSG00000262921"
ERROR from TryCatch Block: cannot change working directory 
[1] "INFO: gene ENSG00000263050"
ERROR from TryCatch Block: cannot change working directory 
[1] "INFO: gene ENSG00000263312"
ERROR from TryCatch Block: cannot change working directory 
[1] "INFO: gene ENSG00000263429"
ERROR from TryCatch Block: cannot change working directory 
[1] "INFO: gene ENSG00000263508"
ERROR from TryCatch Block: cannot change working directory 
[1] "INFO: gene ENSG00000264016"
ERROR from TryCatch Block: cannot change working directory 
[1] "INFO: gene ENSG00000264424"
ERROR from TryCatch Block: cannot change working directory 
[1] "INFO: gene ENSG00000264429"
ERROR from TryCatch Block: cannot change working directory 
[1] "INFO: gene ENSG00000264727"
ERROR from TryCatch Block: cannot change working directory 
[1] "INFO: gene ENSG00000264729"
ERROR from TryCatch Block: cannot change working directory 
[1] "INFO: gene ENSG00000264765"
ERROR from TryCatch Block: cannot change working directory 
[1] "INFO: gene ENSG00000265110"
ERROR from TryCatch Block: cannot change working directory 
[1] "INFO: gene ENSG00000265163"
ERROR from TryCatch Block: cannot change working directory 
[1] "INFO: gene ENSG00000265400"
ERROR from TryCatch Block: cannot change working directory 
[1] "INFO: gene ENSG00000265478"
ERROR from TryCatch Block: cannot change working directory 
[1] "INFO: gene ENSG00000265494"
ERROR from TryCatch Block: cannot change working directory 
[1] "INFO: gene ENSG00000265503"
ERROR from TryCatch Block: cannot change working directory 
[1] "INFO: gene ENSG00000265519"
ERROR from TryCatch Block: cannot change working directory 
[1] "INFO: gene ENSG00000265975"
ERROR from TryCatch Block: cannot change working directory 
[1] "INFO: gene ENSG00000266114"
ERROR from TryCatch Block: cannot change working directory 
[1] "INFO: gene ENSG00000266297"
ERROR from TryCatch Block: cannot change working directory 
[1] "INFO: gene ENSG00000266378"
ERROR from TryCatch Block: cannot change working directory 
[1] "INFO: gene ENSG00000266389"
ERROR from TryCatch Block: cannot change working directory 
[1] "INFO: gene ENSG00000266498"
ERROR from TryCatch Block: cannot change working directory 
[1] "INFO: gene ENSG00000266538"
ERROR from TryCatch Block: cannot change working directory 
[1] "INFO: gene ENSG00000266651"
ERROR from TryCatch Block: cannot change working directory 
[1] "INFO: gene ENSG00000266667"
ERROR from TryCatch Block: cannot change working directory 
[1] "INFO: gene ENSG00000266709"
ERROR from TryCatch Block: cannot change working directory 
[1] "INFO: gene ENSG00000266744"
ERROR from TryCatch Block: cannot change working directory 
[1] "INFO: gene ENSG00000267195"
ERROR from TryCatch Block: cannot change working directory 
[1] "INFO: gene ENSG00000267200"
ERROR from TryCatch Block: cannot change working directory 
[1] "INFO: gene ENSG00000272636"
ERROR from TryCatch Block: cannot change working directory 
[1] "INFO: gene ENSG00000272911"
ERROR from TryCatch Block: cannot change working directory 
[1] "INFO: gene ENSG00000273098"
ERROR from TryCatch Block: cannot change working directory 
[1] "INFO: 100% processed"
[1] "INFO: gene ENSG00000273172"
ERROR from TryCatch Block: cannot change working directory 
Time difference of 0.6333487 secs
