
The following have been reloaded with a version change:
  1) GDAL/2.2.3-foss-2016b => GDAL/2.1.1-foss-2016b
  2) HDF5/1.10.1-foss-2016b-serial => HDF5/1.8.18-foss-2016b
  3) HarfBuzz/1.4.3-foss-2016b => HarfBuzz/1.3.1-foss-2016b
  4) R/3.5.0-foss-2016b-avx2 => R/3.4.1-foss-2016b
  5) Szip/2.1.1-foss-2016b => Szip/2.1-foss-2016b
  6) Tcl/8.6.7-foss-2016b => Tcl/8.6.5-foss-2016b
  7) Tk/8.6.7-foss-2016b => Tk/8.6.5-foss-2016b
  8) bzip2/1.0.6-GCCcore-5.4.0 => bzip2/1.0.6-foss-2016b
  9) freetype/2.7.1-GCCcore-5.4.0 => freetype/2.6.5-foss-2016b
 10) libpng/1.6.28-GCCcore-5.4.0 => libpng/1.6.24-foss-2016b
 11) netCDF/4.5.0-foss-2016b => netCDF/4.4.1-foss-2016b

[1] "INFO: gene ENSG00000005801"
[1] "/gpfs/loomis/scratch60/zhao/zy92/GTEX/adjusted_expr1/chr11/ENSG00000005801"
[1] "INFO: gene ENSG00000021762"
[1] "/gpfs/loomis/scratch60/zhao/zy92/GTEX/adjusted_expr1/chr11/ENSG00000021762"
[1] "INFO: gene ENSG00000050165"
[1] "/gpfs/loomis/scratch60/zhao/zy92/GTEX/adjusted_expr1/chr11/ENSG00000050165"
[1] "INFO: gene ENSG00000064201"
[1] "/gpfs/loomis/scratch60/zhao/zy92/GTEX/adjusted_expr1/chr11/ENSG00000064201"
[1] "INFO: gene ENSG00000069696"
[1] "/gpfs/loomis/scratch60/zhao/zy92/GTEX/adjusted_expr1/chr11/ENSG00000069696"
[1] "INFO: gene ENSG00000070031"
[1] "/gpfs/loomis/scratch60/zhao/zy92/GTEX/adjusted_expr1/chr11/ENSG00000070031"
[1] "INFO: gene ENSG00000070047"
[1] "/gpfs/loomis/scratch60/zhao/zy92/GTEX/adjusted_expr1/chr11/ENSG00000070047"
[1] "INFO: gene ENSG00000072952"
[1] "/gpfs/loomis/scratch60/zhao/zy92/GTEX/adjusted_expr1/chr11/ENSG00000072952"
[1] "INFO: gene ENSG00000078902"
[1] "/gpfs/loomis/scratch60/zhao/zy92/GTEX/adjusted_expr1/chr11/ENSG00000078902"
[1] "INFO: gene ENSG00000099834"
[1] "/gpfs/loomis/scratch60/zhao/zy92/GTEX/adjusted_expr1/chr11/ENSG00000099834"
[1] "INFO: gene ENSG00000099849"
[1] "/gpfs/loomis/scratch60/zhao/zy92/GTEX/adjusted_expr1/chr11/ENSG00000099849"
[1] "INFO: gene ENSG00000110315"
[1] "/gpfs/loomis/scratch60/zhao/zy92/GTEX/adjusted_expr1/chr11/ENSG00000110315"
[1] "INFO: gene ENSG00000110321"
[1] "/gpfs/loomis/scratch60/zhao/zy92/GTEX/adjusted_expr1/chr11/ENSG00000110321"
[1] "INFO: gene ENSG00000110328"
[1] "/gpfs/loomis/scratch60/zhao/zy92/GTEX/adjusted_expr1/chr11/ENSG00000110328"
[1] "INFO: gene ENSG00000110619"
[1] "/gpfs/loomis/scratch60/zhao/zy92/GTEX/adjusted_expr1/chr11/ENSG00000110619"
[1] "INFO: gene ENSG00000110651"
[1] "/gpfs/loomis/scratch60/zhao/zy92/GTEX/adjusted_expr1/chr11/ENSG00000110651"
[1] "INFO: gene ENSG00000110665"
[1] "/gpfs/loomis/scratch60/zhao/zy92/GTEX/adjusted_expr1/chr11/ENSG00000110665"
[1] "INFO: gene ENSG00000110713"
[1] "/gpfs/loomis/scratch60/zhao/zy92/GTEX/adjusted_expr1/chr11/ENSG00000110713"
[1] "INFO: gene ENSG00000117983"
[1] "/gpfs/loomis/scratch60/zhao/zy92/GTEX/adjusted_expr1/chr11/ENSG00000117983"
[1] "INFO: gene ENSG00000117984"
[1] "/gpfs/loomis/scratch60/zhao/zy92/GTEX/adjusted_expr1/chr11/ENSG00000117984"
[1] "INFO: gene ENSG00000129744"
[1] "/gpfs/loomis/scratch60/zhao/zy92/GTEX/adjusted_expr1/chr11/ENSG00000129744"
[1] "INFO: gene ENSG00000129749"
[1] "/gpfs/loomis/scratch60/zhao/zy92/GTEX/adjusted_expr1/chr11/ENSG00000129749"
[1] "INFO: gene ENSG00000129965"
[1] "/gpfs/loomis/scratch60/zhao/zy92/GTEX/adjusted_expr1/chr11/ENSG00000129965"
[1] "INFO: gene ENSG00000130592"
[1] "/gpfs/loomis/scratch60/zhao/zy92/GTEX/adjusted_expr1/chr11/ENSG00000130592"
[1] "INFO: gene ENSG00000130595"
[1] "/gpfs/loomis/scratch60/zhao/zy92/GTEX/adjusted_expr1/chr11/ENSG00000130595"
[1] "INFO: gene ENSG00000130598"
[1] "/gpfs/loomis/scratch60/zhao/zy92/GTEX/adjusted_expr1/chr11/ENSG00000130598"
[1] "INFO: gene ENSG00000132109"
[1] "/gpfs/loomis/scratch60/zhao/zy92/GTEX/adjusted_expr1/chr11/ENSG00000132109"
[1] "INFO: gene ENSG00000133789"
[1] "/gpfs/loomis/scratch60/zhao/zy92/GTEX/adjusted_expr1/chr11/ENSG00000133789"
[1] "INFO: gene ENSG00000133794"
[1] "/gpfs/loomis/scratch60/zhao/zy92/GTEX/adjusted_expr1/chr11/ENSG00000133794"
[1] "INFO: gene ENSG00000133800"
[1] "/gpfs/loomis/scratch60/zhao/zy92/GTEX/adjusted_expr1/chr11/ENSG00000133800"
[1] "INFO: gene ENSG00000133805"
[1] "/gpfs/loomis/scratch60/zhao/zy92/GTEX/adjusted_expr1/chr11/ENSG00000133805"
[1] "INFO: gene ENSG00000133808"
[1] "/gpfs/loomis/scratch60/zhao/zy92/GTEX/adjusted_expr1/chr11/ENSG00000133808"
[1] "INFO: gene ENSG00000133812"
[1] "/gpfs/loomis/scratch60/zhao/zy92/GTEX/adjusted_expr1/chr11/ENSG00000133812"
[1] "INFO: gene ENSG00000133816"
[1] "/gpfs/loomis/scratch60/zhao/zy92/GTEX/adjusted_expr1/chr11/ENSG00000133816"
[1] "INFO: gene ENSG00000142082"
[1] "/gpfs/loomis/scratch60/zhao/zy92/GTEX/adjusted_expr1/chr11/ENSG00000142082"
[1] "INFO: gene ENSG00000142089"
[1] "/gpfs/loomis/scratch60/zhao/zy92/GTEX/adjusted_expr1/chr11/ENSG00000142089"
[1] "INFO: gene ENSG00000142102"
[1] "/gpfs/loomis/scratch60/zhao/zy92/GTEX/adjusted_expr1/chr11/ENSG00000142102"
[1] "INFO: gene ENSG00000148926"
[1] "/gpfs/loomis/scratch60/zhao/zy92/GTEX/adjusted_expr1/chr11/ENSG00000148926"
[1] "INFO: gene ENSG00000148985"
[1] "/gpfs/loomis/scratch60/zhao/zy92/GTEX/adjusted_expr1/chr11/ENSG00000148985"
[1] "INFO: gene ENSG00000149043"
[1] "/gpfs/loomis/scratch60/zhao/zy92/GTEX/adjusted_expr1/chr11/ENSG00000149043"
[1] "INFO: gene ENSG00000161328"
[1] "/gpfs/loomis/scratch60/zhao/zy92/GTEX/adjusted_expr1/chr11/ENSG00000161328"
[1] "INFO: gene ENSG00000166471"
[1] "/gpfs/loomis/scratch60/zhao/zy92/GTEX/adjusted_expr1/chr11/ENSG00000166471"
[1] "INFO: gene ENSG00000166478"
[1] "/gpfs/loomis/scratch60/zhao/zy92/GTEX/adjusted_expr1/chr11/ENSG00000166478"
[1] "INFO: gene ENSG00000166483"
[1] "/gpfs/loomis/scratch60/zhao/zy92/GTEX/adjusted_expr1/chr11/ENSG00000166483"
[1] "INFO: gene ENSG00000167244"
[1] "/gpfs/loomis/scratch60/zhao/zy92/GTEX/adjusted_expr1/chr11/ENSG00000167244"
[1] "INFO: gene ENSG00000167311"
[1] "/gpfs/loomis/scratch60/zhao/zy92/GTEX/adjusted_expr1/chr11/ENSG00000167311"
[1] "INFO: gene ENSG00000167323"
[1] "/gpfs/loomis/scratch60/zhao/zy92/GTEX/adjusted_expr1/chr11/ENSG00000167323"
[1] "INFO: gene ENSG00000167325"
[1] "/gpfs/loomis/scratch60/zhao/zy92/GTEX/adjusted_expr1/chr11/ENSG00000167325"
[1] "INFO: gene ENSG00000167332"
[1] "/gpfs/loomis/scratch60/zhao/zy92/GTEX/adjusted_expr1/chr11/ENSG00000167332"
[1] "INFO: 33.56% processed"
[1] "INFO: gene ENSG00000167333"
[1] "/gpfs/loomis/scratch60/zhao/zy92/GTEX/adjusted_expr1/chr11/ENSG00000167333"
[1] "INFO: gene ENSG00000167346"
[1] "/gpfs/loomis/scratch60/zhao/zy92/GTEX/adjusted_expr1/chr11/ENSG00000167346"
[1] "INFO: gene ENSG00000170242"
[1] "/gpfs/loomis/scratch60/zhao/zy92/GTEX/adjusted_expr1/chr11/ENSG00000170242"
[1] "INFO: gene ENSG00000171944"
[1] "/gpfs/loomis/scratch60/zhao/zy92/GTEX/adjusted_expr1/chr11/ENSG00000171944"
[1] "INFO: gene ENSG00000171987"
[1] "/gpfs/loomis/scratch60/zhao/zy92/GTEX/adjusted_expr1/chr11/ENSG00000171987"
[1] "INFO: gene ENSG00000174672"
[1] "/gpfs/loomis/scratch60/zhao/zy92/GTEX/adjusted_expr1/chr11/ENSG00000174672"
[1] "INFO: gene ENSG00000174775"
[1] "/gpfs/loomis/scratch60/zhao/zy92/GTEX/adjusted_expr1/chr11/ENSG00000174775"
[1] "INFO: gene ENSG00000174885"
[1] "/gpfs/loomis/scratch60/zhao/zy92/GTEX/adjusted_expr1/chr11/ENSG00000174885"
[1] "INFO: gene ENSG00000175348"
[1] "/gpfs/loomis/scratch60/zhao/zy92/GTEX/adjusted_expr1/chr11/ENSG00000175348"
[1] "INFO: gene ENSG00000175352"
[1] "/gpfs/loomis/scratch60/zhao/zy92/GTEX/adjusted_expr1/chr11/ENSG00000175352"
[1] "INFO: gene ENSG00000175356"
[1] "/gpfs/loomis/scratch60/zhao/zy92/GTEX/adjusted_expr1/chr11/ENSG00000175356"
[1] "INFO: gene ENSG00000176742"
[1] "/gpfs/loomis/scratch60/zhao/zy92/GTEX/adjusted_expr1/chr11/ENSG00000176742"
[1] "INFO: gene ENSG00000176787"
[1] "/gpfs/loomis/scratch60/zhao/zy92/GTEX/adjusted_expr1/chr11/ENSG00000176787"
[1] "INFO: gene ENSG00000176798"
[1] "/gpfs/loomis/scratch60/zhao/zy92/GTEX/adjusted_expr1/chr11/ENSG00000176798"
[1] "INFO: gene ENSG00000176893"
[1] "/gpfs/loomis/scratch60/zhao/zy92/GTEX/adjusted_expr1/chr11/ENSG00000176893"
[1] "INFO: gene ENSG00000176895"
[1] "/gpfs/loomis/scratch60/zhao/zy92/GTEX/adjusted_expr1/chr11/ENSG00000176895"
[1] "INFO: gene ENSG00000176900"
[1] "/gpfs/loomis/scratch60/zhao/zy92/GTEX/adjusted_expr1/chr11/ENSG00000176900"
[1] "INFO: gene ENSG00000176904"
[1] "/gpfs/loomis/scratch60/zhao/zy92/GTEX/adjusted_expr1/chr11/ENSG00000176904"
[1] "INFO: gene ENSG00000176922"
[1] "/gpfs/loomis/scratch60/zhao/zy92/GTEX/adjusted_expr1/chr11/ENSG00000176922"
[1] "INFO: gene ENSG00000176925"
[1] "/gpfs/loomis/scratch60/zhao/zy92/GTEX/adjusted_expr1/chr11/ENSG00000176925"
[1] "INFO: gene ENSG00000177030"
[1] "/gpfs/loomis/scratch60/zhao/zy92/GTEX/adjusted_expr1/chr11/ENSG00000177030"
[1] "INFO: gene ENSG00000177042"
[1] "/gpfs/loomis/scratch60/zhao/zy92/GTEX/adjusted_expr1/chr11/ENSG00000177042"
[1] "INFO: gene ENSG00000177105"
[1] "/gpfs/loomis/scratch60/zhao/zy92/GTEX/adjusted_expr1/chr11/ENSG00000177105"
[1] "INFO: gene ENSG00000177106"
[1] "/gpfs/loomis/scratch60/zhao/zy92/GTEX/adjusted_expr1/chr11/ENSG00000177106"
[1] "INFO: gene ENSG00000177156"
[1] "/gpfs/loomis/scratch60/zhao/zy92/GTEX/adjusted_expr1/chr11/ENSG00000177156"
[1] "INFO: gene ENSG00000177225"
[1] "/gpfs/loomis/scratch60/zhao/zy92/GTEX/adjusted_expr1/chr11/ENSG00000177225"
[1] "INFO: gene ENSG00000177542"
[1] "/gpfs/loomis/scratch60/zhao/zy92/GTEX/adjusted_expr1/chr11/ENSG00000177542"
[1] "INFO: gene ENSG00000177595"
[1] "/gpfs/loomis/scratch60/zhao/zy92/GTEX/adjusted_expr1/chr11/ENSG00000177595"
[1] "INFO: gene ENSG00000177600"
[1] "/gpfs/loomis/scratch60/zhao/zy92/GTEX/adjusted_expr1/chr11/ENSG00000177600"
[1] "INFO: gene ENSG00000177666"
[1] "/gpfs/loomis/scratch60/zhao/zy92/GTEX/adjusted_expr1/chr11/ENSG00000177666"
[1] "INFO: gene ENSG00000177685"
[1] "/gpfs/loomis/scratch60/zhao/zy92/GTEX/adjusted_expr1/chr11/ENSG00000177685"
[1] "INFO: gene ENSG00000177697"
[1] "/gpfs/loomis/scratch60/zhao/zy92/GTEX/adjusted_expr1/chr11/ENSG00000177697"
[1] "INFO: gene ENSG00000177700"
[1] "/gpfs/loomis/scratch60/zhao/zy92/GTEX/adjusted_expr1/chr11/ENSG00000177700"
[1] "INFO: gene ENSG00000177830"
[1] "/gpfs/loomis/scratch60/zhao/zy92/GTEX/adjusted_expr1/chr11/ENSG00000177830"
[1] "INFO: gene ENSG00000177947"
[1] "/gpfs/loomis/scratch60/zhao/zy92/GTEX/adjusted_expr1/chr11/ENSG00000177947"
[1] "INFO: gene ENSG00000177951"
[1] "/gpfs/loomis/scratch60/zhao/zy92/GTEX/adjusted_expr1/chr11/ENSG00000177951"
[1] "INFO: gene ENSG00000177963"
[1] "/gpfs/loomis/scratch60/zhao/zy92/GTEX/adjusted_expr1/chr11/ENSG00000177963"
[1] "INFO: gene ENSG00000180176"
[1] "/gpfs/loomis/scratch60/zhao/zy92/GTEX/adjusted_expr1/chr11/ENSG00000180176"
[1] "INFO: gene ENSG00000180785"
[1] "/gpfs/loomis/scratch60/zhao/zy92/GTEX/adjusted_expr1/chr11/ENSG00000180785"
[1] "INFO: gene ENSG00000181649"
[1] "/gpfs/loomis/scratch60/zhao/zy92/GTEX/adjusted_expr1/chr11/ENSG00000181649"
[1] "INFO: gene ENSG00000181963"
[1] "/gpfs/loomis/scratch60/zhao/zy92/GTEX/adjusted_expr1/chr11/ENSG00000181963"
[1] "INFO: gene ENSG00000182070"
[1] "/gpfs/loomis/scratch60/zhao/zy92/GTEX/adjusted_expr1/chr11/ENSG00000182070"
[1] "INFO: gene ENSG00000182170"
[1] "/gpfs/loomis/scratch60/zhao/zy92/GTEX/adjusted_expr1/chr11/ENSG00000182170"
[1] "INFO: gene ENSG00000182208"
[1] "/gpfs/loomis/scratch60/zhao/zy92/GTEX/adjusted_expr1/chr11/ENSG00000182208"
[1] "INFO: gene ENSG00000182272"
[1] "/gpfs/loomis/scratch60/zhao/zy92/GTEX/adjusted_expr1/chr11/ENSG00000182272"
[1] "INFO: gene ENSG00000183562"
[1] "/gpfs/loomis/scratch60/zhao/zy92/GTEX/adjusted_expr1/chr11/ENSG00000183562"
[1] "INFO: gene ENSG00000183734"
[1] "/gpfs/loomis/scratch60/zhao/zy92/GTEX/adjusted_expr1/chr11/ENSG00000183734"
[1] "INFO: gene ENSG00000184014"
[1] "/gpfs/loomis/scratch60/zhao/zy92/GTEX/adjusted_expr1/chr11/ENSG00000184014"
[1] "INFO: gene ENSG00000184350"
[1] "/gpfs/loomis/scratch60/zhao/zy92/GTEX/adjusted_expr1/chr11/ENSG00000184350"
[1] "INFO: gene ENSG00000184363"
[1] "/gpfs/loomis/scratch60/zhao/zy92/GTEX/adjusted_expr1/chr11/ENSG00000184363"
[1] "INFO: 67.11% processed"
[1] "INFO: gene ENSG00000184524"
[1] "/gpfs/loomis/scratch60/zhao/zy92/GTEX/adjusted_expr1/chr11/ENSG00000184524"
[1] "INFO: gene ENSG00000184545"
[1] "/gpfs/loomis/scratch60/zhao/zy92/GTEX/adjusted_expr1/chr11/ENSG00000184545"
[1] "INFO: gene ENSG00000185101"
[1] "/gpfs/loomis/scratch60/zhao/zy92/GTEX/adjusted_expr1/chr11/ENSG00000185101"
[1] "INFO: gene ENSG00000185187"
[1] "/gpfs/loomis/scratch60/zhao/zy92/GTEX/adjusted_expr1/chr11/ENSG00000185187"
[1] "INFO: gene ENSG00000185201"
[1] "/gpfs/loomis/scratch60/zhao/zy92/GTEX/adjusted_expr1/chr11/ENSG00000185201"
[1] "INFO: gene ENSG00000185507"
[1] "/gpfs/loomis/scratch60/zhao/zy92/GTEX/adjusted_expr1/chr11/ENSG00000185507"
[1] "INFO: gene ENSG00000185522"
[1] "/gpfs/loomis/scratch60/zhao/zy92/GTEX/adjusted_expr1/chr11/ENSG00000185522"
[1] "INFO: gene ENSG00000185627"
[1] "/gpfs/loomis/scratch60/zhao/zy92/GTEX/adjusted_expr1/chr11/ENSG00000185627"
[1] "INFO: gene ENSG00000185885"
[1] "/gpfs/loomis/scratch60/zhao/zy92/GTEX/adjusted_expr1/chr11/ENSG00000185885"
[1] "INFO: gene ENSG00000185940"
[1] "/gpfs/loomis/scratch60/zhao/zy92/GTEX/adjusted_expr1/chr11/ENSG00000185940"
[1] "INFO: gene ENSG00000187079"
[1] "/gpfs/loomis/scratch60/zhao/zy92/GTEX/adjusted_expr1/chr11/ENSG00000187079"
[1] "INFO: gene ENSG00000188076"
[1] "/gpfs/loomis/scratch60/zhao/zy92/GTEX/adjusted_expr1/chr11/ENSG00000188076"
[1] "INFO: gene ENSG00000196224"
[1] "/gpfs/loomis/scratch60/zhao/zy92/GTEX/adjusted_expr1/chr11/ENSG00000196224"
[1] "INFO: gene ENSG00000196565"
[1] "/gpfs/loomis/scratch60/zhao/zy92/GTEX/adjusted_expr1/chr11/ENSG00000196565"
[1] "INFO: gene ENSG00000196778"
[1] "/gpfs/loomis/scratch60/zhao/zy92/GTEX/adjusted_expr1/chr11/ENSG00000196778"
[1] "INFO: gene ENSG00000197428"
[1] "/gpfs/loomis/scratch60/zhao/zy92/GTEX/adjusted_expr1/chr11/ENSG00000197428"
[1] "INFO: gene ENSG00000197702"
[1] "/gpfs/loomis/scratch60/zhao/zy92/GTEX/adjusted_expr1/chr11/ENSG00000197702"
[1] "INFO: gene ENSG00000197790"
[1] "/gpfs/loomis/scratch60/zhao/zy92/GTEX/adjusted_expr1/chr11/ENSG00000197790"
[1] "INFO: gene ENSG00000198730"
[1] "/gpfs/loomis/scratch60/zhao/zy92/GTEX/adjusted_expr1/chr11/ENSG00000198730"
[1] "INFO: gene ENSG00000205339"
[1] "/gpfs/loomis/scratch60/zhao/zy92/GTEX/adjusted_expr1/chr11/ENSG00000205339"
[1] "INFO: gene ENSG00000205495"
[1] "/gpfs/loomis/scratch60/zhao/zy92/GTEX/adjusted_expr1/chr11/ENSG00000205495"
[1] "INFO: gene ENSG00000205496"
[1] "/gpfs/loomis/scratch60/zhao/zy92/GTEX/adjusted_expr1/chr11/ENSG00000205496"
[1] "INFO: gene ENSG00000205497"
[1] "/gpfs/loomis/scratch60/zhao/zy92/GTEX/adjusted_expr1/chr11/ENSG00000205497"
[1] "INFO: gene ENSG00000205531"
[1] "/gpfs/loomis/scratch60/zhao/zy92/GTEX/adjusted_expr1/chr11/ENSG00000205531"
[1] "INFO: gene ENSG00000205864"
[1] "/gpfs/loomis/scratch60/zhao/zy92/GTEX/adjusted_expr1/chr11/ENSG00000205864"
[1] "INFO: gene ENSG00000205867"
[1] "/gpfs/loomis/scratch60/zhao/zy92/GTEX/adjusted_expr1/chr11/ENSG00000205867"
[1] "INFO: gene ENSG00000205869"
[1] "/gpfs/loomis/scratch60/zhao/zy92/GTEX/adjusted_expr1/chr11/ENSG00000205869"
[1] "INFO: gene ENSG00000206013"
[1] "/gpfs/loomis/scratch60/zhao/zy92/GTEX/adjusted_expr1/chr11/ENSG00000206013"
[1] "INFO: gene ENSG00000213931"
[1] "/gpfs/loomis/scratch60/zhao/zy92/GTEX/adjusted_expr1/chr11/ENSG00000213931"
ERROR from TryCatch Block: missing value where TRUE/FALSE needed 
[1] "INFO: gene ENSG00000213934"
[1] "/gpfs/loomis/scratch60/zhao/zy92/GTEX/adjusted_expr1/chr11/ENSG00000213934"
[1] "INFO: gene ENSG00000214026"
[1] "/gpfs/loomis/scratch60/zhao/zy92/GTEX/adjusted_expr1/chr11/ENSG00000214026"
[1] "INFO: gene ENSG00000214063"
[1] "/gpfs/loomis/scratch60/zhao/zy92/GTEX/adjusted_expr1/chr11/ENSG00000214063"
[1] "INFO: gene ENSG00000214305"
[1] "/gpfs/loomis/scratch60/zhao/zy92/GTEX/adjusted_expr1/chr11/ENSG00000214305"
[1] "INFO: gene ENSG00000215182"
[1] "/gpfs/loomis/scratch60/zhao/zy92/GTEX/adjusted_expr1/chr11/ENSG00000215182"
[1] "INFO: gene ENSG00000221703"
[1] "/gpfs/loomis/scratch60/zhao/zy92/GTEX/adjusted_expr1/chr11/ENSG00000221703"
[1] "INFO: gene ENSG00000221996"
[1] "/gpfs/loomis/scratch60/zhao/zy92/GTEX/adjusted_expr1/chr11/ENSG00000221996"
[1] "INFO: gene ENSG00000223609"
[1] "/gpfs/loomis/scratch60/zhao/zy92/GTEX/adjusted_expr1/chr11/ENSG00000223609"
[1] "INFO: gene ENSG00000226288"
[1] "/gpfs/loomis/scratch60/zhao/zy92/GTEX/adjusted_expr1/chr11/ENSG00000226288"
[1] "INFO: gene ENSG00000230724"
[1] "/gpfs/loomis/scratch60/zhao/zy92/GTEX/adjusted_expr1/chr11/ENSG00000230724"
[1] "INFO: gene ENSG00000232268"
[1] "/gpfs/loomis/scratch60/zhao/zy92/GTEX/adjusted_expr1/chr11/ENSG00000232268"
[1] "INFO: gene ENSG00000236287"
[1] "/gpfs/loomis/scratch60/zhao/zy92/GTEX/adjusted_expr1/chr11/ENSG00000236287"
[1] "INFO: gene ENSG00000236897"
[1] "/gpfs/loomis/scratch60/zhao/zy92/GTEX/adjusted_expr1/chr11/ENSG00000236897"
[1] "INFO: gene ENSG00000241598"
[1] "/gpfs/loomis/scratch60/zhao/zy92/GTEX/adjusted_expr1/chr11/ENSG00000241598"
[1] "INFO: gene ENSG00000244242"
[1] "/gpfs/loomis/scratch60/zhao/zy92/GTEX/adjusted_expr1/chr11/ENSG00000244242"
[1] "INFO: gene ENSG00000244734"
[1] "/gpfs/loomis/scratch60/zhao/zy92/GTEX/adjusted_expr1/chr11/ENSG00000244734"
[1] "INFO: gene ENSG00000254468"
[1] "/gpfs/loomis/scratch60/zhao/zy92/GTEX/adjusted_expr1/chr11/ENSG00000254468"
[1] "INFO: gene ENSG00000255328"
[1] "/gpfs/loomis/scratch60/zhao/zy92/GTEX/adjusted_expr1/chr11/ENSG00000255328"
[1] "INFO: gene ENSG00000270030"
[1] "/gpfs/loomis/scratch60/zhao/zy92/GTEX/adjusted_expr1/chr11/ENSG00000270030"
[1] "INFO: gene ENSG00000270105"
[1] "/gpfs/loomis/scratch60/zhao/zy92/GTEX/adjusted_expr1/chr11/ENSG00000270105"
[1] "INFO: gene ENSG00000270972"
[1] "/gpfs/loomis/scratch60/zhao/zy92/GTEX/adjusted_expr1/chr11/ENSG00000270972"
Time difference of 6.929481 mins
