[1] "INFO: gene ENSG00000011304"
[1] "/gpfs/loomis/scratch60/zhao/zy92/GTEX/adjusted_expr1/chr19/ENSG00000011304"
ERROR from TryCatch Block: cannot open the connection 
[1] "INFO: gene ENSG00000064666"
[1] "/gpfs/loomis/scratch60/zhao/zy92/GTEX/adjusted_expr1/chr19/ENSG00000064666"
ERROR from TryCatch Block: cannot open the connection 
[1] "INFO: gene ENSG00000064687"
[1] "/gpfs/loomis/scratch60/zhao/zy92/GTEX/adjusted_expr1/chr19/ENSG00000064687"
ERROR from TryCatch Block: cannot open the connection 
[1] "INFO: gene ENSG00000064932"
[1] "/gpfs/loomis/scratch60/zhao/zy92/GTEX/adjusted_expr1/chr19/ENSG00000064932"
ERROR from TryCatch Block: cannot open the connection 
[1] "INFO: gene ENSG00000065000"
[1] "/gpfs/loomis/scratch60/zhao/zy92/GTEX/adjusted_expr1/chr19/ENSG00000065000"
ERROR from TryCatch Block: cannot open the connection 
[1] "INFO: gene ENSG00000065268"
[1] "/gpfs/loomis/scratch60/zhao/zy92/GTEX/adjusted_expr1/chr19/ENSG00000065268"
ERROR from TryCatch Block: cannot open the connection 
[1] "INFO: gene ENSG00000065717"
[1] "/gpfs/loomis/scratch60/zhao/zy92/GTEX/adjusted_expr1/chr19/ENSG00000065717"
ERROR from TryCatch Block: cannot open the connection 
[1] "INFO: gene ENSG00000066044"
[1] "/gpfs/loomis/scratch60/zhao/zy92/GTEX/adjusted_expr1/chr19/ENSG00000066044"
ERROR from TryCatch Block: cannot open the connection 
[1] "INFO: gene ENSG00000070388"
[1] "/gpfs/loomis/scratch60/zhao/zy92/GTEX/adjusted_expr1/chr19/ENSG00000070388"
ERROR from TryCatch Block: cannot open the connection 
[1] "INFO: gene ENSG00000070404"
[1] "/gpfs/loomis/scratch60/zhao/zy92/GTEX/adjusted_expr1/chr19/ENSG00000070404"
ERROR from TryCatch Block: cannot open the connection 
[1] "INFO: gene ENSG00000070423"
[1] "/gpfs/loomis/scratch60/zhao/zy92/GTEX/adjusted_expr1/chr19/ENSG00000070423"
ERROR from TryCatch Block: cannot open the connection 
[1] "INFO: gene ENSG00000071564"
[1] "/gpfs/loomis/scratch60/zhao/zy92/GTEX/adjusted_expr1/chr19/ENSG00000071564"
ERROR from TryCatch Block: cannot open the connection 
[1] "INFO: gene ENSG00000071626"
[1] "/gpfs/loomis/scratch60/zhao/zy92/GTEX/adjusted_expr1/chr19/ENSG00000071626"
ERROR from TryCatch Block: cannot open the connection 
[1] "INFO: gene ENSG00000071655"
[1] "/gpfs/loomis/scratch60/zhao/zy92/GTEX/adjusted_expr1/chr19/ENSG00000071655"
ERROR from TryCatch Block: cannot open the connection 
[1] "INFO: gene ENSG00000076662"
[1] "/gpfs/loomis/scratch60/zhao/zy92/GTEX/adjusted_expr1/chr19/ENSG00000076662"
ERROR from TryCatch Block: cannot open the connection 
[1] "INFO: gene ENSG00000076944"
[1] "/gpfs/loomis/scratch60/zhao/zy92/GTEX/adjusted_expr1/chr19/ENSG00000076944"
ERROR from TryCatch Block: cannot open the connection 
[1] "INFO: gene ENSG00000076984"
[1] "/gpfs/loomis/scratch60/zhao/zy92/GTEX/adjusted_expr1/chr19/ENSG00000076984"
ERROR from TryCatch Block: cannot open the connection 
[1] "INFO: gene ENSG00000079313"
[1] "/gpfs/loomis/scratch60/zhao/zy92/GTEX/adjusted_expr1/chr19/ENSG00000079313"
ERROR from TryCatch Block: cannot open the connection 
[1] "INFO: gene ENSG00000080511"
[1] "/gpfs/loomis/scratch60/zhao/zy92/GTEX/adjusted_expr1/chr19/ENSG00000080511"
ERROR from TryCatch Block: cannot open the connection 
[1] "INFO: gene ENSG00000080573"
[1] "/gpfs/loomis/scratch60/zhao/zy92/GTEX/adjusted_expr1/chr19/ENSG00000080573"
ERROR from TryCatch Block: cannot open the connection 
[1] "INFO: gene ENSG00000088256"
[1] "/gpfs/loomis/scratch60/zhao/zy92/GTEX/adjusted_expr1/chr19/ENSG00000088256"
ERROR from TryCatch Block: cannot open the connection 
[1] "INFO: gene ENSG00000090339"
[1] "/gpfs/loomis/scratch60/zhao/zy92/GTEX/adjusted_expr1/chr19/ENSG00000090339"
ERROR from TryCatch Block: cannot open the connection 
[1] "INFO: gene ENSG00000090659"
[1] "/gpfs/loomis/scratch60/zhao/zy92/GTEX/adjusted_expr1/chr19/ENSG00000090659"
ERROR from TryCatch Block: cannot open the connection 
[1] "INFO: gene ENSG00000090661"
[1] "/gpfs/loomis/scratch60/zhao/zy92/GTEX/adjusted_expr1/chr19/ENSG00000090661"
ERROR from TryCatch Block: cannot open the connection 
[1] "INFO: gene ENSG00000099617"
[1] "/gpfs/loomis/scratch60/zhao/zy92/GTEX/adjusted_expr1/chr19/ENSG00000099617"
ERROR from TryCatch Block: cannot open the connection 
[1] "INFO: gene ENSG00000099622"
[1] "/gpfs/loomis/scratch60/zhao/zy92/GTEX/adjusted_expr1/chr19/ENSG00000099622"
ERROR from TryCatch Block: cannot open the connection 
[1] "INFO: gene ENSG00000099624"
[1] "/gpfs/loomis/scratch60/zhao/zy92/GTEX/adjusted_expr1/chr19/ENSG00000099624"
ERROR from TryCatch Block: cannot open the connection 
[1] "INFO: gene ENSG00000099625"
[1] "/gpfs/loomis/scratch60/zhao/zy92/GTEX/adjusted_expr1/chr19/ENSG00000099625"
ERROR from TryCatch Block: cannot open the connection 
[1] "INFO: gene ENSG00000099783"
[1] "/gpfs/loomis/scratch60/zhao/zy92/GTEX/adjusted_expr1/chr19/ENSG00000099783"
ERROR from TryCatch Block: cannot open the connection 
[1] "INFO: gene ENSG00000099785"
[1] "/gpfs/loomis/scratch60/zhao/zy92/GTEX/adjusted_expr1/chr19/ENSG00000099785"
ERROR from TryCatch Block: cannot open the connection 
[1] "INFO: gene ENSG00000099800"
[1] "/gpfs/loomis/scratch60/zhao/zy92/GTEX/adjusted_expr1/chr19/ENSG00000099800"
ERROR from TryCatch Block: cannot open the connection 
[1] "INFO: gene ENSG00000099804"
[1] "/gpfs/loomis/scratch60/zhao/zy92/GTEX/adjusted_expr1/chr19/ENSG00000099804"
ERROR from TryCatch Block: cannot open the connection 
[1] "INFO: gene ENSG00000099812"
[1] "/gpfs/loomis/scratch60/zhao/zy92/GTEX/adjusted_expr1/chr19/ENSG00000099812"
ERROR from TryCatch Block: cannot open the connection 
[1] "INFO: gene ENSG00000099817"
[1] "/gpfs/loomis/scratch60/zhao/zy92/GTEX/adjusted_expr1/chr19/ENSG00000099817"
ERROR from TryCatch Block: cannot open the connection 
[1] "INFO: gene ENSG00000099821"
[1] "/gpfs/loomis/scratch60/zhao/zy92/GTEX/adjusted_expr1/chr19/ENSG00000099821"
ERROR from TryCatch Block: cannot open the connection 
[1] "INFO: gene ENSG00000099822"
[1] "/gpfs/loomis/scratch60/zhao/zy92/GTEX/adjusted_expr1/chr19/ENSG00000099822"
ERROR from TryCatch Block: cannot open the connection 
[1] "INFO: gene ENSG00000099840"
[1] "/gpfs/loomis/scratch60/zhao/zy92/GTEX/adjusted_expr1/chr19/ENSG00000099840"
ERROR from TryCatch Block: cannot open the connection 
[1] "INFO: gene ENSG00000099860"
[1] "/gpfs/loomis/scratch60/zhao/zy92/GTEX/adjusted_expr1/chr19/ENSG00000099860"
ERROR from TryCatch Block: cannot open the connection 
[1] "INFO: gene ENSG00000099864"
[1] "/gpfs/loomis/scratch60/zhao/zy92/GTEX/adjusted_expr1/chr19/ENSG00000099864"
ERROR from TryCatch Block: cannot open the connection 
[1] "INFO: gene ENSG00000099866"
[1] "/gpfs/loomis/scratch60/zhao/zy92/GTEX/adjusted_expr1/chr19/ENSG00000099866"
ERROR from TryCatch Block: cannot open the connection 
[1] "INFO: gene ENSG00000099875"
[1] "/gpfs/loomis/scratch60/zhao/zy92/GTEX/adjusted_expr1/chr19/ENSG00000099875"
ERROR from TryCatch Block: cannot open the connection 
[1] "INFO: gene ENSG00000104885"
[1] "/gpfs/loomis/scratch60/zhao/zy92/GTEX/adjusted_expr1/chr19/ENSG00000104885"
ERROR from TryCatch Block: cannot open the connection 
[1] "INFO: gene ENSG00000104886"
[1] "/gpfs/loomis/scratch60/zhao/zy92/GTEX/adjusted_expr1/chr19/ENSG00000104886"
ERROR from TryCatch Block: cannot open the connection 
[1] "INFO: gene ENSG00000104897"
[1] "/gpfs/loomis/scratch60/zhao/zy92/GTEX/adjusted_expr1/chr19/ENSG00000104897"
ERROR from TryCatch Block: cannot open the connection 
[1] "INFO: gene ENSG00000104899"
[1] "/gpfs/loomis/scratch60/zhao/zy92/GTEX/adjusted_expr1/chr19/ENSG00000104899"
ERROR from TryCatch Block: cannot open the connection 
[1] "INFO: gene ENSG00000104904"
[1] "/gpfs/loomis/scratch60/zhao/zy92/GTEX/adjusted_expr1/chr19/ENSG00000104904"
ERROR from TryCatch Block: cannot open the connection 
[1] "INFO: gene ENSG00000104918"
[1] "/gpfs/loomis/scratch60/zhao/zy92/GTEX/adjusted_expr1/chr19/ENSG00000104918"
ERROR from TryCatch Block: cannot open the connection 
[1] "INFO: gene ENSG00000104921"
[1] "/gpfs/loomis/scratch60/zhao/zy92/GTEX/adjusted_expr1/chr19/ENSG00000104921"
ERROR from TryCatch Block: cannot open the connection 
[1] "INFO: gene ENSG00000104938"
[1] "/gpfs/loomis/scratch60/zhao/zy92/GTEX/adjusted_expr1/chr19/ENSG00000104938"
ERROR from TryCatch Block: cannot open the connection 
[1] "INFO: 30.49% processed"
[1] "INFO: gene ENSG00000104953"
[1] "/gpfs/loomis/scratch60/zhao/zy92/GTEX/adjusted_expr1/chr19/ENSG00000104953"
ERROR from TryCatch Block: cannot open the connection 
[1] "INFO: gene ENSG00000104964"
[1] "/gpfs/loomis/scratch60/zhao/zy92/GTEX/adjusted_expr1/chr19/ENSG00000104964"
ERROR from TryCatch Block: cannot open the connection 
[1] "INFO: gene ENSG00000104969"
[1] "/gpfs/loomis/scratch60/zhao/zy92/GTEX/adjusted_expr1/chr19/ENSG00000104969"
ERROR from TryCatch Block: cannot open the connection 
[1] "INFO: gene ENSG00000104976"
[1] "/gpfs/loomis/scratch60/zhao/zy92/GTEX/adjusted_expr1/chr19/ENSG00000104976"
ERROR from TryCatch Block: cannot open the connection 
[1] "INFO: gene ENSG00000104980"
[1] "/gpfs/loomis/scratch60/zhao/zy92/GTEX/adjusted_expr1/chr19/ENSG00000104980"
ERROR from TryCatch Block: cannot open the connection 
[1] "INFO: gene ENSG00000105088"
[1] "/gpfs/loomis/scratch60/zhao/zy92/GTEX/adjusted_expr1/chr19/ENSG00000105088"
ERROR from TryCatch Block: cannot open the connection 
[1] "INFO: gene ENSG00000105364"
[1] "/gpfs/loomis/scratch60/zhao/zy92/GTEX/adjusted_expr1/chr19/ENSG00000105364"
ERROR from TryCatch Block: cannot open the connection 
[1] "INFO: gene ENSG00000105376"
[1] "/gpfs/loomis/scratch60/zhao/zy92/GTEX/adjusted_expr1/chr19/ENSG00000105376"
ERROR from TryCatch Block: cannot open the connection 
[1] "INFO: gene ENSG00000105549"
[1] "/gpfs/loomis/scratch60/zhao/zy92/GTEX/adjusted_expr1/chr19/ENSG00000105549"
ERROR from TryCatch Block: cannot open the connection 
[1] "INFO: gene ENSG00000105556"
[1] "/gpfs/loomis/scratch60/zhao/zy92/GTEX/adjusted_expr1/chr19/ENSG00000105556"
ERROR from TryCatch Block: cannot open the connection 
[1] "INFO: gene ENSG00000115255"
[1] "/gpfs/loomis/scratch60/zhao/zy92/GTEX/adjusted_expr1/chr19/ENSG00000115255"
ERROR from TryCatch Block: cannot open the connection 
[1] "INFO: gene ENSG00000115257"
[1] "/gpfs/loomis/scratch60/zhao/zy92/GTEX/adjusted_expr1/chr19/ENSG00000115257"
ERROR from TryCatch Block: cannot open the connection 
[1] "INFO: gene ENSG00000115266"
[1] "/gpfs/loomis/scratch60/zhao/zy92/GTEX/adjusted_expr1/chr19/ENSG00000115266"
ERROR from TryCatch Block: cannot open the connection 
[1] "INFO: gene ENSG00000115268"
[1] "/gpfs/loomis/scratch60/zhao/zy92/GTEX/adjusted_expr1/chr19/ENSG00000115268"
ERROR from TryCatch Block: cannot open the connection 
[1] "INFO: gene ENSG00000115286"
[1] "/gpfs/loomis/scratch60/zhao/zy92/GTEX/adjusted_expr1/chr19/ENSG00000115286"
ERROR from TryCatch Block: cannot open the connection 
[1] "INFO: gene ENSG00000116014"
[1] "/gpfs/loomis/scratch60/zhao/zy92/GTEX/adjusted_expr1/chr19/ENSG00000116014"
ERROR from TryCatch Block: cannot open the connection 
[1] "INFO: gene ENSG00000116017"
[1] "/gpfs/loomis/scratch60/zhao/zy92/GTEX/adjusted_expr1/chr19/ENSG00000116017"
ERROR from TryCatch Block: cannot open the connection 
[1] "INFO: gene ENSG00000116032"
[1] "/gpfs/loomis/scratch60/zhao/zy92/GTEX/adjusted_expr1/chr19/ENSG00000116032"
ERROR from TryCatch Block: cannot open the connection 
[1] "INFO: gene ENSG00000118046"
[1] "/gpfs/loomis/scratch60/zhao/zy92/GTEX/adjusted_expr1/chr19/ENSG00000118046"
ERROR from TryCatch Block: cannot open the connection 
[1] "INFO: gene ENSG00000119559"
[1] "/gpfs/loomis/scratch60/zhao/zy92/GTEX/adjusted_expr1/chr19/ENSG00000119559"
ERROR from TryCatch Block: cannot open the connection 
[1] "INFO: gene ENSG00000127445"
[1] "/gpfs/loomis/scratch60/zhao/zy92/GTEX/adjusted_expr1/chr19/ENSG00000127445"
ERROR from TryCatch Block: cannot open the connection 
[1] "INFO: gene ENSG00000127452"
[1] "/gpfs/loomis/scratch60/zhao/zy92/GTEX/adjusted_expr1/chr19/ENSG00000127452"
ERROR from TryCatch Block: cannot open the connection 
[1] "INFO: gene ENSG00000127540"
[1] "/gpfs/loomis/scratch60/zhao/zy92/GTEX/adjusted_expr1/chr19/ENSG00000127540"
ERROR from TryCatch Block: cannot open the connection 
[1] "INFO: gene ENSG00000129911"
[1] "/gpfs/loomis/scratch60/zhao/zy92/GTEX/adjusted_expr1/chr19/ENSG00000129911"
ERROR from TryCatch Block: cannot open the connection 
[1] "INFO: gene ENSG00000129946"
[1] "/gpfs/loomis/scratch60/zhao/zy92/GTEX/adjusted_expr1/chr19/ENSG00000129946"
ERROR from TryCatch Block: cannot open the connection 
[1] "INFO: gene ENSG00000129951"
[1] "/gpfs/loomis/scratch60/zhao/zy92/GTEX/adjusted_expr1/chr19/ENSG00000129951"
ERROR from TryCatch Block: cannot open the connection 
[1] "INFO: gene ENSG00000129968"
[1] "/gpfs/loomis/scratch60/zhao/zy92/GTEX/adjusted_expr1/chr19/ENSG00000129968"
ERROR from TryCatch Block: cannot open the connection 
[1] "INFO: gene ENSG00000130005"
[1] "/gpfs/loomis/scratch60/zhao/zy92/GTEX/adjusted_expr1/chr19/ENSG00000130005"
ERROR from TryCatch Block: cannot open the connection 
[1] "INFO: gene ENSG00000130270"
[1] "/gpfs/loomis/scratch60/zhao/zy92/GTEX/adjusted_expr1/chr19/ENSG00000130270"
ERROR from TryCatch Block: cannot open the connection 
[1] "INFO: gene ENSG00000130332"
[1] "/gpfs/loomis/scratch60/zhao/zy92/GTEX/adjusted_expr1/chr19/ENSG00000130332"
ERROR from TryCatch Block: cannot open the connection 
[1] "INFO: gene ENSG00000130803"
[1] "/gpfs/loomis/scratch60/zhao/zy92/GTEX/adjusted_expr1/chr19/ENSG00000130803"
ERROR from TryCatch Block: cannot open the connection 
[1] "INFO: gene ENSG00000130810"
[1] "/gpfs/loomis/scratch60/zhao/zy92/GTEX/adjusted_expr1/chr19/ENSG00000130810"
ERROR from TryCatch Block: cannot open the connection 
[1] "INFO: gene ENSG00000130811"
[1] "/gpfs/loomis/scratch60/zhao/zy92/GTEX/adjusted_expr1/chr19/ENSG00000130811"
ERROR from TryCatch Block: cannot open the connection 
[1] "INFO: gene ENSG00000130812"
[1] "/gpfs/loomis/scratch60/zhao/zy92/GTEX/adjusted_expr1/chr19/ENSG00000130812"
ERROR from TryCatch Block: cannot open the connection 
[1] "INFO: gene ENSG00000130813"
[1] "/gpfs/loomis/scratch60/zhao/zy92/GTEX/adjusted_expr1/chr19/ENSG00000130813"
ERROR from TryCatch Block: cannot open the connection 
[1] "INFO: gene ENSG00000130816"
[1] "/gpfs/loomis/scratch60/zhao/zy92/GTEX/adjusted_expr1/chr19/ENSG00000130816"
ERROR from TryCatch Block: cannot open the connection 
[1] "INFO: gene ENSG00000130818"
[1] "/gpfs/loomis/scratch60/zhao/zy92/GTEX/adjusted_expr1/chr19/ENSG00000130818"
ERROR from TryCatch Block: cannot open the connection 
[1] "INFO: gene ENSG00000131142"
[1] "/gpfs/loomis/scratch60/zhao/zy92/GTEX/adjusted_expr1/chr19/ENSG00000131142"
ERROR from TryCatch Block: cannot open the connection 
[1] "INFO: gene ENSG00000133243"
[1] "/gpfs/loomis/scratch60/zhao/zy92/GTEX/adjusted_expr1/chr19/ENSG00000133243"
ERROR from TryCatch Block: cannot open the connection 
[1] "INFO: gene ENSG00000133246"
[1] "/gpfs/loomis/scratch60/zhao/zy92/GTEX/adjusted_expr1/chr19/ENSG00000133246"
ERROR from TryCatch Block: cannot open the connection 
[1] "INFO: gene ENSG00000133250"
[1] "/gpfs/loomis/scratch60/zhao/zy92/GTEX/adjusted_expr1/chr19/ENSG00000133250"
ERROR from TryCatch Block: cannot open the connection 
[1] "INFO: gene ENSG00000133275"
[1] "/gpfs/loomis/scratch60/zhao/zy92/GTEX/adjusted_expr1/chr19/ENSG00000133275"
ERROR from TryCatch Block: cannot open the connection 
[1] "INFO: gene ENSG00000141873"
[1] "/gpfs/loomis/scratch60/zhao/zy92/GTEX/adjusted_expr1/chr19/ENSG00000141873"
ERROR from TryCatch Block: cannot open the connection 
[1] "INFO: gene ENSG00000141933"
[1] "/gpfs/loomis/scratch60/zhao/zy92/GTEX/adjusted_expr1/chr19/ENSG00000141933"
ERROR from TryCatch Block: cannot open the connection 
[1] "INFO: gene ENSG00000141934"
[1] "/gpfs/loomis/scratch60/zhao/zy92/GTEX/adjusted_expr1/chr19/ENSG00000141934"
ERROR from TryCatch Block: cannot open the connection 
[1] "INFO: gene ENSG00000142303"
[1] "/gpfs/loomis/scratch60/zhao/zy92/GTEX/adjusted_expr1/chr19/ENSG00000142303"
ERROR from TryCatch Block: cannot open the connection 
[1] "INFO: gene ENSG00000142347"
[1] "/gpfs/loomis/scratch60/zhao/zy92/GTEX/adjusted_expr1/chr19/ENSG00000142347"
ERROR from TryCatch Block: cannot open the connection 
[1] "INFO: gene ENSG00000142449"
[1] "/gpfs/loomis/scratch60/zhao/zy92/GTEX/adjusted_expr1/chr19/ENSG00000142449"
ERROR from TryCatch Block: cannot open the connection 
[1] "INFO: gene ENSG00000142459"
[1] "/gpfs/loomis/scratch60/zhao/zy92/GTEX/adjusted_expr1/chr19/ENSG00000142459"
ERROR from TryCatch Block: cannot open the connection 
[1] "INFO: gene ENSG00000160953"
[1] "/gpfs/loomis/scratch60/zhao/zy92/GTEX/adjusted_expr1/chr19/ENSG00000160953"
ERROR from TryCatch Block: cannot open the connection 
[1] "INFO: 60.98% processed"
[1] "INFO: gene ENSG00000161807"
[1] "/gpfs/loomis/scratch60/zhao/zy92/GTEX/adjusted_expr1/chr19/ENSG00000161807"
ERROR from TryCatch Block: cannot open the connection 
[1] "INFO: gene ENSG00000161847"
[1] "/gpfs/loomis/scratch60/zhao/zy92/GTEX/adjusted_expr1/chr19/ENSG00000161847"
ERROR from TryCatch Block: cannot open the connection 
[1] "INFO: gene ENSG00000167468"
[1] "/gpfs/loomis/scratch60/zhao/zy92/GTEX/adjusted_expr1/chr19/ENSG00000167468"
ERROR from TryCatch Block: cannot open the connection 
[1] "INFO: gene ENSG00000167470"
[1] "/gpfs/loomis/scratch60/zhao/zy92/GTEX/adjusted_expr1/chr19/ENSG00000167470"
ERROR from TryCatch Block: cannot open the connection 
[1] "INFO: gene ENSG00000167476"
[1] "/gpfs/loomis/scratch60/zhao/zy92/GTEX/adjusted_expr1/chr19/ENSG00000167476"
ERROR from TryCatch Block: cannot open the connection 
[1] "INFO: gene ENSG00000167772"
[1] "/gpfs/loomis/scratch60/zhao/zy92/GTEX/adjusted_expr1/chr19/ENSG00000167772"
ERROR from TryCatch Block: cannot open the connection 
[1] "INFO: gene ENSG00000167775"
[1] "/gpfs/loomis/scratch60/zhao/zy92/GTEX/adjusted_expr1/chr19/ENSG00000167775"
ERROR from TryCatch Block: cannot open the connection 
[1] "INFO: gene ENSG00000167785"
[1] "/gpfs/loomis/scratch60/zhao/zy92/GTEX/adjusted_expr1/chr19/ENSG00000167785"
ERROR from TryCatch Block: cannot open the connection 
[1] "INFO: gene ENSG00000170920"
[1] "/gpfs/loomis/scratch60/zhao/zy92/GTEX/adjusted_expr1/chr19/ENSG00000170920"
ERROR from TryCatch Block: cannot open the connection 
[1] "INFO: gene ENSG00000170923"
[1] "/gpfs/loomis/scratch60/zhao/zy92/GTEX/adjusted_expr1/chr19/ENSG00000170923"
ERROR from TryCatch Block: cannot open the connection 
[1] "INFO: gene ENSG00000170929"
[1] "/gpfs/loomis/scratch60/zhao/zy92/GTEX/adjusted_expr1/chr19/ENSG00000170929"
ERROR from TryCatch Block: cannot open the connection 
[1] "INFO: gene ENSG00000170948"
[1] "/gpfs/loomis/scratch60/zhao/zy92/GTEX/adjusted_expr1/chr19/ENSG00000170948"
ERROR from TryCatch Block: cannot open the connection 
[1] "INFO: gene ENSG00000171017"
[1] "/gpfs/loomis/scratch60/zhao/zy92/GTEX/adjusted_expr1/chr19/ENSG00000171017"
ERROR from TryCatch Block: cannot open the connection 
[1] "INFO: gene ENSG00000171466"
[1] "/gpfs/loomis/scratch60/zhao/zy92/GTEX/adjusted_expr1/chr19/ENSG00000171466"
ERROR from TryCatch Block: cannot open the connection 
[1] "INFO: gene ENSG00000171469"
[1] "/gpfs/loomis/scratch60/zhao/zy92/GTEX/adjusted_expr1/chr19/ENSG00000171469"
ERROR from TryCatch Block: cannot open the connection 
[1] "INFO: gene ENSG00000171970"
[1] "/gpfs/loomis/scratch60/zhao/zy92/GTEX/adjusted_expr1/chr19/ENSG00000171970"
ERROR from TryCatch Block: cannot open the connection 
[1] "INFO: gene ENSG00000172000"
[1] "/gpfs/loomis/scratch60/zhao/zy92/GTEX/adjusted_expr1/chr19/ENSG00000172000"
ERROR from TryCatch Block: cannot open the connection 
[1] "INFO: gene ENSG00000172006"
[1] "/gpfs/loomis/scratch60/zhao/zy92/GTEX/adjusted_expr1/chr19/ENSG00000172006"
ERROR from TryCatch Block: cannot open the connection 
[1] "INFO: gene ENSG00000172009"
[1] "/gpfs/loomis/scratch60/zhao/zy92/GTEX/adjusted_expr1/chr19/ENSG00000172009"
ERROR from TryCatch Block: cannot open the connection 
[1] "INFO: gene ENSG00000172081"
[1] "/gpfs/loomis/scratch60/zhao/zy92/GTEX/adjusted_expr1/chr19/ENSG00000172081"
ERROR from TryCatch Block: cannot open the connection 
[1] "INFO: gene ENSG00000172232"
[1] "/gpfs/loomis/scratch60/zhao/zy92/GTEX/adjusted_expr1/chr19/ENSG00000172232"
ERROR from TryCatch Block: cannot open the connection 
[1] "INFO: gene ENSG00000172270"
[1] "/gpfs/loomis/scratch60/zhao/zy92/GTEX/adjusted_expr1/chr19/ENSG00000172270"
ERROR from TryCatch Block: cannot open the connection 
[1] "INFO: gene ENSG00000174652"
[1] "/gpfs/loomis/scratch60/zhao/zy92/GTEX/adjusted_expr1/chr19/ENSG00000174652"
ERROR from TryCatch Block: cannot open the connection 
[1] "INFO: gene ENSG00000174667"
[1] "/gpfs/loomis/scratch60/zhao/zy92/GTEX/adjusted_expr1/chr19/ENSG00000174667"
ERROR from TryCatch Block: cannot open the connection 
[1] "INFO: gene ENSG00000174788"
[1] "/gpfs/loomis/scratch60/zhao/zy92/GTEX/adjusted_expr1/chr19/ENSG00000174788"
ERROR from TryCatch Block: cannot open the connection 
[1] "INFO: gene ENSG00000175221"
[1] "/gpfs/loomis/scratch60/zhao/zy92/GTEX/adjusted_expr1/chr19/ENSG00000175221"
ERROR from TryCatch Block: cannot open the connection 
[1] "INFO: gene ENSG00000175691"
[1] "/gpfs/loomis/scratch60/zhao/zy92/GTEX/adjusted_expr1/chr19/ENSG00000175691"
ERROR from TryCatch Block: cannot open the connection 
[1] "INFO: gene ENSG00000176490"
[1] "/gpfs/loomis/scratch60/zhao/zy92/GTEX/adjusted_expr1/chr19/ENSG00000176490"
ERROR from TryCatch Block: cannot open the connection 
[1] "INFO: gene ENSG00000176533"
[1] "/gpfs/loomis/scratch60/zhao/zy92/GTEX/adjusted_expr1/chr19/ENSG00000176533"
ERROR from TryCatch Block: cannot open the connection 
[1] "INFO: gene ENSG00000176619"
[1] "/gpfs/loomis/scratch60/zhao/zy92/GTEX/adjusted_expr1/chr19/ENSG00000176619"
ERROR from TryCatch Block: cannot open the connection 
[1] "INFO: gene ENSG00000176695"
[1] "/gpfs/loomis/scratch60/zhao/zy92/GTEX/adjusted_expr1/chr19/ENSG00000176695"
ERROR from TryCatch Block: cannot open the connection 
[1] "INFO: gene ENSG00000178297"
[1] "/gpfs/loomis/scratch60/zhao/zy92/GTEX/adjusted_expr1/chr19/ENSG00000178297"
ERROR from TryCatch Block: cannot open the connection 
[1] "INFO: gene ENSG00000178531"
[1] "/gpfs/loomis/scratch60/zhao/zy92/GTEX/adjusted_expr1/chr19/ENSG00000178531"
ERROR from TryCatch Block: cannot open the connection 
[1] "INFO: gene ENSG00000180448"
[1] "/gpfs/loomis/scratch60/zhao/zy92/GTEX/adjusted_expr1/chr19/ENSG00000180448"
ERROR from TryCatch Block: cannot open the connection 
[1] "INFO: gene ENSG00000181588"
[1] "/gpfs/loomis/scratch60/zhao/zy92/GTEX/adjusted_expr1/chr19/ENSG00000181588"
ERROR from TryCatch Block: cannot open the connection 
[1] "INFO: gene ENSG00000181781"
[1] "/gpfs/loomis/scratch60/zhao/zy92/GTEX/adjusted_expr1/chr19/ENSG00000181781"
ERROR from TryCatch Block: cannot open the connection 
[1] "INFO: gene ENSG00000182087"
[1] "/gpfs/loomis/scratch60/zhao/zy92/GTEX/adjusted_expr1/chr19/ENSG00000182087"
ERROR from TryCatch Block: cannot open the connection 
[1] "INFO: gene ENSG00000183186"
[1] "/gpfs/loomis/scratch60/zhao/zy92/GTEX/adjusted_expr1/chr19/ENSG00000183186"
ERROR from TryCatch Block: cannot open the connection 
[1] "INFO: gene ENSG00000185198"
[1] "/gpfs/loomis/scratch60/zhao/zy92/GTEX/adjusted_expr1/chr19/ENSG00000185198"
ERROR from TryCatch Block: cannot open the connection 
[1] "INFO: gene ENSG00000185761"
[1] "/gpfs/loomis/scratch60/zhao/zy92/GTEX/adjusted_expr1/chr19/ENSG00000185761"
ERROR from TryCatch Block: cannot open the connection 
[1] "INFO: gene ENSG00000185988"
[1] "/gpfs/loomis/scratch60/zhao/zy92/GTEX/adjusted_expr1/chr19/ENSG00000185988"
ERROR from TryCatch Block: cannot open the connection 
[1] "INFO: gene ENSG00000186300"
[1] "/gpfs/loomis/scratch60/zhao/zy92/GTEX/adjusted_expr1/chr19/ENSG00000186300"
ERROR from TryCatch Block: cannot open the connection 
[1] "INFO: gene ENSG00000188305"
[1] "/gpfs/loomis/scratch60/zhao/zy92/GTEX/adjusted_expr1/chr19/ENSG00000188305"
ERROR from TryCatch Block: cannot open the connection 
[1] "INFO: gene ENSG00000196415"
[1] "/gpfs/loomis/scratch60/zhao/zy92/GTEX/adjusted_expr1/chr19/ENSG00000196415"
ERROR from TryCatch Block: cannot open the connection 
[1] "INFO: gene ENSG00000197540"
[1] "/gpfs/loomis/scratch60/zhao/zy92/GTEX/adjusted_expr1/chr19/ENSG00000197540"
ERROR from TryCatch Block: cannot open the connection 
[1] "INFO: gene ENSG00000197561"
[1] "/gpfs/loomis/scratch60/zhao/zy92/GTEX/adjusted_expr1/chr19/ENSG00000197561"
ERROR from TryCatch Block: cannot open the connection 
[1] "INFO: gene ENSG00000197766"
[1] "/gpfs/loomis/scratch60/zhao/zy92/GTEX/adjusted_expr1/chr19/ENSG00000197766"
ERROR from TryCatch Block: cannot open the connection 
[1] "INFO: gene ENSG00000198858"
[1] "/gpfs/loomis/scratch60/zhao/zy92/GTEX/adjusted_expr1/chr19/ENSG00000198858"
ERROR from TryCatch Block: cannot open the connection 
[1] "INFO: gene ENSG00000205922"
[1] "/gpfs/loomis/scratch60/zhao/zy92/GTEX/adjusted_expr1/chr19/ENSG00000205922"
ERROR from TryCatch Block: cannot open the connection 
[1] "INFO: gene ENSG00000213638"
[1] "/gpfs/loomis/scratch60/zhao/zy92/GTEX/adjusted_expr1/chr19/ENSG00000213638"
ERROR from TryCatch Block: cannot open the connection 
[1] "INFO: 91.46% processed"
[1] "INFO: gene ENSG00000220008"
[1] "/gpfs/loomis/scratch60/zhao/zy92/GTEX/adjusted_expr1/chr19/ENSG00000220008"
ERROR from TryCatch Block: cannot open the connection 
[1] "INFO: gene ENSG00000221411"
[1] "/gpfs/loomis/scratch60/zhao/zy92/GTEX/adjusted_expr1/chr19/ENSG00000221411"
ERROR from TryCatch Block: cannot open the connection 
[1] "INFO: gene ENSG00000227500"
[1] "/gpfs/loomis/scratch60/zhao/zy92/GTEX/adjusted_expr1/chr19/ENSG00000227500"
ERROR from TryCatch Block: cannot open the connection 
[1] "INFO: gene ENSG00000228300"
[1] "/gpfs/loomis/scratch60/zhao/zy92/GTEX/adjusted_expr1/chr19/ENSG00000228300"
ERROR from TryCatch Block: cannot open the connection 
[1] "INFO: gene ENSG00000261204"
[1] "/gpfs/loomis/scratch60/zhao/zy92/GTEX/adjusted_expr1/chr19/ENSG00000261204"
ERROR from TryCatch Block: cannot open the connection 
[1] "INFO: gene ENSG00000261526"
[1] "/gpfs/loomis/scratch60/zhao/zy92/GTEX/adjusted_expr1/chr19/ENSG00000261526"
ERROR from TryCatch Block: cannot open the connection 
[1] "INFO: gene ENSG00000267073"
[1] "/gpfs/loomis/scratch60/zhao/zy92/GTEX/adjusted_expr1/chr19/ENSG00000267073"
ERROR from TryCatch Block: cannot open the connection 
[1] "INFO: gene ENSG00000267201"
[1] "/gpfs/loomis/scratch60/zhao/zy92/GTEX/adjusted_expr1/chr19/ENSG00000267201"
ERROR from TryCatch Block: cannot open the connection 
[1] "INFO: gene ENSG00000267372"
[1] "/gpfs/loomis/scratch60/zhao/zy92/GTEX/adjusted_expr1/chr19/ENSG00000267372"
ERROR from TryCatch Block: cannot open the connection 
[1] "INFO: gene ENSG00000267443"
[1] "/gpfs/loomis/scratch60/zhao/zy92/GTEX/adjusted_expr1/chr19/ENSG00000267443"
ERROR from TryCatch Block: cannot open the connection 
[1] "INFO: gene ENSG00000267530"
[1] "/gpfs/loomis/scratch60/zhao/zy92/GTEX/adjusted_expr1/chr19/ENSG00000267530"
ERROR from TryCatch Block: cannot open the connection 
[1] "INFO: gene ENSG00000267666"
[1] "/gpfs/loomis/scratch60/zhao/zy92/GTEX/adjusted_expr1/chr19/ENSG00000267666"
ERROR from TryCatch Block: cannot open the connection 
[1] "INFO: gene ENSG00000267778"
[1] "/gpfs/loomis/scratch60/zhao/zy92/GTEX/adjusted_expr1/chr19/ENSG00000267778"
ERROR from TryCatch Block: cannot open the connection 
[1] "INFO: gene ENSG00000268798"
[1] "/gpfs/loomis/scratch60/zhao/zy92/GTEX/adjusted_expr1/chr19/ENSG00000268798"
ERROR from TryCatch Block: cannot open the connection 
[1] "INFO: gene ENSG00000272473"
[1] "/gpfs/loomis/scratch60/zhao/zy92/GTEX/adjusted_expr1/chr19/ENSG00000272473"
ERROR from TryCatch Block: cannot open the connection 
Time difference of 2.638141 mins
There were 50 or more warnings (use warnings() to see the first 50)
