
The following have been reloaded with a version change:
  1) GDAL/2.2.3-foss-2016b => GDAL/2.1.1-foss-2016b
  2) HDF5/1.10.1-foss-2016b-serial => HDF5/1.8.18-foss-2016b
  3) HarfBuzz/1.4.3-foss-2016b => HarfBuzz/1.3.1-foss-2016b
  4) R/3.5.0-foss-2016b-avx2 => R/3.4.1-foss-2016b
  5) Szip/2.1.1-foss-2016b => Szip/2.1-foss-2016b
  6) Tcl/8.6.7-foss-2016b => Tcl/8.6.5-foss-2016b
  7) Tk/8.6.7-foss-2016b => Tk/8.6.5-foss-2016b
  8) bzip2/1.0.6-GCCcore-5.4.0 => bzip2/1.0.6-foss-2016b
  9) freetype/2.7.1-GCCcore-5.4.0 => freetype/2.6.5-foss-2016b
 10) libpng/1.6.28-GCCcore-5.4.0 => libpng/1.6.24-foss-2016b
 11) netCDF/4.5.0-foss-2016b => netCDF/4.4.1-foss-2016b

[1] "INFO: gene ENSG00000036448"
[1] "/gpfs/loomis/scratch60/zhao/zy92/GTEX/adjusted_expr1/chr8/ENSG00000036448"
[1] "INFO: gene ENSG00000079459"
[1] "/gpfs/loomis/scratch60/zhao/zy92/GTEX/adjusted_expr1/chr8/ENSG00000079459"
[1] "INFO: gene ENSG00000091879"
[1] "/gpfs/loomis/scratch60/zhao/zy92/GTEX/adjusted_expr1/chr8/ENSG00000091879"
[1] "INFO: gene ENSG00000104643"
[1] "/gpfs/loomis/scratch60/zhao/zy92/GTEX/adjusted_expr1/chr8/ENSG00000104643"
[1] "INFO: gene ENSG00000104714"
[1] "/gpfs/loomis/scratch60/zhao/zy92/GTEX/adjusted_expr1/chr8/ENSG00000104714"
[1] "INFO: gene ENSG00000104728"
[1] "/gpfs/loomis/scratch60/zhao/zy92/GTEX/adjusted_expr1/chr8/ENSG00000104728"
[1] "INFO: gene ENSG00000136573"
[1] "/gpfs/loomis/scratch60/zhao/zy92/GTEX/adjusted_expr1/chr8/ENSG00000136573"
[1] "INFO: gene ENSG00000136574"
[1] "/gpfs/loomis/scratch60/zhao/zy92/GTEX/adjusted_expr1/chr8/ENSG00000136574"
[1] "INFO: gene ENSG00000145002"
[1] "/gpfs/loomis/scratch60/zhao/zy92/GTEX/adjusted_expr1/chr8/ENSG00000145002"
[1] "INFO: gene ENSG00000147316"
[1] "/gpfs/loomis/scratch60/zhao/zy92/GTEX/adjusted_expr1/chr8/ENSG00000147316"
[1] "INFO: gene ENSG00000147364"
[1] "/gpfs/loomis/scratch60/zhao/zy92/GTEX/adjusted_expr1/chr8/ENSG00000147364"
[1] "INFO: gene ENSG00000154319"
[1] "/gpfs/loomis/scratch60/zhao/zy92/GTEX/adjusted_expr1/chr8/ENSG00000154319"
[1] "INFO: gene ENSG00000154328"
[1] "/gpfs/loomis/scratch60/zhao/zy92/GTEX/adjusted_expr1/chr8/ENSG00000154328"
[1] "INFO: gene ENSG00000154359"
[1] "/gpfs/loomis/scratch60/zhao/zy92/GTEX/adjusted_expr1/chr8/ENSG00000154359"
ERROR from TryCatch Block: missing value where TRUE/FALSE needed 
[1] "INFO: gene ENSG00000155189"
[1] "/gpfs/loomis/scratch60/zhao/zy92/GTEX/adjusted_expr1/chr8/ENSG00000155189"
[1] "INFO: gene ENSG00000164733"
[1] "/gpfs/loomis/scratch60/zhao/zy92/GTEX/adjusted_expr1/chr8/ENSG00000164733"
[1] "INFO: gene ENSG00000164816"
[1] "/gpfs/loomis/scratch60/zhao/zy92/GTEX/adjusted_expr1/chr8/ENSG00000164816"
[1] "INFO: gene ENSG00000164821"
[1] "/gpfs/loomis/scratch60/zhao/zy92/GTEX/adjusted_expr1/chr8/ENSG00000164821"
[1] "INFO: gene ENSG00000164822"
[1] "/gpfs/loomis/scratch60/zhao/zy92/GTEX/adjusted_expr1/chr8/ENSG00000164822"
[1] "INFO: gene ENSG00000164825"
[1] "/gpfs/loomis/scratch60/zhao/zy92/GTEX/adjusted_expr1/chr8/ENSG00000164825"
[1] "INFO: gene ENSG00000164871"
[1] "/gpfs/loomis/scratch60/zhao/zy92/GTEX/adjusted_expr1/chr8/ENSG00000164871"
[1] "INFO: gene ENSG00000170983"
[1] "/gpfs/loomis/scratch60/zhao/zy92/GTEX/adjusted_expr1/chr8/ENSG00000170983"
[1] "INFO: gene ENSG00000171044"
[1] "/gpfs/loomis/scratch60/zhao/zy92/GTEX/adjusted_expr1/chr8/ENSG00000171044"
[1] "INFO: gene ENSG00000171056"
[1] "/gpfs/loomis/scratch60/zhao/zy92/GTEX/adjusted_expr1/chr8/ENSG00000171056"
[1] "INFO: gene ENSG00000171060"
[1] "/gpfs/loomis/scratch60/zhao/zy92/GTEX/adjusted_expr1/chr8/ENSG00000171060"
[1] "INFO: gene ENSG00000171711"
[1] "/gpfs/loomis/scratch60/zhao/zy92/GTEX/adjusted_expr1/chr8/ENSG00000171711"
[1] "INFO: gene ENSG00000172748"
[1] "/gpfs/loomis/scratch60/zhao/zy92/GTEX/adjusted_expr1/chr8/ENSG00000172748"
[1] "INFO: gene ENSG00000173273"
[1] "/gpfs/loomis/scratch60/zhao/zy92/GTEX/adjusted_expr1/chr8/ENSG00000173273"
[1] "INFO: gene ENSG00000173281"
[1] "/gpfs/loomis/scratch60/zhao/zy92/GTEX/adjusted_expr1/chr8/ENSG00000173281"
[1] "INFO: gene ENSG00000175806"
[1] "/gpfs/loomis/scratch60/zhao/zy92/GTEX/adjusted_expr1/chr8/ENSG00000175806"
[1] "INFO: gene ENSG00000176269"
[1] "/gpfs/loomis/scratch60/zhao/zy92/GTEX/adjusted_expr1/chr8/ENSG00000176269"
[1] "INFO: gene ENSG00000176595"
[1] "/gpfs/loomis/scratch60/zhao/zy92/GTEX/adjusted_expr1/chr8/ENSG00000176595"
[1] "INFO: gene ENSG00000176782"
[1] "/gpfs/loomis/scratch60/zhao/zy92/GTEX/adjusted_expr1/chr8/ENSG00000176782"
[1] "INFO: gene ENSG00000176797"
[1] "/gpfs/loomis/scratch60/zhao/zy92/GTEX/adjusted_expr1/chr8/ENSG00000176797"
[1] "INFO: gene ENSG00000177023"
[1] "/gpfs/loomis/scratch60/zhao/zy92/GTEX/adjusted_expr1/chr8/ENSG00000177023"
[1] "INFO: gene ENSG00000177243"
[1] "/gpfs/loomis/scratch60/zhao/zy92/GTEX/adjusted_expr1/chr8/ENSG00000177243"
[1] "INFO: gene ENSG00000177257"
[1] "/gpfs/loomis/scratch60/zhao/zy92/GTEX/adjusted_expr1/chr8/ENSG00000177257"
[1] "INFO: gene ENSG00000177710"
[1] "/gpfs/loomis/scratch60/zhao/zy92/GTEX/adjusted_expr1/chr8/ENSG00000177710"
[1] "INFO: gene ENSG00000178287"
[1] "/gpfs/loomis/scratch60/zhao/zy92/GTEX/adjusted_expr1/chr8/ENSG00000178287"
[1] "INFO: gene ENSG00000180190"
[1] "/gpfs/loomis/scratch60/zhao/zy92/GTEX/adjusted_expr1/chr8/ENSG00000180190"
[1] "INFO: gene ENSG00000182366"
[1] "/gpfs/loomis/scratch60/zhao/zy92/GTEX/adjusted_expr1/chr8/ENSG00000182366"
[1] "INFO: gene ENSG00000182372"
[1] "/gpfs/loomis/scratch60/zhao/zy92/GTEX/adjusted_expr1/chr8/ENSG00000182372"
[1] "INFO: gene ENSG00000183117"
[1] "/gpfs/loomis/scratch60/zhao/zy92/GTEX/adjusted_expr1/chr8/ENSG00000183117"
[1] "INFO: gene ENSG00000183638"
[1] "/gpfs/loomis/scratch60/zhao/zy92/GTEX/adjusted_expr1/chr8/ENSG00000183638"
[1] "INFO: gene ENSG00000184608"
[1] "/gpfs/loomis/scratch60/zhao/zy92/GTEX/adjusted_expr1/chr8/ENSG00000184608"
[1] "INFO: gene ENSG00000184647"
[1] "/gpfs/loomis/scratch60/zhao/zy92/GTEX/adjusted_expr1/chr8/ENSG00000184647"
[1] "INFO: gene ENSG00000186523"
[1] "/gpfs/loomis/scratch60/zhao/zy92/GTEX/adjusted_expr1/chr8/ENSG00000186523"
[1] "INFO: gene ENSG00000186562"
[1] "/gpfs/loomis/scratch60/zhao/zy92/GTEX/adjusted_expr1/chr8/ENSG00000186562"
[1] "INFO: gene ENSG00000186572"
[1] "/gpfs/loomis/scratch60/zhao/zy92/GTEX/adjusted_expr1/chr8/ENSG00000186572"
[1] "INFO: 27.78% processed"
[1] "INFO: gene ENSG00000186579"
[1] "/gpfs/loomis/scratch60/zhao/zy92/GTEX/adjusted_expr1/chr8/ENSG00000186579"
[1] "INFO: gene ENSG00000186599"
[1] "/gpfs/loomis/scratch60/zhao/zy92/GTEX/adjusted_expr1/chr8/ENSG00000186599"
[1] "INFO: gene ENSG00000187082"
[1] "/gpfs/loomis/scratch60/zhao/zy92/GTEX/adjusted_expr1/chr8/ENSG00000187082"
[1] "INFO: gene ENSG00000198010"
[1] "/gpfs/loomis/scratch60/zhao/zy92/GTEX/adjusted_expr1/chr8/ENSG00000198010"
[1] "INFO: gene ENSG00000198129"
[1] "/gpfs/loomis/scratch60/zhao/zy92/GTEX/adjusted_expr1/chr8/ENSG00000198129"
[1] "INFO: gene ENSG00000199127"
[1] "/gpfs/loomis/scratch60/zhao/zy92/GTEX/adjusted_expr1/chr8/ENSG00000199127"
[1] "INFO: gene ENSG00000205882"
[1] "/gpfs/loomis/scratch60/zhao/zy92/GTEX/adjusted_expr1/chr8/ENSG00000205882"
[1] "INFO: gene ENSG00000205883"
[1] "/gpfs/loomis/scratch60/zhao/zy92/GTEX/adjusted_expr1/chr8/ENSG00000205883"
[1] "INFO: gene ENSG00000205884"
[1] "/gpfs/loomis/scratch60/zhao/zy92/GTEX/adjusted_expr1/chr8/ENSG00000205884"
[1] "INFO: gene ENSG00000206047"
[1] "/gpfs/loomis/scratch60/zhao/zy92/GTEX/adjusted_expr1/chr8/ENSG00000206047"
[1] "INFO: gene ENSG00000207600"
[1] "/gpfs/loomis/scratch60/zhao/zy92/GTEX/adjusted_expr1/chr8/ENSG00000207600"
[1] "INFO: gene ENSG00000207701"
[1] "/gpfs/loomis/scratch60/zhao/zy92/GTEX/adjusted_expr1/chr8/ENSG00000207701"
[1] "INFO: gene ENSG00000207826"
[1] "/gpfs/loomis/scratch60/zhao/zy92/GTEX/adjusted_expr1/chr8/ENSG00000207826"
[1] "INFO: gene ENSG00000208037"
[1] "/gpfs/loomis/scratch60/zhao/zy92/GTEX/adjusted_expr1/chr8/ENSG00000208037"
[1] "INFO: gene ENSG00000215343"
[1] "/gpfs/loomis/scratch60/zhao/zy92/GTEX/adjusted_expr1/chr8/ENSG00000215343"
[1] "INFO: gene ENSG00000215356"
[1] "/gpfs/loomis/scratch60/zhao/zy92/GTEX/adjusted_expr1/chr8/ENSG00000215356"
[1] "INFO: gene ENSG00000215372"
[1] "/gpfs/loomis/scratch60/zhao/zy92/GTEX/adjusted_expr1/chr8/ENSG00000215372"
[1] "INFO: gene ENSG00000215374"
[1] "/gpfs/loomis/scratch60/zhao/zy92/GTEX/adjusted_expr1/chr8/ENSG00000215374"
[1] "INFO: gene ENSG00000221305"
[1] "/gpfs/loomis/scratch60/zhao/zy92/GTEX/adjusted_expr1/chr8/ENSG00000221305"
[1] "INFO: gene ENSG00000223443"
[1] "/gpfs/loomis/scratch60/zhao/zy92/GTEX/adjusted_expr1/chr8/ENSG00000223443"
[1] "INFO: gene ENSG00000225725"
[1] "/gpfs/loomis/scratch60/zhao/zy92/GTEX/adjusted_expr1/chr8/ENSG00000225725"
[1] "INFO: gene ENSG00000227888"
[1] "/gpfs/loomis/scratch60/zhao/zy92/GTEX/adjusted_expr1/chr8/ENSG00000227888"
[1] "INFO: gene ENSG00000232948"
[1] "/gpfs/loomis/scratch60/zhao/zy92/GTEX/adjusted_expr1/chr8/ENSG00000232948"
[1] "INFO: gene ENSG00000233050"
[1] "/gpfs/loomis/scratch60/zhao/zy92/GTEX/adjusted_expr1/chr8/ENSG00000233050"
[1] "INFO: gene ENSG00000236827"
[1] "/gpfs/loomis/scratch60/zhao/zy92/GTEX/adjusted_expr1/chr8/ENSG00000236827"
[1] "INFO: gene ENSG00000239839"
[1] "/gpfs/loomis/scratch60/zhao/zy92/GTEX/adjusted_expr1/chr8/ENSG00000239839"
[1] "INFO: gene ENSG00000240247"
[1] "/gpfs/loomis/scratch60/zhao/zy92/GTEX/adjusted_expr1/chr8/ENSG00000240247"
[1] "INFO: gene ENSG00000245857"
[1] "/gpfs/loomis/scratch60/zhao/zy92/GTEX/adjusted_expr1/chr8/ENSG00000245857"
[1] "INFO: gene ENSG00000247134"
[1] "/gpfs/loomis/scratch60/zhao/zy92/GTEX/adjusted_expr1/chr8/ENSG00000247134"
[1] "INFO: gene ENSG00000248538"
[1] "/gpfs/loomis/scratch60/zhao/zy92/GTEX/adjusted_expr1/chr8/ENSG00000248538"
[1] "INFO: gene ENSG00000248964"
[1] "/gpfs/loomis/scratch60/zhao/zy92/GTEX/adjusted_expr1/chr8/ENSG00000248964"
[1] "INFO: gene ENSG00000249258"
[1] "/gpfs/loomis/scratch60/zhao/zy92/GTEX/adjusted_expr1/chr8/ENSG00000249258"
[1] "INFO: gene ENSG00000251191"
[1] "/gpfs/loomis/scratch60/zhao/zy92/GTEX/adjusted_expr1/chr8/ENSG00000251191"
[1] "INFO: gene ENSG00000253108"
[1] "/gpfs/loomis/scratch60/zhao/zy92/GTEX/adjusted_expr1/chr8/ENSG00000253108"
[1] "INFO: gene ENSG00000253130"
[1] "/gpfs/loomis/scratch60/zhao/zy92/GTEX/adjusted_expr1/chr8/ENSG00000253130"
[1] "INFO: gene ENSG00000253147"
[1] "/gpfs/loomis/scratch60/zhao/zy92/GTEX/adjusted_expr1/chr8/ENSG00000253147"
[1] "INFO: gene ENSG00000253164"
[1] "/gpfs/loomis/scratch60/zhao/zy92/GTEX/adjusted_expr1/chr8/ENSG00000253164"
[1] "INFO: gene ENSG00000253182"
[1] "/gpfs/loomis/scratch60/zhao/zy92/GTEX/adjusted_expr1/chr8/ENSG00000253182"
[1] "INFO: gene ENSG00000253184"
[1] "/gpfs/loomis/scratch60/zhao/zy92/GTEX/adjusted_expr1/chr8/ENSG00000253184"
[1] "INFO: gene ENSG00000253189"
[1] "/gpfs/loomis/scratch60/zhao/zy92/GTEX/adjusted_expr1/chr8/ENSG00000253189"
[1] "INFO: gene ENSG00000253199"
[1] "/gpfs/loomis/scratch60/zhao/zy92/GTEX/adjusted_expr1/chr8/ENSG00000253199"
[1] "INFO: gene ENSG00000253230"
[1] "/gpfs/loomis/scratch60/zhao/zy92/GTEX/adjusted_expr1/chr8/ENSG00000253230"
[1] "INFO: gene ENSG00000253252"
[1] "/gpfs/loomis/scratch60/zhao/zy92/GTEX/adjusted_expr1/chr8/ENSG00000253252"
[1] "INFO: gene ENSG00000253270"
[1] "/gpfs/loomis/scratch60/zhao/zy92/GTEX/adjusted_expr1/chr8/ENSG00000253270"
[1] "INFO: gene ENSG00000253275"
[1] "/gpfs/loomis/scratch60/zhao/zy92/GTEX/adjusted_expr1/chr8/ENSG00000253275"
[1] "INFO: gene ENSG00000253279"
[1] "/gpfs/loomis/scratch60/zhao/zy92/GTEX/adjusted_expr1/chr8/ENSG00000253279"
[1] "INFO: gene ENSG00000253280"
[1] "/gpfs/loomis/scratch60/zhao/zy92/GTEX/adjusted_expr1/chr8/ENSG00000253280"
[1] "INFO: gene ENSG00000253300"
[1] "/gpfs/loomis/scratch60/zhao/zy92/GTEX/adjusted_expr1/chr8/ENSG00000253300"
[1] "INFO: gene ENSG00000253343"
[1] "/gpfs/loomis/scratch60/zhao/zy92/GTEX/adjusted_expr1/chr8/ENSG00000253343"
[1] "INFO: gene ENSG00000253377"
[1] "/gpfs/loomis/scratch60/zhao/zy92/GTEX/adjusted_expr1/chr8/ENSG00000253377"
[1] "INFO: 55.56% processed"
[1] "INFO: gene ENSG00000253390"
[1] "/gpfs/loomis/scratch60/zhao/zy92/GTEX/adjusted_expr1/chr8/ENSG00000253390"
[1] "INFO: gene ENSG00000253426"
[1] "/gpfs/loomis/scratch60/zhao/zy92/GTEX/adjusted_expr1/chr8/ENSG00000253426"
[1] "INFO: gene ENSG00000253444"
[1] "/gpfs/loomis/scratch60/zhao/zy92/GTEX/adjusted_expr1/chr8/ENSG00000253444"
[1] "INFO: gene ENSG00000253490"
[1] "/gpfs/loomis/scratch60/zhao/zy92/GTEX/adjusted_expr1/chr8/ENSG00000253490"
[1] "INFO: gene ENSG00000253496"
[1] "/gpfs/loomis/scratch60/zhao/zy92/GTEX/adjusted_expr1/chr8/ENSG00000253496"
[1] "INFO: gene ENSG00000253505"
[1] "/gpfs/loomis/scratch60/zhao/zy92/GTEX/adjusted_expr1/chr8/ENSG00000253505"
[1] "INFO: gene ENSG00000253510"
[1] "/gpfs/loomis/scratch60/zhao/zy92/GTEX/adjusted_expr1/chr8/ENSG00000253510"
[1] "INFO: gene ENSG00000253557"
[1] "/gpfs/loomis/scratch60/zhao/zy92/GTEX/adjusted_expr1/chr8/ENSG00000253557"
[1] "INFO: gene ENSG00000253604"
[1] "/gpfs/loomis/scratch60/zhao/zy92/GTEX/adjusted_expr1/chr8/ENSG00000253604"
[1] "INFO: gene ENSG00000253632"
[1] "/gpfs/loomis/scratch60/zhao/zy92/GTEX/adjusted_expr1/chr8/ENSG00000253632"
[1] "INFO: gene ENSG00000253641"
[1] "/gpfs/loomis/scratch60/zhao/zy92/GTEX/adjusted_expr1/chr8/ENSG00000253641"
[1] "INFO: gene ENSG00000253642"
[1] "/gpfs/loomis/scratch60/zhao/zy92/GTEX/adjusted_expr1/chr8/ENSG00000253642"
[1] "INFO: gene ENSG00000253648"
[1] "/gpfs/loomis/scratch60/zhao/zy92/GTEX/adjusted_expr1/chr8/ENSG00000253648"
[1] "INFO: gene ENSG00000253671"
[1] "/gpfs/loomis/scratch60/zhao/zy92/GTEX/adjusted_expr1/chr8/ENSG00000253671"
[1] "INFO: gene ENSG00000253678"
[1] "/gpfs/loomis/scratch60/zhao/zy92/GTEX/adjusted_expr1/chr8/ENSG00000253678"
[1] "INFO: gene ENSG00000253696"
[1] "/gpfs/loomis/scratch60/zhao/zy92/GTEX/adjusted_expr1/chr8/ENSG00000253696"
[1] "INFO: gene ENSG00000253733"
[1] "/gpfs/loomis/scratch60/zhao/zy92/GTEX/adjusted_expr1/chr8/ENSG00000253733"
[1] "INFO: gene ENSG00000253735"
[1] "/gpfs/loomis/scratch60/zhao/zy92/GTEX/adjusted_expr1/chr8/ENSG00000253735"
[1] "INFO: gene ENSG00000253764"
[1] "/gpfs/loomis/scratch60/zhao/zy92/GTEX/adjusted_expr1/chr8/ENSG00000253764"
[1] "INFO: gene ENSG00000253774"
[1] "/gpfs/loomis/scratch60/zhao/zy92/GTEX/adjusted_expr1/chr8/ENSG00000253774"
[1] "INFO: gene ENSG00000253805"
[1] "/gpfs/loomis/scratch60/zhao/zy92/GTEX/adjusted_expr1/chr8/ENSG00000253805"
[1] "INFO: gene ENSG00000253853"
[1] "/gpfs/loomis/scratch60/zhao/zy92/GTEX/adjusted_expr1/chr8/ENSG00000253853"
[1] "INFO: gene ENSG00000253855"
[1] "/gpfs/loomis/scratch60/zhao/zy92/GTEX/adjusted_expr1/chr8/ENSG00000253855"
[1] "INFO: gene ENSG00000253880"
[1] "/gpfs/loomis/scratch60/zhao/zy92/GTEX/adjusted_expr1/chr8/ENSG00000253880"
[1] "INFO: gene ENSG00000253887"
[1] "/gpfs/loomis/scratch60/zhao/zy92/GTEX/adjusted_expr1/chr8/ENSG00000253887"
[1] "INFO: gene ENSG00000253891"
[1] "/gpfs/loomis/scratch60/zhao/zy92/GTEX/adjusted_expr1/chr8/ENSG00000253891"
[1] "INFO: gene ENSG00000253896"
[1] "/gpfs/loomis/scratch60/zhao/zy92/GTEX/adjusted_expr1/chr8/ENSG00000253896"
[1] "INFO: gene ENSG00000253958"
[1] "/gpfs/loomis/scratch60/zhao/zy92/GTEX/adjusted_expr1/chr8/ENSG00000253958"
[1] "INFO: gene ENSG00000253986"
[1] "/gpfs/loomis/scratch60/zhao/zy92/GTEX/adjusted_expr1/chr8/ENSG00000253986"
[1] "INFO: gene ENSG00000254002"
[1] "/gpfs/loomis/scratch60/zhao/zy92/GTEX/adjusted_expr1/chr8/ENSG00000254002"
[1] "INFO: gene ENSG00000254007"
[1] "/gpfs/loomis/scratch60/zhao/zy92/GTEX/adjusted_expr1/chr8/ENSG00000254007"
[1] "INFO: gene ENSG00000254026"
[1] "/gpfs/loomis/scratch60/zhao/zy92/GTEX/adjusted_expr1/chr8/ENSG00000254026"
[1] "INFO: gene ENSG00000254033"
[1] "/gpfs/loomis/scratch60/zhao/zy92/GTEX/adjusted_expr1/chr8/ENSG00000254033"
[1] "INFO: gene ENSG00000254040"
[1] "/gpfs/loomis/scratch60/zhao/zy92/GTEX/adjusted_expr1/chr8/ENSG00000254040"
[1] "INFO: gene ENSG00000254054"
[1] "/gpfs/loomis/scratch60/zhao/zy92/GTEX/adjusted_expr1/chr8/ENSG00000254054"
[1] "INFO: gene ENSG00000254086"
[1] "/gpfs/loomis/scratch60/zhao/zy92/GTEX/adjusted_expr1/chr8/ENSG00000254086"
[1] "INFO: gene ENSG00000254092"
[1] "/gpfs/loomis/scratch60/zhao/zy92/GTEX/adjusted_expr1/chr8/ENSG00000254092"
[1] "INFO: gene ENSG00000254093"
[1] "/gpfs/loomis/scratch60/zhao/zy92/GTEX/adjusted_expr1/chr8/ENSG00000254093"
[1] "INFO: gene ENSG00000254095"
[1] "/gpfs/loomis/scratch60/zhao/zy92/GTEX/adjusted_expr1/chr8/ENSG00000254095"
[1] "INFO: gene ENSG00000254153"
[1] "/gpfs/loomis/scratch60/zhao/zy92/GTEX/adjusted_expr1/chr8/ENSG00000254153"
[1] "INFO: gene ENSG00000254160"
[1] "/gpfs/loomis/scratch60/zhao/zy92/GTEX/adjusted_expr1/chr8/ENSG00000254160"
[1] "INFO: gene ENSG00000254194"
[1] "/gpfs/loomis/scratch60/zhao/zy92/GTEX/adjusted_expr1/chr8/ENSG00000254194"
[1] "INFO: gene ENSG00000254201"
[1] "/gpfs/loomis/scratch60/zhao/zy92/GTEX/adjusted_expr1/chr8/ENSG00000254201"
[1] "INFO: gene ENSG00000254235"
[1] "/gpfs/loomis/scratch60/zhao/zy92/GTEX/adjusted_expr1/chr8/ENSG00000254235"
[1] "INFO: gene ENSG00000254237"
[1] "/gpfs/loomis/scratch60/zhao/zy92/GTEX/adjusted_expr1/chr8/ENSG00000254237"
[1] "INFO: gene ENSG00000254242"
[1] "/gpfs/loomis/scratch60/zhao/zy92/GTEX/adjusted_expr1/chr8/ENSG00000254242"
[1] "INFO: gene ENSG00000254260"
[1] "/gpfs/loomis/scratch60/zhao/zy92/GTEX/adjusted_expr1/chr8/ENSG00000254260"
[1] "INFO: gene ENSG00000254302"
[1] "/gpfs/loomis/scratch60/zhao/zy92/GTEX/adjusted_expr1/chr8/ENSG00000254302"
[1] "INFO: gene ENSG00000254319"
[1] "/gpfs/loomis/scratch60/zhao/zy92/GTEX/adjusted_expr1/chr8/ENSG00000254319"
[1] "INFO: gene ENSG00000254334"
[1] "/gpfs/loomis/scratch60/zhao/zy92/GTEX/adjusted_expr1/chr8/ENSG00000254334"
[1] "INFO: 83.33% processed"
[1] "INFO: gene ENSG00000254344"
[1] "/gpfs/loomis/scratch60/zhao/zy92/GTEX/adjusted_expr1/chr8/ENSG00000254344"
[1] "INFO: gene ENSG00000254367"
[1] "/gpfs/loomis/scratch60/zhao/zy92/GTEX/adjusted_expr1/chr8/ENSG00000254367"
[1] "INFO: gene ENSG00000254753"
[1] "/gpfs/loomis/scratch60/zhao/zy92/GTEX/adjusted_expr1/chr8/ENSG00000254753"
[1] "INFO: gene ENSG00000254813"
[1] "/gpfs/loomis/scratch60/zhao/zy92/GTEX/adjusted_expr1/chr8/ENSG00000254813"
[1] "INFO: gene ENSG00000254839"
[1] "/gpfs/loomis/scratch60/zhao/zy92/GTEX/adjusted_expr1/chr8/ENSG00000254839"
[1] "INFO: gene ENSG00000255046"
[1] "/gpfs/loomis/scratch60/zhao/zy92/GTEX/adjusted_expr1/chr8/ENSG00000255046"
[1] "INFO: gene ENSG00000255251"
[1] "/gpfs/loomis/scratch60/zhao/zy92/GTEX/adjusted_expr1/chr8/ENSG00000255251"
[1] "INFO: gene ENSG00000255378"
[1] "/gpfs/loomis/scratch60/zhao/zy92/GTEX/adjusted_expr1/chr8/ENSG00000255378"
[1] "INFO: gene ENSG00000255394"
[1] "/gpfs/loomis/scratch60/zhao/zy92/GTEX/adjusted_expr1/chr8/ENSG00000255394"
[1] "INFO: gene ENSG00000255494"
[1] "/gpfs/loomis/scratch60/zhao/zy92/GTEX/adjusted_expr1/chr8/ENSG00000255494"
[1] "INFO: gene ENSG00000260721"
[1] "/gpfs/loomis/scratch60/zhao/zy92/GTEX/adjusted_expr1/chr8/ENSG00000260721"
[1] "INFO: gene ENSG00000263407"
[1] "/gpfs/loomis/scratch60/zhao/zy92/GTEX/adjusted_expr1/chr8/ENSG00000263407"
[1] "INFO: gene ENSG00000263762"
[1] "/gpfs/loomis/scratch60/zhao/zy92/GTEX/adjusted_expr1/chr8/ENSG00000263762"
[1] "INFO: gene ENSG00000264512"
[1] "/gpfs/loomis/scratch60/zhao/zy92/GTEX/adjusted_expr1/chr8/ENSG00000264512"
[1] "INFO: gene ENSG00000264788"
[1] "/gpfs/loomis/scratch60/zhao/zy92/GTEX/adjusted_expr1/chr8/ENSG00000264788"
[1] "INFO: gene ENSG00000265251"
[1] "/gpfs/loomis/scratch60/zhao/zy92/GTEX/adjusted_expr1/chr8/ENSG00000265251"
[1] "INFO: gene ENSG00000265520"
[1] "/gpfs/loomis/scratch60/zhao/zy92/GTEX/adjusted_expr1/chr8/ENSG00000265520"
[1] "INFO: gene ENSG00000265847"
[1] "/gpfs/loomis/scratch60/zhao/zy92/GTEX/adjusted_expr1/chr8/ENSG00000265847"
[1] "INFO: gene ENSG00000266038"
[1] "/gpfs/loomis/scratch60/zhao/zy92/GTEX/adjusted_expr1/chr8/ENSG00000266038"
[1] "INFO: gene ENSG00000266206"
[1] "/gpfs/loomis/scratch60/zhao/zy92/GTEX/adjusted_expr1/chr8/ENSG00000266206"
[1] "INFO: gene ENSG00000268955"
[1] "/gpfs/loomis/scratch60/zhao/zy92/GTEX/adjusted_expr1/chr8/ENSG00000268955"
[1] "INFO: gene ENSG00000269954"
[1] "/gpfs/loomis/scratch60/zhao/zy92/GTEX/adjusted_expr1/chr8/ENSG00000269954"
[1] "INFO: gene ENSG00000270074"
[1] "/gpfs/loomis/scratch60/zhao/zy92/GTEX/adjusted_expr1/chr8/ENSG00000270074"
[1] "INFO: gene ENSG00000270076"
[1] "/gpfs/loomis/scratch60/zhao/zy92/GTEX/adjusted_expr1/chr8/ENSG00000270076"
[1] "INFO: gene ENSG00000270154"
[1] "/gpfs/loomis/scratch60/zhao/zy92/GTEX/adjusted_expr1/chr8/ENSG00000270154"
[1] "INFO: gene ENSG00000270988"
[1] "/gpfs/loomis/scratch60/zhao/zy92/GTEX/adjusted_expr1/chr8/ENSG00000270988"
[1] "INFO: gene ENSG00000271743"
[1] "/gpfs/loomis/scratch60/zhao/zy92/GTEX/adjusted_expr1/chr8/ENSG00000271743"
[1] "INFO: gene ENSG00000271869"
[1] "/gpfs/loomis/scratch60/zhao/zy92/GTEX/adjusted_expr1/chr8/ENSG00000271869"
[1] "INFO: gene ENSG00000272338"
[1] "/gpfs/loomis/scratch60/zhao/zy92/GTEX/adjusted_expr1/chr8/ENSG00000272338"
[1] "INFO: gene ENSG00000272375"
[1] "/gpfs/loomis/scratch60/zhao/zy92/GTEX/adjusted_expr1/chr8/ENSG00000272375"
[1] "INFO: gene ENSG00000272505"
[1] "/gpfs/loomis/scratch60/zhao/zy92/GTEX/adjusted_expr1/chr8/ENSG00000272505"
Time difference of 6.947608 mins
